Log file open, 01/26/20 14:14:15
LogWindows: Failed to load 'aqProf.dll' (GetLastError=126)
LogWindows: File 'aqProf.dll' does not exist
LogWindows: Failed to load 'VtuneApi.dll' (GetLastError=126)
LogWindows: File 'VtuneApi.dll' does not exist
LogWindows: Failed to load 'VtuneApi32e.dll' (GetLastError=126)
LogWindows: File 'VtuneApi32e.dll' does not exist
LogConsoleResponse: Display: Failed to find resolution value strings in scalability ini. Falling back to default.
LogInit: Display: Running engine for game: RollerCoaster
LogPlatformFile: Not using cached read wrapper
LogTaskGraph: Started task graph with 5 named threads and 23 total threads with 3 sets of task threads.
LogStats: Stats thread started at 0.145267
LogD3D11RHI: Loaded GFSDK_Aftermath_Lib.x64.dll
LogICUInternationalization: ICU TimeZone Detection - Raw Offset: -8:00, Platform Override: ''
LogPluginManager: Mounting plugin Paper2D
LogPluginManager: Mounting plugin AISupport
LogPluginManager: Mounting plugin LightPropagationVolume
LogPluginManager: Mounting plugin ActorLayerUtilities
LogPluginManager: Mounting plugin AnimationSharing
LogPluginManager: Mounting plugin CLionSourceCodeAccess
LogPluginManager: Mounting plugin CodeLiteSourceCodeAccess
LogPluginManager: Mounting plugin GitSourceControl
LogPluginManager: Mounting plugin KDevelopSourceCodeAccess
LogPluginManager: Mounting plugin NullSourceCodeAccess
LogPluginManager: Mounting plugin PerforceSourceControl
LogPluginManager: Mounting plugin SubversionSourceControl
LogPluginManager: Mounting plugin UObjectPlugin
LogPluginManager: Mounting plugin VisualStudioCodeSourceCodeAccess
LogPluginManager: Mounting plugin VisualStudioSourceCodeAccess
LogPluginManager: Mounting plugin XCodeSourceCodeAccess
LogPluginManager: Mounting plugin AssetManagerEditor
LogPluginManager: Mounting plugin CryptoKeys
LogPluginManager: Mounting plugin CurveEditorTools
LogPluginManager: Mounting plugin DataValidation
LogPluginManager: Mounting plugin FacialAnimation
LogPluginManager: Mounting plugin GameplayTagsEditor
LogPluginManager: Mounting plugin MacGraphicsSwitching
LogPluginManager: Mounting plugin MaterialAnalyzer
LogPluginManager: Mounting plugin MobileLauncherProfileWizard
LogPluginManager: Mounting plugin PluginBrowser
LogPluginManager: Mounting plugin SpeedTreeImporter
LogPluginManager: Mounting plugin DatasmithContent
LogPluginManager: Mounting plugin VariantManagerContent
LogPluginManager: Mounting plugin AlembicImporter
LogPluginManager: Mounting plugin AutomationUtils
LogPluginManager: Mounting plugin BackChannel
LogPluginManager: Mounting plugin CharacterAI
LogPluginManager: Mounting plugin GeometryCache
LogPluginManager: Mounting plugin HTML5Networking
LogPluginManager: Mounting plugin PlatformCrypto
LogPluginManager: Mounting plugin ProxyLODPlugin
LogPluginManager: Mounting plugin SkeletalReduction
LogPluginManager: Mounting plugin MagicLeap
LogPluginManager: Mounting plugin MagicLeapMedia
LogPluginManager: Mounting plugin AndroidMedia
LogPluginManager: Mounting plugin AvfMedia
LogPluginManager: Mounting plugin ImgMedia
LogPluginManager: Mounting plugin MediaCompositing
LogPluginManager: Mounting plugin MediaPlayerEditor
LogPluginManager: Mounting plugin WebMMedia
LogPluginManager: Mounting plugin WmfMedia
LogPluginManager: Mounting plugin TcpMessaging
LogPluginManager: Mounting plugin UdpMessaging
LogPluginManager: Mounting plugin ActorSequence
LogPluginManager: Mounting plugin LevelSequenceEditor
LogPluginManager: Mounting plugin MatineeToLevelSequence
LogPluginManager: Mounting plugin NetcodeUnitTest
LogPluginManager: Mounting plugin NUTUnrealEngine4
LogPluginManager: Mounting plugin OnlineSubsystemGooglePlay
LogPluginManager: Mounting plugin OnlineSubsystemIOS
LogPluginManager: Mounting plugin OnlineSubsystem
LogPluginManager: Mounting plugin OnlineSubsystemNull
LogPluginManager: Mounting plugin OnlineSubsystemUtils
LogPluginManager: Mounting plugin LauncherChunkInstaller
LogPluginManager: Mounting plugin AndroidDeviceProfileSelector
LogPluginManager: Mounting plugin AndroidMoviePlayer
LogPluginManager: Mounting plugin AndroidPermission
LogPluginManager: Mounting plugin AppleImageUtils
LogPluginManager: Mounting plugin AppleMoviePlayer
LogPluginManager: Mounting plugin ArchVisCharacter
LogPluginManager: Mounting plugin AudioCapture
LogPluginManager: Mounting plugin CableComponent
LogPluginManager: Mounting plugin CustomMeshComponent
LogPluginManager: Mounting plugin EditableMesh
LogPluginManager: Mounting plugin ExampleDeviceProfileSelector
LogPluginManager: Mounting plugin GoogleCloudMessaging
LogPluginManager: Mounting plugin IOSDeviceProfileSelector
LogPluginManager: Mounting plugin LinuxDeviceProfileSelector
LogPluginManager: Mounting plugin LocationServicesBPLibrary
LogPluginManager: Mounting plugin MobilePatchingUtils
LogPluginManager: Mounting plugin OculusVR
LogPluginManager: Mounting plugin PhysXVehicles
LogPluginManager: Mounting plugin ProceduralMeshComponent
LogPluginManager: Mounting plugin RuntimePhysXCooking
LogPluginManager: Mounting plugin SignificanceManager
LogPluginManager: Mounting plugin SteamVR
LogPluginManager: Mounting plugin WebMMoviePlayer
LogPluginManager: Mounting plugin WindowsMoviePlayer
LogPluginManager: Mounting plugin ScreenshotTools
LogInit: Using libcurl 7.55.1-DEV
LogInit:  - built for x86_64-pc-win32
LogInit:  - supports SSL with OpenSSL/1.1.1
LogInit:  - supports HTTP deflate (compression) using libz 1.2.8
LogInit:  - other features:
LogInit:      CURL_VERSION_SSL
LogInit:      CURL_VERSION_LIBZ
LogInit:      CURL_VERSION_IPV6
LogInit:      CURL_VERSION_ASYNCHDNS
LogInit:      CURL_VERSION_LARGEFILE
LogInit:      CURL_VERSION_IDN
LogInit:  CurlRequestOptions (configurable via config and command line):
LogInit:  - bVerifyPeer = true  - Libcurl will verify peer certificate
LogInit:  - bUseHttpProxy = false  - Libcurl will NOT use HTTP proxy
LogInit:  - bDontReuseConnections = false  - Libcurl will reuse connections
LogInit:  - MaxHostConnections = 16  - Libcurl will limit the number of connections to a host
LogInit:  - LocalHostAddr = Default
LogInit:  - BufferSize = 65536
LogOnline: OSS: Creating online subsystem instance for: NULL
LogInit: WinSock: version 1.1 (2.2), MaxSocks=32767, MaxUdp=65467
LogInit: Build: ++UE4+Release-4.23-CL-9631420
LogInit: Engine Version: 4.23.1-9631420+++UE4+Release-4.23
LogInit: Compatible Engine Version: 4.23.0-8386587+++UE4+Release-4.23
LogInit: Net CL: 8386587
LogInit: OS: Windows 10 (Release 1903) (), CPU: Intel(R) Core(TM) i5-8250U CPU @ 1.60GHz, GPU: Intel(R) UHD Graphics 620
LogInit: Compiled (64-bit): Oct 18 2019 02:07:44
LogInit: Compiled with Visual C++: 19.16.27030.01
LogInit: Build Configuration: Development
LogInit: Branch Name: ++UE4+Release-4.23
LogInit: Command Line: 
LogInit: Base Directory: C:/Program Files/Epic Games/UE_4.23/Engine/Binaries/Win64/
LogInit: Installed Engine Build: 1
LogDevObjectVersion: Number of dev versions registered: 23
LogDevObjectVersion:   Dev-Blueprints (B0D832E4-1F89-4F0D-ACCF-7EB736FD4AA2): 10
LogDevObjectVersion:   Dev-Build (E1C64328-A22C-4D53-A36C-8E866417BD8C): 0
LogDevObjectVersion:   Dev-Core (375EC13C-06E4-48FB-B500-84F0262A717E): 3
LogDevObjectVersion:   Dev-Editor (E4B068ED-F494-42E9-A231-DA0B2E46BB41): 34
LogDevObjectVersion:   Dev-Framework (CFFC743F-43B0-4480-9391-14DF171D2073): 35
LogDevObjectVersion:   Dev-Mobile (B02B49B5-BB20-44E9-A304-32B752E40360): 2
LogDevObjectVersion:   Dev-Networking (A4E4105C-59A1-49B5-A7C5-40C4547EDFEE): 0
LogDevObjectVersion:   Dev-Online (39C831C9-5AE6-47DC-9A44-9C173E1C8E7C): 0
LogDevObjectVersion:   Dev-Physics (78F01B33-EBEA-4F98-B9B4-84EACCB95AA2): 0
LogDevObjectVersion:   Dev-Platform (6631380F-2D4D-43E0-8009-CF276956A95A): 0
LogDevObjectVersion:   Dev-Rendering (12F88B9F-8875-4AFC-A67C-D90C383ABD29): 31
LogDevObjectVersion:   Dev-Sequencer (7B5AE74C-D270-4C10-A958-57980B212A5A): 11
LogDevObjectVersion:   Dev-VR (D7296918-1DD6-4BDD-9DE2-64A83CC13884): 2
LogDevObjectVersion:   Dev-LoadTimes (C2A15278-BFE7-4AFE-6C17-90FF531DF755): 1
LogDevObjectVersion:   Private-Geometry (6EACA3D4-40EC-4CC1-B786-8BED09428FC5): 3
LogDevObjectVersion:   Dev-AnimPhys (29E575DD-E0A3-4627-9D10-D276232CDCEA): 17
LogDevObjectVersion:   Dev-Anim (AF43A65D-7FD3-4947-9873-3E8ED9C1BB05): 2
LogDevObjectVersion:   Dev-ReflectionCapture (6B266CEC-1EC7-4B8F-A30B-E4D90942FC07): 1
LogDevObjectVersion:   Dev-Automation (0DF73D61-A23F-47EA-B727-89E90C41499A): 1
LogDevObjectVersion:   FortniteMain (601D1886-AC64-4F84-AA16-D3DE0DEAC7D6): 27
LogDevObjectVersion:   Dev-Enterprise (9DFFBCD6-494F-0158-E221-12823C92A888): 6
LogDevObjectVersion:   Dev-Niagara (F2AED0AC-9AFE-416F-8664-AA7FFA26D6FC): 1
LogDevObjectVersion:   Dev-Destruction (174F1F0B-B4C6-45A5-B13F-2EE8D0FB917D): 9
LogInit: Presizing for max 16777216 objects, including 0 objects not considered by GC, pre-allocating 0 bytes for permanent pool.
LogInit: Object subsystem initialized
LogConfig: Setting CVar [[con.DebugEarlyDefault:1]]
LogConfig: Setting CVar [[r.setres:1280x720]]
[2020.01.26-22.14.16:035][  0]LogConfig: Setting CVar [[r.VSync:0]]
[2020.01.26-22.14.16:035][  0]LogConfig: Setting CVar [[r.RHICmdBypass:0]]
[2020.01.26-22.14.16:035][  0]LogConfig: Applying CVar settings from Section [/Script/Engine.RendererSettings] File [C:/Users/emily/Documents/GitHub/CarnivalGame/RollerCoaster/Saved/Config/Windows/Engine.ini]
[2020.01.26-22.14.16:036][  0]LogConfig: Setting CVar [[r.GPUCrashDebugging:0]]
[2020.01.26-22.14.16:036][  0]LogConfig: Setting CVar [[r.MobileHDR:1]]
[2020.01.26-22.14.16:036][  0]LogConfig: Setting CVar [[r.Mobile.DisableVertexFog:1]]
[2020.01.26-22.14.16:036][  0]LogConfig: Setting CVar [[r.Shadow.CSM.MaxMobileCascades:2]]
[2020.01.26-22.14.16:036][  0]LogConfig: Setting CVar [[r.MobileMSAA:1]]
[2020.01.26-22.14.16:036][  0]LogConfig: Setting CVar [[r.Mobile.UseLegacyShadingModel:0]]
[2020.01.26-22.14.16:036][  0]LogConfig: Setting CVar [[r.Mobile.UseHWsRGBEncoding:0]]
[2020.01.26-22.14.16:036][  0]LogConfig: Setting CVar [[r.Mobile.AllowDitheredLODTransition:0]]
[2020.01.26-22.14.16:036][  0]LogConfig: Setting CVar [[r.Mobile.AllowSoftwareOcclusion:0]]
[2020.01.26-22.14.16:036][  0]LogConfig: Setting CVar [[r.DiscardUnusedQuality:0]]
[2020.01.26-22.14.16:036][  0]LogConfig: Setting CVar [[r.AllowOcclusionQueries:1]]
[2020.01.26-22.14.16:036][  0]LogConfig: Setting CVar [[r.MinScreenRadiusForLights:0.030000]]
[2020.01.26-22.14.16:036][  0]LogConfig: Setting CVar [[r.MinScreenRadiusForDepthPrepass:0.030000]]
[2020.01.26-22.14.16:036][  0]LogConfig: Setting CVar [[r.MinScreenRadiusForCSMDepth:0.010000]]
[2020.01.26-22.14.16:036][  0]LogConfig: Setting CVar [[r.PrecomputedVisibilityWarning:0]]
[2020.01.26-22.14.16:036][  0]LogConfig: Setting CVar [[r.TextureStreaming:1]]
[2020.01.26-22.14.16:036][  0]LogConfig: Setting CVar [[Compat.UseDXT5NormalMaps:0]]
[2020.01.26-22.14.16:036][  0]LogConfig: Setting CVar [[r.VirtualTextures:0]]
[2020.01.26-22.14.16:036][  0]LogConfig: Setting CVar [[r.VirtualTexturedLightmaps:0]]
[2020.01.26-22.14.16:036][  0]LogConfig: Setting CVar [[r.VT.TileSize:128]]
[2020.01.26-22.14.16:036][  0]LogConfig: Setting CVar [[r.VT.TileBorderSize:4]]
[2020.01.26-22.14.16:036][  0]LogConfig: Setting CVar [[r.vt.FeedbackFactor:16]]
[2020.01.26-22.14.16:036][  0]LogConfig: Setting CVar [[r.VT.EnableCompressZlib:1]]
[2020.01.26-22.14.16:036][  0]LogConfig: Setting CVar [[r.VT.EnableCompressCrunch:0]]
[2020.01.26-22.14.16:037][  0]LogConfig: Setting CVar [[r.ClearCoatNormal:0]]
[2020.01.26-22.14.16:037][  0]LogConfig: Setting CVar [[r.ReflectionCaptureResolution:128]]
[2020.01.26-22.14.16:037][  0]LogConfig: Setting CVar [[r.ReflectionEnvironmentLightmapMixBasedOnRoughness:1]]
[2020.01.26-22.14.16:037][  0]LogConfig: Setting CVar [[r.ForwardShading:0]]
[2020.01.26-22.14.16:037][  0]LogConfig: Setting CVar [[r.VertexFoggingForOpaque:1]]
[2020.01.26-22.14.16:037][  0]LogConfig: Setting CVar [[r.AllowStaticLighting:1]]
[2020.01.26-22.14.16:037][  0]LogConfig: Setting CVar [[r.NormalMapsForStaticLighting:0]]
[2020.01.26-22.14.16:037][  0]LogConfig: Setting CVar [[r.GenerateMeshDistanceFields:0]]
[2020.01.26-22.14.16:037][  0]LogConfig: Setting CVar [[r.DistanceFieldBuild.EightBit:0]]
[2020.01.26-22.14.16:037][  0]LogConfig: Setting CVar [[r.GenerateLandscapeGIData:0]]
[2020.01.26-22.14.16:037][  0]LogConfig: Setting CVar [[r.DistanceFieldBuild.Compress:0]]
[2020.01.26-22.14.16:037][  0]LogConfig: Setting CVar [[r.TessellationAdaptivePixelsPerTriangle:48.000000]]
[2020.01.26-22.14.16:037][  0]LogConfig: Setting CVar [[r.SeparateTranslucency:1]]
[2020.01.26-22.14.16:037][  0]LogConfig: Setting CVar [[r.TranslucentSortPolicy:0]]
[2020.01.26-22.14.16:037][  0]LogConfig: Setting CVar [[r.CustomDepth:1]]
[2020.01.26-22.14.16:037][  0]LogConfig: Setting CVar [[r.CustomDepthTemporalAAJitter:1]]
[2020.01.26-22.14.16:037][  0]LogConfig: Setting CVar [[r.PostProcessing.PropagateAlpha:0]]
[2020.01.26-22.14.16:037][  0]LogConfig: Setting CVar [[r.DefaultFeature.Bloom:1]]
[2020.01.26-22.14.16:037][  0]LogConfig: Setting CVar [[r.DefaultFeature.AmbientOcclusion:1]]
[2020.01.26-22.14.16:037][  0]LogConfig: Setting CVar [[r.DefaultFeature.AmbientOcclusionStaticFraction:0]]
[2020.01.26-22.14.16:037][  0]LogConfig: Setting CVar [[r.DefaultFeature.AutoExposure:0]]
[2020.01.26-22.14.16:037][  0]LogConfig: Setting CVar [[r.DefaultFeature.AutoExposure.Method:0]]
[2020.01.26-22.14.16:037][  0]LogConfig: Setting CVar [[r.DefaultFeature.AutoExposure.ExtendDefaultLuminanceRange:0]]
[2020.01.26-22.14.16:037][  0]LogConfig: Setting CVar [[r.UsePreExposure:1]]
[2020.01.26-22.14.16:038][  0]LogConfig: Setting CVar [[r.EyeAdaptation.EditorOnly:1]]
[2020.01.26-22.14.16:038][  0]LogConfig: Setting CVar [[r.DefaultFeature.MotionBlur:0]]
[2020.01.26-22.14.16:038][  0]LogConfig: Setting CVar [[r.DefaultFeature.LensFlare:0]]
[2020.01.26-22.14.16:038][  0]LogConfig: Setting CVar [[r.TemporalAA.Upsampling:0]]
[2020.01.26-22.14.16:038][  0]LogConfig: Setting CVar [[r.DefaultFeature.AntiAliasing:0]]
[2020.01.26-22.14.16:038][  0]LogConfig: Setting CVar [[r.DefaultFeature.LightUnits:1]]
[2020.01.26-22.14.16:038][  0]LogConfig: Setting CVar [[r.DefaultBackBufferPixelFormat:4]]
[2020.01.26-22.14.16:038][  0]LogConfig: Setting CVar [[r.Shadow.UnbuiltPreviewInGame:1]]
[2020.01.26-22.14.16:038][  0]LogConfig: Setting CVar [[r.StencilForLODDither:0]]
[2020.01.26-22.14.16:038][  0]LogConfig: Setting CVar [[r.EarlyZPass:3]]
[2020.01.26-22.14.16:038][  0]LogConfig: Setting CVar [[r.EarlyZPassOnlyMaterialMasking:0]]
[2020.01.26-22.14.16:038][  0]LogConfig: Setting CVar [[r.DBuffer:1]]
[2020.01.26-22.14.16:038][  0]LogConfig: Setting CVar [[r.ClearSceneMethod:1]]
[2020.01.26-22.14.16:038][  0]LogConfig: Setting CVar [[r.BasePassOutputsVelocity:0]]
[2020.01.26-22.14.16:038][  0]LogConfig: Setting CVar [[r.SelectiveBasePassOutputs:0]]
[2020.01.26-22.14.16:038][  0]LogConfig: Setting CVar [[fx.GPUSimulationTextureSizeX:1024]]
[2020.01.26-22.14.16:038][  0]LogConfig: Setting CVar [[fx.GPUSimulationTextureSizeY:1024]]
[2020.01.26-22.14.16:038][  0]LogConfig: Setting CVar [[r.AllowGlobalClipPlane:0]]
[2020.01.26-22.14.16:038][  0]LogConfig: Setting CVar [[r.GBufferFormat:1]]
[2020.01.26-22.14.16:038][  0]LogConfig: Setting CVar [[r.MorphTarget.Mode:1]]
[2020.01.26-22.14.16:038][  0]LogConfig: Setting CVar [[vr.InstancedStereo:1]]
[2020.01.26-22.14.16:038][  0]LogConfig: Setting CVar [[vr.MultiView:0]]
[2020.01.26-22.14.16:038][  0]LogConfig: Setting CVar [[vr.MobileMultiView:0]]
[2020.01.26-22.14.16:039][  0]LogConfig: Setting CVar [[vr.MobileMultiView.Direct:0]]
[2020.01.26-22.14.16:039][  0]LogConfig: Setting CVar [[vr.RoundRobinOcclusion:0]]
[2020.01.26-22.14.16:039][  0]LogConfig: Setting CVar [[vr.ODSCapture:0]]
[2020.01.26-22.14.16:039][  0]LogConfig: Setting CVar [[r.WireframeCullThreshold:5.000000]]
[2020.01.26-22.14.16:039][  0]LogConfig: Setting CVar [[r.RayTracing:0]]
[2020.01.26-22.14.16:039][  0]LogConfig: Setting CVar [[r.SupportStationarySkylight:1]]
[2020.01.26-22.14.16:039][  0]LogConfig: Setting CVar [[r.SupportLowQualityLightmaps:1]]
[2020.01.26-22.14.16:039][  0]LogConfig: Setting CVar [[r.SupportPointLightWholeSceneShadows:1]]
[2020.01.26-22.14.16:039][  0]LogConfig: Setting CVar [[r.SupportAtmosphericFog:1]]
[2020.01.26-22.14.16:039][  0]LogConfig: Setting CVar [[r.SkinCache.CompileShaders:0]]
[2020.01.26-22.14.16:039][  0]LogConfig: Setting CVar [[r.Mobile.EnableStaticAndCSMShadowReceivers:1]]
[2020.01.26-22.14.16:039][  0]LogConfig: Setting CVar [[r.Mobile.EnableMovableLightCSMShaderCulling:1]]
[2020.01.26-22.14.16:039][  0]LogConfig: Setting CVar [[r.Mobile.AllowDistanceFieldShadows:1]]
[2020.01.26-22.14.16:039][  0]LogConfig: Setting CVar [[r.Mobile.AllowMovableDirectionalLights:1]]
[2020.01.26-22.14.16:039][  0]LogConfig: Setting CVar [[r.MobileNumDynamicPointLights:4]]
[2020.01.26-22.14.16:039][  0]LogConfig: Setting CVar [[r.MobileDynamicPointLightsUseStaticBranch:1]]
[2020.01.26-22.14.16:039][  0]LogConfig: Setting CVar [[r.Mobile.EnableMovableSpotlights:0]]
[2020.01.26-22.14.16:039][  0]LogConfig: Setting CVar [[r.SkinCache.SceneMemoryLimitInMB:128.000000]]
[2020.01.26-22.14.16:039][  0]LogConfig: Setting CVar [[r.GPUSkin.Limit2BoneInfluences:0]]
[2020.01.26-22.14.16:039][  0]LogConfig: Setting CVar [[r.SupportDepthOnlyIndexBuffers:1]]
[2020.01.26-22.14.16:039][  0]LogConfig: Setting CVar [[r.SupportReversedIndexBuffers:1]]
[2020.01.26-22.14.16:039][  0]LogConfig: Setting CVar [[r.SupportMaterialLayers:0]]
[2020.01.26-22.14.16:039][  0]LogConfig: Applying CVar settings from Section [/Script/Engine.RendererOverrideSettings] File [C:/Users/emily/Documents/GitHub/CarnivalGame/RollerCoaster/Saved/Config/Windows/Engine.ini]
[2020.01.26-22.14.16:039][  0]LogConfig: Applying CVar settings from Section [/Script/Engine.StreamingSettings] File [C:/Users/emily/Documents/GitHub/CarnivalGame/RollerCoaster/Saved/Config/Windows/Engine.ini]
[2020.01.26-22.14.16:040][  0]LogConfig: Setting CVar [[s.MinBulkDataSizeForAsyncLoading:131072]]
[2020.01.26-22.14.16:040][  0]LogConfig: Setting CVar [[s.AsyncLoadingThreadEnabled:0]]
[2020.01.26-22.14.16:040][  0]LogConfig: Setting CVar [[s.EventDrivenLoaderEnabled:1]]
[2020.01.26-22.14.16:040][  0]LogConfig: Setting CVar [[s.WarnIfTimeLimitExceeded:0]]
[2020.01.26-22.14.16:040][  0]LogConfig: Setting CVar [[s.TimeLimitExceededMultiplier:1.5]]
[2020.01.26-22.14.16:040][  0]LogConfig: Setting CVar [[s.TimeLimitExceededMinTime:0.005]]
[2020.01.26-22.14.16:040][  0]LogConfig: Setting CVar [[s.UseBackgroundLevelStreaming:1]]
[2020.01.26-22.14.16:040][  0]LogConfig: Setting CVar [[s.PriorityAsyncLoadingExtraTime:15.0]]
[2020.01.26-22.14.16:040][  0]LogConfig: Setting CVar [[s.LevelStreamingActorsUpdateTimeLimit:5.0]]
[2020.01.26-22.14.16:040][  0]LogConfig: Setting CVar [[s.PriorityLevelStreamingActorsUpdateExtraTime:5.0]]
[2020.01.26-22.14.16:040][  0]LogConfig: Setting CVar [[s.LevelStreamingComponentsRegistrationGranularity:10]]
[2020.01.26-22.14.16:040][  0]LogConfig: Setting CVar [[s.UnregisterComponentsTimeLimit:1.0]]
[2020.01.26-22.14.16:040][  0]LogConfig: Setting CVar [[s.LevelStreamingComponentsUnregistrationGranularity:5]]
[2020.01.26-22.14.16:040][  0]LogConfig: Applying CVar settings from Section [/Script/Engine.GarbageCollectionSettings] File [C:/Users/emily/Documents/GitHub/CarnivalGame/RollerCoaster/Saved/Config/Windows/Engine.ini]
[2020.01.26-22.14.16:040][  0]LogConfig: Setting CVar [[gc.MaxObjectsNotConsideredByGC:1]]
[2020.01.26-22.14.16:040][  0]LogConfig: Setting CVar [[gc.SizeOfPermanentObjectPool:0]]
[2020.01.26-22.14.16:040][  0]LogConfig: Setting CVar [[gc.FlushStreamingOnGC:0]]
[2020.01.26-22.14.16:040][  0]LogConfig: Setting CVar [[gc.NumRetriesBeforeForcingGC:10]]
[2020.01.26-22.14.16:040][  0]LogConfig: Setting CVar [[gc.AllowParallelGC:1]]
[2020.01.26-22.14.16:040][  0]LogConfig: Setting CVar [[gc.TimeBetweenPurgingPendingKillObjects:61.1]]
[2020.01.26-22.14.16:040][  0]LogConfig: Setting CVar [[gc.MaxObjectsInEditor:16777216]]
[2020.01.26-22.14.16:040][  0]LogConfig: Setting CVar [[gc.IncrementalBeginDestroyEnabled:1]]
[2020.01.26-22.14.16:040][  0]LogConfig: Setting CVar [[gc.CreateGCClusters:1]]
[2020.01.26-22.14.16:041][  0]LogConfig: Setting CVar [[gc.MinGCClusterSize:5]]
[2020.01.26-22.14.16:041][  0]LogConfig: Setting CVar [[gc.ActorClusteringEnabled:0]]
[2020.01.26-22.14.16:041][  0]LogConfig: Setting CVar [[gc.BlueprintClusteringEnabled:0]]
[2020.01.26-22.14.16:041][  0]LogConfig: Setting CVar [[gc.UseDisregardForGCOnDedicatedServers:0]]
[2020.01.26-22.14.16:041][  0]LogConfig: Applying CVar settings from Section [/Script/Engine.NetworkSettings] File [C:/Users/emily/Documents/GitHub/CarnivalGame/RollerCoaster/Saved/Config/Windows/Engine.ini]
[2020.01.26-22.14.16:041][  0]LogConfig: Applying CVar settings from Section [/Script/UnrealEd.CookerSettings] File [C:/Users/emily/Documents/GitHub/CarnivalGame/RollerCoaster/Saved/Config/Windows/Engine.ini]
[2020.01.26-22.14.16:045][  0]LogConfig: Applying CVar settings from Section [ViewDistanceQuality@3] File [C:/Users/emily/Documents/GitHub/CarnivalGame/RollerCoaster/Saved/Config/Windows/Scalability.ini]
[2020.01.26-22.14.16:045][  0]LogConfig: Setting CVar [[r.SkeletalMeshLODBias:0]]
[2020.01.26-22.14.16:045][  0]LogConfig: Setting CVar [[r.ViewDistanceScale:1.0]]
[2020.01.26-22.14.16:045][  0]LogConfig: Applying CVar settings from Section [AntiAliasingQuality@3] File [C:/Users/emily/Documents/GitHub/CarnivalGame/RollerCoaster/Saved/Config/Windows/Scalability.ini]
[2020.01.26-22.14.16:045][  0]LogConfig: Setting CVar [[r.PostProcessAAQuality:3]]
[2020.01.26-22.14.16:045][  0]LogConfig: Applying CVar settings from Section [ShadowQuality@3] File [C:/Users/emily/Documents/GitHub/CarnivalGame/RollerCoaster/Saved/Config/Windows/Scalability.ini]
[2020.01.26-22.14.16:045][  0]LogConfig: Setting CVar [[r.LightFunctionQuality:1]]
[2020.01.26-22.14.16:045][  0]LogConfig: Setting CVar [[r.ShadowQuality:5]]
[2020.01.26-22.14.16:046][  0]LogConfig: Setting CVar [[r.Shadow.CSM.MaxCascades:10]]
[2020.01.26-22.14.16:046][  0]LogConfig: Setting CVar [[r.Shadow.MaxResolution:2048]]
[2020.01.26-22.14.16:046][  0]LogConfig: Setting CVar [[r.Shadow.MaxCSMResolution:2048]]
[2020.01.26-22.14.16:046][  0]LogConfig: Setting CVar [[r.Shadow.RadiusThreshold:0.01]]
[2020.01.26-22.14.16:046][  0]LogConfig: Setting CVar [[r.Shadow.DistanceScale:1.0]]
[2020.01.26-22.14.16:046][  0]LogConfig: Setting CVar [[r.Shadow.CSM.TransitionScale:1.0]]
[2020.01.26-22.14.16:046][  0]LogConfig: Setting CVar [[r.Shadow.PreShadowResolutionFactor:1.0]]
[2020.01.26-22.14.16:046][  0]LogConfig: Setting CVar [[r.DistanceFieldShadowing:1]]
[2020.01.26-22.14.16:046][  0]LogConfig: Setting CVar [[r.DistanceFieldAO:1]]
[2020.01.26-22.14.16:046][  0]LogConfig: Setting CVar [[r.AOQuality:2]]
[2020.01.26-22.14.16:046][  0]LogConfig: Setting CVar [[r.VolumetricFog:1]]
[2020.01.26-22.14.16:046][  0]LogConfig: Setting CVar [[r.VolumetricFog.GridPixelSize:8]]
[2020.01.26-22.14.16:046][  0]LogConfig: Setting CVar [[r.VolumetricFog.GridSizeZ:128]]
[2020.01.26-22.14.16:046][  0]LogConfig: Setting CVar [[r.VolumetricFog.HistoryMissSupersampleCount:4]]
[2020.01.26-22.14.16:046][  0]LogConfig: Setting CVar [[r.LightMaxDrawDistanceScale:1]]
[2020.01.26-22.14.16:046][  0]LogConfig: Setting CVar [[r.CapsuleShadows:1]]
[2020.01.26-22.14.16:046][  0]LogConfig: Applying CVar settings from Section [PostProcessQuality@3] File [C:/Users/emily/Documents/GitHub/CarnivalGame/RollerCoaster/Saved/Config/Windows/Scalability.ini]
[2020.01.26-22.14.16:046][  0]LogConfig: Setting CVar [[r.MotionBlurQuality:0]]
[2020.01.26-22.14.16:046][  0]LogConfig: Setting CVar [[r.AmbientOcclusionMipLevelFactor:0.4]]
[2020.01.26-22.14.16:046][  0]LogConfig: Setting CVar [[r.AmbientOcclusionMaxQuality:100]]
[2020.01.26-22.14.16:046][  0]LogConfig: Setting CVar [[r.AmbientOcclusionLevels:0]]
[2020.01.26-22.14.16:046][  0]LogConfig: Setting CVar [[r.AmbientOcclusionRadiusScale:1.0]]
[2020.01.26-22.14.16:046][  0]LogConfig: Setting CVar [[r.DepthOfFieldQuality:0]]
[2020.01.26-22.14.16:047][  0]LogConfig: Setting CVar [[r.RenderTargetPoolMin:400]]
[2020.01.26-22.14.16:047][  0]LogConfig: Setting CVar [[r.LensFlareQuality:0]]
[2020.01.26-22.14.16:047][  0]LogConfig: Setting CVar [[r.SceneColorFringeQuality:0]]
[2020.01.26-22.14.16:047][  0]LogConfig: Setting CVar [[r.EyeAdaptationQuality:2]]
[2020.01.26-22.14.16:047][  0]LogConfig: Setting CVar [[r.BloomQuality:1]]
[2020.01.26-22.14.16:047][  0]LogConfig: Setting CVar [[r.FastBlurThreshold:0]]
[2020.01.26-22.14.16:047][  0]LogConfig: Setting CVar [[r.Upscale.Quality:3]]
[2020.01.26-22.14.16:047][  0]LogConfig: Setting CVar [[r.Tonemapper.GrainQuantization:1]]
[2020.01.26-22.14.16:047][  0]LogConfig: Setting CVar [[r.LightShaftQuality:1]]
[2020.01.26-22.14.16:047][  0]LogConfig: Setting CVar [[r.Filter.SizeScale:1]]
[2020.01.26-22.14.16:047][  0]LogConfig: Setting CVar [[r.Tonemapper.Quality:5]]
[2020.01.26-22.14.16:047][  0]LogConfig: Setting CVar [[r.DOF.Gather.AccumulatorQuality:1        ; higher gathering accumulator quality]]
[2020.01.26-22.14.16:047][  0]LogConfig: Setting CVar [[r.DOF.Gather.PostfilterMethod:1          ; Median3x3 postfilering method]]
[2020.01.26-22.14.16:047][  0]LogConfig: Setting CVar [[r.DOF.Gather.EnableBokehSettings:0       ; no bokeh simulation when gathering]]
[2020.01.26-22.14.16:047][  0]LogConfig: Setting CVar [[r.DOF.Gather.RingCount:4                 ; medium number of samples when gathering]]
[2020.01.26-22.14.16:047][  0]LogConfig: Setting CVar [[r.DOF.Scatter.ForegroundCompositing:1    ; additive foreground scattering]]
[2020.01.26-22.14.16:047][  0]LogConfig: Setting CVar [[r.DOF.Scatter.BackgroundCompositing:2    ; additive background scattering]]
[2020.01.26-22.14.16:047][  0]LogConfig: Setting CVar [[r.DOF.Scatter.EnableBokehSettings:1      ; bokeh simulation when scattering]]
[2020.01.26-22.14.16:047][  0]LogConfig: Setting CVar [[r.DOF.Scatter.MaxSpriteRatio:0.1         ; only a maximum of 10% of scattered bokeh]]
[2020.01.26-22.14.16:047][  0]LogConfig: Setting CVar [[r.DOF.Recombine.Quality:1                ; cheap slight out of focus]]
[2020.01.26-22.14.16:047][  0]LogConfig: Setting CVar [[r.DOF.Recombine.EnableBokehSettings:0    ; no bokeh simulation on slight out of focus]]
[2020.01.26-22.14.16:047][  0]LogConfig: Setting CVar [[r.DOF.TemporalAAQuality:1                ; more stable temporal accumulation]]
[2020.01.26-22.14.16:047][  0]LogConfig: Setting CVar [[r.DOF.Kernel.MaxForegroundRadius:0.025]]
[2020.01.26-22.14.16:047][  0]LogConfig: Setting CVar [[r.DOF.Kernel.MaxBackgroundRadius:0.025]]
[2020.01.26-22.14.16:048][  0]LogConfig: Applying CVar settings from Section [TextureQuality@3] File [C:/Users/emily/Documents/GitHub/CarnivalGame/RollerCoaster/Saved/Config/Windows/Scalability.ini]
[2020.01.26-22.14.16:048][  0]LogConfig: Setting CVar [[r.Streaming.MipBias:0]]
[2020.01.26-22.14.16:048][  0]LogConfig: Setting CVar [[r.Streaming.AmortizeCPUToGPUCopy:0]]
[2020.01.26-22.14.16:048][  0]LogConfig: Setting CVar [[r.Streaming.MaxNumTexturesToStreamPerFrame:0]]
[2020.01.26-22.14.16:048][  0]LogConfig: Setting CVar [[r.Streaming.Boost:1]]
[2020.01.26-22.14.16:048][  0]LogConfig: Setting CVar [[r.MaxAnisotropy:8]]
[2020.01.26-22.14.16:048][  0]LogConfig: Setting CVar [[r.Streaming.LimitPoolSizeToVRAM:0]]
[2020.01.26-22.14.16:048][  0]LogConfig: Setting CVar [[r.Streaming.PoolSize:1000]]
[2020.01.26-22.14.16:048][  0]LogConfig: Setting CVar [[r.Streaming.MaxEffectiveScreenSize:0]]
[2020.01.26-22.14.16:048][  0]LogConfig: Applying CVar settings from Section [EffectsQuality@3] File [C:/Users/emily/Documents/GitHub/CarnivalGame/RollerCoaster/Saved/Config/Windows/Scalability.ini]
[2020.01.26-22.14.16:048][  0]LogConfig: Setting CVar [[r.TranslucencyLightingVolumeDim:4]]
[2020.01.26-22.14.16:048][  0]LogConfig: Setting CVar [[r.RefractionQuality:2]]
[2020.01.26-22.14.16:048][  0]LogConfig: Setting CVar [[r.SSR.Quality:0]]
[2020.01.26-22.14.16:048][  0]LogConfig: Setting CVar [[r.SceneColorFormat:2]]
[2020.01.26-22.14.16:048][  0]LogConfig: Setting CVar [[r.DetailMode:2]]
[2020.01.26-22.14.16:048][  0]LogConfig: Setting CVar [[r.TranslucencyVolumeBlur:0]]
[2020.01.26-22.14.16:048][  0]LogConfig: Setting CVar [[r.MaterialQualityLevel:1 ; High quality]]
[2020.01.26-22.14.16:048][  0]LogConfig: Setting CVar [[r.SSS.Scale:1]]
[2020.01.26-22.14.16:048][  0]LogConfig: Setting CVar [[r.SSS.SampleSet:2]]
[2020.01.26-22.14.16:048][  0]LogConfig: Setting CVar [[r.SSS.Quality:1]]
[2020.01.26-22.14.16:048][  0]LogConfig: Setting CVar [[r.SSS.HalfRes:1]]
[2020.01.26-22.14.16:048][  0]LogConfig: Setting CVar [[r.EmitterSpawnRateScale:1.0]]
[2020.01.26-22.14.16:048][  0]LogConfig: Setting CVar [[r.ParticleLightQuality:2]]
[2020.01.26-22.14.16:048][  0]LogConfig: Applying CVar settings from Section [FoliageQuality@3] File [C:/Users/emily/Documents/GitHub/CarnivalGame/RollerCoaster/Saved/Config/Windows/Scalability.ini]
[2020.01.26-22.14.16:049][  0]LogConfig: Setting CVar [[foliage.DensityScale:1.0]]
[2020.01.26-22.14.16:049][  0]LogConfig: Setting CVar [[grass.DensityScale:1.0]]
[2020.01.26-22.14.16:049][  0]LogInit: Selected Device Profile: [Windows]
[2020.01.26-22.14.16:049][  0]LogInit: Applying CVar settings loaded from the selected device profile: [Windows]
[2020.01.26-22.14.16:056][  0]LogHAL: Display: Platform has ~ 8 GB [8511352832 / 8589934592 / 8], which maps to Default [LargestMinGB=32, LargerMinGB=12, DefaultMinGB=8, SmallerMinGB=6, SmallestMinGB=0)
[2020.01.26-22.14.16:056][  0]LogInit: Going up to parent DeviceProfile []
[2020.01.26-22.14.16:056][  0]LogConfig: Applying CVar settings from Section [ViewDistanceQuality@3] File [C:/Users/emily/Documents/GitHub/CarnivalGame/RollerCoaster/Saved/Config/Windows/Scalability.ini]
[2020.01.26-22.14.16:056][  0]LogConfig: Setting CVar [[r.SkeletalMeshLODBias:0]]
[2020.01.26-22.14.16:056][  0]LogConfig: Setting CVar [[r.ViewDistanceScale:1.0]]
[2020.01.26-22.14.16:056][  0]LogConfig: Applying CVar settings from Section [AntiAliasingQuality@3] File [C:/Users/emily/Documents/GitHub/CarnivalGame/RollerCoaster/Saved/Config/Windows/Scalability.ini]
[2020.01.26-22.14.16:056][  0]LogConfig: Setting CVar [[r.PostProcessAAQuality:3]]
[2020.01.26-22.14.16:056][  0]LogConfig: Applying CVar settings from Section [ShadowQuality@3] File [C:/Users/emily/Documents/GitHub/CarnivalGame/RollerCoaster/Saved/Config/Windows/Scalability.ini]
[2020.01.26-22.14.16:057][  0]LogConfig: Setting CVar [[r.LightFunctionQuality:1]]
[2020.01.26-22.14.16:057][  0]LogConfig: Setting CVar [[r.ShadowQuality:5]]
[2020.01.26-22.14.16:057][  0]LogConfig: Setting CVar [[r.Shadow.CSM.MaxCascades:10]]
[2020.01.26-22.14.16:057][  0]LogConfig: Setting CVar [[r.Shadow.MaxResolution:2048]]
[2020.01.26-22.14.16:057][  0]LogConfig: Setting CVar [[r.Shadow.MaxCSMResolution:2048]]
[2020.01.26-22.14.16:057][  0]LogConfig: Setting CVar [[r.Shadow.RadiusThreshold:0.01]]
[2020.01.26-22.14.16:057][  0]LogConfig: Setting CVar [[r.Shadow.DistanceScale:1.0]]
[2020.01.26-22.14.16:057][  0]LogConfig: Setting CVar [[r.Shadow.CSM.TransitionScale:1.0]]
[2020.01.26-22.14.16:057][  0]LogConfig: Setting CVar [[r.Shadow.PreShadowResolutionFactor:1.0]]
[2020.01.26-22.14.16:057][  0]LogConfig: Setting CVar [[r.DistanceFieldShadowing:1]]
[2020.01.26-22.14.16:057][  0]LogConfig: Setting CVar [[r.DistanceFieldAO:1]]
[2020.01.26-22.14.16:057][  0]LogConfig: Setting CVar [[r.AOQuality:2]]
[2020.01.26-22.14.16:057][  0]LogConfig: Setting CVar [[r.VolumetricFog:1]]
[2020.01.26-22.14.16:057][  0]LogConfig: Setting CVar [[r.VolumetricFog.GridPixelSize:8]]
[2020.01.26-22.14.16:057][  0]LogConfig: Setting CVar [[r.VolumetricFog.GridSizeZ:128]]
[2020.01.26-22.14.16:057][  0]LogConfig: Setting CVar [[r.VolumetricFog.HistoryMissSupersampleCount:4]]
[2020.01.26-22.14.16:057][  0]LogConfig: Setting CVar [[r.LightMaxDrawDistanceScale:1]]
[2020.01.26-22.14.16:057][  0]LogConfig: Setting CVar [[r.CapsuleShadows:1]]
[2020.01.26-22.14.16:057][  0]LogConfig: Applying CVar settings from Section [PostProcessQuality@3] File [C:/Users/emily/Documents/GitHub/CarnivalGame/RollerCoaster/Saved/Config/Windows/Scalability.ini]
[2020.01.26-22.14.16:057][  0]LogConfig: Setting CVar [[r.MotionBlurQuality:0]]
[2020.01.26-22.14.16:057][  0]LogConfig: Setting CVar [[r.AmbientOcclusionMipLevelFactor:0.4]]
[2020.01.26-22.14.16:057][  0]LogConfig: Setting CVar [[r.AmbientOcclusionMaxQuality:100]]
[2020.01.26-22.14.16:057][  0]LogConfig: Setting CVar [[r.AmbientOcclusionLevels:0]]
[2020.01.26-22.14.16:057][  0]LogConfig: Setting CVar [[r.AmbientOcclusionRadiusScale:1.0]]
[2020.01.26-22.14.16:058][  0]LogConfig: Setting CVar [[r.DepthOfFieldQuality:0]]
[2020.01.26-22.14.16:058][  0]LogConfig: Setting CVar [[r.RenderTargetPoolMin:400]]
[2020.01.26-22.14.16:058][  0]LogConfig: Setting CVar [[r.LensFlareQuality:0]]
[2020.01.26-22.14.16:058][  0]LogConfig: Setting CVar [[r.SceneColorFringeQuality:0]]
[2020.01.26-22.14.16:058][  0]LogConfig: Setting CVar [[r.EyeAdaptationQuality:2]]
[2020.01.26-22.14.16:058][  0]LogConfig: Setting CVar [[r.BloomQuality:1]]
[2020.01.26-22.14.16:058][  0]LogConfig: Setting CVar [[r.FastBlurThreshold:0]]
[2020.01.26-22.14.16:058][  0]LogConfig: Setting CVar [[r.Upscale.Quality:3]]
[2020.01.26-22.14.16:058][  0]LogConfig: Setting CVar [[r.Tonemapper.GrainQuantization:1]]
[2020.01.26-22.14.16:058][  0]LogConfig: Setting CVar [[r.LightShaftQuality:1]]
[2020.01.26-22.14.16:058][  0]LogConfig: Setting CVar [[r.Filter.SizeScale:1]]
[2020.01.26-22.14.16:058][  0]LogConfig: Setting CVar [[r.Tonemapper.Quality:5]]
[2020.01.26-22.14.16:058][  0]LogConfig: Setting CVar [[r.DOF.Gather.AccumulatorQuality:1        ; higher gathering accumulator quality]]
[2020.01.26-22.14.16:058][  0]LogConfig: Setting CVar [[r.DOF.Gather.PostfilterMethod:1          ; Median3x3 postfilering method]]
[2020.01.26-22.14.16:058][  0]LogConfig: Setting CVar [[r.DOF.Gather.EnableBokehSettings:0       ; no bokeh simulation when gathering]]
[2020.01.26-22.14.16:058][  0]LogConfig: Setting CVar [[r.DOF.Gather.RingCount:4                 ; medium number of samples when gathering]]
[2020.01.26-22.14.16:058][  0]LogConfig: Setting CVar [[r.DOF.Scatter.ForegroundCompositing:1    ; additive foreground scattering]]
[2020.01.26-22.14.16:058][  0]LogConfig: Setting CVar [[r.DOF.Scatter.BackgroundCompositing:2    ; additive background scattering]]
[2020.01.26-22.14.16:058][  0]LogConfig: Setting CVar [[r.DOF.Scatter.EnableBokehSettings:1      ; bokeh simulation when scattering]]
[2020.01.26-22.14.16:058][  0]LogConfig: Setting CVar [[r.DOF.Scatter.MaxSpriteRatio:0.1         ; only a maximum of 10% of scattered bokeh]]
[2020.01.26-22.14.16:058][  0]LogConfig: Setting CVar [[r.DOF.Recombine.Quality:1                ; cheap slight out of focus]]
[2020.01.26-22.14.16:058][  0]LogConfig: Setting CVar [[r.DOF.Recombine.EnableBokehSettings:0    ; no bokeh simulation on slight out of focus]]
[2020.01.26-22.14.16:058][  0]LogConfig: Setting CVar [[r.DOF.TemporalAAQuality:1                ; more stable temporal accumulation]]
[2020.01.26-22.14.16:059][  0]LogConfig: Setting CVar [[r.DOF.Kernel.MaxForegroundRadius:0.025]]
[2020.01.26-22.14.16:059][  0]LogConfig: Setting CVar [[r.DOF.Kernel.MaxBackgroundRadius:0.025]]
[2020.01.26-22.14.16:059][  0]LogConfig: Applying CVar settings from Section [TextureQuality@3] File [C:/Users/emily/Documents/GitHub/CarnivalGame/RollerCoaster/Saved/Config/Windows/Scalability.ini]
[2020.01.26-22.14.16:059][  0]LogConfig: Setting CVar [[r.Streaming.MipBias:0]]
[2020.01.26-22.14.16:059][  0]LogConfig: Setting CVar [[r.Streaming.AmortizeCPUToGPUCopy:0]]
[2020.01.26-22.14.16:059][  0]LogConfig: Setting CVar [[r.Streaming.MaxNumTexturesToStreamPerFrame:0]]
[2020.01.26-22.14.16:059][  0]LogConfig: Setting CVar [[r.Streaming.Boost:1]]
[2020.01.26-22.14.16:059][  0]LogConfig: Setting CVar [[r.MaxAnisotropy:8]]
[2020.01.26-22.14.16:059][  0]LogConfig: Setting CVar [[r.Streaming.LimitPoolSizeToVRAM:0]]
[2020.01.26-22.14.16:059][  0]LogConfig: Setting CVar [[r.Streaming.PoolSize:1000]]
[2020.01.26-22.14.16:059][  0]LogConfig: Setting CVar [[r.Streaming.MaxEffectiveScreenSize:0]]
[2020.01.26-22.14.16:059][  0]LogConfig: Applying CVar settings from Section [EffectsQuality@3] File [C:/Users/emily/Documents/GitHub/CarnivalGame/RollerCoaster/Saved/Config/Windows/Scalability.ini]
[2020.01.26-22.14.16:059][  0]LogConfig: Setting CVar [[r.TranslucencyLightingVolumeDim:4]]
[2020.01.26-22.14.16:059][  0]LogConfig: Setting CVar [[r.RefractionQuality:2]]
[2020.01.26-22.14.16:059][  0]LogConfig: Setting CVar [[r.SSR.Quality:0]]
[2020.01.26-22.14.16:059][  0]LogConfig: Setting CVar [[r.SceneColorFormat:2]]
[2020.01.26-22.14.16:059][  0]LogConfig: Setting CVar [[r.DetailMode:2]]
[2020.01.26-22.14.16:059][  0]LogConfig: Setting CVar [[r.TranslucencyVolumeBlur:0]]
[2020.01.26-22.14.16:059][  0]LogConfig: Setting CVar [[r.MaterialQualityLevel:1 ; High quality]]
[2020.01.26-22.14.16:059][  0]LogConfig: Setting CVar [[r.SSS.Scale:1]]
[2020.01.26-22.14.16:059][  0]LogConfig: Setting CVar [[r.SSS.SampleSet:2]]
[2020.01.26-22.14.16:059][  0]LogConfig: Setting CVar [[r.SSS.Quality:1]]
[2020.01.26-22.14.16:059][  0]LogConfig: Setting CVar [[r.SSS.HalfRes:1]]
[2020.01.26-22.14.16:059][  0]LogConfig: Setting CVar [[r.EmitterSpawnRateScale:1.0]]
[2020.01.26-22.14.16:059][  0]LogConfig: Setting CVar [[r.ParticleLightQuality:2]]
[2020.01.26-22.14.16:059][  0]LogConfig: Applying CVar settings from Section [FoliageQuality@3] File [C:/Users/emily/Documents/GitHub/CarnivalGame/RollerCoaster/Saved/Config/Windows/Scalability.ini]
[2020.01.26-22.14.16:059][  0]LogConfig: Setting CVar [[foliage.DensityScale:1.0]]
[2020.01.26-22.14.16:059][  0]LogConfig: Setting CVar [[grass.DensityScale:1.0]]
[2020.01.26-22.14.16:059][  0]LogConfig: Applying CVar settings from Section [Startup] File [../../../Engine/Config/ConsoleVariables.ini]
[2020.01.26-22.14.16:059][  0]LogConfig: Setting CVar [[net.UseAdaptiveNetUpdateFrequency:0]]
[2020.01.26-22.14.16:059][  0]LogConfig: Setting CVar [[p.chaos.AllowCreatePhysxBodies:1]]
[2020.01.26-22.14.16:059][  0]LogConfig: Applying CVar settings from Section [ConsoleVariables] File [C:/Users/emily/Documents/GitHub/CarnivalGame/RollerCoaster/Saved/Config/Windows/Engine.ini]
[2020.01.26-22.14.16:060][  0]LogInit: Computer: DESKTOP-M5MOGRD
[2020.01.26-22.14.16:060][  0]LogInit: User: emily
[2020.01.26-22.14.16:060][  0]LogInit: CPU Page size=4096, Cores=4
[2020.01.26-22.14.16:060][  0]LogInit: High frequency timer resolution =10.000000 MHz
[2020.01.26-22.14.16:060][  0]LogMemory: Memory total: Physical=7.9GB (8GB approx)
[2020.01.26-22.14.16:060][  0]LogMemory: Platform Memory Stats for Windows
[2020.01.26-22.14.16:060][  0]LogMemory: Process Physical Memory: 100.90 MB used, 100.90 MB peak
[2020.01.26-22.14.16:060][  0]LogMemory: Process Virtual Memory: 100.95 MB used, 100.95 MB peak
[2020.01.26-22.14.16:060][  0]LogMemory: Physical Memory: 4528.14 MB used,  3588.92 MB free, 8117.06 MB total
[2020.01.26-22.14.16:060][  0]LogMemory: Virtual Memory: 4668.44 MB used,  134213056.00 MB free, 134217728.00 MB total
[2020.01.26-22.14.16:064][  0]LogWindows: WindowsPlatformFeatures enabled
[2020.01.26-22.14.16:106][  0]LogInit: Using OS detected language (en-US).
[2020.01.26-22.14.16:107][  0]LogInit: Using OS detected locale (en-US).
[2020.01.26-22.14.16:108][  0]LogTextLocalizationManager: No specific localization for 'en-US' exists, so the 'en' localization will be used.
[2020.01.26-22.14.16:438][  0]LogInit: Setting process to per monitor DPI aware
[2020.01.26-22.14.16:504][  0]LogSlate: New Slate User Created.  User Index 0, Is Virtual User: 0
[2020.01.26-22.14.16:504][  0]LogSlate: Slate User Registered.  User Index 0, Is Virtual User: 0
[2020.01.26-22.14.16:813][  0]LogHMD: Failed to initialize OpenVR with code 110
[2020.01.26-22.14.16:813][  0]LogD3D11RHI: D3D11 adapters:
[2020.01.26-22.14.16:908][  0]LogD3D11RHI:    0. 'Intel(R) UHD Graphics 620' (Feature Level 11_0)
[2020.01.26-22.14.16:908][  0]LogD3D11RHI:       128/0/4058 MB DedicatedVideo/DedicatedSystem/SharedSystem, Outputs:1, VendorId:0x8086
[2020.01.26-22.14.16:912][  0]LogD3D11RHI:    1. 'Microsoft Basic Render Driver' (Feature Level 11_0)
[2020.01.26-22.14.16:912][  0]LogD3D11RHI:       0/0/4058 MB DedicatedVideo/DedicatedSystem/SharedSystem, Outputs:0, VendorId:0x1414
[2020.01.26-22.14.16:912][  0]LogD3D11RHI: Chosen D3D11 Adapter: 0
[2020.01.26-22.14.16:922][  0]LogD3D11RHI: Creating new Direct3DDevice
[2020.01.26-22.14.16:922][  0]LogD3D11RHI:     GPU DeviceId: 0x5917 (for the marketing name, search the web for "GPU Device Id")
[2020.01.26-22.14.16:922][  0]LogWindows: EnumDisplayDevices:
[2020.01.26-22.14.16:923][  0]LogWindows:    0. 'Intel(R) UHD Graphics 620' (P:1 D:1)
[2020.01.26-22.14.16:923][  0]LogWindows:    1. 'Intel(R) UHD Graphics 620' (P:0 D:0)
[2020.01.26-22.14.16:923][  0]LogWindows:    2. 'Intel(R) UHD Graphics 620' (P:0 D:0)
[2020.01.26-22.14.16:923][  0]LogWindows: DebugString: FoundDriverCount:3 
[2020.01.26-22.14.16:924][  0]LogD3D11RHI:     Adapter Name: Intel(R) UHD Graphics 620
[2020.01.26-22.14.16:924][  0]LogD3D11RHI:   Driver Version: 25.20.100.6471 (internal:25.20.100.6471, unified:25.20.100.6471)
[2020.01.26-22.14.16:924][  0]LogD3D11RHI:      Driver Date: 12-28-2018
[2020.01.26-22.14.16:924][  0]LogRHI: Texture pool is 1510 MB (70% of 2157 MB)
[2020.01.26-22.14.17:025][  0]LogD3D11RHI: [IntelMetricsDiscovery] Started
[2020.01.26-22.14.17:025][  0]LogD3D11RHI: Async texture creation enabled
[2020.01.26-22.14.17:037][  0]LogD3D11RHI: GPU Timing Frequency: 12.000048 (Debug: 2 0)
[2020.01.26-22.14.17:639][  0]LogTemp: Display: Module 'AllDesktopTargetPlatform' loaded TargetPlatform 'AllDesktop'
[2020.01.26-22.14.17:653][  0]LogTemp: Display: Module 'MacClientTargetPlatform' loaded TargetPlatform 'MacClient'
[2020.01.26-22.14.17:670][  0]LogTemp: Display: Module 'MacNoEditorTargetPlatform' loaded TargetPlatform 'MacNoEditor'
[2020.01.26-22.14.17:687][  0]LogTemp: Display: Module 'MacServerTargetPlatform' loaded TargetPlatform 'MacServer'
[2020.01.26-22.14.17:702][  0]LogTemp: Display: Module 'MacTargetPlatform' loaded TargetPlatform 'Mac'
[2020.01.26-22.14.17:718][  0]LogTemp: Display: Module 'WindowsClientTargetPlatform' loaded TargetPlatform 'WindowsClient'
[2020.01.26-22.14.17:733][  0]LogTemp: Display: Module 'WindowsNoEditorTargetPlatform' loaded TargetPlatform 'WindowsNoEditor'
[2020.01.26-22.14.17:751][  0]LogTemp: Display: Module 'WindowsServerTargetPlatform' loaded TargetPlatform 'WindowsServer'
[2020.01.26-22.14.17:758][  0]LogTemp: Display: Module 'WindowsTargetPlatform' loaded TargetPlatform 'Windows'
[2020.01.26-22.14.17:808][  0]LogTemp: Display: Module 'AndroidTargetPlatform' loaded TargetPlatform 'Android'
[2020.01.26-22.14.17:808][  0]LogTemp: Display: Module 'AndroidTargetPlatform' loaded TargetPlatform 'Android_ASTC'
[2020.01.26-22.14.17:808][  0]LogTemp: Display: Module 'AndroidTargetPlatform' loaded TargetPlatform 'Android_ATC'
[2020.01.26-22.14.17:808][  0]LogTemp: Display: Module 'AndroidTargetPlatform' loaded TargetPlatform 'Android_DXT'
[2020.01.26-22.14.17:808][  0]LogTemp: Display: Module 'AndroidTargetPlatform' loaded TargetPlatform 'Android_ETC1'
[2020.01.26-22.14.17:808][  0]LogTemp: Display: Module 'AndroidTargetPlatform' loaded TargetPlatform 'Android_ETC1a'
[2020.01.26-22.14.17:808][  0]LogTemp: Display: Module 'AndroidTargetPlatform' loaded TargetPlatform 'Android_ETC2'
[2020.01.26-22.14.17:808][  0]LogTemp: Display: Module 'AndroidTargetPlatform' loaded TargetPlatform 'Android_PVRTC'
[2020.01.26-22.14.17:808][  0]LogTemp: Display: Module 'AndroidTargetPlatform' loaded TargetPlatform 'AndroidClient'
[2020.01.26-22.14.17:809][  0]LogTemp: Display: Module 'AndroidTargetPlatform' loaded TargetPlatform 'Android_ASTCClient'
[2020.01.26-22.14.17:809][  0]LogTemp: Display: Module 'AndroidTargetPlatform' loaded TargetPlatform 'Android_ATCClient'
[2020.01.26-22.14.17:809][  0]LogTemp: Display: Module 'AndroidTargetPlatform' loaded TargetPlatform 'Android_DXTClient'
[2020.01.26-22.14.17:809][  0]LogTemp: Display: Module 'AndroidTargetPlatform' loaded TargetPlatform 'Android_ETC1Client'
[2020.01.26-22.14.17:809][  0]LogTemp: Display: Module 'AndroidTargetPlatform' loaded TargetPlatform 'Android_ETC1aClient'
[2020.01.26-22.14.17:809][  0]LogTemp: Display: Module 'AndroidTargetPlatform' loaded TargetPlatform 'Android_ETC2Client'
[2020.01.26-22.14.17:809][  0]LogTemp: Display: Module 'AndroidTargetPlatform' loaded TargetPlatform 'Android_PVRTCClient'
[2020.01.26-22.14.17:809][  0]LogTemp: Display: Module 'AndroidTargetPlatform' loaded TargetPlatform 'Android_Multi'
[2020.01.26-22.14.17:809][  0]LogTemp: Display: Module 'AndroidTargetPlatform' loaded TargetPlatform 'Android_MultiClient'
[2020.01.26-22.14.17:813][  0]LogTemp: Display: Module 'HTML5TargetPlatform' loaded TargetPlatform 'HTML5'
[2020.01.26-22.14.17:851][  0]LogTemp: Display: Module 'IOSTargetPlatform' loaded TargetPlatform 'IOSClient'
[2020.01.26-22.14.17:851][  0]LogTemp: Display: Module 'IOSTargetPlatform' loaded TargetPlatform 'IOS'
[2020.01.26-22.14.17:874][  0]LogTemp: Display: Module 'TVOSTargetPlatform' loaded TargetPlatform 'TVOSClient'
[2020.01.26-22.14.17:875][  0]LogTemp: Display: Module 'TVOSTargetPlatform' loaded TargetPlatform 'TVOS'
[2020.01.26-22.14.17:892][  0]LogTemp: Display: Module 'LinuxClientTargetPlatform' loaded TargetPlatform 'LinuxClient'
[2020.01.26-22.14.17:902][  0]LogTemp: Display: Module 'LinuxNoEditorTargetPlatform' loaded TargetPlatform 'LinuxNoEditor'
[2020.01.26-22.14.17:914][  0]LogTemp: Display: Module 'LinuxServerTargetPlatform' loaded TargetPlatform 'LinuxServer'
[2020.01.26-22.14.17:925][  0]LogTemp: Display: Module 'LinuxTargetPlatform' loaded TargetPlatform 'Linux'
[2020.01.26-22.14.17:969][  0]LogTemp: Display: Module 'LuminTargetPlatform' loaded TargetPlatform 'Lumin'
[2020.01.26-22.14.17:969][  0]LogTemp: Display: Module 'LuminTargetPlatform' loaded TargetPlatform 'LuminClient'
[2020.01.26-22.14.17:969][  0]LogTargetPlatformManager: Display: Building Assets For Windows
[2020.01.26-22.14.17:986][  0]LogAudioDebug: Display: Lib vorbis DLL was dynamically loaded.
[2020.01.26-22.14.18:088][  0]LogShaderCompilers: Guid format shader working directory is -27 characters bigger than the processId version (../../../../../../Users/emily/Documents/GitHub/CarnivalGame/RollerCoaster/Intermediate/Shaders/WorkingDirectory/7900/).
[2020.01.26-22.14.18:089][  0]LogShaderCompilers: Cleaned the shader compiler working directory 'C:/Users/emily/AppData/Local/Temp/UnrealShaderWorkingDir/0F90379242DD4BE8CB6A51838C8408F9/'.
[2020.01.26-22.14.18:092][  0]LogXGEController: Cleaning working directory: C:/Users/emily/AppData/Local/Temp/UnrealXGEWorkingDir/
[2020.01.26-22.14.18:093][  0]LogXGEController: Cannot use XGE Controller as Incredibuild is not installed on this machine.
[2020.01.26-22.14.18:093][  0]LogShaderCompilers: Cannot use XGE Shader Compiler as Incredibuild is not installed on this machine.
[2020.01.26-22.14.18:093][  0]LogShaderCompilers: Display: Using Local Shader Compiler.
[2020.01.26-22.14.19:254][  0]LogDerivedDataCache: Display: Max Cache Size: 512 MB
[2020.01.26-22.14.19:362][  0]LogDerivedDataCache: Loaded boot cache 0.11s 90MB C:/Users/emily/AppData/Local/UnrealEngine/4.23/DerivedDataCache/Boot.ddc.
[2020.01.26-22.14.19:362][  0]LogDerivedDataCache: Display: Loaded Boot cache: C:/Users/emily/AppData/Local/UnrealEngine/4.23/DerivedDataCache/Boot.ddc
[2020.01.26-22.14.19:362][  0]LogDerivedDataCache: FDerivedDataBackendGraph:  Pak pak cache file ../../../../../../Users/emily/Documents/GitHub/CarnivalGame/RollerCoaster/DerivedDataCache/DDC.ddp not found, will not use a pak cache.
[2020.01.26-22.14.19:362][  0]LogDerivedDataCache: Unable to find inner node Pak for hierarchical cache Hierarchy.
[2020.01.26-22.14.19:362][  0]LogDerivedDataCache: FDerivedDataBackendGraph:  CompressedPak pak cache file ../../../../../../Users/emily/Documents/GitHub/CarnivalGame/RollerCoaster/DerivedDataCache/Compressed.ddp not found, will not use a pak cache.
[2020.01.26-22.14.19:362][  0]LogDerivedDataCache: Unable to find inner node CompressedPak for hierarchical cache Hierarchy.
[2020.01.26-22.14.19:380][  0]LogDerivedDataCache: Display: Pak cache opened for reading ../../../Engine/DerivedDataCache/Compressed.ddp.
[2020.01.26-22.14.19:380][  0]LogDerivedDataCache: FDerivedDataBackendGraph:  EnterprisePak pak cache file ../../../Enterprise/DerivedDataCache/Compressed.ddp not found, will not use a pak cache.
[2020.01.26-22.14.19:380][  0]LogDerivedDataCache: Unable to find inner node EnterprisePak for hierarchical cache Hierarchy.
[2020.01.26-22.14.19:382][  0]LogDerivedDataCache: Using Local data cache path C:/Users/emily/AppData/Local/UnrealEngine/Common/DerivedDataCache: Writable
[2020.01.26-22.14.19:382][  0]LogDerivedDataCache: Shared data cache path not found in *engine.ini, will not use an Shared cache.
[2020.01.26-22.14.19:382][  0]LogDerivedDataCache: Unable to find inner node Shared for hierarchical cache Hierarchy.
[2020.01.26-22.14.19:433][  0]LogMaterial: Verifying Global Shaders for PCD3D_SM5
[2020.01.26-22.14.19:438][  0]LogSlate: Using FreeType 2.6.0
[2020.01.26-22.14.19:439][  0]LogSlate: SlateFontServices - WITH_FREETYPE: 1, WITH_HARFBUZZ: 1
[2020.01.26-22.14.19:547][  0]LogAssetRegistry: FAssetRegistry took 0.0057 seconds to start up
[2020.01.26-22.14.20:150][  0]LogInit: Selected Device Profile: [Windows]
[2020.01.26-22.14.20:504][  0]LogMeshReduction: Using QuadricMeshReduction for automatic static mesh reduction
[2020.01.26-22.14.20:504][  0]LogMeshReduction: Using SimplygonMeshReduction for automatic skeletal mesh reduction
[2020.01.26-22.14.20:504][  0]LogMeshReduction: Using ProxyLODMeshReduction for automatic mesh merging
[2020.01.26-22.14.20:504][  0]LogMeshReduction: No distributed automatic mesh merging module available
[2020.01.26-22.14.20:504][  0]LogMeshMerging: No distributed automatic mesh merging module available
[2020.01.26-22.14.20:524][  0]LogNetVersion: RollerCoaster 1.0.0, NetCL: 8386587, EngineNetVer: 11, GameNetVer: 0 (Checksum: 1695572160)
[2020.01.26-22.14.21:373][  0]LogPackageLocalizationCache: Processed 12 localized package path(s) for 1 prioritized culture(s) in 0.107372 seconds
[2020.01.26-22.14.21:386][  0]LogUObjectArray: 43444 objects as part of root set at end of initial load.
[2020.01.26-22.14.21:386][  0]LogUObjectAllocator: 7548648 out of 0 bytes used by permanent object pool.
[2020.01.26-22.14.21:386][  0]LogUObjectArray: CloseDisregardForGC: 0/0 objects in disregard for GC pool
[2020.01.26-22.14.23:122][  0]LogTcpMessaging: Initializing TcpMessaging bridge
[2020.01.26-22.14.23:128][  0]LogUdpMessaging: Initializing bridge on interface 0.0.0.0:0 to multicast group 230.0.0.1:6666.
[2020.01.26-22.14.23:227][  0]SourceControl: Source control is disabled
[2020.01.26-22.14.23:227][  0]SourceControl: Source control is disabled
[2020.01.26-22.14.23:229][  0]SourceControl: Source control is disabled
[2020.01.26-22.14.23:231][  0]SourceControl: Source control is disabled
[2020.01.26-22.14.23:418][  0]LogAndroidPermission: UAndroidPermissionCallbackProxy::GetInstance
[2020.01.26-22.14.23:651][  0]LogOcInput: OculusInput pre-init called
[2020.01.26-22.14.23:664][  0]LogWindows: Failed to load 'OVRPlugin.dll' (GetLastError=126)
[2020.01.26-22.14.23:665][  0]LogWindows: File 'OVRPlugin.dll' does not exist
[2020.01.26-22.14.23:816][  0]LogEngine: Initializing Engine...
[2020.01.26-22.14.23:818][  0]LogHMD: Failed to initialize OpenVR with code 110
[2020.01.26-22.14.23:820][  0]LogStats: UGameplayTagsManager::InitializeManager -  0.000 s
[2020.01.26-22.14.24:243][  0]LogInit: Initializing FReadOnlyCVARCache
[2020.01.26-22.14.24:278][  0]LogAIModule: Creating AISystem for world Untitled
[2020.01.26-22.14.24:299][  0]LogInit: XAudio2 using 'Headphones (Realtek High Definition Audio(SST))' : 2 channels at 48 kHz using 32 bits per sample (channel mask 0x3)
[2020.01.26-22.14.24:952][  0]LogInit: FAudioDevice initialized.
[2020.01.26-22.14.24:953][  0]LogNetVersion: Set ProjectVersion to 1.0.0.0. Version Checksum will be recalculated on next use.
[2020.01.26-22.14.25:044][  0]LogDerivedDataCache: Saved boot cache 0.09s 90MB C:/Users/emily/AppData/Local/UnrealEngine/4.23/DerivedDataCache/Boot.ddc.
[2020.01.26-22.14.25:059][  0]LogInit: Texture streaming: Enabled
[2020.01.26-22.14.25:093][  0]LogEngineSessionManager: EngineSessionManager initialized
[2020.01.26-22.14.25:094][  0]LogEngineSessionManager: EngineSessionManager sent abnormal shutdown report. Type=Crashed, SessionId={773F334A-4693-8BB6-1595-52AF1AE73ADE}
[2020.01.26-22.14.25:094][  0]LogEditorSessionSummary: Verbose: Initializing EditorSessionSummaryWriter for editor session tracking
[2020.01.26-22.14.25:096][  0]LogEditorSessionSummary: EditorSessionSummaryWriter initialized
[2020.01.26-22.14.25:252][  0]LogInit: Transaction tracking system initialized
[2020.01.26-22.14.25:317][  0]BlueprintLog: New page: Editor Load
[2020.01.26-22.14.25:479][  0]LocalizationService: Localization service is disabled
[2020.01.26-22.14.25:983][  0]LogFileCache: Scanning file cache for directory 'C:/Users/emily/Documents/GitHub/CarnivalGame/RollerCoaster/Content/' took 0.01s
[2020.01.26-22.14.25:983][  0]LogCook: Display: Max memory allowance for cook 16384mb min free memory 0mb
[2020.01.26-22.14.25:983][  0]LogCook: Display: Mobile HDR setting 1
[2020.01.26-22.14.26:365][  0]SourceControl: Source control is disabled
[2020.01.26-22.14.26:366][  0]Cmd: MAP LOAD FILE="../../../../../../Users/emily/Documents/GitHub/CarnivalGame/RollerCoaster/Content/VirtualRealityBP/Maps/MotionControllerMap.umap" TEMPLATE=0 SHOWPROGRESS=1 FEATURELEVEL=3
[2020.01.26-22.14.26:366][  0]LightingResults: New page: Lighting Build
[2020.01.26-22.14.26:373][  0]LogWorld: UWorld::CleanupWorld for Untitled, bSessionEnded=true, bCleanupResources=true
[2020.01.26-22.14.26:374][  0]MapCheck: New page: Map Check
[2020.01.26-22.14.26:374][  0]LightingResults: New page: Lighting Build
[2020.01.26-22.14.26:412][  0]LogUObjectHash: Compacting FUObjectHashTables data took   3.91ms
[2020.01.26-22.14.27:234][  0]LogAIModule: Creating AISystem for world MotionControllerMap
[2020.01.26-22.14.27:251][  0]LogEditorServer: Finished looking for orphan Actors (0.000 secs)
[2020.01.26-22.14.27:359][  0]LogUObjectHash: Compacting FUObjectHashTables data took   5.19ms
[2020.01.26-22.14.27:359][  0]Cmd: MAP CHECKDEP NOCLEARLOG
[2020.01.26-22.14.27:360][  0]MapCheck: Map check complete: 0 Error(s), 0 Warning(s), took 0.323ms to complete.
[2020.01.26-22.14.27:360][  0]LogFileHelpers: Loading map 'MotionControllerMap' took 0.995
[2020.01.26-22.14.27:546][  0]LogSlate: Updating window title bar state: overlay mode, drag disabled, window buttons hidden, title bar hidden
[2020.01.26-22.14.27:565][  0]LogSlate: Updating window title bar state: overlay mode, drag disabled, window buttons hidden, title bar hidden
[2020.01.26-22.14.27:578][  0]LogSlate: Updating window title bar state: overlay mode, drag disabled, window buttons hidden, title bar hidden
[2020.01.26-22.14.27:589][  0]LogSlate: Updating window title bar state: overlay mode, drag disabled, window buttons hidden, title bar hidden
[2020.01.26-22.14.27:600][  0]LogCollectionManager: Loaded 0 collections in 0.003804 seconds
[2020.01.26-22.14.27:611][  0]LogFileCache: Scanning file cache for directory 'C:/Users/emily/Documents/GitHub/CarnivalGame/RollerCoaster/Saved/Collections/' took 0.00s
[2020.01.26-22.14.27:611][  0]LogFileCache: Scanning file cache for directory 'C:/Users/emily/Documents/GitHub/CarnivalGame/RollerCoaster/Content/Developers/emily/Collections/' took 0.00s
[2020.01.26-22.14.27:612][  0]LogFileCache: Scanning file cache for directory 'C:/Users/emily/Documents/GitHub/CarnivalGame/RollerCoaster/Content/Collections/' took 0.00s
[2020.01.26-22.14.27:612][  0]LogCollectionManager: Rebuilt the GUID cache for 0 collections in 0.000003 seconds
[2020.01.26-22.14.27:631][  0]LogContentBrowser: Native class hierarchy populated in 0.0193 seconds. Added 2863 classes and 680 folders.
[2020.01.26-22.14.27:648][  0]LogContentBrowser: Native class hierarchy updated for 'WidgetCarousel' in 0.0004 seconds. Added 0 classes and 0 folders.
[2020.01.26-22.14.27:724][  0]LogContentBrowser: Native class hierarchy updated for 'AddContentDialog' in 0.0004 seconds. Added 0 classes and 0 folders.
[2020.01.26-22.14.27:735][  0]LogContentBrowser: Native class hierarchy updated for 'SceneOutliner' in 0.0003 seconds. Added 1 classes and 2 folders.
[2020.01.26-22.14.27:760][  0]LogSlate: Took 0.000301 seconds to synchronously load lazily loaded font '../../../Engine/Content/Slate/Fonts/Roboto-Regular.ttf' (155K)
[2020.01.26-22.14.27:764][  0]LogSlate: Took 0.000241 seconds to synchronously load lazily loaded font '../../../Engine/Content/Slate/Fonts/Roboto-Bold.ttf' (160K)
[2020.01.26-22.14.27:776][  0]LogSlate: Took 0.000234 seconds to synchronously load lazily loaded font '../../../Engine/Content/Editor/Slate/Fonts/FontAwesome.ttf' (139K)
[2020.01.26-22.14.27:916][  0]LogRenderer: Reallocating scene render targets to support 576x568 Format 26 NumSamples 1 (Frame:1).
[2020.01.26-22.14.28:170][  0]LogContentBrowser: Native class hierarchy updated for 'HierarchicalLODOutliner' in 0.0006 seconds. Added 0 classes and 0 folders.
[2020.01.26-22.14.28:170][  0]LogLoad: (Engine Initialization) Total time: 14.11 seconds
[2020.01.26-22.14.28:170][  0]LogLoad: (Engine Initialization) Total Blueprint compile time: 0.00 seconds
[2020.01.26-22.14.28:244][  0]LogContentStreaming: Texture pool size now 1000 MB
[2020.01.26-22.14.28:857][  2]LogAssetRegistry: Asset discovery search completed in 9.3112 seconds
[2020.01.26-22.14.28:871][  2]LogCollectionManager: Rebuilt the object cache for 0 collections in 0.000010 seconds (found 0 objects)
[2020.01.26-22.14.28:871][  2]LogCollectionManager: Fixed up redirectors for 0 collections in 0.000160 seconds (updated 0 objects)
[2020.01.26-22.14.29:328][  7]LogSlate: Took 0.000286 seconds to synchronously load lazily loaded font '../../../Engine/Content/Slate/Fonts/Roboto-Light.ttf' (167K)
[2020.01.26-22.14.36:347][187]LogSlate: FSceneViewport::OnFocusLost() reason 0
[2020.01.26-22.14.38:590][235]LogMaterial: Display: Missing cached shader map for material Material_0, compiling. 
[2020.01.26-22.14.38:594][235]LogMaterial: Warning: /Engine/Transient.Material_0 (no disk path found): Failed to compile Material for platform PCD3D_SM5, Default Material will be used in game.
[2020.01.26-22.14.38:594][235]LogMaterial: Display: 	Only transparent or postprocess materials can read from scene depth.
[2020.01.26-22.14.43:568][300]LogAssetEditorManager: Opening Asset editor for MaterialInstanceConstant /Game/VirtualReality/Materials/MI_SmallCubes.MI_SmallCubes
[2020.01.26-22.14.44:305][300]LogRenderer: Reallocating scene render targets to support 852x732 Format 26 NumSamples 1 (Frame:1).
[2020.01.26-22.14.47:445][302]LogD3D11RHI: Error: Result failed 
 at D:/Build/++UE4/Sync/Engine/Source/Runtime/Windows/D3D11RHI/Private/D3D11Query.cpp:348 
 with error DXGI_ERROR_DEVICE_REMOVED DXGI_ERROR_DEVICE_HUNG
[2020.01.26-22.14.47:445][302]LogD3D11RHI: [Aftermath] GDynamicRHI=0000023A3D0480C0, GDX11NVAfterMathEnabled=0, Result=0xFFFFFFFF, bDeviceActive=0
[2020.01.26-22.14.47:445][302]LogWindows: Windows GetLastError: The operation completed successfully. (0)
[2020.01.26-22.14.50:062][302]LogOutputDevice: Warning: 

Script Stack (0 frames):

[2020.01.26-22.14.50:062][302]LogWindows: Windows GetLastError: The operation completed successfully. (0)
[2020.01.26-22.14.50:062][302]LogWindows: Error: === Critical error: ===
[2020.01.26-22.14.50:062][302]LogWindows: Error: 
[2020.01.26-22.14.50:062][302]LogWindows: Error: Fatal error: [File:D:/Build/++UE4/Sync/Engine/Source/Runtime/RenderCore/Private/RenderingThread.cpp] [Line: 836] 
[2020.01.26-22.14.50:062][302]LogWindows: Error: Rendering thread exception:
[2020.01.26-22.14.50:062][302]LogWindows: Error: Fatal error: [File:D:/Build/++UE4/Sync/Engine/Source/Runtime/Windows/D3D11RHI/Private/D3D11Util.cpp] [Line: 198] 
[2020.01.26-22.14.50:062][302]LogWindows: Error: Unreal Engine is exiting due to D3D device being lost. (Error: 0x887A0006 - 'HUNG')
[2020.01.26-22.14.50:062][302]LogWindows: Error: 
[2020.01.26-22.14.50:062][302]LogWindows: Error: 
[2020.01.26-22.14.50:062][302]LogWindows: Error: Unhandled Exception: 0x00008000
[2020.01.26-22.14.50:062][302]LogWindows: Error: 
[2020.01.26-22.14.50:062][302]LogWindows: Error: [Callstack] 0x00007fff46dfa839 KERNELBASE.dll!UnknownFunction []
[2020.01.26-22.14.50:062][302]LogWindows: Error: [Callstack] 0x00007ffef316baa7 UE4Editor-Core.dll!UnknownFunction []
[2020.01.26-22.14.50:062][302]LogWindows: Error: [Callstack] 0x00007ffef316cbbd UE4Editor-Core.dll!UnknownFunction []
[2020.01.26-22.14.50:063][302]LogWindows: Error: [Callstack] 0x00007ffef2f61ada UE4Editor-Core.dll!UnknownFunction []
[2020.01.26-22.14.50:063][302]LogWindows: Error: [Callstack] 0x00007ffef2eb67a3 UE4Editor-Core.dll!UnknownFunction []
[2020.01.26-22.14.50:063][302]LogWindows: Error: [Callstack] 0x00007ffef2eb6688 UE4Editor-Core.dll!UnknownFunction []
[2020.01.26-22.14.50:063][302]LogWindows: Error: [Callstack] 0x00007ffef0fecfa6 UE4Editor-D3D11RHI.dll!UnknownFunction []
[2020.01.26-22.14.50:063][302]LogWindows: Error: [Callstack] 0x00007ffef0ff1600 UE4Editor-D3D11RHI.dll!UnknownFunction []
[2020.01.26-22.14.50:063][302]LogWindows: Error: [Callstack] 0x00007ffef0fc8117 UE4Editor-D3D11RHI.dll!UnknownFunction []
[2020.01.26-22.14.50:063][302]LogWindows: Error: [Callstack] 0x00007ffef0fd0484 UE4Editor-D3D11RHI.dll!UnknownFunction []
[2020.01.26-22.14.50:063][302]LogWindows: Error: [Callstack] 0x00007ffef0fdf6ec UE4Editor-D3D11RHI.dll!UnknownFunction []
[2020.01.26-22.14.50:063][302]LogWindows: Error: [Callstack] 0x00007fff2e4ccaf7 UE4Editor-RHI.dll!UnknownFunction []
[2020.01.26-22.14.50:063][302]LogWindows: Error: [Callstack] 0x00007ffee70ba060 UE4Editor-Renderer.dll!UnknownFunction []
[2020.01.26-22.14.50:063][302]LogWindows: Error: [Callstack] 0x00007ffee7542449 UE4Editor-Renderer.dll!UnknownFunction []
[2020.01.26-22.14.50:063][302]LogWindows: Error: [Callstack] 0x00007ffee751e4c1 UE4Editor-Renderer.dll!UnknownFunction []
[2020.01.26-22.14.50:063][302]LogWindows: Error: [Callstack] 0x00007ffef2d34e4a UE4Editor-Core.dll!UnknownFunction []
[2020.01.26-22.14.50:063][302]LogWindows: Error: [Callstack] 0x00007ffef2d351f3 UE4Editor-Core.dll!UnknownFunction []
[2020.01.26-22.14.50:063][302]LogWindows: Error: [Callstack] 0x00007fff2ddb0021 UE4Editor-RenderCore.dll!UnknownFunction []
[2020.01.26-22.14.50:063][302]LogWindows: Error: [Callstack] 0x00007fff2ddb85b4 UE4Editor-RenderCore.dll!UnknownFunction []
[2020.01.26-22.14.50:063][302]LogWindows: Error: [Callstack] 0x00007ffef3189f5f UE4Editor-Core.dll!UnknownFunction []
[2020.01.26-22.14.50:063][302]LogWindows: Error: [Callstack] 0x00007ffef31804b1 UE4Editor-Core.dll!UnknownFunction []
[2020.01.26-22.14.50:063][302]LogWindows: Error: [Callstack] 0x00007fff49617bd4 KERNEL32.DLL!UnknownFunction []
[2020.01.26-22.14.50:063][302]LogWindows: Error: [Callstack] 0x00007fff499cced1 ntdll.dll!UnknownFunction []
[2020.01.26-22.14.50:063][302]LogWindows: Error: 
[2020.01.26-22.14.50:063][302]LogWindows: Error: 
[2020.01.26-22.14.50:063][302]LogWindows: Error: 
[2020.01.26-22.14.50:063][302]LogWindows: Error: 
[2020.01.26-22.14.50:095][302]LogExit: Executing StaticShutdownAfterError
[2020.01.26-22.14.50:099][302]LogWindows: FPlatformMisc::RequestExit(1)
[2020.01.26-22.14.50:104][302]Log file closed, 01/26/20 14:14:50
