Log file open, 01/22/20 12:41:27
LogWindows: Failed to load 'aqProf.dll' (GetLastError=126)
LogWindows: File 'aqProf.dll' does not exist
LogWindows: Failed to load 'VtuneApi.dll' (GetLastError=126)
LogWindows: File 'VtuneApi.dll' does not exist
LogWindows: Failed to load 'VtuneApi32e.dll' (GetLastError=126)
LogWindows: File 'VtuneApi32e.dll' does not exist
LogConsoleResponse: Display: Failed to find resolution value strings in scalability ini. Falling back to default.
LogInit: Display: Running engine for game: RollerCoaster
LogPlatformFile: Not using cached read wrapper
LogTaskGraph: Started task graph with 5 named threads and 23 total threads with 3 sets of task threads.
LogStats: Stats thread started at 0.154310
LogD3D11RHI: Loaded GFSDK_Aftermath_Lib.x64.dll
LogICUInternationalization: ICU TimeZone Detection - Raw Offset: -8:00, Platform Override: ''
LogPluginManager: Mounting plugin Paper2D
LogPluginManager: Mounting plugin AISupport
LogPluginManager: Mounting plugin LightPropagationVolume
LogPluginManager: Mounting plugin ActorLayerUtilities
LogPluginManager: Mounting plugin AnimationSharing
LogPluginManager: Mounting plugin CLionSourceCodeAccess
LogPluginManager: Mounting plugin CodeLiteSourceCodeAccess
LogPluginManager: Mounting plugin GitSourceControl
LogPluginManager: Mounting plugin KDevelopSourceCodeAccess
LogPluginManager: Mounting plugin NullSourceCodeAccess
LogPluginManager: Mounting plugin PerforceSourceControl
LogPluginManager: Mounting plugin SubversionSourceControl
LogPluginManager: Mounting plugin UObjectPlugin
LogPluginManager: Mounting plugin VisualStudioCodeSourceCodeAccess
LogPluginManager: Mounting plugin VisualStudioSourceCodeAccess
LogPluginManager: Mounting plugin XCodeSourceCodeAccess
LogPluginManager: Mounting plugin AssetManagerEditor
LogPluginManager: Mounting plugin CryptoKeys
LogPluginManager: Mounting plugin CurveEditorTools
LogPluginManager: Mounting plugin DataValidation
LogPluginManager: Mounting plugin FacialAnimation
LogPluginManager: Mounting plugin GameplayTagsEditor
LogPluginManager: Mounting plugin MacGraphicsSwitching
LogPluginManager: Mounting plugin MaterialAnalyzer
LogPluginManager: Mounting plugin MobileLauncherProfileWizard
LogPluginManager: Mounting plugin PluginBrowser
LogPluginManager: Mounting plugin SpeedTreeImporter
LogPluginManager: Mounting plugin DatasmithContent
LogPluginManager: Mounting plugin VariantManagerContent
LogPluginManager: Mounting plugin AlembicImporter
LogPluginManager: Mounting plugin AutomationUtils
LogPluginManager: Mounting plugin BackChannel
LogPluginManager: Mounting plugin CharacterAI
LogPluginManager: Mounting plugin GeometryCache
LogPluginManager: Mounting plugin HTML5Networking
LogPluginManager: Mounting plugin PlatformCrypto
LogPluginManager: Mounting plugin ProxyLODPlugin
LogPluginManager: Mounting plugin SkeletalReduction
LogPluginManager: Mounting plugin MagicLeap
LogPluginManager: Mounting plugin MagicLeapMedia
LogPluginManager: Mounting plugin AndroidMedia
LogPluginManager: Mounting plugin AvfMedia
LogPluginManager: Mounting plugin ImgMedia
LogPluginManager: Mounting plugin MediaCompositing
LogPluginManager: Mounting plugin MediaPlayerEditor
LogPluginManager: Mounting plugin WebMMedia
LogPluginManager: Mounting plugin WmfMedia
LogPluginManager: Mounting plugin TcpMessaging
LogPluginManager: Mounting plugin UdpMessaging
LogPluginManager: Mounting plugin ActorSequence
LogPluginManager: Mounting plugin LevelSequenceEditor
LogPluginManager: Mounting plugin MatineeToLevelSequence
LogPluginManager: Mounting plugin NetcodeUnitTest
LogPluginManager: Mounting plugin NUTUnrealEngine4
LogPluginManager: Mounting plugin OnlineSubsystemGooglePlay
LogPluginManager: Mounting plugin OnlineSubsystemIOS
LogPluginManager: Mounting plugin OnlineSubsystem
LogPluginManager: Mounting plugin OnlineSubsystemNull
LogPluginManager: Mounting plugin OnlineSubsystemUtils
LogPluginManager: Mounting plugin LauncherChunkInstaller
LogPluginManager: Mounting plugin AndroidDeviceProfileSelector
LogPluginManager: Mounting plugin AndroidMoviePlayer
LogPluginManager: Mounting plugin AndroidPermission
LogPluginManager: Mounting plugin AppleImageUtils
LogPluginManager: Mounting plugin AppleMoviePlayer
LogPluginManager: Mounting plugin ArchVisCharacter
LogPluginManager: Mounting plugin AudioCapture
LogPluginManager: Mounting plugin CableComponent
LogPluginManager: Mounting plugin CustomMeshComponent
LogPluginManager: Mounting plugin EditableMesh
LogPluginManager: Mounting plugin ExampleDeviceProfileSelector
LogPluginManager: Mounting plugin GoogleCloudMessaging
LogPluginManager: Mounting plugin IOSDeviceProfileSelector
LogPluginManager: Mounting plugin LinuxDeviceProfileSelector
LogPluginManager: Mounting plugin LocationServicesBPLibrary
LogPluginManager: Mounting plugin MobilePatchingUtils
LogPluginManager: Mounting plugin OculusVR
LogPluginManager: Mounting plugin PhysXVehicles
LogPluginManager: Mounting plugin ProceduralMeshComponent
LogPluginManager: Mounting plugin RuntimePhysXCooking
LogPluginManager: Mounting plugin SignificanceManager
LogPluginManager: Mounting plugin SteamVR
LogPluginManager: Mounting plugin WebMMoviePlayer
LogPluginManager: Mounting plugin WindowsMoviePlayer
LogPluginManager: Mounting plugin ScreenshotTools
LogInit: Using libcurl 7.55.1-DEV
LogInit:  - built for x86_64-pc-win32
LogInit:  - supports SSL with OpenSSL/1.1.1
LogInit:  - supports HTTP deflate (compression) using libz 1.2.8
LogInit:  - other features:
LogInit:      CURL_VERSION_SSL
LogInit:      CURL_VERSION_LIBZ
LogInit:      CURL_VERSION_IPV6
LogInit:      CURL_VERSION_ASYNCHDNS
LogInit:      CURL_VERSION_LARGEFILE
LogInit:      CURL_VERSION_IDN
LogInit:  CurlRequestOptions (configurable via config and command line):
LogInit:  - bVerifyPeer = true  - Libcurl will verify peer certificate
LogInit:  - bUseHttpProxy = false  - Libcurl will NOT use HTTP proxy
LogInit:  - bDontReuseConnections = false  - Libcurl will reuse connections
LogInit:  - MaxHostConnections = 16  - Libcurl will limit the number of connections to a host
LogInit:  - LocalHostAddr = Default
LogInit:  - BufferSize = 65536
LogOnline: OSS: Creating online subsystem instance for: NULL
LogInit: WinSock: version 1.1 (2.2), MaxSocks=32767, MaxUdp=65467
LogInit: Build: ++UE4+Release-4.23-CL-9631420
LogInit: Engine Version: 4.23.1-9631420+++UE4+Release-4.23
LogInit: Compatible Engine Version: 4.23.0-8386587+++UE4+Release-4.23
LogInit: Net CL: 8386587
LogInit: OS: Windows 10 (Release 1903) (), CPU: Intel(R) Core(TM) i5-8250U CPU @ 1.60GHz, GPU: Intel(R) UHD Graphics 620
LogInit: Compiled (64-bit): Oct 18 2019 02:07:44
LogInit: Compiled with Visual C++: 19.16.27030.01
LogInit: Build Configuration: Development
LogInit: Branch Name: ++UE4+Release-4.23
LogInit: Command Line: 
LogInit: Base Directory: C:/Program Files/Epic Games/UE_4.23/Engine/Binaries/Win64/
LogInit: Installed Engine Build: 1
LogDevObjectVersion: Number of dev versions registered: 23
LogDevObjectVersion:   Dev-Blueprints (B0D832E4-1F89-4F0D-ACCF-7EB736FD4AA2): 10
LogDevObjectVersion:   Dev-Build (E1C64328-A22C-4D53-A36C-8E866417BD8C): 0
LogDevObjectVersion:   Dev-Core (375EC13C-06E4-48FB-B500-84F0262A717E): 3
LogDevObjectVersion:   Dev-Editor (E4B068ED-F494-42E9-A231-DA0B2E46BB41): 34
LogDevObjectVersion:   Dev-Framework (CFFC743F-43B0-4480-9391-14DF171D2073): 35
LogDevObjectVersion:   Dev-Mobile (B02B49B5-BB20-44E9-A304-32B752E40360): 2
LogDevObjectVersion:   Dev-Networking (A4E4105C-59A1-49B5-A7C5-40C4547EDFEE): 0
LogDevObjectVersion:   Dev-Online (39C831C9-5AE6-47DC-9A44-9C173E1C8E7C): 0
LogDevObjectVersion:   Dev-Physics (78F01B33-EBEA-4F98-B9B4-84EACCB95AA2): 0
LogDevObjectVersion:   Dev-Platform (6631380F-2D4D-43E0-8009-CF276956A95A): 0
LogDevObjectVersion:   Dev-Rendering (12F88B9F-8875-4AFC-A67C-D90C383ABD29): 31
LogDevObjectVersion:   Dev-Sequencer (7B5AE74C-D270-4C10-A958-57980B212A5A): 11
LogDevObjectVersion:   Dev-VR (D7296918-1DD6-4BDD-9DE2-64A83CC13884): 2
LogDevObjectVersion:   Dev-LoadTimes (C2A15278-BFE7-4AFE-6C17-90FF531DF755): 1
LogDevObjectVersion:   Private-Geometry (6EACA3D4-40EC-4CC1-B786-8BED09428FC5): 3
LogDevObjectVersion:   Dev-AnimPhys (29E575DD-E0A3-4627-9D10-D276232CDCEA): 17
LogDevObjectVersion:   Dev-Anim (AF43A65D-7FD3-4947-9873-3E8ED9C1BB05): 2
LogDevObjectVersion:   Dev-ReflectionCapture (6B266CEC-1EC7-4B8F-A30B-E4D90942FC07): 1
LogDevObjectVersion:   Dev-Automation (0DF73D61-A23F-47EA-B727-89E90C41499A): 1
LogDevObjectVersion:   FortniteMain (601D1886-AC64-4F84-AA16-D3DE0DEAC7D6): 27
LogDevObjectVersion:   Dev-Enterprise (9DFFBCD6-494F-0158-E221-12823C92A888): 6
LogDevObjectVersion:   Dev-Niagara (F2AED0AC-9AFE-416F-8664-AA7FFA26D6FC): 1
LogDevObjectVersion:   Dev-Destruction (174F1F0B-B4C6-45A5-B13F-2EE8D0FB917D): 9
LogInit: Presizing for max 16777216 objects, including 0 objects not considered by GC, pre-allocating 0 bytes for permanent pool.
LogInit: Object subsystem initialized
LogConfig: Setting CVar [[con.DebugEarlyDefault:1]]
LogConfig: Setting CVar [[r.setres:1280x720]]
[2020.01.22-20.41.27:737][  0]LogConfig: Setting CVar [[r.VSync:0]]
[2020.01.22-20.41.27:737][  0]LogConfig: Setting CVar [[r.RHICmdBypass:0]]
[2020.01.22-20.41.27:738][  0]LogConfig: Applying CVar settings from Section [/Script/Engine.RendererSettings] File [C:/Users/emily/Documents/Unreal Projects/RollerCoaster/Saved/Config/Windows/Engine.ini]
[2020.01.22-20.41.27:738][  0]LogConfig: Setting CVar [[r.GPUCrashDebugging:0]]
[2020.01.22-20.41.27:738][  0]LogConfig: Setting CVar [[r.MobileHDR:1]]
[2020.01.22-20.41.27:738][  0]LogConfig: Setting CVar [[r.Mobile.DisableVertexFog:1]]
[2020.01.22-20.41.27:738][  0]LogConfig: Setting CVar [[r.Shadow.CSM.MaxMobileCascades:2]]
[2020.01.22-20.41.27:738][  0]LogConfig: Setting CVar [[r.MobileMSAA:1]]
[2020.01.22-20.41.27:738][  0]LogConfig: Setting CVar [[r.Mobile.UseLegacyShadingModel:0]]
[2020.01.22-20.41.27:738][  0]LogConfig: Setting CVar [[r.Mobile.UseHWsRGBEncoding:0]]
[2020.01.22-20.41.27:738][  0]LogConfig: Setting CVar [[r.Mobile.AllowDitheredLODTransition:0]]
[2020.01.22-20.41.27:738][  0]LogConfig: Setting CVar [[r.Mobile.AllowSoftwareOcclusion:0]]
[2020.01.22-20.41.27:738][  0]LogConfig: Setting CVar [[r.DiscardUnusedQuality:0]]
[2020.01.22-20.41.27:738][  0]LogConfig: Setting CVar [[r.AllowOcclusionQueries:1]]
[2020.01.22-20.41.27:738][  0]LogConfig: Setting CVar [[r.MinScreenRadiusForLights:0.030000]]
[2020.01.22-20.41.27:738][  0]LogConfig: Setting CVar [[r.MinScreenRadiusForDepthPrepass:0.030000]]
[2020.01.22-20.41.27:738][  0]LogConfig: Setting CVar [[r.MinScreenRadiusForCSMDepth:0.010000]]
[2020.01.22-20.41.27:738][  0]LogConfig: Setting CVar [[r.PrecomputedVisibilityWarning:0]]
[2020.01.22-20.41.27:738][  0]LogConfig: Setting CVar [[r.TextureStreaming:1]]
[2020.01.22-20.41.27:738][  0]LogConfig: Setting CVar [[Compat.UseDXT5NormalMaps:0]]
[2020.01.22-20.41.27:738][  0]LogConfig: Setting CVar [[r.VirtualTextures:0]]
[2020.01.22-20.41.27:738][  0]LogConfig: Setting CVar [[r.VirtualTexturedLightmaps:0]]
[2020.01.22-20.41.27:738][  0]LogConfig: Setting CVar [[r.VT.TileSize:128]]
[2020.01.22-20.41.27:738][  0]LogConfig: Setting CVar [[r.VT.TileBorderSize:4]]
[2020.01.22-20.41.27:738][  0]LogConfig: Setting CVar [[r.vt.FeedbackFactor:16]]
[2020.01.22-20.41.27:739][  0]LogConfig: Setting CVar [[r.VT.EnableCompressZlib:1]]
[2020.01.22-20.41.27:739][  0]LogConfig: Setting CVar [[r.VT.EnableCompressCrunch:0]]
[2020.01.22-20.41.27:739][  0]LogConfig: Setting CVar [[r.ClearCoatNormal:0]]
[2020.01.22-20.41.27:739][  0]LogConfig: Setting CVar [[r.ReflectionCaptureResolution:128]]
[2020.01.22-20.41.27:739][  0]LogConfig: Setting CVar [[r.ReflectionEnvironmentLightmapMixBasedOnRoughness:1]]
[2020.01.22-20.41.27:739][  0]LogConfig: Setting CVar [[r.ForwardShading:0]]
[2020.01.22-20.41.27:739][  0]LogConfig: Setting CVar [[r.VertexFoggingForOpaque:1]]
[2020.01.22-20.41.27:739][  0]LogConfig: Setting CVar [[r.AllowStaticLighting:1]]
[2020.01.22-20.41.27:739][  0]LogConfig: Setting CVar [[r.NormalMapsForStaticLighting:0]]
[2020.01.22-20.41.27:739][  0]LogConfig: Setting CVar [[r.GenerateMeshDistanceFields:0]]
[2020.01.22-20.41.27:739][  0]LogConfig: Setting CVar [[r.DistanceFieldBuild.EightBit:0]]
[2020.01.22-20.41.27:739][  0]LogConfig: Setting CVar [[r.GenerateLandscapeGIData:0]]
[2020.01.22-20.41.27:739][  0]LogConfig: Setting CVar [[r.DistanceFieldBuild.Compress:0]]
[2020.01.22-20.41.27:739][  0]LogConfig: Setting CVar [[r.TessellationAdaptivePixelsPerTriangle:48.000000]]
[2020.01.22-20.41.27:739][  0]LogConfig: Setting CVar [[r.SeparateTranslucency:1]]
[2020.01.22-20.41.27:739][  0]LogConfig: Setting CVar [[r.TranslucentSortPolicy:0]]
[2020.01.22-20.41.27:739][  0]LogConfig: Setting CVar [[r.CustomDepth:1]]
[2020.01.22-20.41.27:739][  0]LogConfig: Setting CVar [[r.CustomDepthTemporalAAJitter:1]]
[2020.01.22-20.41.27:739][  0]LogConfig: Setting CVar [[r.PostProcessing.PropagateAlpha:0]]
[2020.01.22-20.41.27:739][  0]LogConfig: Setting CVar [[r.DefaultFeature.Bloom:1]]
[2020.01.22-20.41.27:739][  0]LogConfig: Setting CVar [[r.DefaultFeature.AmbientOcclusion:1]]
[2020.01.22-20.41.27:739][  0]LogConfig: Setting CVar [[r.DefaultFeature.AmbientOcclusionStaticFraction:0]]
[2020.01.22-20.41.27:739][  0]LogConfig: Setting CVar [[r.DefaultFeature.AutoExposure:0]]
[2020.01.22-20.41.27:739][  0]LogConfig: Setting CVar [[r.DefaultFeature.AutoExposure.Method:0]]
[2020.01.22-20.41.27:739][  0]LogConfig: Setting CVar [[r.DefaultFeature.AutoExposure.ExtendDefaultLuminanceRange:0]]
[2020.01.22-20.41.27:740][  0]LogConfig: Setting CVar [[r.UsePreExposure:1]]
[2020.01.22-20.41.27:740][  0]LogConfig: Setting CVar [[r.EyeAdaptation.EditorOnly:1]]
[2020.01.22-20.41.27:740][  0]LogConfig: Setting CVar [[r.DefaultFeature.MotionBlur:0]]
[2020.01.22-20.41.27:740][  0]LogConfig: Setting CVar [[r.DefaultFeature.LensFlare:0]]
[2020.01.22-20.41.27:740][  0]LogConfig: Setting CVar [[r.TemporalAA.Upsampling:0]]
[2020.01.22-20.41.27:740][  0]LogConfig: Setting CVar [[r.DefaultFeature.AntiAliasing:0]]
[2020.01.22-20.41.27:740][  0]LogConfig: Setting CVar [[r.DefaultFeature.LightUnits:1]]
[2020.01.22-20.41.27:740][  0]LogConfig: Setting CVar [[r.DefaultBackBufferPixelFormat:4]]
[2020.01.22-20.41.27:740][  0]LogConfig: Setting CVar [[r.Shadow.UnbuiltPreviewInGame:1]]
[2020.01.22-20.41.27:740][  0]LogConfig: Setting CVar [[r.StencilForLODDither:0]]
[2020.01.22-20.41.27:740][  0]LogConfig: Setting CVar [[r.EarlyZPass:3]]
[2020.01.22-20.41.27:740][  0]LogConfig: Setting CVar [[r.EarlyZPassOnlyMaterialMasking:0]]
[2020.01.22-20.41.27:740][  0]LogConfig: Setting CVar [[r.DBuffer:1]]
[2020.01.22-20.41.27:740][  0]LogConfig: Setting CVar [[r.ClearSceneMethod:1]]
[2020.01.22-20.41.27:740][  0]LogConfig: Setting CVar [[r.BasePassOutputsVelocity:0]]
[2020.01.22-20.41.27:740][  0]LogConfig: Setting CVar [[r.SelectiveBasePassOutputs:0]]
[2020.01.22-20.41.27:740][  0]LogConfig: Setting CVar [[fx.GPUSimulationTextureSizeX:1024]]
[2020.01.22-20.41.27:740][  0]LogConfig: Setting CVar [[fx.GPUSimulationTextureSizeY:1024]]
[2020.01.22-20.41.27:740][  0]LogConfig: Setting CVar [[r.AllowGlobalClipPlane:0]]
[2020.01.22-20.41.27:740][  0]LogConfig: Setting CVar [[r.GBufferFormat:1]]
[2020.01.22-20.41.27:740][  0]LogConfig: Setting CVar [[r.MorphTarget.Mode:1]]
[2020.01.22-20.41.27:740][  0]LogConfig: Setting CVar [[vr.InstancedStereo:1]]
[2020.01.22-20.41.27:740][  0]LogConfig: Setting CVar [[vr.MultiView:0]]
[2020.01.22-20.41.27:740][  0]LogConfig: Setting CVar [[vr.MobileMultiView:0]]
[2020.01.22-20.41.27:740][  0]LogConfig: Setting CVar [[vr.MobileMultiView.Direct:0]]
[2020.01.22-20.41.27:740][  0]LogConfig: Setting CVar [[vr.RoundRobinOcclusion:0]]
[2020.01.22-20.41.27:740][  0]LogConfig: Setting CVar [[vr.ODSCapture:0]]
[2020.01.22-20.41.27:740][  0]LogConfig: Setting CVar [[r.WireframeCullThreshold:5.000000]]
[2020.01.22-20.41.27:740][  0]LogConfig: Setting CVar [[r.RayTracing:0]]
[2020.01.22-20.41.27:741][  0]LogConfig: Setting CVar [[r.SupportStationarySkylight:1]]
[2020.01.22-20.41.27:741][  0]LogConfig: Setting CVar [[r.SupportLowQualityLightmaps:1]]
[2020.01.22-20.41.27:741][  0]LogConfig: Setting CVar [[r.SupportPointLightWholeSceneShadows:1]]
[2020.01.22-20.41.27:741][  0]LogConfig: Setting CVar [[r.SupportAtmosphericFog:1]]
[2020.01.22-20.41.27:741][  0]LogConfig: Setting CVar [[r.SkinCache.CompileShaders:0]]
[2020.01.22-20.41.27:741][  0]LogConfig: Setting CVar [[r.Mobile.EnableStaticAndCSMShadowReceivers:1]]
[2020.01.22-20.41.27:741][  0]LogConfig: Setting CVar [[r.Mobile.EnableMovableLightCSMShaderCulling:1]]
[2020.01.22-20.41.27:741][  0]LogConfig: Setting CVar [[r.Mobile.AllowDistanceFieldShadows:1]]
[2020.01.22-20.41.27:741][  0]LogConfig: Setting CVar [[r.Mobile.AllowMovableDirectionalLights:1]]
[2020.01.22-20.41.27:741][  0]LogConfig: Setting CVar [[r.MobileNumDynamicPointLights:4]]
[2020.01.22-20.41.27:741][  0]LogConfig: Setting CVar [[r.MobileDynamicPointLightsUseStaticBranch:1]]
[2020.01.22-20.41.27:741][  0]LogConfig: Setting CVar [[r.Mobile.EnableMovableSpotlights:0]]
[2020.01.22-20.41.27:741][  0]LogConfig: Setting CVar [[r.SkinCache.SceneMemoryLimitInMB:128.000000]]
[2020.01.22-20.41.27:741][  0]LogConfig: Setting CVar [[r.GPUSkin.Limit2BoneInfluences:0]]
[2020.01.22-20.41.27:741][  0]LogConfig: Setting CVar [[r.SupportDepthOnlyIndexBuffers:1]]
[2020.01.22-20.41.27:741][  0]LogConfig: Setting CVar [[r.SupportReversedIndexBuffers:1]]
[2020.01.22-20.41.27:741][  0]LogConfig: Setting CVar [[r.SupportMaterialLayers:0]]
[2020.01.22-20.41.27:741][  0]LogConfig: Applying CVar settings from Section [/Script/Engine.RendererOverrideSettings] File [C:/Users/emily/Documents/Unreal Projects/RollerCoaster/Saved/Config/Windows/Engine.ini]
[2020.01.22-20.41.27:741][  0]LogConfig: Applying CVar settings from Section [/Script/Engine.StreamingSettings] File [C:/Users/emily/Documents/Unreal Projects/RollerCoaster/Saved/Config/Windows/Engine.ini]
[2020.01.22-20.41.27:741][  0]LogConfig: Setting CVar [[s.MinBulkDataSizeForAsyncLoading:131072]]
[2020.01.22-20.41.27:741][  0]LogConfig: Setting CVar [[s.AsyncLoadingThreadEnabled:0]]
[2020.01.22-20.41.27:741][  0]LogConfig: Setting CVar [[s.EventDrivenLoaderEnabled:1]]
[2020.01.22-20.41.27:741][  0]LogConfig: Setting CVar [[s.WarnIfTimeLimitExceeded:0]]
[2020.01.22-20.41.27:741][  0]LogConfig: Setting CVar [[s.TimeLimitExceededMultiplier:1.5]]
[2020.01.22-20.41.27:741][  0]LogConfig: Setting CVar [[s.TimeLimitExceededMinTime:0.005]]
[2020.01.22-20.41.27:741][  0]LogConfig: Setting CVar [[s.UseBackgroundLevelStreaming:1]]
[2020.01.22-20.41.27:741][  0]LogConfig: Setting CVar [[s.PriorityAsyncLoadingExtraTime:15.0]]
[2020.01.22-20.41.27:741][  0]LogConfig: Setting CVar [[s.LevelStreamingActorsUpdateTimeLimit:5.0]]
[2020.01.22-20.41.27:741][  0]LogConfig: Setting CVar [[s.PriorityLevelStreamingActorsUpdateExtraTime:5.0]]
[2020.01.22-20.41.27:741][  0]LogConfig: Setting CVar [[s.LevelStreamingComponentsRegistrationGranularity:10]]
[2020.01.22-20.41.27:742][  0]LogConfig: Setting CVar [[s.UnregisterComponentsTimeLimit:1.0]]
[2020.01.22-20.41.27:742][  0]LogConfig: Setting CVar [[s.LevelStreamingComponentsUnregistrationGranularity:5]]
[2020.01.22-20.41.27:742][  0]LogConfig: Applying CVar settings from Section [/Script/Engine.GarbageCollectionSettings] File [C:/Users/emily/Documents/Unreal Projects/RollerCoaster/Saved/Config/Windows/Engine.ini]
[2020.01.22-20.41.27:742][  0]LogConfig: Setting CVar [[gc.MaxObjectsNotConsideredByGC:1]]
[2020.01.22-20.41.27:742][  0]LogConfig: Setting CVar [[gc.SizeOfPermanentObjectPool:0]]
[2020.01.22-20.41.27:742][  0]LogConfig: Setting CVar [[gc.FlushStreamingOnGC:0]]
[2020.01.22-20.41.27:742][  0]LogConfig: Setting CVar [[gc.NumRetriesBeforeForcingGC:10]]
[2020.01.22-20.41.27:742][  0]LogConfig: Setting CVar [[gc.AllowParallelGC:1]]
[2020.01.22-20.41.27:742][  0]LogConfig: Setting CVar [[gc.TimeBetweenPurgingPendingKillObjects:61.1]]
[2020.01.22-20.41.27:742][  0]LogConfig: Setting CVar [[gc.MaxObjectsInEditor:16777216]]
[2020.01.22-20.41.27:742][  0]LogConfig: Setting CVar [[gc.IncrementalBeginDestroyEnabled:1]]
[2020.01.22-20.41.27:742][  0]LogConfig: Setting CVar [[gc.CreateGCClusters:1]]
[2020.01.22-20.41.27:742][  0]LogConfig: Setting CVar [[gc.MinGCClusterSize:5]]
[2020.01.22-20.41.27:742][  0]LogConfig: Setting CVar [[gc.ActorClusteringEnabled:0]]
[2020.01.22-20.41.27:742][  0]LogConfig: Setting CVar [[gc.BlueprintClusteringEnabled:0]]
[2020.01.22-20.41.27:742][  0]LogConfig: Setting CVar [[gc.UseDisregardForGCOnDedicatedServers:0]]
[2020.01.22-20.41.27:742][  0]LogConfig: Applying CVar settings from Section [/Script/Engine.NetworkSettings] File [C:/Users/emily/Documents/Unreal Projects/RollerCoaster/Saved/Config/Windows/Engine.ini]
[2020.01.22-20.41.27:742][  0]LogConfig: Applying CVar settings from Section [/Script/UnrealEd.CookerSettings] File [C:/Users/emily/Documents/Unreal Projects/RollerCoaster/Saved/Config/Windows/Engine.ini]
[2020.01.22-20.41.27:747][  0]LogConfig: Applying CVar settings from Section [ViewDistanceQuality@3] File [C:/Users/emily/Documents/Unreal Projects/RollerCoaster/Saved/Config/Windows/Scalability.ini]
[2020.01.22-20.41.27:747][  0]LogConfig: Setting CVar [[r.SkeletalMeshLODBias:0]]
[2020.01.22-20.41.27:747][  0]LogConfig: Setting CVar [[r.ViewDistanceScale:1.0]]
[2020.01.22-20.41.27:747][  0]LogConfig: Applying CVar settings from Section [AntiAliasingQuality@3] File [C:/Users/emily/Documents/Unreal Projects/RollerCoaster/Saved/Config/Windows/Scalability.ini]
[2020.01.22-20.41.27:747][  0]LogConfig: Setting CVar [[r.PostProcessAAQuality:3]]
[2020.01.22-20.41.27:747][  0]LogConfig: Applying CVar settings from Section [ShadowQuality@3] File [C:/Users/emily/Documents/Unreal Projects/RollerCoaster/Saved/Config/Windows/Scalability.ini]
[2020.01.22-20.41.27:747][  0]LogConfig: Setting CVar [[r.LightFunctionQuality:1]]
[2020.01.22-20.41.27:747][  0]LogConfig: Setting CVar [[r.ShadowQuality:5]]
[2020.01.22-20.41.27:747][  0]LogConfig: Setting CVar [[r.Shadow.CSM.MaxCascades:10]]
[2020.01.22-20.41.27:747][  0]LogConfig: Setting CVar [[r.Shadow.MaxResolution:2048]]
[2020.01.22-20.41.27:747][  0]LogConfig: Setting CVar [[r.Shadow.MaxCSMResolution:2048]]
[2020.01.22-20.41.27:747][  0]LogConfig: Setting CVar [[r.Shadow.RadiusThreshold:0.01]]
[2020.01.22-20.41.27:747][  0]LogConfig: Setting CVar [[r.Shadow.DistanceScale:1.0]]
[2020.01.22-20.41.27:747][  0]LogConfig: Setting CVar [[r.Shadow.CSM.TransitionScale:1.0]]
[2020.01.22-20.41.27:747][  0]LogConfig: Setting CVar [[r.Shadow.PreShadowResolutionFactor:1.0]]
[2020.01.22-20.41.27:747][  0]LogConfig: Setting CVar [[r.DistanceFieldShadowing:1]]
[2020.01.22-20.41.27:747][  0]LogConfig: Setting CVar [[r.DistanceFieldAO:1]]
[2020.01.22-20.41.27:747][  0]LogConfig: Setting CVar [[r.AOQuality:2]]
[2020.01.22-20.41.27:747][  0]LogConfig: Setting CVar [[r.VolumetricFog:1]]
[2020.01.22-20.41.27:748][  0]LogConfig: Setting CVar [[r.VolumetricFog.GridPixelSize:8]]
[2020.01.22-20.41.27:748][  0]LogConfig: Setting CVar [[r.VolumetricFog.GridSizeZ:128]]
[2020.01.22-20.41.27:748][  0]LogConfig: Setting CVar [[r.VolumetricFog.HistoryMissSupersampleCount:4]]
[2020.01.22-20.41.27:748][  0]LogConfig: Setting CVar [[r.LightMaxDrawDistanceScale:1]]
[2020.01.22-20.41.27:748][  0]LogConfig: Setting CVar [[r.CapsuleShadows:1]]
[2020.01.22-20.41.27:748][  0]LogConfig: Applying CVar settings from Section [PostProcessQuality@3] File [C:/Users/emily/Documents/Unreal Projects/RollerCoaster/Saved/Config/Windows/Scalability.ini]
[2020.01.22-20.41.27:748][  0]LogConfig: Setting CVar [[r.MotionBlurQuality:0]]
[2020.01.22-20.41.27:748][  0]LogConfig: Setting CVar [[r.AmbientOcclusionMipLevelFactor:0.4]]
[2020.01.22-20.41.27:748][  0]LogConfig: Setting CVar [[r.AmbientOcclusionMaxQuality:100]]
[2020.01.22-20.41.27:748][  0]LogConfig: Setting CVar [[r.AmbientOcclusionLevels:0]]
[2020.01.22-20.41.27:748][  0]LogConfig: Setting CVar [[r.AmbientOcclusionRadiusScale:1.0]]
[2020.01.22-20.41.27:748][  0]LogConfig: Setting CVar [[r.DepthOfFieldQuality:0]]
[2020.01.22-20.41.27:748][  0]LogConfig: Setting CVar [[r.RenderTargetPoolMin:400]]
[2020.01.22-20.41.27:748][  0]LogConfig: Setting CVar [[r.LensFlareQuality:0]]
[2020.01.22-20.41.27:748][  0]LogConfig: Setting CVar [[r.SceneColorFringeQuality:0]]
[2020.01.22-20.41.27:748][  0]LogConfig: Setting CVar [[r.EyeAdaptationQuality:2]]
[2020.01.22-20.41.27:748][  0]LogConfig: Setting CVar [[r.BloomQuality:1]]
[2020.01.22-20.41.27:748][  0]LogConfig: Setting CVar [[r.FastBlurThreshold:0]]
[2020.01.22-20.41.27:748][  0]LogConfig: Setting CVar [[r.Upscale.Quality:3]]
[2020.01.22-20.41.27:748][  0]LogConfig: Setting CVar [[r.Tonemapper.GrainQuantization:1]]
[2020.01.22-20.41.27:748][  0]LogConfig: Setting CVar [[r.LightShaftQuality:1]]
[2020.01.22-20.41.27:749][  0]LogConfig: Setting CVar [[r.Filter.SizeScale:1]]
[2020.01.22-20.41.27:749][  0]LogConfig: Setting CVar [[r.Tonemapper.Quality:5]]
[2020.01.22-20.41.27:749][  0]LogConfig: Setting CVar [[r.DOF.Gather.AccumulatorQuality:1        ; higher gathering accumulator quality]]
[2020.01.22-20.41.27:749][  0]LogConfig: Setting CVar [[r.DOF.Gather.PostfilterMethod:1          ; Median3x3 postfilering method]]
[2020.01.22-20.41.27:749][  0]LogConfig: Setting CVar [[r.DOF.Gather.EnableBokehSettings:0       ; no bokeh simulation when gathering]]
[2020.01.22-20.41.27:749][  0]LogConfig: Setting CVar [[r.DOF.Gather.RingCount:4                 ; medium number of samples when gathering]]
[2020.01.22-20.41.27:749][  0]LogConfig: Setting CVar [[r.DOF.Scatter.ForegroundCompositing:1    ; additive foreground scattering]]
[2020.01.22-20.41.27:749][  0]LogConfig: Setting CVar [[r.DOF.Scatter.BackgroundCompositing:2    ; additive background scattering]]
[2020.01.22-20.41.27:749][  0]LogConfig: Setting CVar [[r.DOF.Scatter.EnableBokehSettings:1      ; bokeh simulation when scattering]]
[2020.01.22-20.41.27:749][  0]LogConfig: Setting CVar [[r.DOF.Scatter.MaxSpriteRatio:0.1         ; only a maximum of 10% of scattered bokeh]]
[2020.01.22-20.41.27:749][  0]LogConfig: Setting CVar [[r.DOF.Recombine.Quality:1                ; cheap slight out of focus]]
[2020.01.22-20.41.27:749][  0]LogConfig: Setting CVar [[r.DOF.Recombine.EnableBokehSettings:0    ; no bokeh simulation on slight out of focus]]
[2020.01.22-20.41.27:749][  0]LogConfig: Setting CVar [[r.DOF.TemporalAAQuality:1                ; more stable temporal accumulation]]
[2020.01.22-20.41.27:749][  0]LogConfig: Setting CVar [[r.DOF.Kernel.MaxForegroundRadius:0.025]]
[2020.01.22-20.41.27:749][  0]LogConfig: Setting CVar [[r.DOF.Kernel.MaxBackgroundRadius:0.025]]
[2020.01.22-20.41.27:749][  0]LogConfig: Applying CVar settings from Section [TextureQuality@3] File [C:/Users/emily/Documents/Unreal Projects/RollerCoaster/Saved/Config/Windows/Scalability.ini]
[2020.01.22-20.41.27:749][  0]LogConfig: Setting CVar [[r.Streaming.MipBias:0]]
[2020.01.22-20.41.27:749][  0]LogConfig: Setting CVar [[r.Streaming.AmortizeCPUToGPUCopy:0]]
[2020.01.22-20.41.27:749][  0]LogConfig: Setting CVar [[r.Streaming.MaxNumTexturesToStreamPerFrame:0]]
[2020.01.22-20.41.27:749][  0]LogConfig: Setting CVar [[r.Streaming.Boost:1]]
[2020.01.22-20.41.27:749][  0]LogConfig: Setting CVar [[r.MaxAnisotropy:8]]
[2020.01.22-20.41.27:749][  0]LogConfig: Setting CVar [[r.Streaming.LimitPoolSizeToVRAM:0]]
[2020.01.22-20.41.27:749][  0]LogConfig: Setting CVar [[r.Streaming.PoolSize:1000]]
[2020.01.22-20.41.27:750][  0]LogConfig: Setting CVar [[r.Streaming.MaxEffectiveScreenSize:0]]
[2020.01.22-20.41.27:750][  0]LogConfig: Applying CVar settings from Section [EffectsQuality@3] File [C:/Users/emily/Documents/Unreal Projects/RollerCoaster/Saved/Config/Windows/Scalability.ini]
[2020.01.22-20.41.27:750][  0]LogConfig: Setting CVar [[r.TranslucencyLightingVolumeDim:4]]
[2020.01.22-20.41.27:750][  0]LogConfig: Setting CVar [[r.RefractionQuality:2]]
[2020.01.22-20.41.27:750][  0]LogConfig: Setting CVar [[r.SSR.Quality:0]]
[2020.01.22-20.41.27:750][  0]LogConfig: Setting CVar [[r.SceneColorFormat:2]]
[2020.01.22-20.41.27:750][  0]LogConfig: Setting CVar [[r.DetailMode:2]]
[2020.01.22-20.41.27:750][  0]LogConfig: Setting CVar [[r.TranslucencyVolumeBlur:0]]
[2020.01.22-20.41.27:750][  0]LogConfig: Setting CVar [[r.MaterialQualityLevel:1 ; High quality]]
[2020.01.22-20.41.27:750][  0]LogConfig: Setting CVar [[r.SSS.Scale:1]]
[2020.01.22-20.41.27:750][  0]LogConfig: Setting CVar [[r.SSS.SampleSet:2]]
[2020.01.22-20.41.27:750][  0]LogConfig: Setting CVar [[r.SSS.Quality:1]]
[2020.01.22-20.41.27:750][  0]LogConfig: Setting CVar [[r.SSS.HalfRes:1]]
[2020.01.22-20.41.27:750][  0]LogConfig: Setting CVar [[r.EmitterSpawnRateScale:1.0]]
[2020.01.22-20.41.27:750][  0]LogConfig: Setting CVar [[r.ParticleLightQuality:2]]
[2020.01.22-20.41.27:750][  0]LogConfig: Applying CVar settings from Section [FoliageQuality@3] File [C:/Users/emily/Documents/Unreal Projects/RollerCoaster/Saved/Config/Windows/Scalability.ini]
[2020.01.22-20.41.27:750][  0]LogConfig: Setting CVar [[foliage.DensityScale:1.0]]
[2020.01.22-20.41.27:750][  0]LogConfig: Setting CVar [[grass.DensityScale:1.0]]
[2020.01.22-20.41.27:750][  0]LogInit: Selected Device Profile: [Windows]
[2020.01.22-20.41.27:750][  0]LogInit: Applying CVar settings loaded from the selected device profile: [Windows]
[2020.01.22-20.41.27:758][  0]LogHAL: Display: Platform has ~ 8 GB [8511352832 / 8589934592 / 8], which maps to Default [LargestMinGB=32, LargerMinGB=12, DefaultMinGB=8, SmallerMinGB=6, SmallestMinGB=0)
[2020.01.22-20.41.27:758][  0]LogInit: Going up to parent DeviceProfile []
[2020.01.22-20.41.27:758][  0]LogConfig: Applying CVar settings from Section [ViewDistanceQuality@3] File [C:/Users/emily/Documents/Unreal Projects/RollerCoaster/Saved/Config/Windows/Scalability.ini]
[2020.01.22-20.41.27:758][  0]LogConfig: Setting CVar [[r.SkeletalMeshLODBias:0]]
[2020.01.22-20.41.27:758][  0]LogConfig: Setting CVar [[r.ViewDistanceScale:1.0]]
[2020.01.22-20.41.27:758][  0]LogConfig: Applying CVar settings from Section [AntiAliasingQuality@3] File [C:/Users/emily/Documents/Unreal Projects/RollerCoaster/Saved/Config/Windows/Scalability.ini]
[2020.01.22-20.41.27:758][  0]LogConfig: Setting CVar [[r.PostProcessAAQuality:3]]
[2020.01.22-20.41.27:758][  0]LogConfig: Applying CVar settings from Section [ShadowQuality@3] File [C:/Users/emily/Documents/Unreal Projects/RollerCoaster/Saved/Config/Windows/Scalability.ini]
[2020.01.22-20.41.27:758][  0]LogConfig: Setting CVar [[r.LightFunctionQuality:1]]
[2020.01.22-20.41.27:758][  0]LogConfig: Setting CVar [[r.ShadowQuality:5]]
[2020.01.22-20.41.27:758][  0]LogConfig: Setting CVar [[r.Shadow.CSM.MaxCascades:10]]
[2020.01.22-20.41.27:758][  0]LogConfig: Setting CVar [[r.Shadow.MaxResolution:2048]]
[2020.01.22-20.41.27:758][  0]LogConfig: Setting CVar [[r.Shadow.MaxCSMResolution:2048]]
[2020.01.22-20.41.27:758][  0]LogConfig: Setting CVar [[r.Shadow.RadiusThreshold:0.01]]
[2020.01.22-20.41.27:758][  0]LogConfig: Setting CVar [[r.Shadow.DistanceScale:1.0]]
[2020.01.22-20.41.27:758][  0]LogConfig: Setting CVar [[r.Shadow.CSM.TransitionScale:1.0]]
[2020.01.22-20.41.27:758][  0]LogConfig: Setting CVar [[r.Shadow.PreShadowResolutionFactor:1.0]]
[2020.01.22-20.41.27:758][  0]LogConfig: Setting CVar [[r.DistanceFieldShadowing:1]]
[2020.01.22-20.41.27:758][  0]LogConfig: Setting CVar [[r.DistanceFieldAO:1]]
[2020.01.22-20.41.27:758][  0]LogConfig: Setting CVar [[r.AOQuality:2]]
[2020.01.22-20.41.27:758][  0]LogConfig: Setting CVar [[r.VolumetricFog:1]]
[2020.01.22-20.41.27:758][  0]LogConfig: Setting CVar [[r.VolumetricFog.GridPixelSize:8]]
[2020.01.22-20.41.27:758][  0]LogConfig: Setting CVar [[r.VolumetricFog.GridSizeZ:128]]
[2020.01.22-20.41.27:758][  0]LogConfig: Setting CVar [[r.VolumetricFog.HistoryMissSupersampleCount:4]]
[2020.01.22-20.41.27:758][  0]LogConfig: Setting CVar [[r.LightMaxDrawDistanceScale:1]]
[2020.01.22-20.41.27:758][  0]LogConfig: Setting CVar [[r.CapsuleShadows:1]]
[2020.01.22-20.41.27:759][  0]LogConfig: Applying CVar settings from Section [PostProcessQuality@3] File [C:/Users/emily/Documents/Unreal Projects/RollerCoaster/Saved/Config/Windows/Scalability.ini]
[2020.01.22-20.41.27:759][  0]LogConfig: Setting CVar [[r.MotionBlurQuality:0]]
[2020.01.22-20.41.27:759][  0]LogConfig: Setting CVar [[r.AmbientOcclusionMipLevelFactor:0.4]]
[2020.01.22-20.41.27:759][  0]LogConfig: Setting CVar [[r.AmbientOcclusionMaxQuality:100]]
[2020.01.22-20.41.27:759][  0]LogConfig: Setting CVar [[r.AmbientOcclusionLevels:0]]
[2020.01.22-20.41.27:759][  0]LogConfig: Setting CVar [[r.AmbientOcclusionRadiusScale:1.0]]
[2020.01.22-20.41.27:759][  0]LogConfig: Setting CVar [[r.DepthOfFieldQuality:0]]
[2020.01.22-20.41.27:759][  0]LogConfig: Setting CVar [[r.RenderTargetPoolMin:400]]
[2020.01.22-20.41.27:759][  0]LogConfig: Setting CVar [[r.LensFlareQuality:0]]
[2020.01.22-20.41.27:759][  0]LogConfig: Setting CVar [[r.SceneColorFringeQuality:0]]
[2020.01.22-20.41.27:759][  0]LogConfig: Setting CVar [[r.EyeAdaptationQuality:2]]
[2020.01.22-20.41.27:759][  0]LogConfig: Setting CVar [[r.BloomQuality:1]]
[2020.01.22-20.41.27:759][  0]LogConfig: Setting CVar [[r.FastBlurThreshold:0]]
[2020.01.22-20.41.27:759][  0]LogConfig: Setting CVar [[r.Upscale.Quality:3]]
[2020.01.22-20.41.27:759][  0]LogConfig: Setting CVar [[r.Tonemapper.GrainQuantization:1]]
[2020.01.22-20.41.27:759][  0]LogConfig: Setting CVar [[r.LightShaftQuality:1]]
[2020.01.22-20.41.27:759][  0]LogConfig: Setting CVar [[r.Filter.SizeScale:1]]
[2020.01.22-20.41.27:759][  0]LogConfig: Setting CVar [[r.Tonemapper.Quality:5]]
[2020.01.22-20.41.27:759][  0]LogConfig: Setting CVar [[r.DOF.Gather.AccumulatorQuality:1        ; higher gathering accumulator quality]]
[2020.01.22-20.41.27:759][  0]LogConfig: Setting CVar [[r.DOF.Gather.PostfilterMethod:1          ; Median3x3 postfilering method]]
[2020.01.22-20.41.27:760][  0]LogConfig: Setting CVar [[r.DOF.Gather.EnableBokehSettings:0       ; no bokeh simulation when gathering]]
[2020.01.22-20.41.27:760][  0]LogConfig: Setting CVar [[r.DOF.Gather.RingCount:4                 ; medium number of samples when gathering]]
[2020.01.22-20.41.27:760][  0]LogConfig: Setting CVar [[r.DOF.Scatter.ForegroundCompositing:1    ; additive foreground scattering]]
[2020.01.22-20.41.27:760][  0]LogConfig: Setting CVar [[r.DOF.Scatter.BackgroundCompositing:2    ; additive background scattering]]
[2020.01.22-20.41.27:760][  0]LogConfig: Setting CVar [[r.DOF.Scatter.EnableBokehSettings:1      ; bokeh simulation when scattering]]
[2020.01.22-20.41.27:760][  0]LogConfig: Setting CVar [[r.DOF.Scatter.MaxSpriteRatio:0.1         ; only a maximum of 10% of scattered bokeh]]
[2020.01.22-20.41.27:760][  0]LogConfig: Setting CVar [[r.DOF.Recombine.Quality:1                ; cheap slight out of focus]]
[2020.01.22-20.41.27:760][  0]LogConfig: Setting CVar [[r.DOF.Recombine.EnableBokehSettings:0    ; no bokeh simulation on slight out of focus]]
[2020.01.22-20.41.27:760][  0]LogConfig: Setting CVar [[r.DOF.TemporalAAQuality:1                ; more stable temporal accumulation]]
[2020.01.22-20.41.27:760][  0]LogConfig: Setting CVar [[r.DOF.Kernel.MaxForegroundRadius:0.025]]
[2020.01.22-20.41.27:760][  0]LogConfig: Setting CVar [[r.DOF.Kernel.MaxBackgroundRadius:0.025]]
[2020.01.22-20.41.27:760][  0]LogConfig: Applying CVar settings from Section [TextureQuality@3] File [C:/Users/emily/Documents/Unreal Projects/RollerCoaster/Saved/Config/Windows/Scalability.ini]
[2020.01.22-20.41.27:760][  0]LogConfig: Setting CVar [[r.Streaming.MipBias:0]]
[2020.01.22-20.41.27:760][  0]LogConfig: Setting CVar [[r.Streaming.AmortizeCPUToGPUCopy:0]]
[2020.01.22-20.41.27:760][  0]LogConfig: Setting CVar [[r.Streaming.MaxNumTexturesToStreamPerFrame:0]]
[2020.01.22-20.41.27:760][  0]LogConfig: Setting CVar [[r.Streaming.Boost:1]]
[2020.01.22-20.41.27:760][  0]LogConfig: Setting CVar [[r.MaxAnisotropy:8]]
[2020.01.22-20.41.27:760][  0]LogConfig: Setting CVar [[r.Streaming.LimitPoolSizeToVRAM:0]]
[2020.01.22-20.41.27:760][  0]LogConfig: Setting CVar [[r.Streaming.PoolSize:1000]]
[2020.01.22-20.41.27:760][  0]LogConfig: Setting CVar [[r.Streaming.MaxEffectiveScreenSize:0]]
[2020.01.22-20.41.27:760][  0]LogConfig: Applying CVar settings from Section [EffectsQuality@3] File [C:/Users/emily/Documents/Unreal Projects/RollerCoaster/Saved/Config/Windows/Scalability.ini]
[2020.01.22-20.41.27:761][  0]LogConfig: Setting CVar [[r.TranslucencyLightingVolumeDim:4]]
[2020.01.22-20.41.27:761][  0]LogConfig: Setting CVar [[r.RefractionQuality:2]]
[2020.01.22-20.41.27:761][  0]LogConfig: Setting CVar [[r.SSR.Quality:0]]
[2020.01.22-20.41.27:761][  0]LogConfig: Setting CVar [[r.SceneColorFormat:2]]
[2020.01.22-20.41.27:761][  0]LogConfig: Setting CVar [[r.DetailMode:2]]
[2020.01.22-20.41.27:761][  0]LogConfig: Setting CVar [[r.TranslucencyVolumeBlur:0]]
[2020.01.22-20.41.27:761][  0]LogConfig: Setting CVar [[r.MaterialQualityLevel:1 ; High quality]]
[2020.01.22-20.41.27:761][  0]LogConfig: Setting CVar [[r.SSS.Scale:1]]
[2020.01.22-20.41.27:761][  0]LogConfig: Setting CVar [[r.SSS.SampleSet:2]]
[2020.01.22-20.41.27:761][  0]LogConfig: Setting CVar [[r.SSS.Quality:1]]
[2020.01.22-20.41.27:761][  0]LogConfig: Setting CVar [[r.SSS.HalfRes:1]]
[2020.01.22-20.41.27:761][  0]LogConfig: Setting CVar [[r.EmitterSpawnRateScale:1.0]]
[2020.01.22-20.41.27:761][  0]LogConfig: Setting CVar [[r.ParticleLightQuality:2]]
[2020.01.22-20.41.27:761][  0]LogConfig: Applying CVar settings from Section [FoliageQuality@3] File [C:/Users/emily/Documents/Unreal Projects/RollerCoaster/Saved/Config/Windows/Scalability.ini]
[2020.01.22-20.41.27:761][  0]LogConfig: Setting CVar [[foliage.DensityScale:1.0]]
[2020.01.22-20.41.27:761][  0]LogConfig: Setting CVar [[grass.DensityScale:1.0]]
[2020.01.22-20.41.27:761][  0]LogConfig: Applying CVar settings from Section [Startup] File [../../../Engine/Config/ConsoleVariables.ini]
[2020.01.22-20.41.27:761][  0]LogConfig: Setting CVar [[net.UseAdaptiveNetUpdateFrequency:0]]
[2020.01.22-20.41.27:761][  0]LogConfig: Setting CVar [[p.chaos.AllowCreatePhysxBodies:1]]
[2020.01.22-20.41.27:761][  0]LogConfig: Applying CVar settings from Section [ConsoleVariables] File [C:/Users/emily/Documents/Unreal Projects/RollerCoaster/Saved/Config/Windows/Engine.ini]
[2020.01.22-20.41.27:762][  0]LogInit: Computer: DESKTOP-M5MOGRD
[2020.01.22-20.41.27:762][  0]LogInit: User: emily
[2020.01.22-20.41.27:762][  0]LogInit: CPU Page size=4096, Cores=4
[2020.01.22-20.41.27:762][  0]LogInit: High frequency timer resolution =10.000000 MHz
[2020.01.22-20.41.27:762][  0]LogMemory: Memory total: Physical=7.9GB (8GB approx)
[2020.01.22-20.41.27:762][  0]LogMemory: Platform Memory Stats for Windows
[2020.01.22-20.41.27:762][  0]LogMemory: Process Physical Memory: 100.43 MB used, 100.44 MB peak
[2020.01.22-20.41.27:762][  0]LogMemory: Process Virtual Memory: 88.61 MB used, 88.61 MB peak
[2020.01.22-20.41.27:762][  0]LogMemory: Physical Memory: 4785.05 MB used,  3332.01 MB free, 8117.06 MB total
[2020.01.22-20.41.27:762][  0]LogMemory: Virtual Memory: 4656.44 MB used,  134213072.00 MB free, 134217728.00 MB total
[2020.01.22-20.41.27:767][  0]LogWindows: WindowsPlatformFeatures enabled
[2020.01.22-20.41.27:810][  0]LogInit: Using OS detected language (en-US).
[2020.01.22-20.41.27:811][  0]LogInit: Using OS detected locale (en-US).
[2020.01.22-20.41.27:812][  0]LogTextLocalizationManager: No specific localization for 'en-US' exists, so the 'en' localization will be used.
[2020.01.22-20.41.28:187][  0]LogInit: Setting process to per monitor DPI aware
[2020.01.22-20.41.28:254][  0]LogSlate: New Slate User Created.  User Index 0, Is Virtual User: 0
[2020.01.22-20.41.28:254][  0]LogSlate: Slate User Registered.  User Index 0, Is Virtual User: 0
[2020.01.22-20.41.28:679][  0]LogHMD: Failed to initialize OpenVR with code 110
[2020.01.22-20.41.28:679][  0]LogD3D11RHI: D3D11 adapters:
[2020.01.22-20.41.28:834][  0]LogD3D11RHI:    0. 'Intel(R) UHD Graphics 620' (Feature Level 11_0)
[2020.01.22-20.41.28:834][  0]LogD3D11RHI:       128/0/4058 MB DedicatedVideo/DedicatedSystem/SharedSystem, Outputs:1, VendorId:0x8086
[2020.01.22-20.41.28:841][  0]LogD3D11RHI:    1. 'Microsoft Basic Render Driver' (Feature Level 11_0)
[2020.01.22-20.41.28:841][  0]LogD3D11RHI:       0/0/4058 MB DedicatedVideo/DedicatedSystem/SharedSystem, Outputs:0, VendorId:0x1414
[2020.01.22-20.41.28:841][  0]LogD3D11RHI: Chosen D3D11 Adapter: 0
[2020.01.22-20.41.28:855][  0]LogD3D11RHI: Creating new Direct3DDevice
[2020.01.22-20.41.28:855][  0]LogD3D11RHI:     GPU DeviceId: 0x5917 (for the marketing name, search the web for "GPU Device Id")
[2020.01.22-20.41.28:855][  0]LogWindows: EnumDisplayDevices:
[2020.01.22-20.41.28:855][  0]LogWindows:    0. 'Intel(R) UHD Graphics 620' (P:1 D:1)
[2020.01.22-20.41.28:856][  0]LogWindows:    1. 'Intel(R) UHD Graphics 620' (P:0 D:0)
[2020.01.22-20.41.28:857][  0]LogWindows:    2. 'Intel(R) UHD Graphics 620' (P:0 D:0)
[2020.01.22-20.41.28:857][  0]LogWindows: DebugString: FoundDriverCount:3 
[2020.01.22-20.41.28:857][  0]LogD3D11RHI:     Adapter Name: Intel(R) UHD Graphics 620
[2020.01.22-20.41.28:857][  0]LogD3D11RHI:   Driver Version: 25.20.100.6471 (internal:25.20.100.6471, unified:25.20.100.6471)
[2020.01.22-20.41.28:857][  0]LogD3D11RHI:      Driver Date: 12-28-2018
[2020.01.22-20.41.28:858][  0]LogRHI: Texture pool is 1510 MB (70% of 2157 MB)
[2020.01.22-20.41.29:018][  0]LogD3D11RHI: [IntelMetricsDiscovery] Started
[2020.01.22-20.41.29:018][  0]LogD3D11RHI: Async texture creation enabled
[2020.01.22-20.41.29:031][  0]LogD3D11RHI: GPU Timing Frequency: 12.000048 (Debug: 2 0)
[2020.01.22-20.41.29:871][  0]LogTemp: Display: Module 'AllDesktopTargetPlatform' loaded TargetPlatform 'AllDesktop'
[2020.01.22-20.41.29:885][  0]LogTemp: Display: Module 'MacClientTargetPlatform' loaded TargetPlatform 'MacClient'
[2020.01.22-20.41.29:901][  0]LogTemp: Display: Module 'MacNoEditorTargetPlatform' loaded TargetPlatform 'MacNoEditor'
[2020.01.22-20.41.29:919][  0]LogTemp: Display: Module 'MacServerTargetPlatform' loaded TargetPlatform 'MacServer'
[2020.01.22-20.41.29:940][  0]LogTemp: Display: Module 'MacTargetPlatform' loaded TargetPlatform 'Mac'
[2020.01.22-20.41.29:955][  0]LogTemp: Display: Module 'WindowsClientTargetPlatform' loaded TargetPlatform 'WindowsClient'
[2020.01.22-20.41.29:973][  0]LogTemp: Display: Module 'WindowsNoEditorTargetPlatform' loaded TargetPlatform 'WindowsNoEditor'
[2020.01.22-20.41.29:986][  0]LogTemp: Display: Module 'WindowsServerTargetPlatform' loaded TargetPlatform 'WindowsServer'
[2020.01.22-20.41.29:992][  0]LogTemp: Display: Module 'WindowsTargetPlatform' loaded TargetPlatform 'Windows'
[2020.01.22-20.41.30:059][  0]LogTemp: Display: Module 'AndroidTargetPlatform' loaded TargetPlatform 'Android'
[2020.01.22-20.41.30:059][  0]LogTemp: Display: Module 'AndroidTargetPlatform' loaded TargetPlatform 'Android_ASTC'
[2020.01.22-20.41.30:059][  0]LogTemp: Display: Module 'AndroidTargetPlatform' loaded TargetPlatform 'Android_ATC'
[2020.01.22-20.41.30:059][  0]LogTemp: Display: Module 'AndroidTargetPlatform' loaded TargetPlatform 'Android_DXT'
[2020.01.22-20.41.30:059][  0]LogTemp: Display: Module 'AndroidTargetPlatform' loaded TargetPlatform 'Android_ETC1'
[2020.01.22-20.41.30:059][  0]LogTemp: Display: Module 'AndroidTargetPlatform' loaded TargetPlatform 'Android_ETC1a'
[2020.01.22-20.41.30:059][  0]LogTemp: Display: Module 'AndroidTargetPlatform' loaded TargetPlatform 'Android_ETC2'
[2020.01.22-20.41.30:059][  0]LogTemp: Display: Module 'AndroidTargetPlatform' loaded TargetPlatform 'Android_PVRTC'
[2020.01.22-20.41.30:059][  0]LogTemp: Display: Module 'AndroidTargetPlatform' loaded TargetPlatform 'AndroidClient'
[2020.01.22-20.41.30:059][  0]LogTemp: Display: Module 'AndroidTargetPlatform' loaded TargetPlatform 'Android_ASTCClient'
[2020.01.22-20.41.30:059][  0]LogTemp: Display: Module 'AndroidTargetPlatform' loaded TargetPlatform 'Android_ATCClient'
[2020.01.22-20.41.30:059][  0]LogTemp: Display: Module 'AndroidTargetPlatform' loaded TargetPlatform 'Android_DXTClient'
[2020.01.22-20.41.30:059][  0]LogTemp: Display: Module 'AndroidTargetPlatform' loaded TargetPlatform 'Android_ETC1Client'
[2020.01.22-20.41.30:059][  0]LogTemp: Display: Module 'AndroidTargetPlatform' loaded TargetPlatform 'Android_ETC1aClient'
[2020.01.22-20.41.30:059][  0]LogTemp: Display: Module 'AndroidTargetPlatform' loaded TargetPlatform 'Android_ETC2Client'
[2020.01.22-20.41.30:059][  0]LogTemp: Display: Module 'AndroidTargetPlatform' loaded TargetPlatform 'Android_PVRTCClient'
[2020.01.22-20.41.30:060][  0]LogTemp: Display: Module 'AndroidTargetPlatform' loaded TargetPlatform 'Android_Multi'
[2020.01.22-20.41.30:060][  0]LogTemp: Display: Module 'AndroidTargetPlatform' loaded TargetPlatform 'Android_MultiClient'
[2020.01.22-20.41.30:062][  0]LogTemp: Display: Module 'HTML5TargetPlatform' loaded TargetPlatform 'HTML5'
[2020.01.22-20.41.30:093][  0]LogTemp: Display: Module 'IOSTargetPlatform' loaded TargetPlatform 'IOSClient'
[2020.01.22-20.41.30:094][  0]LogTemp: Display: Module 'IOSTargetPlatform' loaded TargetPlatform 'IOS'
[2020.01.22-20.41.30:117][  0]LogTemp: Display: Module 'TVOSTargetPlatform' loaded TargetPlatform 'TVOSClient'
[2020.01.22-20.41.30:117][  0]LogTemp: Display: Module 'TVOSTargetPlatform' loaded TargetPlatform 'TVOS'
[2020.01.22-20.41.30:129][  0]LogTemp: Display: Module 'LinuxClientTargetPlatform' loaded TargetPlatform 'LinuxClient'
[2020.01.22-20.41.30:141][  0]LogTemp: Display: Module 'LinuxNoEditorTargetPlatform' loaded TargetPlatform 'LinuxNoEditor'
[2020.01.22-20.41.30:152][  0]LogTemp: Display: Module 'LinuxServerTargetPlatform' loaded TargetPlatform 'LinuxServer'
[2020.01.22-20.41.30:167][  0]LogTemp: Display: Module 'LinuxTargetPlatform' loaded TargetPlatform 'Linux'
[2020.01.22-20.41.30:209][  0]LogTemp: Display: Module 'LuminTargetPlatform' loaded TargetPlatform 'Lumin'
[2020.01.22-20.41.30:209][  0]LogTemp: Display: Module 'LuminTargetPlatform' loaded TargetPlatform 'LuminClient'
[2020.01.22-20.41.30:210][  0]LogTargetPlatformManager: Display: Building Assets For Windows
[2020.01.22-20.41.30:223][  0]LogAudioDebug: Display: Lib vorbis DLL was dynamically loaded.
[2020.01.22-20.41.30:314][  0]LogShaderCompilers: Guid format shader working directory is -24 characters bigger than the processId version (../../../../../../Users/emily/Documents/Unreal Projects/RollerCoaster/Intermediate/Shaders/WorkingDirectory/16324/).
[2020.01.22-20.41.30:314][  0]LogShaderCompilers: Cleaned the shader compiler working directory 'C:/Users/emily/AppData/Local/Temp/UnrealShaderWorkingDir/4A45B4D9469F180E778F9EB3D51D8B9D/'.
[2020.01.22-20.41.30:318][  0]LogXGEController: Cannot use XGE Controller as Incredibuild is not installed on this machine.
[2020.01.22-20.41.30:319][  0]LogShaderCompilers: Cannot use XGE Shader Compiler as Incredibuild is not installed on this machine.
[2020.01.22-20.41.30:319][  0]LogShaderCompilers: Display: Using Local Shader Compiler.
[2020.01.22-20.41.31:268][  0]LogDerivedDataCache: Display: Max Cache Size: 512 MB
[2020.01.22-20.41.31:357][  0]LogDerivedDataCache: Loaded boot cache 0.09s 90MB C:/Users/emily/AppData/Local/UnrealEngine/4.23/DerivedDataCache/Boot.ddc.
[2020.01.22-20.41.31:357][  0]LogDerivedDataCache: Display: Loaded Boot cache: C:/Users/emily/AppData/Local/UnrealEngine/4.23/DerivedDataCache/Boot.ddc
[2020.01.22-20.41.31:358][  0]LogDerivedDataCache: FDerivedDataBackendGraph:  Pak pak cache file ../../../../../../Users/emily/Documents/Unreal Projects/RollerCoaster/DerivedDataCache/DDC.ddp not found, will not use a pak cache.
[2020.01.22-20.41.31:358][  0]LogDerivedDataCache: Unable to find inner node Pak for hierarchical cache Hierarchy.
[2020.01.22-20.41.31:358][  0]LogDerivedDataCache: FDerivedDataBackendGraph:  CompressedPak pak cache file ../../../../../../Users/emily/Documents/Unreal Projects/RollerCoaster/DerivedDataCache/Compressed.ddp not found, will not use a pak cache.
[2020.01.22-20.41.31:358][  0]LogDerivedDataCache: Unable to find inner node CompressedPak for hierarchical cache Hierarchy.
[2020.01.22-20.41.31:374][  0]LogDerivedDataCache: Display: Pak cache opened for reading ../../../Engine/DerivedDataCache/Compressed.ddp.
[2020.01.22-20.41.31:374][  0]LogDerivedDataCache: FDerivedDataBackendGraph:  EnterprisePak pak cache file ../../../Enterprise/DerivedDataCache/Compressed.ddp not found, will not use a pak cache.
[2020.01.22-20.41.31:374][  0]LogDerivedDataCache: Unable to find inner node EnterprisePak for hierarchical cache Hierarchy.
[2020.01.22-20.41.31:376][  0]LogDerivedDataCache: Using Local data cache path C:/Users/emily/AppData/Local/UnrealEngine/Common/DerivedDataCache: Writable
[2020.01.22-20.41.31:376][  0]LogDerivedDataCache: Shared data cache path not found in *engine.ini, will not use an Shared cache.
[2020.01.22-20.41.31:376][  0]LogDerivedDataCache: Unable to find inner node Shared for hierarchical cache Hierarchy.
[2020.01.22-20.41.31:428][  0]LogMaterial: Verifying Global Shaders for PCD3D_SM5
[2020.01.22-20.41.31:435][  0]LogSlate: Using FreeType 2.6.0
[2020.01.22-20.41.31:436][  0]LogSlate: SlateFontServices - WITH_FREETYPE: 1, WITH_HARFBUZZ: 1
[2020.01.22-20.41.31:536][  0]LogAssetRegistry: FAssetRegistry took 0.0051 seconds to start up
[2020.01.22-20.41.32:009][  0]LogInit: Selected Device Profile: [Windows]
[2020.01.22-20.41.32:287][  0]LogMeshReduction: Using QuadricMeshReduction for automatic static mesh reduction
[2020.01.22-20.41.32:287][  0]LogMeshReduction: Using SimplygonMeshReduction for automatic skeletal mesh reduction
[2020.01.22-20.41.32:287][  0]LogMeshReduction: Using ProxyLODMeshReduction for automatic mesh merging
[2020.01.22-20.41.32:287][  0]LogMeshReduction: No distributed automatic mesh merging module available
[2020.01.22-20.41.32:287][  0]LogMeshMerging: No distributed automatic mesh merging module available
[2020.01.22-20.41.32:304][  0]LogNetVersion: RollerCoaster 1.0.0, NetCL: 8386587, EngineNetVer: 11, GameNetVer: 0 (Checksum: 1695572160)
[2020.01.22-20.41.32:975][  0]LogPackageLocalizationCache: Processed 12 localized package path(s) for 1 prioritized culture(s) in 0.087342 seconds
[2020.01.22-20.41.32:984][  0]LogUObjectArray: 43444 objects as part of root set at end of initial load.
[2020.01.22-20.41.32:985][  0]LogUObjectAllocator: 7548648 out of 0 bytes used by permanent object pool.
[2020.01.22-20.41.32:985][  0]LogUObjectArray: CloseDisregardForGC: 0/0 objects in disregard for GC pool
[2020.01.22-20.41.34:403][  0]LogTcpMessaging: Initializing TcpMessaging bridge
[2020.01.22-20.41.34:407][  0]LogUdpMessaging: Initializing bridge on interface 0.0.0.0:0 to multicast group 230.0.0.1:6666.
[2020.01.22-20.41.34:488][  0]SourceControl: Source control is disabled
[2020.01.22-20.41.34:489][  0]SourceControl: Source control is disabled
[2020.01.22-20.41.34:491][  0]SourceControl: Source control is disabled
[2020.01.22-20.41.34:492][  0]SourceControl: Source control is disabled
[2020.01.22-20.41.34:643][  0]LogAndroidPermission: UAndroidPermissionCallbackProxy::GetInstance
[2020.01.22-20.41.34:838][  0]LogOcInput: OculusInput pre-init called
[2020.01.22-20.41.34:851][  0]LogWindows: Failed to load 'OVRPlugin.dll' (GetLastError=126)
[2020.01.22-20.41.34:851][  0]LogWindows: File 'OVRPlugin.dll' does not exist
[2020.01.22-20.41.34:974][  0]LogEngine: Initializing Engine...
[2020.01.22-20.41.34:975][  0]LogHMD: Failed to initialize OpenVR with code 110
[2020.01.22-20.41.34:977][  0]LogStats: UGameplayTagsManager::InitializeManager -  0.000 s
[2020.01.22-20.41.35:364][  0]LogInit: Initializing FReadOnlyCVARCache
[2020.01.22-20.41.35:397][  0]LogAIModule: Creating AISystem for world Untitled
[2020.01.22-20.41.35:421][  0]LogInit: XAudio2 using 'Headphones (Realtek High Definition Audio(SST))' : 2 channels at 48 kHz using 32 bits per sample (channel mask 0x3)
[2020.01.22-20.41.36:059][  0]LogInit: FAudioDevice initialized.
[2020.01.22-20.41.36:059][  0]LogNetVersion: Set ProjectVersion to 1.0.0.0. Version Checksum will be recalculated on next use.
[2020.01.22-20.41.36:146][  0]LogDerivedDataCache: Saved boot cache 0.09s 90MB C:/Users/emily/AppData/Local/UnrealEngine/4.23/DerivedDataCache/Boot.ddc.
[2020.01.22-20.41.36:160][  0]LogInit: Texture streaming: Enabled
[2020.01.22-20.41.36:190][  0]LogEngineSessionManager: EngineSessionManager initialized
[2020.01.22-20.41.36:190][  0]LogEngineSessionManager: EngineSessionManager sent abnormal shutdown report. Type=AbnormalShutdown, SessionId={1F7BA3D1-4574-F1D1-520C-20A1D6CE80CD}
[2020.01.22-20.41.36:190][  0]LogEditorSessionSummary: Verbose: Initializing EditorSessionSummaryWriter for editor session tracking
[2020.01.22-20.41.36:191][  0]LogEditorSessionSummary: EditorSessionSummaryWriter initialized
[2020.01.22-20.41.36:297][  0]LogInit: Transaction tracking system initialized
[2020.01.22-20.41.36:363][  0]BlueprintLog: New page: Editor Load
[2020.01.22-20.41.36:513][  0]LocalizationService: Localization service is disabled
[2020.01.22-20.41.36:960][  0]LogFileCache: Scanning file cache for directory 'C:/Users/emily/Documents/Unreal Projects/RollerCoaster/Content/' took 0.01s
[2020.01.22-20.41.36:960][  0]LogCook: Display: Max memory allowance for cook 16384mb min free memory 0mb
[2020.01.22-20.41.36:961][  0]LogCook: Display: Mobile HDR setting 1
[2020.01.22-20.41.37:289][  0]SourceControl: Source control is disabled
[2020.01.22-20.41.37:290][  0]Cmd: MAP LOAD FILE="../../../../../../Users/emily/Documents/Unreal Projects/RollerCoaster/Content/VirtualRealityBP/Maps/StartupMap.umap" TEMPLATE=0 SHOWPROGRESS=1 FEATURELEVEL=3
[2020.01.22-20.41.37:290][  0]LightingResults: New page: Lighting Build
[2020.01.22-20.41.37:294][  0]LogWorld: UWorld::CleanupWorld for Untitled, bSessionEnded=true, bCleanupResources=true
[2020.01.22-20.41.37:294][  0]MapCheck: New page: Map Check
[2020.01.22-20.41.37:294][  0]LightingResults: New page: Lighting Build
[2020.01.22-20.41.37:327][  0]LogUObjectHash: Compacting FUObjectHashTables data took   2.18ms
[2020.01.22-20.41.37:455][  0]LogAIModule: Creating AISystem for world StartupMap
[2020.01.22-20.41.37:464][  0]LogEditorServer: Finished looking for orphan Actors (0.000 secs)
[2020.01.22-20.41.37:499][  0]LogUObjectHash: Compacting FUObjectHashTables data took   2.30ms
[2020.01.22-20.41.37:499][  0]Cmd: MAP CHECKDEP NOCLEARLOG
[2020.01.22-20.41.37:499][  0]MapCheck: Map check complete: 0 Error(s), 0 Warning(s), took 0.307ms to complete.
[2020.01.22-20.41.37:500][  0]LogFileHelpers: Loading map 'StartupMap' took 0.210
[2020.01.22-20.41.37:648][  0]LogSlate: Updating window title bar state: overlay mode, drag disabled, window buttons hidden, title bar hidden
[2020.01.22-20.41.37:659][  0]LogSlate: Updating window title bar state: overlay mode, drag disabled, window buttons hidden, title bar hidden
[2020.01.22-20.41.37:671][  0]LogSlate: Updating window title bar state: overlay mode, drag disabled, window buttons hidden, title bar hidden
[2020.01.22-20.41.37:683][  0]LogSlate: Updating window title bar state: overlay mode, drag disabled, window buttons hidden, title bar hidden
[2020.01.22-20.41.37:693][  0]LogCollectionManager: Loaded 0 collections in 0.002999 seconds
[2020.01.22-20.41.37:706][  0]LogFileCache: Scanning file cache for directory 'C:/Users/emily/Documents/Unreal Projects/RollerCoaster/Saved/Collections/' took 0.00s
[2020.01.22-20.41.37:706][  0]LogFileCache: Scanning file cache for directory 'C:/Users/emily/Documents/Unreal Projects/RollerCoaster/Content/Developers/emily/Collections/' took 0.00s
[2020.01.22-20.41.37:706][  0]LogFileCache: Scanning file cache for directory 'C:/Users/emily/Documents/Unreal Projects/RollerCoaster/Content/Collections/' took 0.00s
[2020.01.22-20.41.37:706][  0]LogCollectionManager: Rebuilt the GUID cache for 0 collections in 0.000002 seconds
[2020.01.22-20.41.37:718][  0]LogContentBrowser: Native class hierarchy populated in 0.0125 seconds. Added 2863 classes and 680 folders.
[2020.01.22-20.41.37:732][  0]LogContentBrowser: Native class hierarchy updated for 'WidgetCarousel' in 0.0004 seconds. Added 0 classes and 0 folders.
[2020.01.22-20.41.37:802][  0]LogContentBrowser: Native class hierarchy updated for 'AddContentDialog' in 0.0003 seconds. Added 0 classes and 0 folders.
[2020.01.22-20.41.37:812][  0]LogContentBrowser: Native class hierarchy updated for 'SceneOutliner' in 0.0003 seconds. Added 1 classes and 2 folders.
[2020.01.22-20.41.37:832][  0]LogSlate: Took 0.000271 seconds to synchronously load lazily loaded font '../../../Engine/Content/Slate/Fonts/Roboto-Regular.ttf' (155K)
[2020.01.22-20.41.37:836][  0]LogSlate: Took 0.000288 seconds to synchronously load lazily loaded font '../../../Engine/Content/Slate/Fonts/Roboto-Bold.ttf' (160K)
[2020.01.22-20.41.37:848][  0]LogSlate: Took 0.000313 seconds to synchronously load lazily loaded font '../../../Engine/Content/Editor/Slate/Fonts/FontAwesome.ttf' (139K)
[2020.01.22-20.41.37:968][  0]LogRenderer: Reallocating scene render targets to support 644x524 Format 26 NumSamples 1 (Frame:1).
[2020.01.22-20.41.38:147][  0]LogContentBrowser: Native class hierarchy updated for 'HierarchicalLODOutliner' in 0.0004 seconds. Added 0 classes and 0 folders.
[2020.01.22-20.41.38:147][  0]LogLoad: (Engine Initialization) Total time: 13.25 seconds
[2020.01.22-20.41.38:147][  0]LogLoad: (Engine Initialization) Total Blueprint compile time: 0.00 seconds
[2020.01.22-20.41.38:229][  0]LogContentStreaming: Texture pool size now 1000 MB
[2020.01.22-20.41.38:526][  2]LogAssetRegistry: Asset discovery search completed in 6.9914 seconds
[2020.01.22-20.41.38:538][  2]LogCollectionManager: Rebuilt the object cache for 0 collections in 0.000009 seconds (found 0 objects)
[2020.01.22-20.41.38:538][  2]LogCollectionManager: Fixed up redirectors for 0 collections in 0.000125 seconds (updated 0 objects)
[2020.01.22-20.41.44:138][263]LogSlate: FSceneViewport::OnFocusLost() reason 0
[2020.01.22-20.41.46:364][365]LogSlate: Took 0.000673 seconds to synchronously load lazily loaded font '../../../Engine/Content/Slate/Fonts/Roboto-Light.ttf' (167K)
[2020.01.22-20.41.46:936][365]LogAIModule: Creating AISystem for world MotionControllerMap
[2020.01.22-20.41.46:976][365]LogAssetEditorManager: Opening Asset editor for World /Game/VirtualRealityBP/Maps/MotionControllerMap.MotionControllerMap
[2020.01.22-20.41.47:017][365]LogUObjectHash: Compacting FUObjectHashTables data took   3.80ms
[2020.01.22-20.41.47:019][365]Cmd: MAP LOAD FILE="../../../../../../Users/emily/Documents/Unreal Projects/RollerCoaster/Content/VirtualRealityBP/Maps/MotionControllerMap.umap" TEMPLATE=0 SHOWPROGRESS=1 FEATURELEVEL=3
[2020.01.22-20.41.47:019][365]LightingResults: New page: Lighting Build
[2020.01.22-20.41.47:020][365]LoadErrors: New page: Loading map: MotionControllerMap.umap
[2020.01.22-20.41.47:021][365]LogWorld: UWorld::CleanupWorld for StartupMap, bSessionEnded=true, bCleanupResources=true
[2020.01.22-20.41.47:023][365]MapCheck: New page: Map Check
[2020.01.22-20.41.47:023][365]LightingResults: New page: Lighting Build
[2020.01.22-20.41.47:057][365]LogUObjectHash: Compacting FUObjectHashTables data took   2.73ms
[2020.01.22-20.41.47:064][365]LogEditorServer: Finished looking for orphan Actors (0.000 secs)
[2020.01.22-20.41.47:148][365]LogUObjectHash: Compacting FUObjectHashTables data took   2.22ms
[2020.01.22-20.41.47:198][365]Cmd: MAP CHECKDEP NOCLEARLOG
[2020.01.22-20.41.47:201][365]MapCheck: Map check complete: 0 Error(s), 0 Warning(s), took 3.064ms to complete.
[2020.01.22-20.41.47:201][365]LogFileHelpers: Loading map 'MotionControllerMap' took 0.184
[2020.01.22-20.41.55:801][739]LogSlate: FSceneViewport::OnFocusLost() reason 0
[2020.01.22-20.42.08:078][342]Cmd: BRUSH ADD SELECTNEWBRUSH
[2020.01.22-20.42.09:364][406]Cmd: CAMERA ALIGN ACTIVEVIEWPORTONLY
[2020.01.22-20.42.53:134][263]LogEditorViewport: Clicking on Actor (LMB): BP_Sky_Sphere_C (SkySphereBlueprint)
[2020.01.22-20.43.03:553][685]LogSlate: FSceneViewport::OnFocusLost() reason 5
[2020.01.22-20.43.03:619][685]LogUObjectHash: Compacting FUObjectHashTables data took   3.03ms
[2020.01.22-20.43.03:927][685]LogSavePackage: Moving '../../../../../../Users/emily/Documents/Unreal Projects/RollerCoaster/Saved/MotionControllerMapFF7F4E5049D6816C2C6266B4402595E2.tmp' to '../../../../../../Users/emily/Documents/Unreal Projects/RollerCoaster/Content/VirtualRealityBP/Maps/MotionControllerMap.umap'
[2020.01.22-20.43.04:369][685]LogSavePackage: Moving '../../../../../../Users/emily/Documents/Unreal Projects/RollerCoaster/Saved/MotionControllerMap_BuiltDataA883AADE405FDD0B466C29BF09EBD27B.tmp' to '../../../../../../Users/emily/Documents/Unreal Projects/RollerCoaster/Content/VirtualRealityBP/Maps/MotionControllerMap_BuiltData.uasset'
[2020.01.22-20.43.05:280][724]LogSlate: FSceneViewport::OnFocusLost() reason 0
[2020.01.22-20.43.09:077][934]LogActorComponent: UnregisterComponent: (/Engine/Transient.SphereBrushComponent) Not registered. Aborting.
[2020.01.22-20.43.12:309][ 70]LogSlate: FSceneViewport::OnFocusLost() reason 0
[2020.01.22-20.43.29:519][723]LogSlate: FSceneViewport::OnFocusLost() reason 0
[2020.01.22-20.43.35:024][944]LogSlate: FSceneViewport::OnFocusLost() reason 0
[2020.01.22-20.44.07:348][297]LogSlate: FSceneViewport::OnFocusLost() reason 0
[2020.01.22-20.44.09:394][301]LogSlate: Window 'Extrude Coordinates Mode Warning' being destroyed
[2020.01.22-20.44.36:596][383]LogSlate: FSceneViewport::OnFocusLost() reason 0
[2020.01.22-20.45.03:928][406]Cmd: DELETE
[2020.01.22-20.45.03:930][406]LogGeometryMode: Warning: Unable to find 1 Poly(s) in new BSP
[2020.01.22-20.45.03:930][406]LogGeometryMode: Warning: Unable to resolve BoxBrush10 Brush in new BSP, see above
[2020.01.22-20.45.03:930][406]LogGeometryMode: Warning: Unable to find all previously selected geometry data, resetting selection
[2020.01.22-20.45.08:626][568]Cmd: TRANSACTION UNDO
[2020.01.22-20.45.08:627][568]LogEditorTransaction: Undo Modifier [Delete]
[2020.01.22-20.45.11:210][671]LogSlate: FSceneViewport::OnFocusLost() reason 0
[2020.01.22-20.45.11:279][675]LogGeometryMode: Warning: Unable to find 1 Poly(s) in new BSP
[2020.01.22-20.45.11:280][675]LogGeometryMode: Warning: Unable to resolve BoxBrush10 Brush in new BSP, see above
[2020.01.22-20.45.11:280][675]LogGeometryMode: Warning: Unable to find all previously selected geometry data, resetting selection
[2020.01.22-20.45.15:813][836]LogSlate: FSceneViewport::OnFocusLost() reason 0
[2020.01.22-20.45.17:575][908]Cmd: DELETE
[2020.01.22-20.45.17:576][908]Cmd: ACTOR DELETE
[2020.01.22-20.45.17:589][908]LogEditorActor: Deleted Actor: Brush
[2020.01.22-20.45.17:642][908]LogUObjectHash: Compacting FUObjectHashTables data took   3.59ms
[2020.01.22-20.45.17:662][908]LogEditorActor: Deleted 1 Actors (0.085 secs)
[2020.01.22-20.45.26:433][334]LogSlate: FSceneViewport::OnFocusLost() reason 0
[2020.01.22-20.45.38:409][849]LogEditorViewport: Clicking on Actor (LMB): StaticMeshActor (EditorCube11)
[2020.01.22-20.45.40:023][905]Cmd: CAMERA ALIGN ACTIVEVIEWPORTONLY
[2020.01.22-20.45.48:096][210]LogSlate: FSceneViewport::OnFocusLost() reason 0
[2020.01.22-20.45.52:957][372]LogActorFactory: Actor Factory created Wall_Window_400x300
[2020.01.22-20.45.56:872][501]LogActorFactory: Actor Factory created Wall_Window_400x300
[2020.01.22-20.46.08:954][948]Cmd: DELETE
[2020.01.22-20.46.08:954][948]Cmd: ACTOR DELETE
[2020.01.22-20.46.08:964][948]LogEditorActor: Deleted Actor: StaticMeshActor
[2020.01.22-20.46.09:025][948]LogUObjectHash: Compacting FUObjectHashTables data took   4.38ms
[2020.01.22-20.46.09:026][948]LogEditorActor: Deleted 1 Actors (0.072 secs)
[2020.01.22-20.46.10:245][999]LogSlate: FSceneViewport::OnFocusLost() reason 0
[2020.01.22-20.46.24:013][571]LogMaterial: Display: Missing cached shader map for material Material_0, compiling. 
[2020.01.22-20.46.24:014][571]LogMaterial: Warning: /Engine/Transient.Material_0 (no disk path found): Failed to compile Material for platform PCD3D_SM5, Default Material will be used in game.
[2020.01.22-20.46.24:014][571]LogMaterial: Display: 	Only transparent or postprocess materials can read from scene depth.
[2020.01.22-20.46.29:131][687]LogActorFactory: Actor Factory created SM_FatCylinder
[2020.01.22-20.46.31:091][769]LogActorFactory: Actor Factory created SM_FatCylinder
[2020.01.22-20.46.51:443][545]LogEditorViewport: Clicking on Actor (LMB): BP_Sky_Sphere_C (SkySphereBlueprint)
[2020.01.22-20.47.19:438][618]LogEditorViewport: Clicking on Actor (LMB): StaticMeshActor (SM_FatCylinder)
[2020.01.22-20.47.24:693][786]LogSlate: FSceneViewport::OnFocusLost() reason 2
[2020.01.22-20.47.26:345][866]LogTemp: Repeating last play command: Simulate
[2020.01.22-20.47.26:388][866]LogBlueprintUserMessages: Early PlayInEditor Detection: Level '/Game/VirtualRealityBP/Maps/MotionControllerMap.MotionControllerMap:PersistentLevel' has LevelScriptBlueprint '/Game/VirtualRealityBP/Maps/MotionControllerMap.MotionControllerMap:PersistentLevel.MotionControllerMap' with GeneratedClass '/Game/VirtualRealityBP/Maps/MotionControllerMap.MotionControllerMap_C' with ClassGeneratedBy '/Game/VirtualRealityBP/Maps/MotionControllerMap.MotionControllerMap:PersistentLevel.MotionControllerMap'
[2020.01.22-20.47.26:388][866]LogPlayLevel: PlayLevel: No blueprints needed recompiling
[2020.01.22-20.47.26:388][866]PIE: New page: SIE session: MotionControllerMap (Jan 22, 2020, 4:47:26 AM)
[2020.01.22-20.47.26:390][866]LogOnline: OSS: Creating online subsystem instance for: NULL
[2020.01.22-20.47.26:392][866]LogPlayLevel: Creating play world package: /Game/VirtualRealityBP/Maps/UEDPIE_0_MotionControllerMap
[2020.01.22-20.47.26:424][866]LogPlayLevel: PIE: StaticDuplicateObject took: (0.031717s)
[2020.01.22-20.47.26:426][866]LogAIModule: Creating AISystem for world MotionControllerMap
[2020.01.22-20.47.26:427][866]LogPlayLevel: PIE: World Init took: (0.002260s)
[2020.01.22-20.47.26:427][866]LogPlayLevel: PIE: Created PIE world by copying editor world from /Game/VirtualRealityBP/Maps/MotionControllerMap.MotionControllerMap to /Game/VirtualRealityBP/Maps/UEDPIE_0_MotionControllerMap.MotionControllerMap (0.034657s)
[2020.01.22-20.47.26:464][866]LogUObjectHash: Compacting FUObjectHashTables data took   3.69ms
[2020.01.22-20.47.26:478][866]LogInit: XAudio2 using 'Headphones (Realtek High Definition Audio(SST))' : 2 channels at 48 kHz using 32 bits per sample (channel mask 0x3)
[2020.01.22-20.47.26:507][866]LogInit: FAudioDevice initialized.
[2020.01.22-20.47.26:509][866]LogSlate: FSceneViewport::OnFocusLost() reason 2
[2020.01.22-20.47.26:518][866]LogLoad: Game class is 'GameModeBase'
[2020.01.22-20.47.26:523][866]LogWorld: Bringing World /Game/VirtualRealityBP/Maps/UEDPIE_0_MotionControllerMap.MotionControllerMap up for play (max tick rate 0) at 2020.01.22-12.47.26
[2020.01.22-20.47.26:524][866]LogWorld: Bringing up level for play took: 0.003762
[2020.01.22-20.47.26:524][866]LogOnline: OSS: Creating online subsystem instance for: :Context_4
[2020.01.22-20.47.26:527][866]LogGameMode: FindPlayerStart: PATHS NOT DEFINED or NO PLAYERSTART with positive rating
[2020.01.22-20.47.26:540][866]LogContentBrowser: Native class hierarchy updated for 'MovieSceneCapture' in 0.0007 seconds. Added 20 classes and 0 folders.
[2020.01.22-20.47.26:547][866]PIE: Play in editor start time for /Game/VirtualRealityBP/Maps/UEDPIE_0_MotionControllerMap -0.518
[2020.01.22-20.47.26:582][866]LogBlueprintUserMessages: Late PlayInEditor Detection: Level '/Game/VirtualRealityBP/Maps/MotionControllerMap.MotionControllerMap:PersistentLevel' has LevelScriptBlueprint '/Game/VirtualRealityBP/Maps/MotionControllerMap.MotionControllerMap:PersistentLevel.MotionControllerMap' with GeneratedClass '/Game/VirtualRealityBP/Maps/MotionControllerMap.MotionControllerMap_C' with ClassGeneratedBy '/Game/VirtualRealityBP/Maps/MotionControllerMap.MotionControllerMap:PersistentLevel.MotionControllerMap'
[2020.01.22-20.47.31:326][ 46]LogEditorViewport: Clicking on Actor (LMB): BP_Sky_Sphere_C (SkySphereBlueprint)
[2020.01.22-20.47.33:208][101]LogSlate: FSceneViewport::OnFocusLost() reason 2
[2020.01.22-20.47.34:365][152]LogBlueprintUserMessages: Early EndPlayMap Detection: Level '/Game/VirtualRealityBP/Maps/MotionControllerMap.MotionControllerMap:PersistentLevel' has LevelScriptBlueprint '/Game/VirtualRealityBP/Maps/MotionControllerMap.MotionControllerMap:PersistentLevel.MotionControllerMap' with GeneratedClass '/Game/VirtualRealityBP/Maps/MotionControllerMap.MotionControllerMap_C' with ClassGeneratedBy '/Game/VirtualRealityBP/Maps/MotionControllerMap.MotionControllerMap:PersistentLevel.MotionControllerMap'
[2020.01.22-20.47.34:366][152]LogSlate: Updating window title bar state: overlay mode, drag disabled, window buttons hidden, title bar hidden
[2020.01.22-20.47.34:366][152]LogWorld: BeginTearingDown for /Game/VirtualRealityBP/Maps/UEDPIE_0_MotionControllerMap
[2020.01.22-20.47.34:369][152]LogWorld: UWorld::CleanupWorld for MotionControllerMap, bSessionEnded=true, bCleanupResources=true
[2020.01.22-20.47.34:401][152]LogPlayLevel: Display: Shutting down PIE online subsystems
[2020.01.22-20.47.34:401][152]LogBlueprintUserMessages: Late EndPlayMap Detection: Level '/Game/VirtualRealityBP/Maps/MotionControllerMap.MotionControllerMap:PersistentLevel' has LevelScriptBlueprint '/Game/VirtualRealityBP/Maps/MotionControllerMap.MotionControllerMap:PersistentLevel.MotionControllerMap' with GeneratedClass '/Game/VirtualRealityBP/Maps/MotionControllerMap.MotionControllerMap_C' with ClassGeneratedBy '/Game/VirtualRealityBP/Maps/MotionControllerMap.MotionControllerMap:PersistentLevel.MotionControllerMap'
[2020.01.22-20.47.34:446][152]LogSlate: Updating window title bar state: overlay mode, drag disabled, window buttons hidden, title bar hidden
[2020.01.22-20.47.34:451][152]LogUObjectHash: Compacting FUObjectHashTables data took   3.14ms
[2020.01.22-20.47.34:492][153]LogPlayLevel: Display: Destroying online subsystem :Context_4
[2020.01.22-20.47.48:426][780]LogSlate: FSceneViewport::OnFocusLost() reason 0
[2020.01.22-20.47.56:847][126]LogEditorViewport: Clicking on Actor (LMB): BP_Sky_Sphere_C (SkySphereBlueprint)
[2020.01.22-20.48.38:247][775]LogEditorSessionSummary: EditorSessionSummary sent report. Type=AbnormalShutdown, SessionId={1F7BA3D1-4574-F1D1-520C-20A1D6CE80CD}
[2020.01.22-20.49.25:986][694]LogEditorViewport: Clicking on Actor (LMB): StaticMeshActor (SM_FatCylinder)
[2020.01.22-20.49.29:123][815]Cmd: CAMERA ALIGN ACTIVEVIEWPORTONLY
[2020.01.22-20.49.32:289][947]LogSlate: FSceneViewport::OnFocusLost() reason 0
[2020.01.22-20.49.35:207][ 63]LogEditorViewport: Clicking on Actor (LMB): StaticMeshActor (SM_FatCylinder)
[2020.01.22-20.49.36:246][103]Cmd: EDIT COPY
[2020.01.22-20.49.36:469][112]Cmd: EDIT PASTE
[2020.01.22-20.49.51:632][733]LogEditorViewport: Clicking on Actor (LMB): StaticMeshActor (SM_FatCylinder)
[2020.01.22-20.49.53:604][814]Cmd: EDIT COPY
[2020.01.22-20.49.53:939][828]Cmd: EDIT PASTE
[2020.01.22-20.50.04:810][252]LogEditorViewport: Clicking on Actor (LMB): StaticMeshActor (SM_FatCylinder2)
[2020.01.22-20.50.21:178][895]LogEditorViewport: Clicking on Actor (LMB): StaticMeshActor (SM_FatCylinder)
[2020.01.22-20.50.26:046][ 92]Cmd: EDIT COPY
[2020.01.22-20.50.27:614][155]Cmd: EDIT PASTE
[2020.01.22-20.50.38:263][562]LogEditorSessionSummary: EditorSessionSummary sent report. Type=Shutdown, SessionId={85B1F9B1-457A-2421-4306-D99B7D12BB8B}
[2020.01.22-20.51.00:678][410]LogEditorViewport: Clicking on Actor (LMB): StaticMeshActor (SM_FatCylinder3)
[2020.01.22-20.51.06:548][635]LogEditorViewport: Clicking on Actor (LMB): StaticMeshActor (SM_FatCylinder)
[2020.01.22-20.51.20:102][161]Cmd: EDIT COPY
[2020.01.22-20.51.20:418][173]Cmd: EDIT PASTE
[2020.01.22-20.51.30:094][549]Cmd: CAMERA ALIGN ACTIVEVIEWPORTONLY
[2020.01.22-20.51.44:503][ 95]LogEditorViewport: Clicking on Actor (LMB): TextRenderActor (TextRenderActor)
[2020.01.22-20.51.47:520][205]LogEditorViewport: Clicking on Actor (LMB): BP_Sky_Sphere_C (SkySphereBlueprint)
[2020.01.22-20.51.57:652][593]LogEditorViewport: Clicking on Actor (LMB): TextRenderActor (TextRenderActor)
[2020.01.22-20.52.02:696][785]Cmd: EDIT COPY
[2020.01.22-20.52.03:672][822]Cmd: EDIT PASTE
[2020.01.22-20.52.05:892][903]LogSlate: FSceneViewport::OnFocusLost() reason 0
[2020.01.22-20.52.20:901][508]LogSlate: FSceneViewport::OnFocusLost() reason 0
[2020.01.22-20.52.47:935][450]LogSlate: FSceneViewport::OnFocusLost() reason 0
[2020.01.22-20.52.54:402][657]Cmd: EDIT COPY
[2020.01.22-20.52.55:527][700]Cmd: EDIT PASTE
[2020.01.22-20.53.10:494][240]LogSlate: FSceneViewport::OnFocusLost() reason 0
[2020.01.22-20.53.31:725][922]LogEditorViewport: Clicking on Actor (LMB): TextRenderActor (TextRenderActor5)
[2020.01.22-20.53.51:036][652]LogEditorViewport: Clicking on Actor (LMB): StaticMeshActor (SM_FatCylinder4)
[2020.01.22-20.53.59:802][987]LogEditorViewport: Clicking on Actor (LMB): TextRenderActor (TextRenderActor5)
[2020.01.22-20.54.03:553][130]Cmd: EDIT COPY
[2020.01.22-20.54.03:908][143]Cmd: EDIT PASTE
[2020.01.22-20.54.09:467][347]Cmd: EDIT COPY
[2020.01.22-20.54.09:748][358]Cmd: EDIT PASTE
[2020.01.22-20.54.15:136][546]LogSlate: FSceneViewport::OnFocusLost() reason 0
[2020.01.22-20.54.27:902][992]LogEditorViewport: Clicking on Actor (LMB): TextRenderActor (TextRenderActor7)
[2020.01.22-20.54.38:426][379]Cmd: EDIT COPY
[2020.01.22-20.54.38:701][387]Cmd: EDIT PASTE
[2020.01.22-20.54.46:545][666]LogSlate: FSceneViewport::OnFocusLost() reason 0
[2020.01.22-20.54.50:961][797]LogEditorViewport: Clicking on Actor (LMB): BP_Sky_Sphere_C (SkySphereBlueprint)
[2020.01.22-20.55.15:428][680]LogSlate: FSceneViewport::OnFocusLost() reason 5
[2020.01.22-20.55.15:498][680]LogUObjectHash: Compacting FUObjectHashTables data took   2.92ms
[2020.01.22-20.55.15:819][680]LogSavePackage: Moving '../../../../../../Users/emily/Documents/Unreal Projects/RollerCoaster/Saved/MotionControllerMap37AE57A4438075A8A1B5D689E6A742E5.tmp' to '../../../../../../Users/emily/Documents/Unreal Projects/RollerCoaster/Content/VirtualRealityBP/Maps/MotionControllerMap.umap'
[2020.01.22-20.55.16:184][680]LogSavePackage: Moving '../../../../../../Users/emily/Documents/Unreal Projects/RollerCoaster/Saved/MotionControllerMap_BuiltDataF0907EA24C8B3E14B88723A7EE644722.tmp' to '../../../../../../Users/emily/Documents/Unreal Projects/RollerCoaster/Content/VirtualRealityBP/Maps/MotionControllerMap_BuiltData.uasset'
[2020.01.22-20.55.18:186][757]LogEditorViewport: Clicking on Actor (LMB): BP_Sky_Sphere_C (SkySphereBlueprint)
[2020.01.22-20.55.32:033][234]LogSlate: FSceneViewport::OnFocusLost() reason 0
[2020.01.22-20.55.33:424][284]LogRenderer: Reallocating scene render targets to support 656x524 Format 26 NumSamples 1 (Frame:31028).
[2020.01.22-20.55.33:608][285]LogRenderer: Reallocating scene render targets to support 676x524 Format 26 NumSamples 1 (Frame:31030).
[2020.01.22-20.55.33:668][286]LogRenderer: Reallocating scene render targets to support 692x524 Format 26 NumSamples 1 (Frame:31032).
[2020.01.22-20.55.35:286][346]LogRenderer: Reallocating scene render targets to support 692x532 Format 26 NumSamples 1 (Frame:31076).
[2020.01.22-20.55.35:379][347]LogRenderer: Reallocating scene render targets to support 692x544 Format 26 NumSamples 1 (Frame:31078).
[2020.01.22-20.55.35:444][348]LogRenderer: Reallocating scene render targets to support 692x560 Format 26 NumSamples 1 (Frame:31080).
[2020.01.22-20.55.35:517][349]LogRenderer: Reallocating scene render targets to support 692x568 Format 26 NumSamples 1 (Frame:31082).
[2020.01.22-20.55.35:579][350]LogRenderer: Reallocating scene render targets to support 692x572 Format 26 NumSamples 1 (Frame:31084).
[2020.01.22-20.55.40:614][350]LogD3D11RHI: GetQueryData is taking a very long time (5.0 s)
[2020.01.22-20.55.45:614][350]LogD3D11RHI: GetQueryData is taking a very long time (10.0 s)
[2020.01.22-20.55.50:614][350]LogD3D11RHI: GetQueryData is taking a very long time (15.0 s)
[2020.01.22-20.55.55:614][350]LogD3D11RHI: GetQueryData is taking a very long time (20.0 s)
[2020.01.22-20.56.00:614][350]LogD3D11RHI: GetQueryData is taking a very long time (25.0 s)
[2020.01.22-20.56.05:614][350]LogD3D11RHI: GetQueryData is taking a very long time (30.0 s)
[2020.01.22-20.56.05:614][350]LogD3D11RHI: Timed out while waiting for GPU to catch up. (30.0 s) (ErrorCode 00000001)
[2020.01.22-20.56.05:617][350]LogOutputDevice: Warning: 

Script Stack (0 frames):

[2020.01.22-20.56.05:617][350]LogWindows: Windows GetLastError: The operation completed successfully. (0)
