Log file open, 01/26/20 14:15:02
LogWindows: Failed to load 'aqProf.dll' (GetLastError=126)
LogWindows: File 'aqProf.dll' does not exist
LogWindows: Failed to load 'VtuneApi.dll' (GetLastError=126)
LogWindows: File 'VtuneApi.dll' does not exist
LogWindows: Failed to load 'VtuneApi32e.dll' (GetLastError=126)
LogWindows: File 'VtuneApi32e.dll' does not exist
LogConsoleResponse: Display: Failed to find resolution value strings in scalability ini. Falling back to default.
LogInit: Display: Running engine for game: RollerCoaster
LogPlatformFile: Not using cached read wrapper
LogTaskGraph: Started task graph with 5 named threads and 23 total threads with 3 sets of task threads.
LogStats: Stats thread started at 0.175268
LogD3D11RHI: Loaded GFSDK_Aftermath_Lib.x64.dll
LogICUInternationalization: ICU TimeZone Detection - Raw Offset: -8:00, Platform Override: ''
LogPluginManager: Mounting plugin Paper2D
LogPluginManager: Mounting plugin AISupport
LogPluginManager: Mounting plugin LightPropagationVolume
LogPluginManager: Mounting plugin ActorLayerUtilities
LogPluginManager: Mounting plugin AnimationSharing
LogPluginManager: Mounting plugin CLionSourceCodeAccess
LogPluginManager: Mounting plugin CodeLiteSourceCodeAccess
LogPluginManager: Mounting plugin GitSourceControl
LogPluginManager: Mounting plugin KDevelopSourceCodeAccess
LogPluginManager: Mounting plugin NullSourceCodeAccess
LogPluginManager: Mounting plugin PerforceSourceControl
LogPluginManager: Mounting plugin SubversionSourceControl
LogPluginManager: Mounting plugin UObjectPlugin
LogPluginManager: Mounting plugin VisualStudioCodeSourceCodeAccess
LogPluginManager: Mounting plugin VisualStudioSourceCodeAccess
LogPluginManager: Mounting plugin XCodeSourceCodeAccess
LogPluginManager: Mounting plugin AssetManagerEditor
LogPluginManager: Mounting plugin CryptoKeys
LogPluginManager: Mounting plugin CurveEditorTools
LogPluginManager: Mounting plugin DataValidation
LogPluginManager: Mounting plugin FacialAnimation
LogPluginManager: Mounting plugin GameplayTagsEditor
LogPluginManager: Mounting plugin MacGraphicsSwitching
LogPluginManager: Mounting plugin MaterialAnalyzer
LogPluginManager: Mounting plugin MobileLauncherProfileWizard
LogPluginManager: Mounting plugin PluginBrowser
LogPluginManager: Mounting plugin SpeedTreeImporter
LogPluginManager: Mounting plugin DatasmithContent
LogPluginManager: Mounting plugin VariantManagerContent
LogPluginManager: Mounting plugin AlembicImporter
LogPluginManager: Mounting plugin AutomationUtils
LogPluginManager: Mounting plugin BackChannel
LogPluginManager: Mounting plugin CharacterAI
LogPluginManager: Mounting plugin GeometryCache
LogPluginManager: Mounting plugin HTML5Networking
LogPluginManager: Mounting plugin PlatformCrypto
LogPluginManager: Mounting plugin ProxyLODPlugin
LogPluginManager: Mounting plugin SkeletalReduction
LogPluginManager: Mounting plugin MagicLeap
LogPluginManager: Mounting plugin MagicLeapMedia
LogPluginManager: Mounting plugin AndroidMedia
LogPluginManager: Mounting plugin AvfMedia
LogPluginManager: Mounting plugin ImgMedia
LogPluginManager: Mounting plugin MediaCompositing
LogPluginManager: Mounting plugin MediaPlayerEditor
LogPluginManager: Mounting plugin WebMMedia
LogPluginManager: Mounting plugin WmfMedia
LogPluginManager: Mounting plugin TcpMessaging
LogPluginManager: Mounting plugin UdpMessaging
LogPluginManager: Mounting plugin ActorSequence
LogPluginManager: Mounting plugin LevelSequenceEditor
LogPluginManager: Mounting plugin MatineeToLevelSequence
LogPluginManager: Mounting plugin NetcodeUnitTest
LogPluginManager: Mounting plugin NUTUnrealEngine4
LogPluginManager: Mounting plugin OnlineSubsystemGooglePlay
LogPluginManager: Mounting plugin OnlineSubsystemIOS
LogPluginManager: Mounting plugin OnlineSubsystem
LogPluginManager: Mounting plugin OnlineSubsystemNull
LogPluginManager: Mounting plugin OnlineSubsystemUtils
LogPluginManager: Mounting plugin LauncherChunkInstaller
LogPluginManager: Mounting plugin AndroidDeviceProfileSelector
LogPluginManager: Mounting plugin AndroidMoviePlayer
LogPluginManager: Mounting plugin AndroidPermission
LogPluginManager: Mounting plugin AppleImageUtils
LogPluginManager: Mounting plugin AppleMoviePlayer
LogPluginManager: Mounting plugin ArchVisCharacter
LogPluginManager: Mounting plugin AudioCapture
LogPluginManager: Mounting plugin CableComponent
LogPluginManager: Mounting plugin CustomMeshComponent
LogPluginManager: Mounting plugin EditableMesh
LogPluginManager: Mounting plugin ExampleDeviceProfileSelector
LogPluginManager: Mounting plugin GoogleCloudMessaging
LogPluginManager: Mounting plugin IOSDeviceProfileSelector
LogPluginManager: Mounting plugin LinuxDeviceProfileSelector
LogPluginManager: Mounting plugin LocationServicesBPLibrary
LogPluginManager: Mounting plugin MobilePatchingUtils
LogPluginManager: Mounting plugin OculusVR
LogPluginManager: Mounting plugin PhysXVehicles
LogPluginManager: Mounting plugin ProceduralMeshComponent
LogPluginManager: Mounting plugin RuntimePhysXCooking
LogPluginManager: Mounting plugin SignificanceManager
LogPluginManager: Mounting plugin SteamVR
LogPluginManager: Mounting plugin WebMMoviePlayer
LogPluginManager: Mounting plugin WindowsMoviePlayer
LogPluginManager: Mounting plugin ScreenshotTools
LogInit: Using libcurl 7.55.1-DEV
LogInit:  - built for x86_64-pc-win32
LogInit:  - supports SSL with OpenSSL/1.1.1
LogInit:  - supports HTTP deflate (compression) using libz 1.2.8
LogInit:  - other features:
LogInit:      CURL_VERSION_SSL
LogInit:      CURL_VERSION_LIBZ
LogInit:      CURL_VERSION_IPV6
LogInit:      CURL_VERSION_ASYNCHDNS
LogInit:      CURL_VERSION_LARGEFILE
LogInit:      CURL_VERSION_IDN
LogInit:  CurlRequestOptions (configurable via config and command line):
LogInit:  - bVerifyPeer = true  - Libcurl will verify peer certificate
LogInit:  - bUseHttpProxy = false  - Libcurl will NOT use HTTP proxy
LogInit:  - bDontReuseConnections = false  - Libcurl will reuse connections
LogInit:  - MaxHostConnections = 16  - Libcurl will limit the number of connections to a host
LogInit:  - LocalHostAddr = Default
LogInit:  - BufferSize = 65536
LogOnline: OSS: Creating online subsystem instance for: NULL
LogInit: WinSock: version 1.1 (2.2), MaxSocks=32767, MaxUdp=65467
LogInit: Build: ++UE4+Release-4.23-CL-9631420
LogInit: Engine Version: 4.23.1-9631420+++UE4+Release-4.23
LogInit: Compatible Engine Version: 4.23.0-8386587+++UE4+Release-4.23
LogInit: Net CL: 8386587
LogInit: OS: Windows 10 (Release 1903) (), CPU: Intel(R) Core(TM) i5-8250U CPU @ 1.60GHz, GPU: Intel(R) UHD Graphics 620
LogInit: Compiled (64-bit): Oct 18 2019 02:07:44
LogInit: Compiled with Visual C++: 19.16.27030.01
LogInit: Build Configuration: Development
LogInit: Branch Name: ++UE4+Release-4.23
LogInit: Command Line: 
LogInit: Base Directory: C:/Program Files/Epic Games/UE_4.23/Engine/Binaries/Win64/
LogInit: Installed Engine Build: 1
LogDevObjectVersion: Number of dev versions registered: 23
LogDevObjectVersion:   Dev-Blueprints (B0D832E4-1F89-4F0D-ACCF-7EB736FD4AA2): 10
LogDevObjectVersion:   Dev-Build (E1C64328-A22C-4D53-A36C-8E866417BD8C): 0
LogDevObjectVersion:   Dev-Core (375EC13C-06E4-48FB-B500-84F0262A717E): 3
LogDevObjectVersion:   Dev-Editor (E4B068ED-F494-42E9-A231-DA0B2E46BB41): 34
LogDevObjectVersion:   Dev-Framework (CFFC743F-43B0-4480-9391-14DF171D2073): 35
LogDevObjectVersion:   Dev-Mobile (B02B49B5-BB20-44E9-A304-32B752E40360): 2
LogDevObjectVersion:   Dev-Networking (A4E4105C-59A1-49B5-A7C5-40C4547EDFEE): 0
LogDevObjectVersion:   Dev-Online (39C831C9-5AE6-47DC-9A44-9C173E1C8E7C): 0
LogDevObjectVersion:   Dev-Physics (78F01B33-EBEA-4F98-B9B4-84EACCB95AA2): 0
LogDevObjectVersion:   Dev-Platform (6631380F-2D4D-43E0-8009-CF276956A95A): 0
LogDevObjectVersion:   Dev-Rendering (12F88B9F-8875-4AFC-A67C-D90C383ABD29): 31
LogDevObjectVersion:   Dev-Sequencer (7B5AE74C-D270-4C10-A958-57980B212A5A): 11
LogDevObjectVersion:   Dev-VR (D7296918-1DD6-4BDD-9DE2-64A83CC13884): 2
LogDevObjectVersion:   Dev-LoadTimes (C2A15278-BFE7-4AFE-6C17-90FF531DF755): 1
LogDevObjectVersion:   Private-Geometry (6EACA3D4-40EC-4CC1-B786-8BED09428FC5): 3
LogDevObjectVersion:   Dev-AnimPhys (29E575DD-E0A3-4627-9D10-D276232CDCEA): 17
LogDevObjectVersion:   Dev-Anim (AF43A65D-7FD3-4947-9873-3E8ED9C1BB05): 2
LogDevObjectVersion:   Dev-ReflectionCapture (6B266CEC-1EC7-4B8F-A30B-E4D90942FC07): 1
LogDevObjectVersion:   Dev-Automation (0DF73D61-A23F-47EA-B727-89E90C41499A): 1
LogDevObjectVersion:   FortniteMain (601D1886-AC64-4F84-AA16-D3DE0DEAC7D6): 27
LogDevObjectVersion:   Dev-Enterprise (9DFFBCD6-494F-0158-E221-12823C92A888): 6
LogDevObjectVersion:   Dev-Niagara (F2AED0AC-9AFE-416F-8664-AA7FFA26D6FC): 1
LogDevObjectVersion:   Dev-Destruction (174F1F0B-B4C6-45A5-B13F-2EE8D0FB917D): 9
LogInit: Presizing for max 16777216 objects, including 0 objects not considered by GC, pre-allocating 0 bytes for permanent pool.
LogInit: Object subsystem initialized
LogConfig: Setting CVar [[con.DebugEarlyDefault:1]]
LogConfig: Setting CVar [[r.setres:1280x720]]
[2020.01.26-22.15.02:542][  0]LogConfig: Setting CVar [[r.VSync:0]]
[2020.01.26-22.15.02:542][  0]LogConfig: Setting CVar [[r.RHICmdBypass:0]]
[2020.01.26-22.15.02:542][  0]LogConfig: Applying CVar settings from Section [/Script/Engine.RendererSettings] File [C:/Users/emily/Documents/GitHub/CarnivalGame/RollerCoaster/Saved/Config/Windows/Engine.ini]
[2020.01.26-22.15.02:542][  0]LogConfig: Setting CVar [[r.GPUCrashDebugging:0]]
[2020.01.26-22.15.02:542][  0]LogConfig: Setting CVar [[r.MobileHDR:1]]
[2020.01.26-22.15.02:542][  0]LogConfig: Setting CVar [[r.Mobile.DisableVertexFog:1]]
[2020.01.26-22.15.02:542][  0]LogConfig: Setting CVar [[r.Shadow.CSM.MaxMobileCascades:2]]
[2020.01.26-22.15.02:542][  0]LogConfig: Setting CVar [[r.MobileMSAA:1]]
[2020.01.26-22.15.02:542][  0]LogConfig: Setting CVar [[r.Mobile.UseLegacyShadingModel:0]]
[2020.01.26-22.15.02:542][  0]LogConfig: Setting CVar [[r.Mobile.UseHWsRGBEncoding:0]]
[2020.01.26-22.15.02:542][  0]LogConfig: Setting CVar [[r.Mobile.AllowDitheredLODTransition:0]]
[2020.01.26-22.15.02:542][  0]LogConfig: Setting CVar [[r.Mobile.AllowSoftwareOcclusion:0]]
[2020.01.26-22.15.02:542][  0]LogConfig: Setting CVar [[r.DiscardUnusedQuality:0]]
[2020.01.26-22.15.02:542][  0]LogConfig: Setting CVar [[r.AllowOcclusionQueries:1]]
[2020.01.26-22.15.02:542][  0]LogConfig: Setting CVar [[r.MinScreenRadiusForLights:0.030000]]
[2020.01.26-22.15.02:542][  0]LogConfig: Setting CVar [[r.MinScreenRadiusForDepthPrepass:0.030000]]
[2020.01.26-22.15.02:542][  0]LogConfig: Setting CVar [[r.MinScreenRadiusForCSMDepth:0.010000]]
[2020.01.26-22.15.02:542][  0]LogConfig: Setting CVar [[r.PrecomputedVisibilityWarning:0]]
[2020.01.26-22.15.02:542][  0]LogConfig: Setting CVar [[r.TextureStreaming:1]]
[2020.01.26-22.15.02:542][  0]LogConfig: Setting CVar [[Compat.UseDXT5NormalMaps:0]]
[2020.01.26-22.15.02:542][  0]LogConfig: Setting CVar [[r.VirtualTextures:0]]
[2020.01.26-22.15.02:542][  0]LogConfig: Setting CVar [[r.VirtualTexturedLightmaps:0]]
[2020.01.26-22.15.02:542][  0]LogConfig: Setting CVar [[r.VT.TileSize:128]]
[2020.01.26-22.15.02:542][  0]LogConfig: Setting CVar [[r.VT.TileBorderSize:4]]
[2020.01.26-22.15.02:542][  0]LogConfig: Setting CVar [[r.vt.FeedbackFactor:16]]
[2020.01.26-22.15.02:542][  0]LogConfig: Setting CVar [[r.VT.EnableCompressZlib:1]]
[2020.01.26-22.15.02:542][  0]LogConfig: Setting CVar [[r.VT.EnableCompressCrunch:0]]
[2020.01.26-22.15.02:542][  0]LogConfig: Setting CVar [[r.ClearCoatNormal:0]]
[2020.01.26-22.15.02:542][  0]LogConfig: Setting CVar [[r.ReflectionCaptureResolution:128]]
[2020.01.26-22.15.02:542][  0]LogConfig: Setting CVar [[r.ReflectionEnvironmentLightmapMixBasedOnRoughness:1]]
[2020.01.26-22.15.02:542][  0]LogConfig: Setting CVar [[r.ForwardShading:0]]
[2020.01.26-22.15.02:542][  0]LogConfig: Setting CVar [[r.VertexFoggingForOpaque:1]]
[2020.01.26-22.15.02:542][  0]LogConfig: Setting CVar [[r.AllowStaticLighting:1]]
[2020.01.26-22.15.02:542][  0]LogConfig: Setting CVar [[r.NormalMapsForStaticLighting:0]]
[2020.01.26-22.15.02:542][  0]LogConfig: Setting CVar [[r.GenerateMeshDistanceFields:0]]
[2020.01.26-22.15.02:542][  0]LogConfig: Setting CVar [[r.DistanceFieldBuild.EightBit:0]]
[2020.01.26-22.15.02:543][  0]LogConfig: Setting CVar [[r.GenerateLandscapeGIData:0]]
[2020.01.26-22.15.02:543][  0]LogConfig: Setting CVar [[r.DistanceFieldBuild.Compress:0]]
[2020.01.26-22.15.02:544][  0]LogConfig: Setting CVar [[r.TessellationAdaptivePixelsPerTriangle:48.000000]]
[2020.01.26-22.15.02:544][  0]LogConfig: Setting CVar [[r.SeparateTranslucency:1]]
[2020.01.26-22.15.02:544][  0]LogConfig: Setting CVar [[r.TranslucentSortPolicy:0]]
[2020.01.26-22.15.02:544][  0]LogConfig: Setting CVar [[r.CustomDepth:1]]
[2020.01.26-22.15.02:544][  0]LogConfig: Setting CVar [[r.CustomDepthTemporalAAJitter:1]]
[2020.01.26-22.15.02:544][  0]LogConfig: Setting CVar [[r.PostProcessing.PropagateAlpha:0]]
[2020.01.26-22.15.02:544][  0]LogConfig: Setting CVar [[r.DefaultFeature.Bloom:1]]
[2020.01.26-22.15.02:544][  0]LogConfig: Setting CVar [[r.DefaultFeature.AmbientOcclusion:1]]
[2020.01.26-22.15.02:544][  0]LogConfig: Setting CVar [[r.DefaultFeature.AmbientOcclusionStaticFraction:0]]
[2020.01.26-22.15.02:544][  0]LogConfig: Setting CVar [[r.DefaultFeature.AutoExposure:0]]
[2020.01.26-22.15.02:544][  0]LogConfig: Setting CVar [[r.DefaultFeature.AutoExposure.Method:0]]
[2020.01.26-22.15.02:544][  0]LogConfig: Setting CVar [[r.DefaultFeature.AutoExposure.ExtendDefaultLuminanceRange:0]]
[2020.01.26-22.15.02:544][  0]LogConfig: Setting CVar [[r.UsePreExposure:1]]
[2020.01.26-22.15.02:544][  0]LogConfig: Setting CVar [[r.EyeAdaptation.EditorOnly:1]]
[2020.01.26-22.15.02:544][  0]LogConfig: Setting CVar [[r.DefaultFeature.MotionBlur:0]]
[2020.01.26-22.15.02:544][  0]LogConfig: Setting CVar [[r.DefaultFeature.LensFlare:0]]
[2020.01.26-22.15.02:544][  0]LogConfig: Setting CVar [[r.TemporalAA.Upsampling:0]]
[2020.01.26-22.15.02:544][  0]LogConfig: Setting CVar [[r.DefaultFeature.AntiAliasing:0]]
[2020.01.26-22.15.02:544][  0]LogConfig: Setting CVar [[r.DefaultFeature.LightUnits:1]]
[2020.01.26-22.15.02:544][  0]LogConfig: Setting CVar [[r.DefaultBackBufferPixelFormat:4]]
[2020.01.26-22.15.02:544][  0]LogConfig: Setting CVar [[r.Shadow.UnbuiltPreviewInGame:1]]
[2020.01.26-22.15.02:544][  0]LogConfig: Setting CVar [[r.StencilForLODDither:0]]
[2020.01.26-22.15.02:544][  0]LogConfig: Setting CVar [[r.EarlyZPass:3]]
[2020.01.26-22.15.02:544][  0]LogConfig: Setting CVar [[r.EarlyZPassOnlyMaterialMasking:0]]
[2020.01.26-22.15.02:544][  0]LogConfig: Setting CVar [[r.DBuffer:1]]
[2020.01.26-22.15.02:544][  0]LogConfig: Setting CVar [[r.ClearSceneMethod:1]]
[2020.01.26-22.15.02:544][  0]LogConfig: Setting CVar [[r.BasePassOutputsVelocity:0]]
[2020.01.26-22.15.02:544][  0]LogConfig: Setting CVar [[r.SelectiveBasePassOutputs:0]]
[2020.01.26-22.15.02:544][  0]LogConfig: Setting CVar [[fx.GPUSimulationTextureSizeX:1024]]
[2020.01.26-22.15.02:544][  0]LogConfig: Setting CVar [[fx.GPUSimulationTextureSizeY:1024]]
[2020.01.26-22.15.02:544][  0]LogConfig: Setting CVar [[r.AllowGlobalClipPlane:0]]
[2020.01.26-22.15.02:544][  0]LogConfig: Setting CVar [[r.GBufferFormat:1]]
[2020.01.26-22.15.02:544][  0]LogConfig: Setting CVar [[r.MorphTarget.Mode:1]]
[2020.01.26-22.15.02:544][  0]LogConfig: Setting CVar [[vr.InstancedStereo:1]]
[2020.01.26-22.15.02:544][  0]LogConfig: Setting CVar [[vr.MultiView:0]]
[2020.01.26-22.15.02:544][  0]LogConfig: Setting CVar [[vr.MobileMultiView:0]]
[2020.01.26-22.15.02:544][  0]LogConfig: Setting CVar [[vr.MobileMultiView.Direct:0]]
[2020.01.26-22.15.02:544][  0]LogConfig: Setting CVar [[vr.RoundRobinOcclusion:0]]
[2020.01.26-22.15.02:544][  0]LogConfig: Setting CVar [[vr.ODSCapture:0]]
[2020.01.26-22.15.02:544][  0]LogConfig: Setting CVar [[r.WireframeCullThreshold:5.000000]]
[2020.01.26-22.15.02:544][  0]LogConfig: Setting CVar [[r.RayTracing:0]]
[2020.01.26-22.15.02:544][  0]LogConfig: Setting CVar [[r.SupportStationarySkylight:1]]
[2020.01.26-22.15.02:544][  0]LogConfig: Setting CVar [[r.SupportLowQualityLightmaps:1]]
[2020.01.26-22.15.02:544][  0]LogConfig: Setting CVar [[r.SupportPointLightWholeSceneShadows:1]]
[2020.01.26-22.15.02:544][  0]LogConfig: Setting CVar [[r.SupportAtmosphericFog:1]]
[2020.01.26-22.15.02:544][  0]LogConfig: Setting CVar [[r.SkinCache.CompileShaders:0]]
[2020.01.26-22.15.02:544][  0]LogConfig: Setting CVar [[r.Mobile.EnableStaticAndCSMShadowReceivers:1]]
[2020.01.26-22.15.02:544][  0]LogConfig: Setting CVar [[r.Mobile.EnableMovableLightCSMShaderCulling:1]]
[2020.01.26-22.15.02:544][  0]LogConfig: Setting CVar [[r.Mobile.AllowDistanceFieldShadows:1]]
[2020.01.26-22.15.02:544][  0]LogConfig: Setting CVar [[r.Mobile.AllowMovableDirectionalLights:1]]
[2020.01.26-22.15.02:544][  0]LogConfig: Setting CVar [[r.MobileNumDynamicPointLights:4]]
[2020.01.26-22.15.02:544][  0]LogConfig: Setting CVar [[r.MobileDynamicPointLightsUseStaticBranch:1]]
[2020.01.26-22.15.02:544][  0]LogConfig: Setting CVar [[r.Mobile.EnableMovableSpotlights:0]]
[2020.01.26-22.15.02:544][  0]LogConfig: Setting CVar [[r.SkinCache.SceneMemoryLimitInMB:128.000000]]
[2020.01.26-22.15.02:544][  0]LogConfig: Setting CVar [[r.GPUSkin.Limit2BoneInfluences:0]]
[2020.01.26-22.15.02:544][  0]LogConfig: Setting CVar [[r.SupportDepthOnlyIndexBuffers:1]]
[2020.01.26-22.15.02:544][  0]LogConfig: Setting CVar [[r.SupportReversedIndexBuffers:1]]
[2020.01.26-22.15.02:544][  0]LogConfig: Setting CVar [[r.SupportMaterialLayers:0]]
[2020.01.26-22.15.02:544][  0]LogConfig: Applying CVar settings from Section [/Script/Engine.RendererOverrideSettings] File [C:/Users/emily/Documents/GitHub/CarnivalGame/RollerCoaster/Saved/Config/Windows/Engine.ini]
[2020.01.26-22.15.02:544][  0]LogConfig: Applying CVar settings from Section [/Script/Engine.StreamingSettings] File [C:/Users/emily/Documents/GitHub/CarnivalGame/RollerCoaster/Saved/Config/Windows/Engine.ini]
[2020.01.26-22.15.02:544][  0]LogConfig: Setting CVar [[s.MinBulkDataSizeForAsyncLoading:131072]]
[2020.01.26-22.15.02:544][  0]LogConfig: Setting CVar [[s.AsyncLoadingThreadEnabled:0]]
[2020.01.26-22.15.02:544][  0]LogConfig: Setting CVar [[s.EventDrivenLoaderEnabled:1]]
[2020.01.26-22.15.02:544][  0]LogConfig: Setting CVar [[s.WarnIfTimeLimitExceeded:0]]
[2020.01.26-22.15.02:544][  0]LogConfig: Setting CVar [[s.TimeLimitExceededMultiplier:1.5]]
[2020.01.26-22.15.02:544][  0]LogConfig: Setting CVar [[s.TimeLimitExceededMinTime:0.005]]
[2020.01.26-22.15.02:544][  0]LogConfig: Setting CVar [[s.UseBackgroundLevelStreaming:1]]
[2020.01.26-22.15.02:544][  0]LogConfig: Setting CVar [[s.PriorityAsyncLoadingExtraTime:15.0]]
[2020.01.26-22.15.02:544][  0]LogConfig: Setting CVar [[s.LevelStreamingActorsUpdateTimeLimit:5.0]]
[2020.01.26-22.15.02:544][  0]LogConfig: Setting CVar [[s.PriorityLevelStreamingActorsUpdateExtraTime:5.0]]
[2020.01.26-22.15.02:545][  0]LogConfig: Setting CVar [[s.LevelStreamingComponentsRegistrationGranularity:10]]
[2020.01.26-22.15.02:545][  0]LogConfig: Setting CVar [[s.UnregisterComponentsTimeLimit:1.0]]
[2020.01.26-22.15.02:545][  0]LogConfig: Setting CVar [[s.LevelStreamingComponentsUnregistrationGranularity:5]]
[2020.01.26-22.15.02:545][  0]LogConfig: Applying CVar settings from Section [/Script/Engine.GarbageCollectionSettings] File [C:/Users/emily/Documents/GitHub/CarnivalGame/RollerCoaster/Saved/Config/Windows/Engine.ini]
[2020.01.26-22.15.02:545][  0]LogConfig: Setting CVar [[gc.MaxObjectsNotConsideredByGC:1]]
[2020.01.26-22.15.02:545][  0]LogConfig: Setting CVar [[gc.SizeOfPermanentObjectPool:0]]
[2020.01.26-22.15.02:545][  0]LogConfig: Setting CVar [[gc.FlushStreamingOnGC:0]]
[2020.01.26-22.15.02:545][  0]LogConfig: Setting CVar [[gc.NumRetriesBeforeForcingGC:10]]
[2020.01.26-22.15.02:545][  0]LogConfig: Setting CVar [[gc.AllowParallelGC:1]]
[2020.01.26-22.15.02:545][  0]LogConfig: Setting CVar [[gc.TimeBetweenPurgingPendingKillObjects:61.1]]
[2020.01.26-22.15.02:545][  0]LogConfig: Setting CVar [[gc.MaxObjectsInEditor:16777216]]
[2020.01.26-22.15.02:545][  0]LogConfig: Setting CVar [[gc.IncrementalBeginDestroyEnabled:1]]
[2020.01.26-22.15.02:545][  0]LogConfig: Setting CVar [[gc.CreateGCClusters:1]]
[2020.01.26-22.15.02:545][  0]LogConfig: Setting CVar [[gc.MinGCClusterSize:5]]
[2020.01.26-22.15.02:545][  0]LogConfig: Setting CVar [[gc.ActorClusteringEnabled:0]]
[2020.01.26-22.15.02:545][  0]LogConfig: Setting CVar [[gc.BlueprintClusteringEnabled:0]]
[2020.01.26-22.15.02:545][  0]LogConfig: Setting CVar [[gc.UseDisregardForGCOnDedicatedServers:0]]
[2020.01.26-22.15.02:545][  0]LogConfig: Applying CVar settings from Section [/Script/Engine.NetworkSettings] File [C:/Users/emily/Documents/GitHub/CarnivalGame/RollerCoaster/Saved/Config/Windows/Engine.ini]
[2020.01.26-22.15.02:545][  0]LogConfig: Applying CVar settings from Section [/Script/UnrealEd.CookerSettings] File [C:/Users/emily/Documents/GitHub/CarnivalGame/RollerCoaster/Saved/Config/Windows/Engine.ini]
[2020.01.26-22.15.02:549][  0]LogConfig: Applying CVar settings from Section [ViewDistanceQuality@3] File [C:/Users/emily/Documents/GitHub/CarnivalGame/RollerCoaster/Saved/Config/Windows/Scalability.ini]
[2020.01.26-22.15.02:549][  0]LogConfig: Setting CVar [[r.SkeletalMeshLODBias:0]]
[2020.01.26-22.15.02:549][  0]LogConfig: Setting CVar [[r.ViewDistanceScale:1.0]]
[2020.01.26-22.15.02:549][  0]LogConfig: Applying CVar settings from Section [AntiAliasingQuality@3] File [C:/Users/emily/Documents/GitHub/CarnivalGame/RollerCoaster/Saved/Config/Windows/Scalability.ini]
[2020.01.26-22.15.02:549][  0]LogConfig: Setting CVar [[r.PostProcessAAQuality:3]]
[2020.01.26-22.15.02:549][  0]LogConfig: Applying CVar settings from Section [ShadowQuality@3] File [C:/Users/emily/Documents/GitHub/CarnivalGame/RollerCoaster/Saved/Config/Windows/Scalability.ini]
[2020.01.26-22.15.02:549][  0]LogConfig: Setting CVar [[r.LightFunctionQuality:1]]
[2020.01.26-22.15.02:549][  0]LogConfig: Setting CVar [[r.ShadowQuality:5]]
[2020.01.26-22.15.02:549][  0]LogConfig: Setting CVar [[r.Shadow.CSM.MaxCascades:10]]
[2020.01.26-22.15.02:549][  0]LogConfig: Setting CVar [[r.Shadow.MaxResolution:2048]]
[2020.01.26-22.15.02:549][  0]LogConfig: Setting CVar [[r.Shadow.MaxCSMResolution:2048]]
[2020.01.26-22.15.02:549][  0]LogConfig: Setting CVar [[r.Shadow.RadiusThreshold:0.01]]
[2020.01.26-22.15.02:549][  0]LogConfig: Setting CVar [[r.Shadow.DistanceScale:1.0]]
[2020.01.26-22.15.02:549][  0]LogConfig: Setting CVar [[r.Shadow.CSM.TransitionScale:1.0]]
[2020.01.26-22.15.02:549][  0]LogConfig: Setting CVar [[r.Shadow.PreShadowResolutionFactor:1.0]]
[2020.01.26-22.15.02:549][  0]LogConfig: Setting CVar [[r.DistanceFieldShadowing:1]]
[2020.01.26-22.15.02:549][  0]LogConfig: Setting CVar [[r.DistanceFieldAO:1]]
[2020.01.26-22.15.02:549][  0]LogConfig: Setting CVar [[r.AOQuality:2]]
[2020.01.26-22.15.02:549][  0]LogConfig: Setting CVar [[r.VolumetricFog:1]]
[2020.01.26-22.15.02:549][  0]LogConfig: Setting CVar [[r.VolumetricFog.GridPixelSize:8]]
[2020.01.26-22.15.02:549][  0]LogConfig: Setting CVar [[r.VolumetricFog.GridSizeZ:128]]
[2020.01.26-22.15.02:549][  0]LogConfig: Setting CVar [[r.VolumetricFog.HistoryMissSupersampleCount:4]]
[2020.01.26-22.15.02:549][  0]LogConfig: Setting CVar [[r.LightMaxDrawDistanceScale:1]]
[2020.01.26-22.15.02:549][  0]LogConfig: Setting CVar [[r.CapsuleShadows:1]]
[2020.01.26-22.15.02:549][  0]LogConfig: Applying CVar settings from Section [PostProcessQuality@3] File [C:/Users/emily/Documents/GitHub/CarnivalGame/RollerCoaster/Saved/Config/Windows/Scalability.ini]
[2020.01.26-22.15.02:549][  0]LogConfig: Setting CVar [[r.MotionBlurQuality:0]]
[2020.01.26-22.15.02:549][  0]LogConfig: Setting CVar [[r.AmbientOcclusionMipLevelFactor:0.4]]
[2020.01.26-22.15.02:549][  0]LogConfig: Setting CVar [[r.AmbientOcclusionMaxQuality:100]]
[2020.01.26-22.15.02:549][  0]LogConfig: Setting CVar [[r.AmbientOcclusionLevels:0]]
[2020.01.26-22.15.02:549][  0]LogConfig: Setting CVar [[r.AmbientOcclusionRadiusScale:1.0]]
[2020.01.26-22.15.02:549][  0]LogConfig: Setting CVar [[r.DepthOfFieldQuality:0]]
[2020.01.26-22.15.02:549][  0]LogConfig: Setting CVar [[r.RenderTargetPoolMin:400]]
[2020.01.26-22.15.02:549][  0]LogConfig: Setting CVar [[r.LensFlareQuality:0]]
[2020.01.26-22.15.02:549][  0]LogConfig: Setting CVar [[r.SceneColorFringeQuality:0]]
[2020.01.26-22.15.02:549][  0]LogConfig: Setting CVar [[r.EyeAdaptationQuality:2]]
[2020.01.26-22.15.02:549][  0]LogConfig: Setting CVar [[r.BloomQuality:1]]
[2020.01.26-22.15.02:549][  0]LogConfig: Setting CVar [[r.FastBlurThreshold:0]]
[2020.01.26-22.15.02:549][  0]LogConfig: Setting CVar [[r.Upscale.Quality:3]]
[2020.01.26-22.15.02:549][  0]LogConfig: Setting CVar [[r.Tonemapper.GrainQuantization:1]]
[2020.01.26-22.15.02:550][  0]LogConfig: Setting CVar [[r.LightShaftQuality:1]]
[2020.01.26-22.15.02:550][  0]LogConfig: Setting CVar [[r.Filter.SizeScale:1]]
[2020.01.26-22.15.02:550][  0]LogConfig: Setting CVar [[r.Tonemapper.Quality:5]]
[2020.01.26-22.15.02:550][  0]LogConfig: Setting CVar [[r.DOF.Gather.AccumulatorQuality:1        ; higher gathering accumulator quality]]
[2020.01.26-22.15.02:550][  0]LogConfig: Setting CVar [[r.DOF.Gather.PostfilterMethod:1          ; Median3x3 postfilering method]]
[2020.01.26-22.15.02:550][  0]LogConfig: Setting CVar [[r.DOF.Gather.EnableBokehSettings:0       ; no bokeh simulation when gathering]]
[2020.01.26-22.15.02:550][  0]LogConfig: Setting CVar [[r.DOF.Gather.RingCount:4                 ; medium number of samples when gathering]]
[2020.01.26-22.15.02:550][  0]LogConfig: Setting CVar [[r.DOF.Scatter.ForegroundCompositing:1    ; additive foreground scattering]]
[2020.01.26-22.15.02:550][  0]LogConfig: Setting CVar [[r.DOF.Scatter.BackgroundCompositing:2    ; additive background scattering]]
[2020.01.26-22.15.02:550][  0]LogConfig: Setting CVar [[r.DOF.Scatter.EnableBokehSettings:1      ; bokeh simulation when scattering]]
[2020.01.26-22.15.02:550][  0]LogConfig: Setting CVar [[r.DOF.Scatter.MaxSpriteRatio:0.1         ; only a maximum of 10% of scattered bokeh]]
[2020.01.26-22.15.02:550][  0]LogConfig: Setting CVar [[r.DOF.Recombine.Quality:1                ; cheap slight out of focus]]
[2020.01.26-22.15.02:550][  0]LogConfig: Setting CVar [[r.DOF.Recombine.EnableBokehSettings:0    ; no bokeh simulation on slight out of focus]]
[2020.01.26-22.15.02:550][  0]LogConfig: Setting CVar [[r.DOF.TemporalAAQuality:1                ; more stable temporal accumulation]]
[2020.01.26-22.15.02:550][  0]LogConfig: Setting CVar [[r.DOF.Kernel.MaxForegroundRadius:0.025]]
[2020.01.26-22.15.02:550][  0]LogConfig: Setting CVar [[r.DOF.Kernel.MaxBackgroundRadius:0.025]]
[2020.01.26-22.15.02:550][  0]LogConfig: Applying CVar settings from Section [TextureQuality@3] File [C:/Users/emily/Documents/GitHub/CarnivalGame/RollerCoaster/Saved/Config/Windows/Scalability.ini]
[2020.01.26-22.15.02:550][  0]LogConfig: Setting CVar [[r.Streaming.MipBias:0]]
[2020.01.26-22.15.02:550][  0]LogConfig: Setting CVar [[r.Streaming.AmortizeCPUToGPUCopy:0]]
[2020.01.26-22.15.02:550][  0]LogConfig: Setting CVar [[r.Streaming.MaxNumTexturesToStreamPerFrame:0]]
[2020.01.26-22.15.02:550][  0]LogConfig: Setting CVar [[r.Streaming.Boost:1]]
[2020.01.26-22.15.02:550][  0]LogConfig: Setting CVar [[r.MaxAnisotropy:8]]
[2020.01.26-22.15.02:550][  0]LogConfig: Setting CVar [[r.Streaming.LimitPoolSizeToVRAM:0]]
[2020.01.26-22.15.02:550][  0]LogConfig: Setting CVar [[r.Streaming.PoolSize:1000]]
[2020.01.26-22.15.02:550][  0]LogConfig: Setting CVar [[r.Streaming.MaxEffectiveScreenSize:0]]
[2020.01.26-22.15.02:550][  0]LogConfig: Applying CVar settings from Section [EffectsQuality@3] File [C:/Users/emily/Documents/GitHub/CarnivalGame/RollerCoaster/Saved/Config/Windows/Scalability.ini]
[2020.01.26-22.15.02:550][  0]LogConfig: Setting CVar [[r.TranslucencyLightingVolumeDim:4]]
[2020.01.26-22.15.02:550][  0]LogConfig: Setting CVar [[r.RefractionQuality:2]]
[2020.01.26-22.15.02:550][  0]LogConfig: Setting CVar [[r.SSR.Quality:0]]
[2020.01.26-22.15.02:550][  0]LogConfig: Setting CVar [[r.SceneColorFormat:2]]
[2020.01.26-22.15.02:550][  0]LogConfig: Setting CVar [[r.DetailMode:2]]
[2020.01.26-22.15.02:550][  0]LogConfig: Setting CVar [[r.TranslucencyVolumeBlur:0]]
[2020.01.26-22.15.02:550][  0]LogConfig: Setting CVar [[r.MaterialQualityLevel:1 ; High quality]]
[2020.01.26-22.15.02:550][  0]LogConfig: Setting CVar [[r.SSS.Scale:1]]
[2020.01.26-22.15.02:550][  0]LogConfig: Setting CVar [[r.SSS.SampleSet:2]]
[2020.01.26-22.15.02:550][  0]LogConfig: Setting CVar [[r.SSS.Quality:1]]
[2020.01.26-22.15.02:550][  0]LogConfig: Setting CVar [[r.SSS.HalfRes:1]]
[2020.01.26-22.15.02:550][  0]LogConfig: Setting CVar [[r.EmitterSpawnRateScale:1.0]]
[2020.01.26-22.15.02:550][  0]LogConfig: Setting CVar [[r.ParticleLightQuality:2]]
[2020.01.26-22.15.02:550][  0]LogConfig: Applying CVar settings from Section [FoliageQuality@3] File [C:/Users/emily/Documents/GitHub/CarnivalGame/RollerCoaster/Saved/Config/Windows/Scalability.ini]
[2020.01.26-22.15.02:550][  0]LogConfig: Setting CVar [[foliage.DensityScale:1.0]]
[2020.01.26-22.15.02:550][  0]LogConfig: Setting CVar [[grass.DensityScale:1.0]]
[2020.01.26-22.15.02:550][  0]LogInit: Selected Device Profile: [Windows]
[2020.01.26-22.15.02:550][  0]LogInit: Applying CVar settings loaded from the selected device profile: [Windows]
[2020.01.26-22.15.02:555][  0]LogHAL: Display: Platform has ~ 8 GB [8511352832 / 8589934592 / 8], which maps to Default [LargestMinGB=32, LargerMinGB=12, DefaultMinGB=8, SmallerMinGB=6, SmallestMinGB=0)
[2020.01.26-22.15.02:555][  0]LogInit: Going up to parent DeviceProfile []
[2020.01.26-22.15.02:555][  0]LogConfig: Applying CVar settings from Section [ViewDistanceQuality@3] File [C:/Users/emily/Documents/GitHub/CarnivalGame/RollerCoaster/Saved/Config/Windows/Scalability.ini]
[2020.01.26-22.15.02:555][  0]LogConfig: Setting CVar [[r.SkeletalMeshLODBias:0]]
[2020.01.26-22.15.02:555][  0]LogConfig: Setting CVar [[r.ViewDistanceScale:1.0]]
[2020.01.26-22.15.02:555][  0]LogConfig: Applying CVar settings from Section [AntiAliasingQuality@3] File [C:/Users/emily/Documents/GitHub/CarnivalGame/RollerCoaster/Saved/Config/Windows/Scalability.ini]
[2020.01.26-22.15.02:555][  0]LogConfig: Setting CVar [[r.PostProcessAAQuality:3]]
[2020.01.26-22.15.02:555][  0]LogConfig: Applying CVar settings from Section [ShadowQuality@3] File [C:/Users/emily/Documents/GitHub/CarnivalGame/RollerCoaster/Saved/Config/Windows/Scalability.ini]
[2020.01.26-22.15.02:555][  0]LogConfig: Setting CVar [[r.LightFunctionQuality:1]]
[2020.01.26-22.15.02:555][  0]LogConfig: Setting CVar [[r.ShadowQuality:5]]
[2020.01.26-22.15.02:555][  0]LogConfig: Setting CVar [[r.Shadow.CSM.MaxCascades:10]]
[2020.01.26-22.15.02:555][  0]LogConfig: Setting CVar [[r.Shadow.MaxResolution:2048]]
[2020.01.26-22.15.02:555][  0]LogConfig: Setting CVar [[r.Shadow.MaxCSMResolution:2048]]
[2020.01.26-22.15.02:555][  0]LogConfig: Setting CVar [[r.Shadow.RadiusThreshold:0.01]]
[2020.01.26-22.15.02:555][  0]LogConfig: Setting CVar [[r.Shadow.DistanceScale:1.0]]
[2020.01.26-22.15.02:555][  0]LogConfig: Setting CVar [[r.Shadow.CSM.TransitionScale:1.0]]
[2020.01.26-22.15.02:556][  0]LogConfig: Setting CVar [[r.Shadow.PreShadowResolutionFactor:1.0]]
[2020.01.26-22.15.02:556][  0]LogConfig: Setting CVar [[r.DistanceFieldShadowing:1]]
[2020.01.26-22.15.02:556][  0]LogConfig: Setting CVar [[r.DistanceFieldAO:1]]
[2020.01.26-22.15.02:556][  0]LogConfig: Setting CVar [[r.AOQuality:2]]
[2020.01.26-22.15.02:556][  0]LogConfig: Setting CVar [[r.VolumetricFog:1]]
[2020.01.26-22.15.02:556][  0]LogConfig: Setting CVar [[r.VolumetricFog.GridPixelSize:8]]
[2020.01.26-22.15.02:556][  0]LogConfig: Setting CVar [[r.VolumetricFog.GridSizeZ:128]]
[2020.01.26-22.15.02:556][  0]LogConfig: Setting CVar [[r.VolumetricFog.HistoryMissSupersampleCount:4]]
[2020.01.26-22.15.02:556][  0]LogConfig: Setting CVar [[r.LightMaxDrawDistanceScale:1]]
[2020.01.26-22.15.02:556][  0]LogConfig: Setting CVar [[r.CapsuleShadows:1]]
[2020.01.26-22.15.02:556][  0]LogConfig: Applying CVar settings from Section [PostProcessQuality@3] File [C:/Users/emily/Documents/GitHub/CarnivalGame/RollerCoaster/Saved/Config/Windows/Scalability.ini]
[2020.01.26-22.15.02:556][  0]LogConfig: Setting CVar [[r.MotionBlurQuality:0]]
[2020.01.26-22.15.02:556][  0]LogConfig: Setting CVar [[r.AmbientOcclusionMipLevelFactor:0.4]]
[2020.01.26-22.15.02:556][  0]LogConfig: Setting CVar [[r.AmbientOcclusionMaxQuality:100]]
[2020.01.26-22.15.02:556][  0]LogConfig: Setting CVar [[r.AmbientOcclusionLevels:0]]
[2020.01.26-22.15.02:556][  0]LogConfig: Setting CVar [[r.AmbientOcclusionRadiusScale:1.0]]
[2020.01.26-22.15.02:556][  0]LogConfig: Setting CVar [[r.DepthOfFieldQuality:0]]
[2020.01.26-22.15.02:556][  0]LogConfig: Setting CVar [[r.RenderTargetPoolMin:400]]
[2020.01.26-22.15.02:556][  0]LogConfig: Setting CVar [[r.LensFlareQuality:0]]
[2020.01.26-22.15.02:556][  0]LogConfig: Setting CVar [[r.SceneColorFringeQuality:0]]
[2020.01.26-22.15.02:556][  0]LogConfig: Setting CVar [[r.EyeAdaptationQuality:2]]
[2020.01.26-22.15.02:556][  0]LogConfig: Setting CVar [[r.BloomQuality:1]]
[2020.01.26-22.15.02:556][  0]LogConfig: Setting CVar [[r.FastBlurThreshold:0]]
[2020.01.26-22.15.02:556][  0]LogConfig: Setting CVar [[r.Upscale.Quality:3]]
[2020.01.26-22.15.02:556][  0]LogConfig: Setting CVar [[r.Tonemapper.GrainQuantization:1]]
[2020.01.26-22.15.02:556][  0]LogConfig: Setting CVar [[r.LightShaftQuality:1]]
[2020.01.26-22.15.02:556][  0]LogConfig: Setting CVar [[r.Filter.SizeScale:1]]
[2020.01.26-22.15.02:556][  0]LogConfig: Setting CVar [[r.Tonemapper.Quality:5]]
[2020.01.26-22.15.02:556][  0]LogConfig: Setting CVar [[r.DOF.Gather.AccumulatorQuality:1        ; higher gathering accumulator quality]]
[2020.01.26-22.15.02:556][  0]LogConfig: Setting CVar [[r.DOF.Gather.PostfilterMethod:1          ; Median3x3 postfilering method]]
[2020.01.26-22.15.02:556][  0]LogConfig: Setting CVar [[r.DOF.Gather.EnableBokehSettings:0       ; no bokeh simulation when gathering]]
[2020.01.26-22.15.02:556][  0]LogConfig: Setting CVar [[r.DOF.Gather.RingCount:4                 ; medium number of samples when gathering]]
[2020.01.26-22.15.02:556][  0]LogConfig: Setting CVar [[r.DOF.Scatter.ForegroundCompositing:1    ; additive foreground scattering]]
[2020.01.26-22.15.02:556][  0]LogConfig: Setting CVar [[r.DOF.Scatter.BackgroundCompositing:2    ; additive background scattering]]
[2020.01.26-22.15.02:556][  0]LogConfig: Setting CVar [[r.DOF.Scatter.EnableBokehSettings:1      ; bokeh simulation when scattering]]
[2020.01.26-22.15.02:556][  0]LogConfig: Setting CVar [[r.DOF.Scatter.MaxSpriteRatio:0.1         ; only a maximum of 10% of scattered bokeh]]
[2020.01.26-22.15.02:556][  0]LogConfig: Setting CVar [[r.DOF.Recombine.Quality:1                ; cheap slight out of focus]]
[2020.01.26-22.15.02:556][  0]LogConfig: Setting CVar [[r.DOF.Recombine.EnableBokehSettings:0    ; no bokeh simulation on slight out of focus]]
[2020.01.26-22.15.02:556][  0]LogConfig: Setting CVar [[r.DOF.TemporalAAQuality:1                ; more stable temporal accumulation]]
[2020.01.26-22.15.02:556][  0]LogConfig: Setting CVar [[r.DOF.Kernel.MaxForegroundRadius:0.025]]
[2020.01.26-22.15.02:556][  0]LogConfig: Setting CVar [[r.DOF.Kernel.MaxBackgroundRadius:0.025]]
[2020.01.26-22.15.02:556][  0]LogConfig: Applying CVar settings from Section [TextureQuality@3] File [C:/Users/emily/Documents/GitHub/CarnivalGame/RollerCoaster/Saved/Config/Windows/Scalability.ini]
[2020.01.26-22.15.02:556][  0]LogConfig: Setting CVar [[r.Streaming.MipBias:0]]
[2020.01.26-22.15.02:556][  0]LogConfig: Setting CVar [[r.Streaming.AmortizeCPUToGPUCopy:0]]
[2020.01.26-22.15.02:556][  0]LogConfig: Setting CVar [[r.Streaming.MaxNumTexturesToStreamPerFrame:0]]
[2020.01.26-22.15.02:556][  0]LogConfig: Setting CVar [[r.Streaming.Boost:1]]
[2020.01.26-22.15.02:556][  0]LogConfig: Setting CVar [[r.MaxAnisotropy:8]]
[2020.01.26-22.15.02:556][  0]LogConfig: Setting CVar [[r.Streaming.LimitPoolSizeToVRAM:0]]
[2020.01.26-22.15.02:556][  0]LogConfig: Setting CVar [[r.Streaming.PoolSize:1000]]
[2020.01.26-22.15.02:557][  0]LogConfig: Setting CVar [[r.Streaming.MaxEffectiveScreenSize:0]]
[2020.01.26-22.15.02:557][  0]LogConfig: Applying CVar settings from Section [EffectsQuality@3] File [C:/Users/emily/Documents/GitHub/CarnivalGame/RollerCoaster/Saved/Config/Windows/Scalability.ini]
[2020.01.26-22.15.02:557][  0]LogConfig: Setting CVar [[r.TranslucencyLightingVolumeDim:4]]
[2020.01.26-22.15.02:557][  0]LogConfig: Setting CVar [[r.RefractionQuality:2]]
[2020.01.26-22.15.02:557][  0]LogConfig: Setting CVar [[r.SSR.Quality:0]]
[2020.01.26-22.15.02:557][  0]LogConfig: Setting CVar [[r.SceneColorFormat:2]]
[2020.01.26-22.15.02:557][  0]LogConfig: Setting CVar [[r.DetailMode:2]]
[2020.01.26-22.15.02:557][  0]LogConfig: Setting CVar [[r.TranslucencyVolumeBlur:0]]
[2020.01.26-22.15.02:557][  0]LogConfig: Setting CVar [[r.MaterialQualityLevel:1 ; High quality]]
[2020.01.26-22.15.02:557][  0]LogConfig: Setting CVar [[r.SSS.Scale:1]]
[2020.01.26-22.15.02:557][  0]LogConfig: Setting CVar [[r.SSS.SampleSet:2]]
[2020.01.26-22.15.02:557][  0]LogConfig: Setting CVar [[r.SSS.Quality:1]]
[2020.01.26-22.15.02:557][  0]LogConfig: Setting CVar [[r.SSS.HalfRes:1]]
[2020.01.26-22.15.02:557][  0]LogConfig: Setting CVar [[r.EmitterSpawnRateScale:1.0]]
[2020.01.26-22.15.02:557][  0]LogConfig: Setting CVar [[r.ParticleLightQuality:2]]
[2020.01.26-22.15.02:557][  0]LogConfig: Applying CVar settings from Section [FoliageQuality@3] File [C:/Users/emily/Documents/GitHub/CarnivalGame/RollerCoaster/Saved/Config/Windows/Scalability.ini]
[2020.01.26-22.15.02:557][  0]LogConfig: Setting CVar [[foliage.DensityScale:1.0]]
[2020.01.26-22.15.02:557][  0]LogConfig: Setting CVar [[grass.DensityScale:1.0]]
[2020.01.26-22.15.02:557][  0]LogConfig: Applying CVar settings from Section [Startup] File [../../../Engine/Config/ConsoleVariables.ini]
[2020.01.26-22.15.02:557][  0]LogConfig: Setting CVar [[net.UseAdaptiveNetUpdateFrequency:0]]
[2020.01.26-22.15.02:557][  0]LogConfig: Setting CVar [[p.chaos.AllowCreatePhysxBodies:1]]
[2020.01.26-22.15.02:557][  0]LogConfig: Applying CVar settings from Section [ConsoleVariables] File [C:/Users/emily/Documents/GitHub/CarnivalGame/RollerCoaster/Saved/Config/Windows/Engine.ini]
[2020.01.26-22.15.02:558][  0]LogInit: Computer: DESKTOP-M5MOGRD
[2020.01.26-22.15.02:558][  0]LogInit: User: emily
[2020.01.26-22.15.02:558][  0]LogInit: CPU Page size=4096, Cores=4
[2020.01.26-22.15.02:558][  0]LogInit: High frequency timer resolution =10.000000 MHz
[2020.01.26-22.15.02:558][  0]LogMemory: Memory total: Physical=7.9GB (8GB approx)
[2020.01.26-22.15.02:558][  0]LogMemory: Platform Memory Stats for Windows
[2020.01.26-22.15.02:558][  0]LogMemory: Process Physical Memory: 100.68 MB used, 100.68 MB peak
[2020.01.26-22.15.02:558][  0]LogMemory: Process Virtual Memory: 100.68 MB used, 100.68 MB peak
[2020.01.26-22.15.02:558][  0]LogMemory: Physical Memory: 4435.93 MB used,  3681.13 MB free, 8117.06 MB total
[2020.01.26-22.15.02:558][  0]LogMemory: Virtual Memory: 4668.44 MB used,  134213056.00 MB free, 134217728.00 MB total
[2020.01.26-22.15.02:562][  0]LogWindows: WindowsPlatformFeatures enabled
[2020.01.26-22.15.02:599][  0]LogInit: Using OS detected language (en-US).
[2020.01.26-22.15.02:599][  0]LogInit: Using OS detected locale (en-US).
[2020.01.26-22.15.02:600][  0]LogTextLocalizationManager: No specific localization for 'en-US' exists, so the 'en' localization will be used.
[2020.01.26-22.15.02:971][  0]LogInit: Setting process to per monitor DPI aware
[2020.01.26-22.15.03:039][  0]LogSlate: New Slate User Created.  User Index 0, Is Virtual User: 0
[2020.01.26-22.15.03:039][  0]LogSlate: Slate User Registered.  User Index 0, Is Virtual User: 0
[2020.01.26-22.15.03:475][  0]LogHMD: Failed to initialize OpenVR with code 110
[2020.01.26-22.15.03:476][  0]LogD3D11RHI: D3D11 adapters:
[2020.01.26-22.15.03:594][  0]LogD3D11RHI:    0. 'Intel(R) UHD Graphics 620' (Feature Level 11_0)
[2020.01.26-22.15.03:594][  0]LogD3D11RHI:       128/0/4058 MB DedicatedVideo/DedicatedSystem/SharedSystem, Outputs:1, VendorId:0x8086
[2020.01.26-22.15.03:601][  0]LogD3D11RHI:    1. 'Microsoft Basic Render Driver' (Feature Level 11_0)
[2020.01.26-22.15.03:601][  0]LogD3D11RHI:       0/0/4058 MB DedicatedVideo/DedicatedSystem/SharedSystem, Outputs:0, VendorId:0x1414
[2020.01.26-22.15.03:601][  0]LogD3D11RHI: Chosen D3D11 Adapter: 0
[2020.01.26-22.15.03:616][  0]LogD3D11RHI: Creating new Direct3DDevice
[2020.01.26-22.15.03:616][  0]LogD3D11RHI:     GPU DeviceId: 0x5917 (for the marketing name, search the web for "GPU Device Id")
[2020.01.26-22.15.03:616][  0]LogWindows: EnumDisplayDevices:
[2020.01.26-22.15.03:616][  0]LogWindows:    0. 'Intel(R) UHD Graphics 620' (P:1 D:1)
[2020.01.26-22.15.03:617][  0]LogWindows:    1. 'Intel(R) UHD Graphics 620' (P:0 D:0)
[2020.01.26-22.15.03:618][  0]LogWindows:    2. 'Intel(R) UHD Graphics 620' (P:0 D:0)
[2020.01.26-22.15.03:619][  0]LogWindows: DebugString: FoundDriverCount:3 
[2020.01.26-22.15.03:619][  0]LogD3D11RHI:     Adapter Name: Intel(R) UHD Graphics 620
[2020.01.26-22.15.03:619][  0]LogD3D11RHI:   Driver Version: 25.20.100.6471 (internal:25.20.100.6471, unified:25.20.100.6471)
[2020.01.26-22.15.03:619][  0]LogD3D11RHI:      Driver Date: 12-28-2018
[2020.01.26-22.15.03:619][  0]LogRHI: Texture pool is 1510 MB (70% of 2157 MB)
[2020.01.26-22.15.03:757][  0]LogD3D11RHI: [IntelMetricsDiscovery] Started
[2020.01.26-22.15.03:757][  0]LogD3D11RHI: Async texture creation enabled
[2020.01.26-22.15.03:768][  0]LogD3D11RHI: GPU Timing Frequency: 12.000048 (Debug: 2 0)
[2020.01.26-22.15.04:629][  0]LogTemp: Display: Module 'AllDesktopTargetPlatform' loaded TargetPlatform 'AllDesktop'
[2020.01.26-22.15.04:662][  0]LogTemp: Display: Module 'MacClientTargetPlatform' loaded TargetPlatform 'MacClient'
[2020.01.26-22.15.04:691][  0]LogTemp: Display: Module 'MacNoEditorTargetPlatform' loaded TargetPlatform 'MacNoEditor'
[2020.01.26-22.15.04:718][  0]LogTemp: Display: Module 'MacServerTargetPlatform' loaded TargetPlatform 'MacServer'
[2020.01.26-22.15.04:740][  0]LogTemp: Display: Module 'MacTargetPlatform' loaded TargetPlatform 'Mac'
[2020.01.26-22.15.04:768][  0]LogTemp: Display: Module 'WindowsClientTargetPlatform' loaded TargetPlatform 'WindowsClient'
[2020.01.26-22.15.04:797][  0]LogTemp: Display: Module 'WindowsNoEditorTargetPlatform' loaded TargetPlatform 'WindowsNoEditor'
[2020.01.26-22.15.04:817][  0]LogTemp: Display: Module 'WindowsServerTargetPlatform' loaded TargetPlatform 'WindowsServer'
[2020.01.26-22.15.04:829][  0]LogTemp: Display: Module 'WindowsTargetPlatform' loaded TargetPlatform 'Windows'
[2020.01.26-22.15.04:925][  0]LogTemp: Display: Module 'AndroidTargetPlatform' loaded TargetPlatform 'Android'
[2020.01.26-22.15.04:925][  0]LogTemp: Display: Module 'AndroidTargetPlatform' loaded TargetPlatform 'Android_ASTC'
[2020.01.26-22.15.04:925][  0]LogTemp: Display: Module 'AndroidTargetPlatform' loaded TargetPlatform 'Android_ATC'
[2020.01.26-22.15.04:925][  0]LogTemp: Display: Module 'AndroidTargetPlatform' loaded TargetPlatform 'Android_DXT'
[2020.01.26-22.15.04:925][  0]LogTemp: Display: Module 'AndroidTargetPlatform' loaded TargetPlatform 'Android_ETC1'
[2020.01.26-22.15.04:925][  0]LogTemp: Display: Module 'AndroidTargetPlatform' loaded TargetPlatform 'Android_ETC1a'
[2020.01.26-22.15.04:925][  0]LogTemp: Display: Module 'AndroidTargetPlatform' loaded TargetPlatform 'Android_ETC2'
[2020.01.26-22.15.04:925][  0]LogTemp: Display: Module 'AndroidTargetPlatform' loaded TargetPlatform 'Android_PVRTC'
[2020.01.26-22.15.04:926][  0]LogTemp: Display: Module 'AndroidTargetPlatform' loaded TargetPlatform 'AndroidClient'
[2020.01.26-22.15.04:926][  0]LogTemp: Display: Module 'AndroidTargetPlatform' loaded TargetPlatform 'Android_ASTCClient'
[2020.01.26-22.15.04:926][  0]LogTemp: Display: Module 'AndroidTargetPlatform' loaded TargetPlatform 'Android_ATCClient'
[2020.01.26-22.15.04:926][  0]LogTemp: Display: Module 'AndroidTargetPlatform' loaded TargetPlatform 'Android_DXTClient'
[2020.01.26-22.15.04:926][  0]LogTemp: Display: Module 'AndroidTargetPlatform' loaded TargetPlatform 'Android_ETC1Client'
[2020.01.26-22.15.04:926][  0]LogTemp: Display: Module 'AndroidTargetPlatform' loaded TargetPlatform 'Android_ETC1aClient'
[2020.01.26-22.15.04:926][  0]LogTemp: Display: Module 'AndroidTargetPlatform' loaded TargetPlatform 'Android_ETC2Client'
[2020.01.26-22.15.04:926][  0]LogTemp: Display: Module 'AndroidTargetPlatform' loaded TargetPlatform 'Android_PVRTCClient'
[2020.01.26-22.15.04:926][  0]LogTemp: Display: Module 'AndroidTargetPlatform' loaded TargetPlatform 'Android_Multi'
[2020.01.26-22.15.04:926][  0]LogTemp: Display: Module 'AndroidTargetPlatform' loaded TargetPlatform 'Android_MultiClient'
[2020.01.26-22.15.04:931][  0]LogTemp: Display: Module 'HTML5TargetPlatform' loaded TargetPlatform 'HTML5'
[2020.01.26-22.15.04:976][  0]LogTemp: Display: Module 'IOSTargetPlatform' loaded TargetPlatform 'IOSClient'
[2020.01.26-22.15.04:976][  0]LogTemp: Display: Module 'IOSTargetPlatform' loaded TargetPlatform 'IOS'
[2020.01.26-22.15.05:018][  0]LogTemp: Display: Module 'TVOSTargetPlatform' loaded TargetPlatform 'TVOSClient'
[2020.01.26-22.15.05:018][  0]LogTemp: Display: Module 'TVOSTargetPlatform' loaded TargetPlatform 'TVOS'
[2020.01.26-22.15.05:044][  0]LogTemp: Display: Module 'LinuxClientTargetPlatform' loaded TargetPlatform 'LinuxClient'
[2020.01.26-22.15.05:070][  0]LogTemp: Display: Module 'LinuxNoEditorTargetPlatform' loaded TargetPlatform 'LinuxNoEditor'
[2020.01.26-22.15.05:091][  0]LogTemp: Display: Module 'LinuxServerTargetPlatform' loaded TargetPlatform 'LinuxServer'
[2020.01.26-22.15.05:110][  0]LogTemp: Display: Module 'LinuxTargetPlatform' loaded TargetPlatform 'Linux'
[2020.01.26-22.15.05:179][  0]LogTemp: Display: Module 'LuminTargetPlatform' loaded TargetPlatform 'Lumin'
[2020.01.26-22.15.05:179][  0]LogTemp: Display: Module 'LuminTargetPlatform' loaded TargetPlatform 'LuminClient'
[2020.01.26-22.15.05:179][  0]LogTargetPlatformManager: Display: Building Assets For Windows
[2020.01.26-22.15.05:208][  0]LogAudioDebug: Display: Lib vorbis DLL was dynamically loaded.
[2020.01.26-22.15.05:339][  0]LogShaderCompilers: Guid format shader working directory is -28 characters bigger than the processId version (../../../../../../Users/emily/Documents/GitHub/CarnivalGame/RollerCoaster/Intermediate/Shaders/WorkingDirectory/20676/).
[2020.01.26-22.15.05:339][  0]LogShaderCompilers: Cleaned the shader compiler working directory 'C:/Users/emily/AppData/Local/Temp/UnrealShaderWorkingDir/570FF8CA426CF06A17AD8F88E351CCC0/'.
[2020.01.26-22.15.05:344][  0]LogXGEController: Cleaning working directory: C:/Users/emily/AppData/Local/Temp/UnrealXGEWorkingDir/
[2020.01.26-22.15.05:344][  0]LogXGEController: Cannot use XGE Controller as Incredibuild is not installed on this machine.
[2020.01.26-22.15.05:344][  0]LogShaderCompilers: Cannot use XGE Shader Compiler as Incredibuild is not installed on this machine.
[2020.01.26-22.15.05:344][  0]LogShaderCompilers: Display: Using Local Shader Compiler.
[2020.01.26-22.15.06:667][  0]LogDerivedDataCache: Display: Max Cache Size: 512 MB
[2020.01.26-22.15.06:756][  0]LogDerivedDataCache: Loaded boot cache 0.09s 90MB C:/Users/emily/AppData/Local/UnrealEngine/4.23/DerivedDataCache/Boot.ddc.
[2020.01.26-22.15.06:756][  0]LogDerivedDataCache: Display: Loaded Boot cache: C:/Users/emily/AppData/Local/UnrealEngine/4.23/DerivedDataCache/Boot.ddc
[2020.01.26-22.15.06:756][  0]LogDerivedDataCache: FDerivedDataBackendGraph:  Pak pak cache file ../../../../../../Users/emily/Documents/GitHub/CarnivalGame/RollerCoaster/DerivedDataCache/DDC.ddp not found, will not use a pak cache.
[2020.01.26-22.15.06:756][  0]LogDerivedDataCache: Unable to find inner node Pak for hierarchical cache Hierarchy.
[2020.01.26-22.15.06:756][  0]LogDerivedDataCache: FDerivedDataBackendGraph:  CompressedPak pak cache file ../../../../../../Users/emily/Documents/GitHub/CarnivalGame/RollerCoaster/DerivedDataCache/Compressed.ddp not found, will not use a pak cache.
[2020.01.26-22.15.06:757][  0]LogDerivedDataCache: Unable to find inner node CompressedPak for hierarchical cache Hierarchy.
[2020.01.26-22.15.06:775][  0]LogDerivedDataCache: Display: Pak cache opened for reading ../../../Engine/DerivedDataCache/Compressed.ddp.
[2020.01.26-22.15.06:775][  0]LogDerivedDataCache: FDerivedDataBackendGraph:  EnterprisePak pak cache file ../../../Enterprise/DerivedDataCache/Compressed.ddp not found, will not use a pak cache.
[2020.01.26-22.15.06:776][  0]LogDerivedDataCache: Unable to find inner node EnterprisePak for hierarchical cache Hierarchy.
[2020.01.26-22.15.06:777][  0]LogDerivedDataCache: Using Local data cache path C:/Users/emily/AppData/Local/UnrealEngine/Common/DerivedDataCache: Writable
[2020.01.26-22.15.06:777][  0]LogDerivedDataCache: Shared data cache path not found in *engine.ini, will not use an Shared cache.
[2020.01.26-22.15.06:778][  0]LogDerivedDataCache: Unable to find inner node Shared for hierarchical cache Hierarchy.
[2020.01.26-22.15.06:826][  0]LogMaterial: Verifying Global Shaders for PCD3D_SM5
[2020.01.26-22.15.06:832][  0]LogSlate: Using FreeType 2.6.0
[2020.01.26-22.15.06:833][  0]LogSlate: SlateFontServices - WITH_FREETYPE: 1, WITH_HARFBUZZ: 1
[2020.01.26-22.15.06:936][  0]LogAssetRegistry: FAssetRegistry took 0.0047 seconds to start up
[2020.01.26-22.15.07:493][  0]LogInit: Selected Device Profile: [Windows]
[2020.01.26-22.15.07:842][  0]LogMeshReduction: Using QuadricMeshReduction for automatic static mesh reduction
[2020.01.26-22.15.07:842][  0]LogMeshReduction: Using SimplygonMeshReduction for automatic skeletal mesh reduction
[2020.01.26-22.15.07:842][  0]LogMeshReduction: Using ProxyLODMeshReduction for automatic mesh merging
[2020.01.26-22.15.07:842][  0]LogMeshReduction: No distributed automatic mesh merging module available
[2020.01.26-22.15.07:842][  0]LogMeshMerging: No distributed automatic mesh merging module available
[2020.01.26-22.15.07:860][  0]LogNetVersion: RollerCoaster 1.0.0, NetCL: 8386587, EngineNetVer: 11, GameNetVer: 0 (Checksum: 1695572160)
[2020.01.26-22.15.08:703][  0]LogPackageLocalizationCache: Processed 12 localized package path(s) for 1 prioritized culture(s) in 0.113371 seconds
[2020.01.26-22.15.08:715][  0]LogUObjectArray: 43444 objects as part of root set at end of initial load.
[2020.01.26-22.15.08:715][  0]LogUObjectAllocator: 7548648 out of 0 bytes used by permanent object pool.
[2020.01.26-22.15.08:715][  0]LogUObjectArray: CloseDisregardForGC: 0/0 objects in disregard for GC pool
[2020.01.26-22.15.10:460][  0]LogTcpMessaging: Initializing TcpMessaging bridge
[2020.01.26-22.15.10:465][  0]LogUdpMessaging: Initializing bridge on interface 0.0.0.0:0 to multicast group 230.0.0.1:6666.
[2020.01.26-22.15.10:564][  0]SourceControl: Source control is disabled
[2020.01.26-22.15.10:564][  0]SourceControl: Source control is disabled
[2020.01.26-22.15.10:567][  0]SourceControl: Source control is disabled
[2020.01.26-22.15.10:569][  0]SourceControl: Source control is disabled
[2020.01.26-22.15.10:748][  0]LogAndroidPermission: UAndroidPermissionCallbackProxy::GetInstance
[2020.01.26-22.15.10:969][  0]LogOcInput: OculusInput pre-init called
[2020.01.26-22.15.10:985][  0]LogWindows: Failed to load 'OVRPlugin.dll' (GetLastError=126)
[2020.01.26-22.15.10:985][  0]LogWindows: File 'OVRPlugin.dll' does not exist
[2020.01.26-22.15.11:129][  0]LogEngine: Initializing Engine...
[2020.01.26-22.15.11:130][  0]LogHMD: Failed to initialize OpenVR with code 110
[2020.01.26-22.15.11:133][  0]LogStats: UGameplayTagsManager::InitializeManager -  0.000 s
[2020.01.26-22.15.11:575][  0]LogInit: Initializing FReadOnlyCVARCache
[2020.01.26-22.15.11:609][  0]LogAIModule: Creating AISystem for world Untitled
[2020.01.26-22.15.11:631][  0]LogInit: XAudio2 using 'Headphones (Realtek High Definition Audio(SST))' : 2 channels at 48 kHz using 32 bits per sample (channel mask 0x3)
[2020.01.26-22.15.12:276][  0]LogInit: FAudioDevice initialized.
[2020.01.26-22.15.12:276][  0]LogNetVersion: Set ProjectVersion to 1.0.0.0. Version Checksum will be recalculated on next use.
[2020.01.26-22.15.12:369][  0]LogDerivedDataCache: Saved boot cache 0.09s 74MB C:/Users/emily/AppData/Local/UnrealEngine/4.23/DerivedDataCache/Boot.ddc.
[2020.01.26-22.15.12:377][  0]LogInit: Texture streaming: Enabled
[2020.01.26-22.15.12:415][  0]LogEngineSessionManager: EngineSessionManager initialized
[2020.01.26-22.15.12:415][  0]LogEngineSessionManager: EngineSessionManager sent abnormal shutdown report. Type=Crashed, SessionId={CCBF6C8D-4B19-2424-0CBA-BD89EDBB3B60}
[2020.01.26-22.15.12:415][  0]LogEditorSessionSummary: Verbose: Initializing EditorSessionSummaryWriter for editor session tracking
[2020.01.26-22.15.12:417][  0]LogEditorSessionSummary: EditorSessionSummaryWriter initialized
[2020.01.26-22.15.12:564][  0]LogInit: Transaction tracking system initialized
[2020.01.26-22.15.12:628][  0]BlueprintLog: New page: Editor Load
[2020.01.26-22.15.12:807][  0]LocalizationService: Localization service is disabled
[2020.01.26-22.15.13:320][  0]LogFileCache: Scanning file cache for directory 'C:/Users/emily/Documents/GitHub/CarnivalGame/RollerCoaster/Content/' took 0.01s
[2020.01.26-22.15.13:320][  0]LogCook: Display: Max memory allowance for cook 16384mb min free memory 0mb
[2020.01.26-22.15.13:320][  0]LogCook: Display: Mobile HDR setting 1
[2020.01.26-22.15.13:688][  0]SourceControl: Source control is disabled
[2020.01.26-22.15.13:688][  0]Cmd: MAP LOAD FILE="../../../../../../Users/emily/Documents/GitHub/CarnivalGame/RollerCoaster/Content/VirtualRealityBP/Maps/MotionControllerMap.umap" TEMPLATE=0 SHOWPROGRESS=1 FEATURELEVEL=3
[2020.01.26-22.15.13:689][  0]LightingResults: New page: Lighting Build
[2020.01.26-22.15.13:695][  0]LogWorld: UWorld::CleanupWorld for Untitled, bSessionEnded=true, bCleanupResources=true
[2020.01.26-22.15.13:696][  0]MapCheck: New page: Map Check
[2020.01.26-22.15.13:696][  0]LightingResults: New page: Lighting Build
[2020.01.26-22.15.13:735][  0]LogUObjectHash: Compacting FUObjectHashTables data took   3.47ms
[2020.01.26-22.15.14:551][  0]LogAIModule: Creating AISystem for world MotionControllerMap
[2020.01.26-22.15.14:570][  0]LogEditorServer: Finished looking for orphan Actors (0.000 secs)
[2020.01.26-22.15.14:671][  0]LogUObjectHash: Compacting FUObjectHashTables data took   3.70ms
[2020.01.26-22.15.14:672][  0]Cmd: MAP CHECKDEP NOCLEARLOG
[2020.01.26-22.15.14:672][  0]MapCheck: Map check complete: 0 Error(s), 0 Warning(s), took 0.246ms to complete.
[2020.01.26-22.15.14:672][  0]LogFileHelpers: Loading map 'MotionControllerMap' took 0.984
[2020.01.26-22.15.14:856][  0]LogSlate: Updating window title bar state: overlay mode, drag disabled, window buttons hidden, title bar hidden
[2020.01.26-22.15.14:874][  0]LogSlate: Updating window title bar state: overlay mode, drag disabled, window buttons hidden, title bar hidden
[2020.01.26-22.15.14:892][  0]LogSlate: Updating window title bar state: overlay mode, drag disabled, window buttons hidden, title bar hidden
[2020.01.26-22.15.14:907][  0]LogSlate: Updating window title bar state: overlay mode, drag disabled, window buttons hidden, title bar hidden
[2020.01.26-22.15.14:917][  0]LogCollectionManager: Loaded 0 collections in 0.002942 seconds
[2020.01.26-22.15.14:930][  0]LogFileCache: Scanning file cache for directory 'C:/Users/emily/Documents/GitHub/CarnivalGame/RollerCoaster/Saved/Collections/' took 0.00s
[2020.01.26-22.15.14:930][  0]LogFileCache: Scanning file cache for directory 'C:/Users/emily/Documents/GitHub/CarnivalGame/RollerCoaster/Content/Developers/emily/Collections/' took 0.00s
[2020.01.26-22.15.14:930][  0]LogFileCache: Scanning file cache for directory 'C:/Users/emily/Documents/GitHub/CarnivalGame/RollerCoaster/Content/Collections/' took 0.00s
[2020.01.26-22.15.14:930][  0]LogCollectionManager: Rebuilt the GUID cache for 0 collections in 0.000003 seconds
[2020.01.26-22.15.14:950][  0]LogContentBrowser: Native class hierarchy populated in 0.0191 seconds. Added 2863 classes and 680 folders.
[2020.01.26-22.15.14:965][  0]LogContentBrowser: Native class hierarchy updated for 'WidgetCarousel' in 0.0004 seconds. Added 0 classes and 0 folders.
[2020.01.26-22.15.15:032][  0]LogContentBrowser: Native class hierarchy updated for 'AddContentDialog' in 0.0004 seconds. Added 0 classes and 0 folders.
[2020.01.26-22.15.15:042][  0]LogContentBrowser: Native class hierarchy updated for 'SceneOutliner' in 0.0003 seconds. Added 1 classes and 2 folders.
[2020.01.26-22.15.15:065][  0]LogSlate: Took 0.000266 seconds to synchronously load lazily loaded font '../../../Engine/Content/Slate/Fonts/Roboto-Regular.ttf' (155K)
[2020.01.26-22.15.15:069][  0]LogSlate: Took 0.000231 seconds to synchronously load lazily loaded font '../../../Engine/Content/Slate/Fonts/Roboto-Bold.ttf' (160K)
[2020.01.26-22.15.15:080][  0]LogSlate: Took 0.000338 seconds to synchronously load lazily loaded font '../../../Engine/Content/Editor/Slate/Fonts/FontAwesome.ttf' (139K)
[2020.01.26-22.15.15:233][  0]LogRenderer: Reallocating scene render targets to support 576x568 Format 26 NumSamples 1 (Frame:1).
[2020.01.26-22.15.15:482][  0]LogContentBrowser: Native class hierarchy updated for 'HierarchicalLODOutliner' in 0.0004 seconds. Added 0 classes and 0 folders.
[2020.01.26-22.15.15:483][  0]LogLoad: (Engine Initialization) Total time: 15.14 seconds
[2020.01.26-22.15.15:483][  0]LogLoad: (Engine Initialization) Total Blueprint compile time: 0.00 seconds
[2020.01.26-22.15.15:563][  0]LogContentStreaming: Texture pool size now 1000 MB
[2020.01.26-22.15.16:112][  2]LogAssetRegistry: Asset discovery search completed in 9.1773 seconds
[2020.01.26-22.15.16:121][  2]LogCollectionManager: Rebuilt the object cache for 0 collections in 0.000009 seconds (found 0 objects)
[2020.01.26-22.15.16:121][  2]LogCollectionManager: Fixed up redirectors for 0 collections in 0.000128 seconds (updated 0 objects)
[2020.01.26-22.15.16:616][  8]LogSlate: Took 0.000538 seconds to synchronously load lazily loaded font '../../../Engine/Content/Slate/Fonts/Roboto-Light.ttf' (167K)
[2020.01.26-22.15.52:717][873]LogSlate: FSceneViewport::OnFocusLost() reason 0
[2020.01.26-22.18.25:382][570]LogEditorViewport: Clicking on Actor (LMB): PaperSpriteActor (shadow_sign_t_Sprite)
[2020.01.26-22.18.32:448][852]LogSlate: FSceneViewport::OnFocusLost() reason 0
[2020.01.26-22.18.32:647][859]LogUObjectHash: Compacting FUObjectHashTables data took   1.31ms
[2020.01.26-22.18.33:069][859]LogSavePackage: Moving '../../../../../../Users/emily/Documents/GitHub/CarnivalGame/RollerCoaster/Saved/MotionControllerMapC5D2A23243469244DDD3A0B30FFF8440.tmp' to '../../../../../../Users/emily/Documents/GitHub/CarnivalGame/RollerCoaster/Content/VirtualRealityBP/Maps/MotionControllerMap.umap'
[2020.01.26-22.18.33:577][859]LogSavePackage: Moving '../../../../../../Users/emily/Documents/GitHub/CarnivalGame/RollerCoaster/Saved/MotionControllerMap_BuiltData44FC30A648C8219D6150439CA4B79B25.tmp' to '../../../../../../Users/emily/Documents/GitHub/CarnivalGame/RollerCoaster/Content/VirtualRealityBP/Maps/MotionControllerMap_BuiltData.uasset'
[2020.01.26-22.24.16:059][ 44]LogEditorSessionSummary: EditorSessionSummary sent report. Type=Crashed, SessionId={773F334A-4693-8BB6-1595-52AF1AE73ADE}
[2020.01.26-22.25.16:080][852]LogEditorSessionSummary: EditorSessionSummary sent report. Type=Crashed, SessionId={CCBF6C8D-4B19-2424-0CBA-BD89EDBB3B60}
[2020.01.26-22.33.33:381][935]LogD3D11RHI: Timed out while waiting for GPU to catch up. (0.5 s) (ErrorCode 00000001)
[2020.01.27-05.14.34:817][142]LogHttp: Warning: 000002CF1DBFC2C0: invalid HTTP response code received. URL: https://datarouter.ol.epicgames.com/datarouter/api/v1/public/data?SessionID=%7B3CB7B353-47D3-74A5-FF4E-BEBC04ECC19C%7D&AppID=UEEditor.Rocket.Release&AppVersion=4.23.1-9631420%2B%2B%2BUE4%2BRelease-4.23&UserID=c4aa6cad4b7c98f739d12f831585bb81%7Ca3eecfbc7c5e48a3b945a7624252e30e%7C073fa29b-8b46-47dd-a71c-a47d751364d3&AppEnvironment=datacollector-binary&UploadType=eteventstream, HTTP code: 0, content length: -1, actual payload size: 0
[2020.01.27-05.14.34:819][142]LogHttp: Warning: 000002CF1DBFC2C0: request failed, libcurl error: 56 (Failure when receiving data from the peer)
[2020.01.27-05.14.34:819][142]LogHttp: Warning: 000002CF1DBFC2C0: libcurl info message cache 0 (Found bundle for host datarouter.ol.epicgames.com: 0x2cf41a0bf70 [can pipeline])
[2020.01.27-05.14.34:819][142]LogHttp: Warning: 000002CF1DBFC2C0: libcurl info message cache 1 (Re-using existing connection! (#54) with host datarouter.ol.epicgames.com)
[2020.01.27-05.14.34:819][142]LogHttp: Warning: 000002CF1DBFC2C0: libcurl info message cache 2 (Connected to datarouter.ol.epicgames.com (34.232.40.138) port 443 (#54))
[2020.01.27-05.14.34:819][142]LogHttp: Warning: 000002CF1DBFC2C0: libcurl info message cache 3 (We are completely uploaded and fine)
[2020.01.27-05.14.34:819][142]LogHttp: Warning: 000002CF1DBFC2C0: libcurl info message cache 4 (OpenSSL SSL_read: SSL_ERROR_SYSCALL, errno 10054)
[2020.01.27-05.14.34:819][142]LogHttp: Warning: 000002CF1DBFC2C0: libcurl info message cache 5 (Connection died, retrying a fresh connect)
[2020.01.27-05.14.34:819][142]LogHttp: Warning: 000002CF1DBFC2C0: libcurl info message cache 6 (necessary data rewind wasn't possible)
[2020.01.27-05.14.34:819][142]LogHttp: Warning: 000002CF1DBFC2C0: libcurl info message cache 7 (Closing connection 54)
[2020.01.27-05.14.34:821][142]LogHttp: Warning: Retry exhausted on https://datarouter.ol.epicgames.com/datarouter/api/v1/public/data?SessionID=%7B3CB7B353-47D3-74A5-FF4E-BEBC04ECC19C%7D&AppID=UEEditor.Rocket.Release&AppVersion=4.23.1-9631420%2B%2B%2BUE4%2BRelease-4.23&UserID=c4aa6cad4b7c98f739d12f831585bb81%7Ca3eecfbc7c5e48a3b945a7624252e30e%7C073fa29b-8b46-47dd-a71c-a47d751364d3&AppEnvironment=datacollector-binary&UploadType=eteventstream
[2020.01.27-08.41.30:570][981]LogSlate: FSceneViewport::OnFocusLost() reason 2
[2020.01.27-08.41.32:243][ 45]LogSlate: FSceneViewport::OnFocusLost() reason 5
[2020.01.27-08.41.32:248][ 45]LogAssetEditorManager: Opening Asset editor for LevelScriptBlueprint /Game/VirtualRealityBP/Maps/MotionControllerMap.MotionControllerMap:PersistentLevel.MotionControllerMap
[2020.01.27-08.41.33:258][ 45]LogContentBrowser: Native class hierarchy updated for 'BlueprintGraph' in 0.0053 seconds. Added 121 classes and 0 folders.
[2020.01.27-08.41.34:673][ 45]LogSlate: Took 0.007281 seconds to synchronously load lazily loaded font '../../../Engine/Content/Slate/Fonts/Roboto-BoldCondensed.ttf' (158K)
[2020.01.27-08.41.34:875][ 46]LogSlate: Took 0.007600 seconds to synchronously load lazily loaded font '../../../Engine/Content/Slate/Fonts/Roboto-Italic.ttf' (157K)
[2020.01.27-08.42.00:799][140]BlueprintLog: New page: Compile MotionControllerMap
[2020.01.27-08.42.01:314][140]LogUObjectHash: Compacting FUObjectHashTables data took   5.86ms
[2020.01.27-08.42.02:109][162]LogUObjectHash: Compacting FUObjectHashTables data took   7.02ms
[2020.01.27-08.42.02:557][162]LogSavePackage: Moving '../../../../../../Users/emily/Documents/GitHub/CarnivalGame/RollerCoaster/Saved/MotionControllerMapFD61D4264BDEC21411B6EAA271281776.tmp' to '../../../../../../Users/emily/Documents/GitHub/CarnivalGame/RollerCoaster/Content/VirtualRealityBP/Maps/MotionControllerMap.umap'
[2020.01.27-08.42.02:618][162]LogFileHelpers: Saving map 'MotionControllerMap' took 0.577
[2020.01.27-08.42.03:172][182]LogSlate: FSceneViewport::OnFocusLost() reason 0
[2020.01.27-08.43.18:238][432]BlueprintLog: New page: Compile MotionControllerMap
[2020.01.27-08.43.19:113][432]LogUObjectHash: Compacting FUObjectHashTables data took  17.89ms
[2020.01.27-08.43.20:446][450]LogUObjectHash: Compacting FUObjectHashTables data took  14.12ms
[2020.01.27-08.43.21:709][450]LogSavePackage: Moving '../../../../../../Users/emily/Documents/GitHub/CarnivalGame/RollerCoaster/Saved/MotionControllerMap7F55614B4AC9270A3826BA9403F562D8.tmp' to '../../../../../../Users/emily/Documents/GitHub/CarnivalGame/RollerCoaster/Content/VirtualRealityBP/Maps/MotionControllerMap.umap'
[2020.01.27-08.43.21:801][450]LogFileHelpers: Saving map 'MotionControllerMap' took 1.493
[2020.01.27-08.43.23:466][483]LogSlate: FSceneViewport::OnFocusLost() reason 0
[2020.01.27-08.47.03:511][360]LogUObjectHash: Compacting FUObjectHashTables data took   8.52ms
[2020.01.27-08.47.04:086][360]LogSavePackage: Moving '../../../../../../Users/emily/Documents/GitHub/CarnivalGame/RollerCoaster/Saved/MotionControllerMap1131D8D74805FE21CBC7AD90F06A6CBD.tmp' to '../../../../../../Users/emily/Documents/GitHub/CarnivalGame/RollerCoaster/Content/VirtualRealityBP/Maps/MotionControllerMap.umap'
[2020.01.27-08.47.04:159][360]LogFileHelpers: Saving map 'MotionControllerMap' took 0.733
[2020.01.27-08.47.05:630][404]LogSlate: FSceneViewport::OnFocusLost() reason 0
[2020.01.27-08.47.30:024][212]LogUObjectHash: Compacting FUObjectHashTables data took   8.59ms
[2020.01.27-08.47.30:611][212]LogSavePackage: Moving '../../../../../../Users/emily/Documents/GitHub/CarnivalGame/RollerCoaster/Saved/MotionControllerMap9031142E40EE346BB846FC98C71201C5.tmp' to '../../../../../../Users/emily/Documents/GitHub/CarnivalGame/RollerCoaster/Content/VirtualRealityBP/Maps/MotionControllerMap.umap'
[2020.01.27-08.47.30:669][212]LogFileHelpers: Saving map 'MotionControllerMap' took 0.735
[2020.01.27-08.47.32:509][269]LogSlate: FSceneViewport::OnFocusLost() reason 0
[2020.01.27-08.50.04:021][862]BlueprintLog: New page: Compile MotionControllerMap
[2020.01.27-08.50.04:494][862]LogUObjectHash: Compacting FUObjectHashTables data took   7.65ms
[2020.01.27-08.50.34:182][842]BlueprintLog: New page: Compile MotionControllerMap
[2020.01.27-08.50.34:628][842]LogUObjectHash: Compacting FUObjectHashTables data took   8.80ms
[2020.01.27-08.50.38:067][938]LogUObjectHash: Compacting FUObjectHashTables data took   6.69ms
[2020.01.27-08.50.38:691][938]LogSavePackage: Moving '../../../../../../Users/emily/Documents/GitHub/CarnivalGame/RollerCoaster/Saved/MotionControllerMap86CA37AA4B91C55106D15CBF54EEA86E.tmp' to '../../../../../../Users/emily/Documents/GitHub/CarnivalGame/RollerCoaster/Content/VirtualRealityBP/Maps/MotionControllerMap.umap'
[2020.01.27-08.50.38:756][938]LogFileHelpers: Saving map 'MotionControllerMap' took 0.759
[2020.01.27-08.50.42:931][ 60]LogSlate: FSceneViewport::OnFocusLost() reason 0
[2020.01.27-08.50.45:090][141]LogSlate: FSceneViewport::OnFocusLost() reason 0
[2020.01.27-08.52.04:991][748]LogSlate: FSceneViewport::OnFocusLost() reason 0
[2020.01.27-08.53.01:836][697]LogSlate: FSceneViewport::OnFocusLost() reason 0
[2020.01.27-08.53.03:150][733]Cmd: EDIT COPY
[2020.01.27-08.53.03:726][750]Cmd: EDIT PASTE
[2020.01.27-08.53.17:488][169]LogSlate: FSceneViewport::OnFocusLost() reason 0
[2020.01.27-08.53.25:169][423]LogUObjectHash: Compacting FUObjectHashTables data took  11.30ms
[2020.01.27-08.53.25:979][423]LogSavePackage: Moving '../../../../../../Users/emily/Documents/GitHub/CarnivalGame/RollerCoaster/Saved/MotionControllerMap974280DF418DD8B86EDB7BA185F6A850.tmp' to '../../../../../../Users/emily/Documents/GitHub/CarnivalGame/RollerCoaster/Content/VirtualRealityBP/Maps/MotionControllerMap.umap'
[2020.01.27-08.53.26:502][423]LogSavePackage: Moving '../../../../../../Users/emily/Documents/GitHub/CarnivalGame/RollerCoaster/Saved/MotionControllerMap_BuiltDataBA02A762400F79E86236F4A54AA348A0.tmp' to '../../../../../../Users/emily/Documents/GitHub/CarnivalGame/RollerCoaster/Content/VirtualRealityBP/Maps/MotionControllerMap_BuiltData.uasset'
[2020.01.27-08.53.31:195][572]Cmd: CAMERA ALIGN ACTIVEVIEWPORTONLY
[2020.01.27-08.53.50:378][ 84]LogSlate: FSceneViewport::OnFocusLost() reason 0
[2020.01.27-08.54.29:586][ 94]LogSlate: FSceneViewport::OnFocusLost() reason 0
[2020.01.27-08.54.42:780][480]LogSlate: FSceneViewport::OnFocusLost() reason 0
[2020.01.27-08.54.54:763][830]LogUObjectHash: Compacting FUObjectHashTables data took  10.84ms
[2020.01.27-08.54.55:490][830]LogSavePackage: Moving '../../../../../../Users/emily/Documents/GitHub/CarnivalGame/RollerCoaster/Saved/MotionControllerMap4690ACDC4F7D58FFA7DF609640ED0413.tmp' to '../../../../../../Users/emily/Documents/GitHub/CarnivalGame/RollerCoaster/Content/VirtualRealityBP/Maps/MotionControllerMap.umap'
[2020.01.27-08.54.55:961][830]LogSavePackage: Moving '../../../../../../Users/emily/Documents/GitHub/CarnivalGame/RollerCoaster/Saved/MotionControllerMap_BuiltData416F8BC04C52E165C5D8519C22DA89B7.tmp' to '../../../../../../Users/emily/Documents/GitHub/CarnivalGame/RollerCoaster/Content/VirtualRealityBP/Maps/MotionControllerMap_BuiltData.uasset'
[2020.01.27-08.55.00:320][970]LogRenderer: Reallocating scene render targets to support 580x568 Format 26 NumSamples 1 (Frame:44534).
[2020.01.27-08.55.00:554][971]LogRenderer: Reallocating scene render targets to support 588x568 Format 26 NumSamples 1 (Frame:44536).
[2020.01.27-08.55.00:613][972]LogRenderer: Reallocating scene render targets to support 592x568 Format 26 NumSamples 1 (Frame:44538).
[2020.01.27-08.56.39:840][145]Cmd: OBJ SAVEPACKAGE PACKAGE="/Game/RollerCoaster/Art/ghoat_sign" FILE="../../../../../../Users/emily/Documents/GitHub/CarnivalGame/RollerCoaster/Content/RollerCoaster/Art/ghoat_sign.uasset" SILENT=true
[2020.01.27-08.56.39:886][145]LogSavePackage: Moving '../../../../../../Users/emily/Documents/GitHub/CarnivalGame/RollerCoaster/Saved/ghoat_signA81BCD39483ACAF10F4A899E1053A2B5.tmp' to '../../../../../../Users/emily/Documents/GitHub/CarnivalGame/RollerCoaster/Content/RollerCoaster/Art/ghoat_sign.uasset'
[2020.01.27-08.56.40:049][145]LogSavePackage: Moving '../../../../../../Users/emily/Documents/GitHub/CarnivalGame/RollerCoaster/Saved/ghoat_sign_Mat73B2253F40B594A05179A4B6F9B44380.tmp' to '../../../../../../Users/emily/Documents/GitHub/CarnivalGame/RollerCoaster/Content/RollerCoaster/Art/ghoat_sign_Mat.uasset'
[2020.01.27-08.56.40:137][145]LogSavePackage: Moving '../../../../../../Users/emily/Documents/GitHub/CarnivalGame/RollerCoaster/Saved/ghoat_sign_T22E64227498762A0E2C8D89304E0FB20.tmp' to '../../../../../../Users/emily/Documents/GitHub/CarnivalGame/RollerCoaster/Content/RollerCoaster/Art/ghoat_sign_T.uasset'
[2020.01.27-08.56.40:247][145]LogSavePackage: Moving '../../../../../../Users/emily/Documents/GitHub/CarnivalGame/RollerCoaster/Saved/ghoat_sign_T_MatD44E215546F5E53AA1116981C76F6781.tmp' to '../../../../../../Users/emily/Documents/GitHub/CarnivalGame/RollerCoaster/Content/RollerCoaster/Art/ghoat_sign_T_Mat.uasset'
[2020.01.27-08.56.40:279][145]Cmd: OBJ SAVEPACKAGE PACKAGE="/Game/RollerCoaster/Art/shadow_sign" FILE="../../../../../../Users/emily/Documents/GitHub/CarnivalGame/RollerCoaster/Content/RollerCoaster/Art/shadow_sign.uasset" SILENT=true
[2020.01.27-08.56.40:331][145]LogSavePackage: Moving '../../../../../../Users/emily/Documents/GitHub/CarnivalGame/RollerCoaster/Saved/shadow_signC87D25E84266F2ED7CA370B52DB6AD08.tmp' to '../../../../../../Users/emily/Documents/GitHub/CarnivalGame/RollerCoaster/Content/RollerCoaster/Art/shadow_sign.uasset'
[2020.01.27-08.56.40:421][145]LogSavePackage: Moving '../../../../../../Users/emily/Documents/GitHub/CarnivalGame/RollerCoaster/Saved/shadow_sign_t0E5EF2EC469541483EFD6D92D96678DF.tmp' to '../../../../../../Users/emily/Documents/GitHub/CarnivalGame/RollerCoaster/Content/RollerCoaster/Art/shadow_sign_t.uasset'
[2020.01.27-08.56.41:447][145]LogUObjectHash: Compacting FUObjectHashTables data took   5.08ms
[2020.01.27-08.56.41:504][145]LogUObjectHash: Compacting FUObjectHashTables data took   1.22ms
[2020.01.27-08.56.41:552][145]LogUObjectHash: Compacting FUObjectHashTables data took   1.23ms
[2020.01.27-08.56.41:607][145]LogUObjectHash: Compacting FUObjectHashTables data took   1.24ms
[2020.01.27-08.56.41:655][145]LogUObjectHash: Compacting FUObjectHashTables data took   1.21ms
[2020.01.27-08.56.41:702][145]LogUObjectHash: Compacting FUObjectHashTables data took   1.14ms
[2020.01.27-08.56.41:752][145]LogUObjectHash: Compacting FUObjectHashTables data took   3.94ms
[2020.01.27-08.56.41:803][145]LogUObjectHash: Compacting FUObjectHashTables data took   1.28ms
[2020.01.27-08.56.41:890][145]LogSavePackage: Moving '../../../../../../Users/emily/Documents/GitHub/CarnivalGame/RollerCoaster/Saved/ghoat_sign_T_SpriteBFA9B56C4D23D9A826114596D7A8B25A.tmp' to '../../../../../../Users/emily/Documents/GitHub/CarnivalGame/RollerCoaster/Content/RollerCoaster/ghoat_sign_T_Sprite.uasset'
[2020.01.27-08.56.41:961][145]LogSavePackage: Moving '../../../../../../Users/emily/Documents/GitHub/CarnivalGame/RollerCoaster/Saved/shadow_sign_t_Sprite7DF21F874C551C129E34ADAA2A6FD743.tmp' to '../../../../../../Users/emily/Documents/GitHub/CarnivalGame/RollerCoaster/Content/RollerCoaster/shadow_sign_t_Sprite.uasset'
[2020.01.27-08.57.06:428][824]LogSlate: Window 'Pick Parent Class' being destroyed
[2020.01.27-08.57.51:165][574]LogAssetEditorManager: Opening Asset editor for Blueprint /Game/RollerCoaster/InteractiveButton.InteractiveButton
[2020.01.27-08.57.51:881][575]LogRenderer: Reallocating scene render targets to support 728x568 Format 26 NumSamples 1 (Frame:1).
[2020.01.27-08.58.28:497][293]LogActorFactory: Actor Factory created Shape_Tube
[2020.01.27-08.58.29:638][329]LogActorFactory: Actor Factory created Shape_Tube
[2020.01.27-08.58.31:434][385]LogSlate: FSceneViewport::OnFocusLost() reason 5
[2020.01.27-08.58.49:076][812]LogPhysics: Warning: PopulatePhysXGeometryAndTransform(Convex): ConvexElem has invalid transform
[2020.01.27-08.58.49:088][812]LogPhysics: Warning: ForeachShape(Convex): ScaledElem[0] invalid
[2020.01.27-08.58.49:089][812]LogPhysics: Warning: PopulatePhysXGeometryAndTransform(Convex): ConvexElem has invalid transform
[2020.01.27-08.58.49:089][812]LogPhysics: Warning: ForeachShape(Convex): ScaledElem[0] invalid
[2020.01.27-08.58.49:129][813]LogPhysics: Warning: PopulatePhysXGeometryAndTransform(Convex): ConvexElem has invalid transform
[2020.01.27-08.58.49:129][813]LogPhysics: Warning: ForeachShape(Convex): ScaledElem[0] invalid
[2020.01.27-08.58.49:130][813]LogPhysics: Warning: PopulatePhysXGeometryAndTransform(Convex): ConvexElem has invalid transform
[2020.01.27-08.58.49:130][813]LogPhysics: Warning: ForeachShape(Convex): ScaledElem[0] invalid
[2020.01.27-08.58.49:131][813]LogPhysics: Warning: PopulatePhysXGeometryAndTransform(Convex): ConvexElem has invalid transform
[2020.01.27-08.58.49:131][813]LogPhysics: Warning: ForeachShape(Convex): ScaledElem[0] invalid
[2020.01.27-08.58.49:160][814]LogPhysics: Warning: PopulatePhysXGeometryAndTransform(Convex): ConvexElem has invalid transform
[2020.01.27-08.58.49:160][814]LogPhysics: Warning: ForeachShape(Convex): ScaledElem[0] invalid
[2020.01.27-08.58.49:161][814]LogPhysics: Warning: PopulatePhysXGeometryAndTransform(Convex): ConvexElem has invalid transform
[2020.01.27-08.58.49:161][814]LogPhysics: Warning: ForeachShape(Convex): ScaledElem[0] invalid
[2020.01.27-08.58.49:161][814]LogPhysics: Warning: PopulatePhysXGeometryAndTransform(Convex): ConvexElem has invalid transform
[2020.01.27-08.58.49:161][814]LogPhysics: Warning: ForeachShape(Convex): ScaledElem[0] invalid
[2020.01.27-08.58.49:212][815]LogPhysics: Warning: PopulatePhysXGeometryAndTransform(Convex): ConvexElem has invalid transform
[2020.01.27-08.58.49:212][815]LogPhysics: Warning: ForeachShape(Convex): ScaledElem[0] invalid
[2020.01.27-08.58.49:213][815]LogPhysics: Warning: PopulatePhysXGeometryAndTransform(Convex): ConvexElem has invalid transform
[2020.01.27-08.58.49:213][815]LogPhysics: Warning: ForeachShape(Convex): ScaledElem[0] invalid
[2020.01.27-08.58.49:213][815]LogPhysics: Warning: PopulatePhysXGeometryAndTransform(Convex): ConvexElem has invalid transform
[2020.01.27-08.58.49:214][815]LogPhysics: Warning: ForeachShape(Convex): ScaledElem[0] invalid
[2020.01.27-08.58.49:245][816]LogPhysics: Warning: PopulatePhysXGeometryAndTransform(Convex): ConvexElem has invalid transform
[2020.01.27-08.58.49:245][816]LogPhysics: Warning: ForeachShape(Convex): ScaledElem[0] invalid
[2020.01.27-08.58.49:246][816]LogPhysics: Warning: PopulatePhysXGeometryAndTransform(Convex): ConvexElem has invalid transform
[2020.01.27-08.58.49:246][816]LogPhysics: Warning: ForeachShape(Convex): ScaledElem[0] invalid
[2020.01.27-08.58.49:246][816]LogPhysics: Warning: PopulatePhysXGeometryAndTransform(Convex): ConvexElem has invalid transform
[2020.01.27-08.58.49:248][816]LogPhysics: Warning: ForeachShape(Convex): ScaledElem[0] invalid
[2020.01.27-08.58.49:303][817]LogPhysics: Warning: PopulatePhysXGeometryAndTransform(Convex): ConvexElem has invalid transform
[2020.01.27-08.58.49:304][817]LogPhysics: Warning: ForeachShape(Convex): ScaledElem[0] invalid
[2020.01.27-08.58.49:304][817]LogPhysics: Warning: PopulatePhysXGeometryAndTransform(Convex): ConvexElem has invalid transform
[2020.01.27-08.58.49:305][817]LogPhysics: Warning: ForeachShape(Convex): ScaledElem[0] invalid
[2020.01.27-08.58.49:305][817]LogPhysics: Warning: PopulatePhysXGeometryAndTransform(Convex): ConvexElem has invalid transform
[2020.01.27-08.58.49:305][817]LogPhysics: Warning: ForeachShape(Convex): ScaledElem[0] invalid
[2020.01.27-08.58.49:337][818]LogPhysics: Warning: PopulatePhysXGeometryAndTransform(Convex): ConvexElem has invalid transform
[2020.01.27-08.58.49:337][818]LogPhysics: Warning: ForeachShape(Convex): ScaledElem[0] invalid
[2020.01.27-08.58.49:338][818]LogPhysics: Warning: PopulatePhysXGeometryAndTransform(Convex): ConvexElem has invalid transform
[2020.01.27-08.58.49:338][818]LogPhysics: Warning: ForeachShape(Convex): ScaledElem[0] invalid
[2020.01.27-08.58.49:339][818]LogPhysics: Warning: PopulatePhysXGeometryAndTransform(Convex): ConvexElem has invalid transform
[2020.01.27-08.58.49:339][818]LogPhysics: Warning: ForeachShape(Convex): ScaledElem[0] invalid
[2020.01.27-08.58.49:395][819]LogPhysics: Warning: PopulatePhysXGeometryAndTransform(Convex): ConvexElem has invalid transform
[2020.01.27-08.58.49:395][819]LogPhysics: Warning: ForeachShape(Convex): ScaledElem[0] invalid
[2020.01.27-08.58.49:396][819]LogPhysics: Warning: PopulatePhysXGeometryAndTransform(Convex): ConvexElem has invalid transform
[2020.01.27-08.58.49:396][819]LogPhysics: Warning: ForeachShape(Convex): ScaledElem[0] invalid
[2020.01.27-08.58.49:396][819]LogPhysics: Warning: PopulatePhysXGeometryAndTransform(Convex): ConvexElem has invalid transform
[2020.01.27-08.58.49:396][819]LogPhysics: Warning: ForeachShape(Convex): ScaledElem[0] invalid
[2020.01.27-08.58.49:427][820]LogPhysics: Warning: PopulatePhysXGeometryAndTransform(Convex): ConvexElem has invalid transform
[2020.01.27-08.58.49:427][820]LogPhysics: Warning: ForeachShape(Convex): ScaledElem[0] invalid
[2020.01.27-08.58.49:429][820]LogPhysics: Warning: PopulatePhysXGeometryAndTransform(Convex): ConvexElem has invalid transform
[2020.01.27-08.58.49:429][820]LogPhysics: Warning: ForeachShape(Convex): ScaledElem[0] invalid
[2020.01.27-08.58.49:429][820]LogPhysics: Warning: PopulatePhysXGeometryAndTransform(Convex): ConvexElem has invalid transform
[2020.01.27-08.58.49:429][820]LogPhysics: Warning: ForeachShape(Convex): ScaledElem[0] invalid
[2020.01.27-08.58.49:489][821]LogPhysics: Warning: PopulatePhysXGeometryAndTransform(Convex): ConvexElem has invalid transform
[2020.01.27-08.58.49:489][821]LogPhysics: Warning: ForeachShape(Convex): ScaledElem[0] invalid
[2020.01.27-08.58.49:490][821]LogPhysics: Warning: PopulatePhysXGeometryAndTransform(Convex): ConvexElem has invalid transform
[2020.01.27-08.58.49:490][821]LogPhysics: Warning: ForeachShape(Convex): ScaledElem[0] invalid
[2020.01.27-08.58.49:490][821]LogPhysics: Warning: PopulatePhysXGeometryAndTransform(Convex): ConvexElem has invalid transform
[2020.01.27-08.58.49:490][821]LogPhysics: Warning: ForeachShape(Convex): ScaledElem[0] invalid
[2020.01.27-08.58.49:520][822]LogPhysics: Warning: PopulatePhysXGeometryAndTransform(Convex): ConvexElem has invalid transform
[2020.01.27-08.58.49:520][822]LogPhysics: Warning: ForeachShape(Convex): ScaledElem[0] invalid
[2020.01.27-08.58.49:521][822]LogPhysics: Warning: PopulatePhysXGeometryAndTransform(Convex): ConvexElem has invalid transform
[2020.01.27-08.58.49:521][822]LogPhysics: Warning: ForeachShape(Convex): ScaledElem[0] invalid
[2020.01.27-08.58.49:522][822]LogPhysics: Warning: PopulatePhysXGeometryAndTransform(Convex): ConvexElem has invalid transform
[2020.01.27-08.58.49:522][822]LogPhysics: Warning: ForeachShape(Convex): ScaledElem[0] invalid
[2020.01.27-08.58.49:579][823]LogPhysics: Warning: PopulatePhysXGeometryAndTransform(Convex): ConvexElem has invalid transform
[2020.01.27-08.58.49:579][823]LogPhysics: Warning: ForeachShape(Convex): ScaledElem[0] invalid
[2020.01.27-08.58.49:580][823]LogPhysics: Warning: PopulatePhysXGeometryAndTransform(Convex): ConvexElem has invalid transform
[2020.01.27-08.58.49:580][823]LogPhysics: Warning: ForeachShape(Convex): ScaledElem[0] invalid
[2020.01.27-08.58.49:580][823]LogPhysics: Warning: PopulatePhysXGeometryAndTransform(Convex): ConvexElem has invalid transform
[2020.01.27-08.58.49:580][823]LogPhysics: Warning: ForeachShape(Convex): ScaledElem[0] invalid
[2020.01.27-08.58.49:611][824]LogPhysics: Warning: PopulatePhysXGeometryAndTransform(Convex): ConvexElem has invalid transform
[2020.01.27-08.58.49:611][824]LogPhysics: Warning: ForeachShape(Convex): ScaledElem[0] invalid
[2020.01.27-08.58.49:612][824]LogPhysics: Warning: PopulatePhysXGeometryAndTransform(Convex): ConvexElem has invalid transform
[2020.01.27-08.58.49:612][824]LogPhysics: Warning: ForeachShape(Convex): ScaledElem[0] invalid
[2020.01.27-08.58.49:613][824]LogPhysics: Warning: PopulatePhysXGeometryAndTransform(Convex): ConvexElem has invalid transform
[2020.01.27-08.58.49:613][824]LogPhysics: Warning: ForeachShape(Convex): ScaledElem[0] invalid
[2020.01.27-08.58.49:670][825]LogPhysics: Warning: PopulatePhysXGeometryAndTransform(Convex): ConvexElem has invalid transform
[2020.01.27-08.58.49:670][825]LogPhysics: Warning: ForeachShape(Convex): ScaledElem[0] invalid
[2020.01.27-08.58.49:671][825]LogPhysics: Warning: PopulatePhysXGeometryAndTransform(Convex): ConvexElem has invalid transform
[2020.01.27-08.58.49:671][825]LogPhysics: Warning: ForeachShape(Convex): ScaledElem[0] invalid
[2020.01.27-08.58.49:671][825]LogPhysics: Warning: PopulatePhysXGeometryAndTransform(Convex): ConvexElem has invalid transform
[2020.01.27-08.58.49:671][825]LogPhysics: Warning: ForeachShape(Convex): ScaledElem[0] invalid
[2020.01.27-08.58.49:705][826]LogPhysics: Warning: PopulatePhysXGeometryAndTransform(Convex): ConvexElem has invalid transform
[2020.01.27-08.58.49:705][826]LogPhysics: Warning: ForeachShape(Convex): ScaledElem[0] invalid
[2020.01.27-08.58.49:707][826]LogPhysics: Warning: PopulatePhysXGeometryAndTransform(Convex): ConvexElem has invalid transform
[2020.01.27-08.58.49:707][826]LogPhysics: Warning: ForeachShape(Convex): ScaledElem[0] invalid
[2020.01.27-08.58.49:708][826]LogPhysics: Warning: PopulatePhysXGeometryAndTransform(Convex): ConvexElem has invalid transform
[2020.01.27-08.58.49:708][826]LogPhysics: Warning: ForeachShape(Convex): ScaledElem[0] invalid
[2020.01.27-08.58.49:766][827]LogPhysics: Warning: PopulatePhysXGeometryAndTransform(Convex): ConvexElem has invalid transform
[2020.01.27-08.58.49:766][827]LogPhysics: Warning: ForeachShape(Convex): ScaledElem[0] invalid
[2020.01.27-08.58.49:767][827]LogPhysics: Warning: PopulatePhysXGeometryAndTransform(Convex): ConvexElem has invalid transform
[2020.01.27-08.58.49:767][827]LogPhysics: Warning: ForeachShape(Convex): ScaledElem[0] invalid
[2020.01.27-08.58.49:768][827]LogPhysics: Warning: PopulatePhysXGeometryAndTransform(Convex): ConvexElem has invalid transform
[2020.01.27-08.58.49:768][827]LogPhysics: Warning: ForeachShape(Convex): ScaledElem[0] invalid
[2020.01.27-08.58.49:799][828]LogPhysics: Warning: PopulatePhysXGeometryAndTransform(Convex): ConvexElem has invalid transform
[2020.01.27-08.58.49:799][828]LogPhysics: Warning: ForeachShape(Convex): ScaledElem[0] invalid
[2020.01.27-08.58.49:799][828]LogPhysics: Warning: PopulatePhysXGeometryAndTransform(Convex): ConvexElem has invalid transform
[2020.01.27-08.58.49:799][828]LogPhysics: Warning: ForeachShape(Convex): ScaledElem[0] invalid
[2020.01.27-08.59.00:490][ 65]LogPhysics: Warning: PopulatePhysXGeometryAndTransform(Convex): ConvexElem has invalid transform
[2020.01.27-08.59.00:490][ 65]LogPhysics: Warning: ForeachShape(Convex): ScaledElem[0] invalid
[2020.01.27-08.59.00:492][ 65]LogPhysics: Warning: PopulatePhysXGeometryAndTransform(Convex): ConvexElem has invalid transform
[2020.01.27-08.59.00:493][ 65]LogPhysics: Warning: ForeachShape(Convex): ScaledElem[0] invalid
[2020.01.27-08.59.00:524][ 66]LogPhysics: Warning: PopulatePhysXGeometryAndTransform(Convex): ConvexElem has invalid transform
[2020.01.27-08.59.00:525][ 66]LogPhysics: Warning: ForeachShape(Convex): ScaledElem[0] invalid
[2020.01.27-08.59.00:525][ 66]LogPhysics: Warning: PopulatePhysXGeometryAndTransform(Convex): ConvexElem has invalid transform
[2020.01.27-08.59.00:526][ 66]LogPhysics: Warning: ForeachShape(Convex): ScaledElem[0] invalid
[2020.01.27-08.59.00:526][ 66]LogPhysics: Warning: PopulatePhysXGeometryAndTransform(Convex): ConvexElem has invalid transform
[2020.01.27-08.59.00:526][ 66]LogPhysics: Warning: ForeachShape(Convex): ScaledElem[0] invalid
[2020.01.27-08.59.00:588][ 67]LogPhysics: Warning: PopulatePhysXGeometryAndTransform(Convex): ConvexElem has invalid transform
[2020.01.27-08.59.00:588][ 67]LogPhysics: Warning: ForeachShape(Convex): ScaledElem[0] invalid
[2020.01.27-08.59.00:589][ 67]LogPhysics: Warning: PopulatePhysXGeometryAndTransform(Convex): ConvexElem has invalid transform
[2020.01.27-08.59.00:589][ 67]LogPhysics: Warning: ForeachShape(Convex): ScaledElem[0] invalid
[2020.01.27-08.59.00:590][ 67]LogPhysics: Warning: PopulatePhysXGeometryAndTransform(Convex): ConvexElem has invalid transform
[2020.01.27-08.59.00:590][ 67]LogPhysics: Warning: ForeachShape(Convex): ScaledElem[0] invalid
[2020.01.27-08.59.00:618][ 68]LogPhysics: Warning: PopulatePhysXGeometryAndTransform(Convex): ConvexElem has invalid transform
[2020.01.27-08.59.00:618][ 68]LogPhysics: Warning: ForeachShape(Convex): ScaledElem[0] invalid
[2020.01.27-08.59.00:619][ 68]LogPhysics: Warning: PopulatePhysXGeometryAndTransform(Convex): ConvexElem has invalid transform
[2020.01.27-08.59.00:619][ 68]LogPhysics: Warning: ForeachShape(Convex): ScaledElem[0] invalid
[2020.01.27-08.59.00:619][ 68]LogPhysics: Warning: PopulatePhysXGeometryAndTransform(Convex): ConvexElem has invalid transform
[2020.01.27-08.59.00:619][ 68]LogPhysics: Warning: ForeachShape(Convex): ScaledElem[0] invalid
[2020.01.27-08.59.00:672][ 69]LogPhysics: Warning: PopulatePhysXGeometryAndTransform(Convex): ConvexElem has invalid transform
[2020.01.27-08.59.00:672][ 69]LogPhysics: Warning: ForeachShape(Convex): ScaledElem[0] invalid
[2020.01.27-08.59.00:674][ 69]LogPhysics: Warning: PopulatePhysXGeometryAndTransform(Convex): ConvexElem has invalid transform
[2020.01.27-08.59.00:674][ 69]LogPhysics: Warning: ForeachShape(Convex): ScaledElem[0] invalid
[2020.01.27-08.59.00:674][ 69]LogPhysics: Warning: PopulatePhysXGeometryAndTransform(Convex): ConvexElem has invalid transform
[2020.01.27-08.59.00:674][ 69]LogPhysics: Warning: ForeachShape(Convex): ScaledElem[0] invalid
[2020.01.27-08.59.00:704][ 70]LogPhysics: Warning: PopulatePhysXGeometryAndTransform(Convex): ConvexElem has invalid transform
[2020.01.27-08.59.00:704][ 70]LogPhysics: Warning: ForeachShape(Convex): ScaledElem[0] invalid
[2020.01.27-08.59.00:706][ 70]LogPhysics: Warning: PopulatePhysXGeometryAndTransform(Convex): ConvexElem has invalid transform
[2020.01.27-08.59.00:706][ 70]LogPhysics: Warning: ForeachShape(Convex): ScaledElem[0] invalid
[2020.01.27-08.59.00:706][ 70]LogPhysics: Warning: PopulatePhysXGeometryAndTransform(Convex): ConvexElem has invalid transform
[2020.01.27-08.59.00:706][ 70]LogPhysics: Warning: ForeachShape(Convex): ScaledElem[0] invalid
[2020.01.27-08.59.00:760][ 71]LogPhysics: Warning: PopulatePhysXGeometryAndTransform(Convex): ConvexElem has invalid transform
[2020.01.27-08.59.00:760][ 71]LogPhysics: Warning: ForeachShape(Convex): ScaledElem[0] invalid
[2020.01.27-08.59.00:761][ 71]LogPhysics: Warning: PopulatePhysXGeometryAndTransform(Convex): ConvexElem has invalid transform
[2020.01.27-08.59.00:761][ 71]LogPhysics: Warning: ForeachShape(Convex): ScaledElem[0] invalid
[2020.01.27-08.59.00:761][ 71]LogPhysics: Warning: PopulatePhysXGeometryAndTransform(Convex): ConvexElem has invalid transform
[2020.01.27-08.59.00:761][ 71]LogPhysics: Warning: ForeachShape(Convex): ScaledElem[0] invalid
[2020.01.27-08.59.00:789][ 72]LogPhysics: Warning: PopulatePhysXGeometryAndTransform(Convex): ConvexElem has invalid transform
[2020.01.27-08.59.00:789][ 72]LogPhysics: Warning: ForeachShape(Convex): ScaledElem[0] invalid
[2020.01.27-08.59.00:790][ 72]LogPhysics: Warning: PopulatePhysXGeometryAndTransform(Convex): ConvexElem has invalid transform
[2020.01.27-08.59.00:790][ 72]LogPhysics: Warning: ForeachShape(Convex): ScaledElem[0] invalid
[2020.01.27-08.59.00:791][ 72]LogPhysics: Warning: PopulatePhysXGeometryAndTransform(Convex): ConvexElem has invalid transform
[2020.01.27-08.59.00:791][ 72]LogPhysics: Warning: ForeachShape(Convex): ScaledElem[0] invalid
[2020.01.27-08.59.00:855][ 73]LogPhysics: Warning: PopulatePhysXGeometryAndTransform(Convex): ConvexElem has invalid transform
[2020.01.27-08.59.00:855][ 73]LogPhysics: Warning: ForeachShape(Convex): ScaledElem[0] invalid
[2020.01.27-08.59.00:855][ 73]LogPhysics: Warning: PopulatePhysXGeometryAndTransform(Convex): ConvexElem has invalid transform
[2020.01.27-08.59.00:856][ 73]LogPhysics: Warning: ForeachShape(Convex): ScaledElem[0] invalid
[2020.01.27-08.59.00:856][ 73]LogPhysics: Warning: PopulatePhysXGeometryAndTransform(Convex): ConvexElem has invalid transform
[2020.01.27-08.59.00:856][ 73]LogPhysics: Warning: ForeachShape(Convex): ScaledElem[0] invalid
[2020.01.27-08.59.00:886][ 74]LogPhysics: Warning: PopulatePhysXGeometryAndTransform(Convex): ConvexElem has invalid transform
[2020.01.27-08.59.00:887][ 74]LogPhysics: Warning: ForeachShape(Convex): ScaledElem[0] invalid
[2020.01.27-08.59.00:888][ 74]LogPhysics: Warning: PopulatePhysXGeometryAndTransform(Convex): ConvexElem has invalid transform
[2020.01.27-08.59.00:888][ 74]LogPhysics: Warning: ForeachShape(Convex): ScaledElem[0] invalid
[2020.01.27-08.59.00:888][ 74]LogPhysics: Warning: PopulatePhysXGeometryAndTransform(Convex): ConvexElem has invalid transform
[2020.01.27-08.59.00:888][ 74]LogPhysics: Warning: ForeachShape(Convex): ScaledElem[0] invalid
[2020.01.27-08.59.00:945][ 75]LogPhysics: Warning: PopulatePhysXGeometryAndTransform(Convex): ConvexElem has invalid transform
[2020.01.27-08.59.00:945][ 75]LogPhysics: Warning: ForeachShape(Convex): ScaledElem[0] invalid
[2020.01.27-08.59.00:946][ 75]LogPhysics: Warning: PopulatePhysXGeometryAndTransform(Convex): ConvexElem has invalid transform
[2020.01.27-08.59.00:946][ 75]LogPhysics: Warning: ForeachShape(Convex): ScaledElem[0] invalid
[2020.01.27-08.59.00:946][ 75]LogPhysics: Warning: PopulatePhysXGeometryAndTransform(Convex): ConvexElem has invalid transform
[2020.01.27-08.59.00:946][ 75]LogPhysics: Warning: ForeachShape(Convex): ScaledElem[0] invalid
[2020.01.27-08.59.00:980][ 76]LogPhysics: Warning: PopulatePhysXGeometryAndTransform(Convex): ConvexElem has invalid transform
[2020.01.27-08.59.00:980][ 76]LogPhysics: Warning: ForeachShape(Convex): ScaledElem[0] invalid
[2020.01.27-08.59.00:981][ 76]LogPhysics: Warning: PopulatePhysXGeometryAndTransform(Convex): ConvexElem has invalid transform
[2020.01.27-08.59.00:981][ 76]LogPhysics: Warning: ForeachShape(Convex): ScaledElem[0] invalid
[2020.01.27-08.59.00:981][ 76]LogPhysics: Warning: PopulatePhysXGeometryAndTransform(Convex): ConvexElem has invalid transform
[2020.01.27-08.59.00:982][ 76]LogPhysics: Warning: ForeachShape(Convex): ScaledElem[0] invalid
[2020.01.27-08.59.01:044][ 77]LogPhysics: Warning: PopulatePhysXGeometryAndTransform(Convex): ConvexElem has invalid transform
[2020.01.27-08.59.01:044][ 77]LogPhysics: Warning: ForeachShape(Convex): ScaledElem[0] invalid
[2020.01.27-08.59.01:045][ 77]LogPhysics: Warning: PopulatePhysXGeometryAndTransform(Convex): ConvexElem has invalid transform
[2020.01.27-08.59.01:045][ 77]LogPhysics: Warning: ForeachShape(Convex): ScaledElem[0] invalid
[2020.01.27-08.59.01:045][ 77]LogPhysics: Warning: PopulatePhysXGeometryAndTransform(Convex): ConvexElem has invalid transform
[2020.01.27-08.59.01:045][ 77]LogPhysics: Warning: ForeachShape(Convex): ScaledElem[0] invalid
[2020.01.27-08.59.01:075][ 78]LogPhysics: Warning: PopulatePhysXGeometryAndTransform(Convex): ConvexElem has invalid transform
[2020.01.27-08.59.01:075][ 78]LogPhysics: Warning: ForeachShape(Convex): ScaledElem[0] invalid
[2020.01.27-08.59.01:076][ 78]LogPhysics: Warning: PopulatePhysXGeometryAndTransform(Convex): ConvexElem has invalid transform
[2020.01.27-08.59.01:076][ 78]LogPhysics: Warning: ForeachShape(Convex): ScaledElem[0] invalid
[2020.01.27-08.59.01:076][ 78]LogPhysics: Warning: PopulatePhysXGeometryAndTransform(Convex): ConvexElem has invalid transform
[2020.01.27-08.59.01:076][ 78]LogPhysics: Warning: ForeachShape(Convex): ScaledElem[0] invalid
[2020.01.27-08.59.01:135][ 79]LogPhysics: Warning: PopulatePhysXGeometryAndTransform(Convex): ConvexElem has invalid transform
[2020.01.27-08.59.01:136][ 79]LogPhysics: Warning: ForeachShape(Convex): ScaledElem[0] invalid
[2020.01.27-08.59.01:137][ 79]LogPhysics: Warning: PopulatePhysXGeometryAndTransform(Convex): ConvexElem has invalid transform
[2020.01.27-08.59.01:137][ 79]LogPhysics: Warning: ForeachShape(Convex): ScaledElem[0] invalid
[2020.01.27-08.59.01:138][ 79]LogPhysics: Warning: PopulatePhysXGeometryAndTransform(Convex): ConvexElem has invalid transform
[2020.01.27-08.59.01:138][ 79]LogPhysics: Warning: ForeachShape(Convex): ScaledElem[0] invalid
[2020.01.27-08.59.01:171][ 80]LogPhysics: Warning: PopulatePhysXGeometryAndTransform(Convex): ConvexElem has invalid transform
[2020.01.27-08.59.01:171][ 80]LogPhysics: Warning: ForeachShape(Convex): ScaledElem[0] invalid
[2020.01.27-08.59.01:172][ 80]LogPhysics: Warning: PopulatePhysXGeometryAndTransform(Convex): ConvexElem has invalid transform
[2020.01.27-08.59.01:172][ 80]LogPhysics: Warning: ForeachShape(Convex): ScaledElem[0] invalid
[2020.01.27-08.59.01:173][ 80]LogPhysics: Warning: PopulatePhysXGeometryAndTransform(Convex): ConvexElem has invalid transform
[2020.01.27-08.59.01:173][ 80]LogPhysics: Warning: ForeachShape(Convex): ScaledElem[0] invalid
[2020.01.27-08.59.01:232][ 81]LogPhysics: Warning: PopulatePhysXGeometryAndTransform(Convex): ConvexElem has invalid transform
[2020.01.27-08.59.01:232][ 81]LogPhysics: Warning: ForeachShape(Convex): ScaledElem[0] invalid
[2020.01.27-08.59.01:234][ 81]LogPhysics: Warning: PopulatePhysXGeometryAndTransform(Convex): ConvexElem has invalid transform
[2020.01.27-08.59.01:234][ 81]LogPhysics: Warning: ForeachShape(Convex): ScaledElem[0] invalid
[2020.01.27-08.59.01:234][ 81]LogPhysics: Warning: PopulatePhysXGeometryAndTransform(Convex): ConvexElem has invalid transform
[2020.01.27-08.59.01:234][ 81]LogPhysics: Warning: ForeachShape(Convex): ScaledElem[0] invalid
[2020.01.27-08.59.01:263][ 82]LogPhysics: Warning: PopulatePhysXGeometryAndTransform(Convex): ConvexElem has invalid transform
[2020.01.27-08.59.01:263][ 82]LogPhysics: Warning: ForeachShape(Convex): ScaledElem[0] invalid
[2020.01.27-08.59.01:264][ 82]LogPhysics: Warning: PopulatePhysXGeometryAndTransform(Convex): ConvexElem has invalid transform
[2020.01.27-08.59.01:265][ 82]LogPhysics: Warning: ForeachShape(Convex): ScaledElem[0] invalid
[2020.01.27-08.59.01:265][ 82]LogPhysics: Warning: PopulatePhysXGeometryAndTransform(Convex): ConvexElem has invalid transform
[2020.01.27-08.59.01:265][ 82]LogPhysics: Warning: ForeachShape(Convex): ScaledElem[0] invalid
[2020.01.27-08.59.01:321][ 83]LogPhysics: Warning: PopulatePhysXGeometryAndTransform(Convex): ConvexElem has invalid transform
[2020.01.27-08.59.01:321][ 83]LogPhysics: Warning: ForeachShape(Convex): ScaledElem[0] invalid
[2020.01.27-08.59.01:322][ 83]LogPhysics: Warning: PopulatePhysXGeometryAndTransform(Convex): ConvexElem has invalid transform
[2020.01.27-08.59.01:322][ 83]LogPhysics: Warning: ForeachShape(Convex): ScaledElem[0] invalid
[2020.01.27-08.59.01:322][ 83]LogPhysics: Warning: PopulatePhysXGeometryAndTransform(Convex): ConvexElem has invalid transform
[2020.01.27-08.59.01:322][ 83]LogPhysics: Warning: ForeachShape(Convex): ScaledElem[0] invalid
[2020.01.27-08.59.01:355][ 84]LogPhysics: Warning: PopulatePhysXGeometryAndTransform(Convex): ConvexElem has invalid transform
[2020.01.27-08.59.01:355][ 84]LogPhysics: Warning: ForeachShape(Convex): ScaledElem[0] invalid
[2020.01.27-08.59.01:358][ 84]LogPhysics: Warning: PopulatePhysXGeometryAndTransform(Convex): ConvexElem has invalid transform
[2020.01.27-08.59.01:358][ 84]LogPhysics: Warning: ForeachShape(Convex): ScaledElem[0] invalid
[2020.01.27-08.59.01:359][ 84]LogPhysics: Warning: PopulatePhysXGeometryAndTransform(Convex): ConvexElem has invalid transform
[2020.01.27-08.59.01:359][ 84]LogPhysics: Warning: ForeachShape(Convex): ScaledElem[0] invalid
[2020.01.27-08.59.01:417][ 85]LogPhysics: Warning: PopulatePhysXGeometryAndTransform(Convex): ConvexElem has invalid transform
[2020.01.27-08.59.01:417][ 85]LogPhysics: Warning: ForeachShape(Convex): ScaledElem[0] invalid
[2020.01.27-08.59.01:418][ 85]LogPhysics: Warning: PopulatePhysXGeometryAndTransform(Convex): ConvexElem has invalid transform
[2020.01.27-08.59.01:418][ 85]LogPhysics: Warning: ForeachShape(Convex): ScaledElem[0] invalid
[2020.01.27-08.59.01:419][ 85]LogPhysics: Warning: PopulatePhysXGeometryAndTransform(Convex): ConvexElem has invalid transform
[2020.01.27-08.59.01:419][ 85]LogPhysics: Warning: ForeachShape(Convex): ScaledElem[0] invalid
[2020.01.27-08.59.01:446][ 86]LogPhysics: Warning: PopulatePhysXGeometryAndTransform(Convex): ConvexElem has invalid transform
[2020.01.27-08.59.01:447][ 86]LogPhysics: Warning: ForeachShape(Convex): ScaledElem[0] invalid
[2020.01.27-08.59.01:447][ 86]LogPhysics: Warning: PopulatePhysXGeometryAndTransform(Convex): ConvexElem has invalid transform
[2020.01.27-08.59.01:447][ 86]LogPhysics: Warning: ForeachShape(Convex): ScaledElem[0] invalid
[2020.01.27-08.59.10:792][279]LogSlate: FSceneViewport::OnFocusLost() reason 0
[2020.01.27-08.59.36:939][691]LogD3D11RHI: GetQueryData is taking a very long time (5.0 s)
[2020.01.27-08.59.41:940][691]LogD3D11RHI: GetQueryData is taking a very long time (10.0 s)
[2020.01.27-08.59.46:938][691]LogD3D11RHI: GetQueryData is taking a very long time (15.0 s)
