Log file open, 01/25/20 18:39:31
LogWindows: Failed to load 'aqProf.dll' (GetLastError=126)
LogWindows: File 'aqProf.dll' does not exist
LogWindows: Failed to load 'VtuneApi.dll' (GetLastError=126)
LogWindows: File 'VtuneApi.dll' does not exist
LogWindows: Failed to load 'VtuneApi32e.dll' (GetLastError=126)
LogWindows: File 'VtuneApi32e.dll' does not exist
LogConsoleResponse: Display: Failed to find resolution value strings in scalability ini. Falling back to default.
LogInit: Display: Running engine for game: RollerCoaster
LogPlatformFile: Not using cached read wrapper
LogTaskGraph: Started task graph with 5 named threads and 23 total threads with 3 sets of task threads.
LogStats: Stats thread started at 0.158663
LogD3D11RHI: Loaded GFSDK_Aftermath_Lib.x64.dll
LogICUInternationalization: ICU TimeZone Detection - Raw Offset: -8:00, Platform Override: ''
LogPluginManager: Mounting plugin Paper2D
LogPluginManager: Mounting plugin AISupport
LogPluginManager: Mounting plugin LightPropagationVolume
LogPluginManager: Mounting plugin ActorLayerUtilities
LogPluginManager: Mounting plugin AnimationSharing
LogPluginManager: Mounting plugin CLionSourceCodeAccess
LogPluginManager: Mounting plugin CodeLiteSourceCodeAccess
LogPluginManager: Mounting plugin GitSourceControl
LogPluginManager: Mounting plugin KDevelopSourceCodeAccess
LogPluginManager: Mounting plugin NullSourceCodeAccess
LogPluginManager: Mounting plugin PerforceSourceControl
LogPluginManager: Mounting plugin SubversionSourceControl
LogPluginManager: Mounting plugin UObjectPlugin
LogPluginManager: Mounting plugin VisualStudioCodeSourceCodeAccess
LogPluginManager: Mounting plugin VisualStudioSourceCodeAccess
LogPluginManager: Mounting plugin XCodeSourceCodeAccess
LogPluginManager: Mounting plugin AssetManagerEditor
LogPluginManager: Mounting plugin CryptoKeys
LogPluginManager: Mounting plugin CurveEditorTools
LogPluginManager: Mounting plugin DataValidation
LogPluginManager: Mounting plugin FacialAnimation
LogPluginManager: Mounting plugin GameplayTagsEditor
LogPluginManager: Mounting plugin MacGraphicsSwitching
LogPluginManager: Mounting plugin MaterialAnalyzer
LogPluginManager: Mounting plugin MobileLauncherProfileWizard
LogPluginManager: Mounting plugin PluginBrowser
LogPluginManager: Mounting plugin SpeedTreeImporter
LogPluginManager: Mounting plugin DatasmithContent
LogPluginManager: Mounting plugin VariantManagerContent
LogPluginManager: Mounting plugin AlembicImporter
LogPluginManager: Mounting plugin AutomationUtils
LogPluginManager: Mounting plugin BackChannel
LogPluginManager: Mounting plugin CharacterAI
LogPluginManager: Mounting plugin GeometryCache
LogPluginManager: Mounting plugin HTML5Networking
LogPluginManager: Mounting plugin PlatformCrypto
LogPluginManager: Mounting plugin ProxyLODPlugin
LogPluginManager: Mounting plugin SkeletalReduction
LogPluginManager: Mounting plugin MagicLeap
LogPluginManager: Mounting plugin MagicLeapMedia
LogPluginManager: Mounting plugin AndroidMedia
LogPluginManager: Mounting plugin AvfMedia
LogPluginManager: Mounting plugin ImgMedia
LogPluginManager: Mounting plugin MediaCompositing
LogPluginManager: Mounting plugin MediaPlayerEditor
LogPluginManager: Mounting plugin WebMMedia
LogPluginManager: Mounting plugin WmfMedia
LogPluginManager: Mounting plugin TcpMessaging
LogPluginManager: Mounting plugin UdpMessaging
LogPluginManager: Mounting plugin ActorSequence
LogPluginManager: Mounting plugin LevelSequenceEditor
LogPluginManager: Mounting plugin MatineeToLevelSequence
LogPluginManager: Mounting plugin NetcodeUnitTest
LogPluginManager: Mounting plugin NUTUnrealEngine4
LogPluginManager: Mounting plugin OnlineSubsystemGooglePlay
LogPluginManager: Mounting plugin OnlineSubsystemIOS
LogPluginManager: Mounting plugin OnlineSubsystem
LogPluginManager: Mounting plugin OnlineSubsystemNull
LogPluginManager: Mounting plugin OnlineSubsystemUtils
LogPluginManager: Mounting plugin LauncherChunkInstaller
LogPluginManager: Mounting plugin AndroidDeviceProfileSelector
LogPluginManager: Mounting plugin AndroidMoviePlayer
LogPluginManager: Mounting plugin AndroidPermission
LogPluginManager: Mounting plugin AppleImageUtils
LogPluginManager: Mounting plugin AppleMoviePlayer
LogPluginManager: Mounting plugin ArchVisCharacter
LogPluginManager: Mounting plugin AudioCapture
LogPluginManager: Mounting plugin CableComponent
LogPluginManager: Mounting plugin CustomMeshComponent
LogPluginManager: Mounting plugin EditableMesh
LogPluginManager: Mounting plugin ExampleDeviceProfileSelector
LogPluginManager: Mounting plugin GoogleCloudMessaging
LogPluginManager: Mounting plugin IOSDeviceProfileSelector
LogPluginManager: Mounting plugin LinuxDeviceProfileSelector
LogPluginManager: Mounting plugin LocationServicesBPLibrary
LogPluginManager: Mounting plugin MobilePatchingUtils
LogPluginManager: Mounting plugin OculusVR
LogPluginManager: Mounting plugin PhysXVehicles
LogPluginManager: Mounting plugin ProceduralMeshComponent
LogPluginManager: Mounting plugin RuntimePhysXCooking
LogPluginManager: Mounting plugin SignificanceManager
LogPluginManager: Mounting plugin SteamVR
LogPluginManager: Mounting plugin WebMMoviePlayer
LogPluginManager: Mounting plugin WindowsMoviePlayer
LogPluginManager: Mounting plugin ScreenshotTools
LogInit: Using libcurl 7.55.1-DEV
LogInit:  - built for x86_64-pc-win32
LogInit:  - supports SSL with OpenSSL/1.1.1
LogInit:  - supports HTTP deflate (compression) using libz 1.2.8
LogInit:  - other features:
LogInit:      CURL_VERSION_SSL
LogInit:      CURL_VERSION_LIBZ
LogInit:      CURL_VERSION_IPV6
LogInit:      CURL_VERSION_ASYNCHDNS
LogInit:      CURL_VERSION_LARGEFILE
LogInit:      CURL_VERSION_IDN
LogInit:  CurlRequestOptions (configurable via config and command line):
LogInit:  - bVerifyPeer = true  - Libcurl will verify peer certificate
LogInit:  - bUseHttpProxy = false  - Libcurl will NOT use HTTP proxy
LogInit:  - bDontReuseConnections = false  - Libcurl will reuse connections
LogInit:  - MaxHostConnections = 16  - Libcurl will limit the number of connections to a host
LogInit:  - LocalHostAddr = Default
LogInit:  - BufferSize = 65536
LogOnline: OSS: Creating online subsystem instance for: NULL
LogInit: WinSock: version 1.1 (2.2), MaxSocks=32767, MaxUdp=65467
LogInit: Build: ++UE4+Release-4.23-CL-9631420
LogInit: Engine Version: 4.23.1-9631420+++UE4+Release-4.23
LogInit: Compatible Engine Version: 4.23.0-8386587+++UE4+Release-4.23
LogInit: Net CL: 8386587
LogInit: OS: Windows 10 (Release 1903) (), CPU: Intel(R) Core(TM) i5-8250U CPU @ 1.60GHz, GPU: Intel(R) UHD Graphics 620
LogInit: Compiled (64-bit): Oct 18 2019 02:07:44
LogInit: Compiled with Visual C++: 19.16.27030.01
LogInit: Build Configuration: Development
LogInit: Branch Name: ++UE4+Release-4.23
LogInit: Command Line: 
LogInit: Base Directory: C:/Program Files/Epic Games/UE_4.23/Engine/Binaries/Win64/
LogInit: Installed Engine Build: 1
LogDevObjectVersion: Number of dev versions registered: 23
LogDevObjectVersion:   Dev-Blueprints (B0D832E4-1F89-4F0D-ACCF-7EB736FD4AA2): 10
LogDevObjectVersion:   Dev-Build (E1C64328-A22C-4D53-A36C-8E866417BD8C): 0
LogDevObjectVersion:   Dev-Core (375EC13C-06E4-48FB-B500-84F0262A717E): 3
LogDevObjectVersion:   Dev-Editor (E4B068ED-F494-42E9-A231-DA0B2E46BB41): 34
LogDevObjectVersion:   Dev-Framework (CFFC743F-43B0-4480-9391-14DF171D2073): 35
LogDevObjectVersion:   Dev-Mobile (B02B49B5-BB20-44E9-A304-32B752E40360): 2
LogDevObjectVersion:   Dev-Networking (A4E4105C-59A1-49B5-A7C5-40C4547EDFEE): 0
LogDevObjectVersion:   Dev-Online (39C831C9-5AE6-47DC-9A44-9C173E1C8E7C): 0
LogDevObjectVersion:   Dev-Physics (78F01B33-EBEA-4F98-B9B4-84EACCB95AA2): 0
LogDevObjectVersion:   Dev-Platform (6631380F-2D4D-43E0-8009-CF276956A95A): 0
LogDevObjectVersion:   Dev-Rendering (12F88B9F-8875-4AFC-A67C-D90C383ABD29): 31
LogDevObjectVersion:   Dev-Sequencer (7B5AE74C-D270-4C10-A958-57980B212A5A): 11
LogDevObjectVersion:   Dev-VR (D7296918-1DD6-4BDD-9DE2-64A83CC13884): 2
LogDevObjectVersion:   Dev-LoadTimes (C2A15278-BFE7-4AFE-6C17-90FF531DF755): 1
LogDevObjectVersion:   Private-Geometry (6EACA3D4-40EC-4CC1-B786-8BED09428FC5): 3
LogDevObjectVersion:   Dev-AnimPhys (29E575DD-E0A3-4627-9D10-D276232CDCEA): 17
LogDevObjectVersion:   Dev-Anim (AF43A65D-7FD3-4947-9873-3E8ED9C1BB05): 2
LogDevObjectVersion:   Dev-ReflectionCapture (6B266CEC-1EC7-4B8F-A30B-E4D90942FC07): 1
LogDevObjectVersion:   Dev-Automation (0DF73D61-A23F-47EA-B727-89E90C41499A): 1
LogDevObjectVersion:   FortniteMain (601D1886-AC64-4F84-AA16-D3DE0DEAC7D6): 27
LogDevObjectVersion:   Dev-Enterprise (9DFFBCD6-494F-0158-E221-12823C92A888): 6
LogDevObjectVersion:   Dev-Niagara (F2AED0AC-9AFE-416F-8664-AA7FFA26D6FC): 1
LogDevObjectVersion:   Dev-Destruction (174F1F0B-B4C6-45A5-B13F-2EE8D0FB917D): 9
LogInit: Presizing for max 16777216 objects, including 0 objects not considered by GC, pre-allocating 0 bytes for permanent pool.
LogInit: Object subsystem initialized
LogConfig: Setting CVar [[con.DebugEarlyDefault:1]]
LogConfig: Setting CVar [[r.setres:1280x720]]
[2020.01.26-02.39.31:580][  0]LogConfig: Setting CVar [[r.VSync:0]]
[2020.01.26-02.39.31:580][  0]LogConfig: Setting CVar [[r.RHICmdBypass:0]]
[2020.01.26-02.39.31:580][  0]LogConfig: Applying CVar settings from Section [/Script/Engine.RendererSettings] File [C:/Users/emily/Documents/GitHub/CarnivalGame/RollerCoaster/Saved/Config/Windows/Engine.ini]
[2020.01.26-02.39.31:580][  0]LogConfig: Setting CVar [[r.GPUCrashDebugging:0]]
[2020.01.26-02.39.31:580][  0]LogConfig: Setting CVar [[r.MobileHDR:1]]
[2020.01.26-02.39.31:580][  0]LogConfig: Setting CVar [[r.Mobile.DisableVertexFog:1]]
[2020.01.26-02.39.31:580][  0]LogConfig: Setting CVar [[r.Shadow.CSM.MaxMobileCascades:2]]
[2020.01.26-02.39.31:580][  0]LogConfig: Setting CVar [[r.MobileMSAA:1]]
[2020.01.26-02.39.31:580][  0]LogConfig: Setting CVar [[r.Mobile.UseLegacyShadingModel:0]]
[2020.01.26-02.39.31:580][  0]LogConfig: Setting CVar [[r.Mobile.UseHWsRGBEncoding:0]]
[2020.01.26-02.39.31:580][  0]LogConfig: Setting CVar [[r.Mobile.AllowDitheredLODTransition:0]]
[2020.01.26-02.39.31:580][  0]LogConfig: Setting CVar [[r.Mobile.AllowSoftwareOcclusion:0]]
[2020.01.26-02.39.31:580][  0]LogConfig: Setting CVar [[r.DiscardUnusedQuality:0]]
[2020.01.26-02.39.31:580][  0]LogConfig: Setting CVar [[r.AllowOcclusionQueries:1]]
[2020.01.26-02.39.31:580][  0]LogConfig: Setting CVar [[r.MinScreenRadiusForLights:0.030000]]
[2020.01.26-02.39.31:580][  0]LogConfig: Setting CVar [[r.MinScreenRadiusForDepthPrepass:0.030000]]
[2020.01.26-02.39.31:580][  0]LogConfig: Setting CVar [[r.MinScreenRadiusForCSMDepth:0.010000]]
[2020.01.26-02.39.31:580][  0]LogConfig: Setting CVar [[r.PrecomputedVisibilityWarning:0]]
[2020.01.26-02.39.31:580][  0]LogConfig: Setting CVar [[r.TextureStreaming:1]]
[2020.01.26-02.39.31:580][  0]LogConfig: Setting CVar [[Compat.UseDXT5NormalMaps:0]]
[2020.01.26-02.39.31:580][  0]LogConfig: Setting CVar [[r.VirtualTextures:0]]
[2020.01.26-02.39.31:580][  0]LogConfig: Setting CVar [[r.VirtualTexturedLightmaps:0]]
[2020.01.26-02.39.31:580][  0]LogConfig: Setting CVar [[r.VT.TileSize:128]]
[2020.01.26-02.39.31:580][  0]LogConfig: Setting CVar [[r.VT.TileBorderSize:4]]
[2020.01.26-02.39.31:580][  0]LogConfig: Setting CVar [[r.vt.FeedbackFactor:16]]
[2020.01.26-02.39.31:580][  0]LogConfig: Setting CVar [[r.VT.EnableCompressZlib:1]]
[2020.01.26-02.39.31:580][  0]LogConfig: Setting CVar [[r.VT.EnableCompressCrunch:0]]
[2020.01.26-02.39.31:581][  0]LogConfig: Setting CVar [[r.ClearCoatNormal:0]]
[2020.01.26-02.39.31:581][  0]LogConfig: Setting CVar [[r.ReflectionCaptureResolution:128]]
[2020.01.26-02.39.31:581][  0]LogConfig: Setting CVar [[r.ReflectionEnvironmentLightmapMixBasedOnRoughness:1]]
[2020.01.26-02.39.31:581][  0]LogConfig: Setting CVar [[r.ForwardShading:0]]
[2020.01.26-02.39.31:581][  0]LogConfig: Setting CVar [[r.VertexFoggingForOpaque:1]]
[2020.01.26-02.39.31:581][  0]LogConfig: Setting CVar [[r.AllowStaticLighting:1]]
[2020.01.26-02.39.31:581][  0]LogConfig: Setting CVar [[r.NormalMapsForStaticLighting:0]]
[2020.01.26-02.39.31:581][  0]LogConfig: Setting CVar [[r.GenerateMeshDistanceFields:0]]
[2020.01.26-02.39.31:581][  0]LogConfig: Setting CVar [[r.DistanceFieldBuild.EightBit:0]]
[2020.01.26-02.39.31:581][  0]LogConfig: Setting CVar [[r.GenerateLandscapeGIData:0]]
[2020.01.26-02.39.31:581][  0]LogConfig: Setting CVar [[r.DistanceFieldBuild.Compress:0]]
[2020.01.26-02.39.31:581][  0]LogConfig: Setting CVar [[r.TessellationAdaptivePixelsPerTriangle:48.000000]]
[2020.01.26-02.39.31:581][  0]LogConfig: Setting CVar [[r.SeparateTranslucency:1]]
[2020.01.26-02.39.31:581][  0]LogConfig: Setting CVar [[r.TranslucentSortPolicy:0]]
[2020.01.26-02.39.31:581][  0]LogConfig: Setting CVar [[r.CustomDepth:1]]
[2020.01.26-02.39.31:581][  0]LogConfig: Setting CVar [[r.CustomDepthTemporalAAJitter:1]]
[2020.01.26-02.39.31:581][  0]LogConfig: Setting CVar [[r.PostProcessing.PropagateAlpha:0]]
[2020.01.26-02.39.31:581][  0]LogConfig: Setting CVar [[r.DefaultFeature.Bloom:1]]
[2020.01.26-02.39.31:581][  0]LogConfig: Setting CVar [[r.DefaultFeature.AmbientOcclusion:1]]
[2020.01.26-02.39.31:581][  0]LogConfig: Setting CVar [[r.DefaultFeature.AmbientOcclusionStaticFraction:0]]
[2020.01.26-02.39.31:581][  0]LogConfig: Setting CVar [[r.DefaultFeature.AutoExposure:0]]
[2020.01.26-02.39.31:581][  0]LogConfig: Setting CVar [[r.DefaultFeature.AutoExposure.Method:0]]
[2020.01.26-02.39.31:581][  0]LogConfig: Setting CVar [[r.DefaultFeature.AutoExposure.ExtendDefaultLuminanceRange:0]]
[2020.01.26-02.39.31:581][  0]LogConfig: Setting CVar [[r.UsePreExposure:1]]
[2020.01.26-02.39.31:581][  0]LogConfig: Setting CVar [[r.EyeAdaptation.EditorOnly:1]]
[2020.01.26-02.39.31:581][  0]LogConfig: Setting CVar [[r.DefaultFeature.MotionBlur:0]]
[2020.01.26-02.39.31:581][  0]LogConfig: Setting CVar [[r.DefaultFeature.LensFlare:0]]
[2020.01.26-02.39.31:581][  0]LogConfig: Setting CVar [[r.TemporalAA.Upsampling:0]]
[2020.01.26-02.39.31:581][  0]LogConfig: Setting CVar [[r.DefaultFeature.AntiAliasing:0]]
[2020.01.26-02.39.31:581][  0]LogConfig: Setting CVar [[r.DefaultFeature.LightUnits:1]]
[2020.01.26-02.39.31:581][  0]LogConfig: Setting CVar [[r.DefaultBackBufferPixelFormat:4]]
[2020.01.26-02.39.31:581][  0]LogConfig: Setting CVar [[r.Shadow.UnbuiltPreviewInGame:1]]
[2020.01.26-02.39.31:581][  0]LogConfig: Setting CVar [[r.StencilForLODDither:0]]
[2020.01.26-02.39.31:581][  0]LogConfig: Setting CVar [[r.EarlyZPass:3]]
[2020.01.26-02.39.31:581][  0]LogConfig: Setting CVar [[r.EarlyZPassOnlyMaterialMasking:0]]
[2020.01.26-02.39.31:581][  0]LogConfig: Setting CVar [[r.DBuffer:1]]
[2020.01.26-02.39.31:581][  0]LogConfig: Setting CVar [[r.ClearSceneMethod:1]]
[2020.01.26-02.39.31:582][  0]LogConfig: Setting CVar [[r.BasePassOutputsVelocity:0]]
[2020.01.26-02.39.31:582][  0]LogConfig: Setting CVar [[r.SelectiveBasePassOutputs:0]]
[2020.01.26-02.39.31:582][  0]LogConfig: Setting CVar [[fx.GPUSimulationTextureSizeX:1024]]
[2020.01.26-02.39.31:582][  0]LogConfig: Setting CVar [[fx.GPUSimulationTextureSizeY:1024]]
[2020.01.26-02.39.31:582][  0]LogConfig: Setting CVar [[r.AllowGlobalClipPlane:0]]
[2020.01.26-02.39.31:582][  0]LogConfig: Setting CVar [[r.GBufferFormat:1]]
[2020.01.26-02.39.31:582][  0]LogConfig: Setting CVar [[r.MorphTarget.Mode:1]]
[2020.01.26-02.39.31:582][  0]LogConfig: Setting CVar [[vr.InstancedStereo:1]]
[2020.01.26-02.39.31:582][  0]LogConfig: Setting CVar [[vr.MultiView:0]]
[2020.01.26-02.39.31:582][  0]LogConfig: Setting CVar [[vr.MobileMultiView:0]]
[2020.01.26-02.39.31:582][  0]LogConfig: Setting CVar [[vr.MobileMultiView.Direct:0]]
[2020.01.26-02.39.31:582][  0]LogConfig: Setting CVar [[vr.RoundRobinOcclusion:0]]
[2020.01.26-02.39.31:582][  0]LogConfig: Setting CVar [[vr.ODSCapture:0]]
[2020.01.26-02.39.31:582][  0]LogConfig: Setting CVar [[r.WireframeCullThreshold:5.000000]]
[2020.01.26-02.39.31:582][  0]LogConfig: Setting CVar [[r.RayTracing:0]]
[2020.01.26-02.39.31:582][  0]LogConfig: Setting CVar [[r.SupportStationarySkylight:1]]
[2020.01.26-02.39.31:582][  0]LogConfig: Setting CVar [[r.SupportLowQualityLightmaps:1]]
[2020.01.26-02.39.31:582][  0]LogConfig: Setting CVar [[r.SupportPointLightWholeSceneShadows:1]]
[2020.01.26-02.39.31:582][  0]LogConfig: Setting CVar [[r.SupportAtmosphericFog:1]]
[2020.01.26-02.39.31:582][  0]LogConfig: Setting CVar [[r.SkinCache.CompileShaders:0]]
[2020.01.26-02.39.31:582][  0]LogConfig: Setting CVar [[r.Mobile.EnableStaticAndCSMShadowReceivers:1]]
[2020.01.26-02.39.31:582][  0]LogConfig: Setting CVar [[r.Mobile.EnableMovableLightCSMShaderCulling:1]]
[2020.01.26-02.39.31:582][  0]LogConfig: Setting CVar [[r.Mobile.AllowDistanceFieldShadows:1]]
[2020.01.26-02.39.31:582][  0]LogConfig: Setting CVar [[r.Mobile.AllowMovableDirectionalLights:1]]
[2020.01.26-02.39.31:582][  0]LogConfig: Setting CVar [[r.MobileNumDynamicPointLights:4]]
[2020.01.26-02.39.31:582][  0]LogConfig: Setting CVar [[r.MobileDynamicPointLightsUseStaticBranch:1]]
[2020.01.26-02.39.31:582][  0]LogConfig: Setting CVar [[r.Mobile.EnableMovableSpotlights:0]]
[2020.01.26-02.39.31:582][  0]LogConfig: Setting CVar [[r.SkinCache.SceneMemoryLimitInMB:128.000000]]
[2020.01.26-02.39.31:582][  0]LogConfig: Setting CVar [[r.GPUSkin.Limit2BoneInfluences:0]]
[2020.01.26-02.39.31:582][  0]LogConfig: Setting CVar [[r.SupportDepthOnlyIndexBuffers:1]]
[2020.01.26-02.39.31:582][  0]LogConfig: Setting CVar [[r.SupportReversedIndexBuffers:1]]
[2020.01.26-02.39.31:582][  0]LogConfig: Setting CVar [[r.SupportMaterialLayers:0]]
[2020.01.26-02.39.31:582][  0]LogConfig: Applying CVar settings from Section [/Script/Engine.RendererOverrideSettings] File [C:/Users/emily/Documents/GitHub/CarnivalGame/RollerCoaster/Saved/Config/Windows/Engine.ini]
[2020.01.26-02.39.31:582][  0]LogConfig: Applying CVar settings from Section [/Script/Engine.StreamingSettings] File [C:/Users/emily/Documents/GitHub/CarnivalGame/RollerCoaster/Saved/Config/Windows/Engine.ini]
[2020.01.26-02.39.31:582][  0]LogConfig: Setting CVar [[s.MinBulkDataSizeForAsyncLoading:131072]]
[2020.01.26-02.39.31:582][  0]LogConfig: Setting CVar [[s.AsyncLoadingThreadEnabled:0]]
[2020.01.26-02.39.31:582][  0]LogConfig: Setting CVar [[s.EventDrivenLoaderEnabled:1]]
[2020.01.26-02.39.31:582][  0]LogConfig: Setting CVar [[s.WarnIfTimeLimitExceeded:0]]
[2020.01.26-02.39.31:582][  0]LogConfig: Setting CVar [[s.TimeLimitExceededMultiplier:1.5]]
[2020.01.26-02.39.31:582][  0]LogConfig: Setting CVar [[s.TimeLimitExceededMinTime:0.005]]
[2020.01.26-02.39.31:582][  0]LogConfig: Setting CVar [[s.UseBackgroundLevelStreaming:1]]
[2020.01.26-02.39.31:582][  0]LogConfig: Setting CVar [[s.PriorityAsyncLoadingExtraTime:15.0]]
[2020.01.26-02.39.31:582][  0]LogConfig: Setting CVar [[s.LevelStreamingActorsUpdateTimeLimit:5.0]]
[2020.01.26-02.39.31:582][  0]LogConfig: Setting CVar [[s.PriorityLevelStreamingActorsUpdateExtraTime:5.0]]
[2020.01.26-02.39.31:582][  0]LogConfig: Setting CVar [[s.LevelStreamingComponentsRegistrationGranularity:10]]
[2020.01.26-02.39.31:583][  0]LogConfig: Setting CVar [[s.UnregisterComponentsTimeLimit:1.0]]
[2020.01.26-02.39.31:583][  0]LogConfig: Setting CVar [[s.LevelStreamingComponentsUnregistrationGranularity:5]]
[2020.01.26-02.39.31:583][  0]LogConfig: Applying CVar settings from Section [/Script/Engine.GarbageCollectionSettings] File [C:/Users/emily/Documents/GitHub/CarnivalGame/RollerCoaster/Saved/Config/Windows/Engine.ini]
[2020.01.26-02.39.31:583][  0]LogConfig: Setting CVar [[gc.MaxObjectsNotConsideredByGC:1]]
[2020.01.26-02.39.31:583][  0]LogConfig: Setting CVar [[gc.SizeOfPermanentObjectPool:0]]
[2020.01.26-02.39.31:583][  0]LogConfig: Setting CVar [[gc.FlushStreamingOnGC:0]]
[2020.01.26-02.39.31:583][  0]LogConfig: Setting CVar [[gc.NumRetriesBeforeForcingGC:10]]
[2020.01.26-02.39.31:583][  0]LogConfig: Setting CVar [[gc.AllowParallelGC:1]]
[2020.01.26-02.39.31:583][  0]LogConfig: Setting CVar [[gc.TimeBetweenPurgingPendingKillObjects:61.1]]
[2020.01.26-02.39.31:583][  0]LogConfig: Setting CVar [[gc.MaxObjectsInEditor:16777216]]
[2020.01.26-02.39.31:583][  0]LogConfig: Setting CVar [[gc.IncrementalBeginDestroyEnabled:1]]
[2020.01.26-02.39.31:583][  0]LogConfig: Setting CVar [[gc.CreateGCClusters:1]]
[2020.01.26-02.39.31:583][  0]LogConfig: Setting CVar [[gc.MinGCClusterSize:5]]
[2020.01.26-02.39.31:583][  0]LogConfig: Setting CVar [[gc.ActorClusteringEnabled:0]]
[2020.01.26-02.39.31:583][  0]LogConfig: Setting CVar [[gc.BlueprintClusteringEnabled:0]]
[2020.01.26-02.39.31:583][  0]LogConfig: Setting CVar [[gc.UseDisregardForGCOnDedicatedServers:0]]
[2020.01.26-02.39.31:583][  0]LogConfig: Applying CVar settings from Section [/Script/Engine.NetworkSettings] File [C:/Users/emily/Documents/GitHub/CarnivalGame/RollerCoaster/Saved/Config/Windows/Engine.ini]
[2020.01.26-02.39.31:583][  0]LogConfig: Applying CVar settings from Section [/Script/UnrealEd.CookerSettings] File [C:/Users/emily/Documents/GitHub/CarnivalGame/RollerCoaster/Saved/Config/Windows/Engine.ini]
[2020.01.26-02.39.31:587][  0]LogConfig: Applying CVar settings from Section [ViewDistanceQuality@3] File [C:/Users/emily/Documents/GitHub/CarnivalGame/RollerCoaster/Saved/Config/Windows/Scalability.ini]
[2020.01.26-02.39.31:587][  0]LogConfig: Setting CVar [[r.SkeletalMeshLODBias:0]]
[2020.01.26-02.39.31:587][  0]LogConfig: Setting CVar [[r.ViewDistanceScale:1.0]]
[2020.01.26-02.39.31:587][  0]LogConfig: Applying CVar settings from Section [AntiAliasingQuality@3] File [C:/Users/emily/Documents/GitHub/CarnivalGame/RollerCoaster/Saved/Config/Windows/Scalability.ini]
[2020.01.26-02.39.31:587][  0]LogConfig: Setting CVar [[r.PostProcessAAQuality:3]]
[2020.01.26-02.39.31:587][  0]LogConfig: Applying CVar settings from Section [ShadowQuality@3] File [C:/Users/emily/Documents/GitHub/CarnivalGame/RollerCoaster/Saved/Config/Windows/Scalability.ini]
[2020.01.26-02.39.31:587][  0]LogConfig: Setting CVar [[r.LightFunctionQuality:1]]
[2020.01.26-02.39.31:587][  0]LogConfig: Setting CVar [[r.ShadowQuality:5]]
[2020.01.26-02.39.31:587][  0]LogConfig: Setting CVar [[r.Shadow.CSM.MaxCascades:10]]
[2020.01.26-02.39.31:587][  0]LogConfig: Setting CVar [[r.Shadow.MaxResolution:2048]]
[2020.01.26-02.39.31:587][  0]LogConfig: Setting CVar [[r.Shadow.MaxCSMResolution:2048]]
[2020.01.26-02.39.31:587][  0]LogConfig: Setting CVar [[r.Shadow.RadiusThreshold:0.01]]
[2020.01.26-02.39.31:587][  0]LogConfig: Setting CVar [[r.Shadow.DistanceScale:1.0]]
[2020.01.26-02.39.31:587][  0]LogConfig: Setting CVar [[r.Shadow.CSM.TransitionScale:1.0]]
[2020.01.26-02.39.31:587][  0]LogConfig: Setting CVar [[r.Shadow.PreShadowResolutionFactor:1.0]]
[2020.01.26-02.39.31:587][  0]LogConfig: Setting CVar [[r.DistanceFieldShadowing:1]]
[2020.01.26-02.39.31:587][  0]LogConfig: Setting CVar [[r.DistanceFieldAO:1]]
[2020.01.26-02.39.31:587][  0]LogConfig: Setting CVar [[r.AOQuality:2]]
[2020.01.26-02.39.31:587][  0]LogConfig: Setting CVar [[r.VolumetricFog:1]]
[2020.01.26-02.39.31:587][  0]LogConfig: Setting CVar [[r.VolumetricFog.GridPixelSize:8]]
[2020.01.26-02.39.31:587][  0]LogConfig: Setting CVar [[r.VolumetricFog.GridSizeZ:128]]
[2020.01.26-02.39.31:587][  0]LogConfig: Setting CVar [[r.VolumetricFog.HistoryMissSupersampleCount:4]]
[2020.01.26-02.39.31:587][  0]LogConfig: Setting CVar [[r.LightMaxDrawDistanceScale:1]]
[2020.01.26-02.39.31:587][  0]LogConfig: Setting CVar [[r.CapsuleShadows:1]]
[2020.01.26-02.39.31:587][  0]LogConfig: Applying CVar settings from Section [PostProcessQuality@3] File [C:/Users/emily/Documents/GitHub/CarnivalGame/RollerCoaster/Saved/Config/Windows/Scalability.ini]
[2020.01.26-02.39.31:587][  0]LogConfig: Setting CVar [[r.MotionBlurQuality:0]]
[2020.01.26-02.39.31:587][  0]LogConfig: Setting CVar [[r.AmbientOcclusionMipLevelFactor:0.4]]
[2020.01.26-02.39.31:587][  0]LogConfig: Setting CVar [[r.AmbientOcclusionMaxQuality:100]]
[2020.01.26-02.39.31:587][  0]LogConfig: Setting CVar [[r.AmbientOcclusionLevels:0]]
[2020.01.26-02.39.31:587][  0]LogConfig: Setting CVar [[r.AmbientOcclusionRadiusScale:1.0]]
[2020.01.26-02.39.31:588][  0]LogConfig: Setting CVar [[r.DepthOfFieldQuality:0]]
[2020.01.26-02.39.31:588][  0]LogConfig: Setting CVar [[r.RenderTargetPoolMin:400]]
[2020.01.26-02.39.31:588][  0]LogConfig: Setting CVar [[r.LensFlareQuality:0]]
[2020.01.26-02.39.31:588][  0]LogConfig: Setting CVar [[r.SceneColorFringeQuality:0]]
[2020.01.26-02.39.31:588][  0]LogConfig: Setting CVar [[r.EyeAdaptationQuality:2]]
[2020.01.26-02.39.31:588][  0]LogConfig: Setting CVar [[r.BloomQuality:1]]
[2020.01.26-02.39.31:588][  0]LogConfig: Setting CVar [[r.FastBlurThreshold:0]]
[2020.01.26-02.39.31:588][  0]LogConfig: Setting CVar [[r.Upscale.Quality:3]]
[2020.01.26-02.39.31:588][  0]LogConfig: Setting CVar [[r.Tonemapper.GrainQuantization:1]]
[2020.01.26-02.39.31:588][  0]LogConfig: Setting CVar [[r.LightShaftQuality:1]]
[2020.01.26-02.39.31:588][  0]LogConfig: Setting CVar [[r.Filter.SizeScale:1]]
[2020.01.26-02.39.31:588][  0]LogConfig: Setting CVar [[r.Tonemapper.Quality:5]]
[2020.01.26-02.39.31:588][  0]LogConfig: Setting CVar [[r.DOF.Gather.AccumulatorQuality:1        ; higher gathering accumulator quality]]
[2020.01.26-02.39.31:588][  0]LogConfig: Setting CVar [[r.DOF.Gather.PostfilterMethod:1          ; Median3x3 postfilering method]]
[2020.01.26-02.39.31:588][  0]LogConfig: Setting CVar [[r.DOF.Gather.EnableBokehSettings:0       ; no bokeh simulation when gathering]]
[2020.01.26-02.39.31:588][  0]LogConfig: Setting CVar [[r.DOF.Gather.RingCount:4                 ; medium number of samples when gathering]]
[2020.01.26-02.39.31:588][  0]LogConfig: Setting CVar [[r.DOF.Scatter.ForegroundCompositing:1    ; additive foreground scattering]]
[2020.01.26-02.39.31:588][  0]LogConfig: Setting CVar [[r.DOF.Scatter.BackgroundCompositing:2    ; additive background scattering]]
[2020.01.26-02.39.31:588][  0]LogConfig: Setting CVar [[r.DOF.Scatter.EnableBokehSettings:1      ; bokeh simulation when scattering]]
[2020.01.26-02.39.31:588][  0]LogConfig: Setting CVar [[r.DOF.Scatter.MaxSpriteRatio:0.1         ; only a maximum of 10% of scattered bokeh]]
[2020.01.26-02.39.31:588][  0]LogConfig: Setting CVar [[r.DOF.Recombine.Quality:1                ; cheap slight out of focus]]
[2020.01.26-02.39.31:588][  0]LogConfig: Setting CVar [[r.DOF.Recombine.EnableBokehSettings:0    ; no bokeh simulation on slight out of focus]]
[2020.01.26-02.39.31:588][  0]LogConfig: Setting CVar [[r.DOF.TemporalAAQuality:1                ; more stable temporal accumulation]]
[2020.01.26-02.39.31:588][  0]LogConfig: Setting CVar [[r.DOF.Kernel.MaxForegroundRadius:0.025]]
[2020.01.26-02.39.31:588][  0]LogConfig: Setting CVar [[r.DOF.Kernel.MaxBackgroundRadius:0.025]]
[2020.01.26-02.39.31:588][  0]LogConfig: Applying CVar settings from Section [TextureQuality@3] File [C:/Users/emily/Documents/GitHub/CarnivalGame/RollerCoaster/Saved/Config/Windows/Scalability.ini]
[2020.01.26-02.39.31:589][  0]LogConfig: Setting CVar [[r.Streaming.MipBias:0]]
[2020.01.26-02.39.31:589][  0]LogConfig: Setting CVar [[r.Streaming.AmortizeCPUToGPUCopy:0]]
[2020.01.26-02.39.31:589][  0]LogConfig: Setting CVar [[r.Streaming.MaxNumTexturesToStreamPerFrame:0]]
[2020.01.26-02.39.31:589][  0]LogConfig: Setting CVar [[r.Streaming.Boost:1]]
[2020.01.26-02.39.31:589][  0]LogConfig: Setting CVar [[r.MaxAnisotropy:8]]
[2020.01.26-02.39.31:589][  0]LogConfig: Setting CVar [[r.Streaming.LimitPoolSizeToVRAM:0]]
[2020.01.26-02.39.31:589][  0]LogConfig: Setting CVar [[r.Streaming.PoolSize:1000]]
[2020.01.26-02.39.31:589][  0]LogConfig: Setting CVar [[r.Streaming.MaxEffectiveScreenSize:0]]
[2020.01.26-02.39.31:589][  0]LogConfig: Applying CVar settings from Section [EffectsQuality@3] File [C:/Users/emily/Documents/GitHub/CarnivalGame/RollerCoaster/Saved/Config/Windows/Scalability.ini]
[2020.01.26-02.39.31:589][  0]LogConfig: Setting CVar [[r.TranslucencyLightingVolumeDim:4]]
[2020.01.26-02.39.31:589][  0]LogConfig: Setting CVar [[r.RefractionQuality:2]]
[2020.01.26-02.39.31:589][  0]LogConfig: Setting CVar [[r.SSR.Quality:0]]
[2020.01.26-02.39.31:589][  0]LogConfig: Setting CVar [[r.SceneColorFormat:2]]
[2020.01.26-02.39.31:589][  0]LogConfig: Setting CVar [[r.DetailMode:2]]
[2020.01.26-02.39.31:589][  0]LogConfig: Setting CVar [[r.TranslucencyVolumeBlur:0]]
[2020.01.26-02.39.31:589][  0]LogConfig: Setting CVar [[r.MaterialQualityLevel:1 ; High quality]]
[2020.01.26-02.39.31:589][  0]LogConfig: Setting CVar [[r.SSS.Scale:1]]
[2020.01.26-02.39.31:589][  0]LogConfig: Setting CVar [[r.SSS.SampleSet:2]]
[2020.01.26-02.39.31:589][  0]LogConfig: Setting CVar [[r.SSS.Quality:1]]
[2020.01.26-02.39.31:589][  0]LogConfig: Setting CVar [[r.SSS.HalfRes:1]]
[2020.01.26-02.39.31:589][  0]LogConfig: Setting CVar [[r.EmitterSpawnRateScale:1.0]]
[2020.01.26-02.39.31:589][  0]LogConfig: Setting CVar [[r.ParticleLightQuality:2]]
[2020.01.26-02.39.31:589][  0]LogConfig: Applying CVar settings from Section [FoliageQuality@3] File [C:/Users/emily/Documents/GitHub/CarnivalGame/RollerCoaster/Saved/Config/Windows/Scalability.ini]
[2020.01.26-02.39.31:589][  0]LogConfig: Setting CVar [[foliage.DensityScale:1.0]]
[2020.01.26-02.39.31:589][  0]LogConfig: Setting CVar [[grass.DensityScale:1.0]]
[2020.01.26-02.39.31:589][  0]LogInit: Selected Device Profile: [Windows]
[2020.01.26-02.39.31:589][  0]LogInit: Applying CVar settings loaded from the selected device profile: [Windows]
[2020.01.26-02.39.31:598][  0]LogHAL: Display: Platform has ~ 8 GB [8511352832 / 8589934592 / 8], which maps to Default [LargestMinGB=32, LargerMinGB=12, DefaultMinGB=8, SmallerMinGB=6, SmallestMinGB=0)
[2020.01.26-02.39.31:598][  0]LogInit: Going up to parent DeviceProfile []
[2020.01.26-02.39.31:598][  0]LogConfig: Applying CVar settings from Section [ViewDistanceQuality@3] File [C:/Users/emily/Documents/GitHub/CarnivalGame/RollerCoaster/Saved/Config/Windows/Scalability.ini]
[2020.01.26-02.39.31:598][  0]LogConfig: Setting CVar [[r.SkeletalMeshLODBias:0]]
[2020.01.26-02.39.31:598][  0]LogConfig: Setting CVar [[r.ViewDistanceScale:1.0]]
[2020.01.26-02.39.31:598][  0]LogConfig: Applying CVar settings from Section [AntiAliasingQuality@3] File [C:/Users/emily/Documents/GitHub/CarnivalGame/RollerCoaster/Saved/Config/Windows/Scalability.ini]
[2020.01.26-02.39.31:598][  0]LogConfig: Setting CVar [[r.PostProcessAAQuality:3]]
[2020.01.26-02.39.31:598][  0]LogConfig: Applying CVar settings from Section [ShadowQuality@3] File [C:/Users/emily/Documents/GitHub/CarnivalGame/RollerCoaster/Saved/Config/Windows/Scalability.ini]
[2020.01.26-02.39.31:598][  0]LogConfig: Setting CVar [[r.LightFunctionQuality:1]]
[2020.01.26-02.39.31:598][  0]LogConfig: Setting CVar [[r.ShadowQuality:5]]
[2020.01.26-02.39.31:598][  0]LogConfig: Setting CVar [[r.Shadow.CSM.MaxCascades:10]]
[2020.01.26-02.39.31:598][  0]LogConfig: Setting CVar [[r.Shadow.MaxResolution:2048]]
[2020.01.26-02.39.31:598][  0]LogConfig: Setting CVar [[r.Shadow.MaxCSMResolution:2048]]
[2020.01.26-02.39.31:598][  0]LogConfig: Setting CVar [[r.Shadow.RadiusThreshold:0.01]]
[2020.01.26-02.39.31:598][  0]LogConfig: Setting CVar [[r.Shadow.DistanceScale:1.0]]
[2020.01.26-02.39.31:598][  0]LogConfig: Setting CVar [[r.Shadow.CSM.TransitionScale:1.0]]
[2020.01.26-02.39.31:598][  0]LogConfig: Setting CVar [[r.Shadow.PreShadowResolutionFactor:1.0]]
[2020.01.26-02.39.31:598][  0]LogConfig: Setting CVar [[r.DistanceFieldShadowing:1]]
[2020.01.26-02.39.31:598][  0]LogConfig: Setting CVar [[r.DistanceFieldAO:1]]
[2020.01.26-02.39.31:598][  0]LogConfig: Setting CVar [[r.AOQuality:2]]
[2020.01.26-02.39.31:598][  0]LogConfig: Setting CVar [[r.VolumetricFog:1]]
[2020.01.26-02.39.31:598][  0]LogConfig: Setting CVar [[r.VolumetricFog.GridPixelSize:8]]
[2020.01.26-02.39.31:598][  0]LogConfig: Setting CVar [[r.VolumetricFog.GridSizeZ:128]]
[2020.01.26-02.39.31:598][  0]LogConfig: Setting CVar [[r.VolumetricFog.HistoryMissSupersampleCount:4]]
[2020.01.26-02.39.31:598][  0]LogConfig: Setting CVar [[r.LightMaxDrawDistanceScale:1]]
[2020.01.26-02.39.31:598][  0]LogConfig: Setting CVar [[r.CapsuleShadows:1]]
[2020.01.26-02.39.31:598][  0]LogConfig: Applying CVar settings from Section [PostProcessQuality@3] File [C:/Users/emily/Documents/GitHub/CarnivalGame/RollerCoaster/Saved/Config/Windows/Scalability.ini]
[2020.01.26-02.39.31:598][  0]LogConfig: Setting CVar [[r.MotionBlurQuality:0]]
[2020.01.26-02.39.31:598][  0]LogConfig: Setting CVar [[r.AmbientOcclusionMipLevelFactor:0.4]]
[2020.01.26-02.39.31:598][  0]LogConfig: Setting CVar [[r.AmbientOcclusionMaxQuality:100]]
[2020.01.26-02.39.31:598][  0]LogConfig: Setting CVar [[r.AmbientOcclusionLevels:0]]
[2020.01.26-02.39.31:598][  0]LogConfig: Setting CVar [[r.AmbientOcclusionRadiusScale:1.0]]
[2020.01.26-02.39.31:598][  0]LogConfig: Setting CVar [[r.DepthOfFieldQuality:0]]
[2020.01.26-02.39.31:598][  0]LogConfig: Setting CVar [[r.RenderTargetPoolMin:400]]
[2020.01.26-02.39.31:598][  0]LogConfig: Setting CVar [[r.LensFlareQuality:0]]
[2020.01.26-02.39.31:598][  0]LogConfig: Setting CVar [[r.SceneColorFringeQuality:0]]
[2020.01.26-02.39.31:598][  0]LogConfig: Setting CVar [[r.EyeAdaptationQuality:2]]
[2020.01.26-02.39.31:598][  0]LogConfig: Setting CVar [[r.BloomQuality:1]]
[2020.01.26-02.39.31:598][  0]LogConfig: Setting CVar [[r.FastBlurThreshold:0]]
[2020.01.26-02.39.31:598][  0]LogConfig: Setting CVar [[r.Upscale.Quality:3]]
[2020.01.26-02.39.31:598][  0]LogConfig: Setting CVar [[r.Tonemapper.GrainQuantization:1]]
[2020.01.26-02.39.31:598][  0]LogConfig: Setting CVar [[r.LightShaftQuality:1]]
[2020.01.26-02.39.31:598][  0]LogConfig: Setting CVar [[r.Filter.SizeScale:1]]
[2020.01.26-02.39.31:598][  0]LogConfig: Setting CVar [[r.Tonemapper.Quality:5]]
[2020.01.26-02.39.31:599][  0]LogConfig: Setting CVar [[r.DOF.Gather.AccumulatorQuality:1        ; higher gathering accumulator quality]]
[2020.01.26-02.39.31:599][  0]LogConfig: Setting CVar [[r.DOF.Gather.PostfilterMethod:1          ; Median3x3 postfilering method]]
[2020.01.26-02.39.31:599][  0]LogConfig: Setting CVar [[r.DOF.Gather.EnableBokehSettings:0       ; no bokeh simulation when gathering]]
[2020.01.26-02.39.31:599][  0]LogConfig: Setting CVar [[r.DOF.Gather.RingCount:4                 ; medium number of samples when gathering]]
[2020.01.26-02.39.31:599][  0]LogConfig: Setting CVar [[r.DOF.Scatter.ForegroundCompositing:1    ; additive foreground scattering]]
[2020.01.26-02.39.31:599][  0]LogConfig: Setting CVar [[r.DOF.Scatter.BackgroundCompositing:2    ; additive background scattering]]
[2020.01.26-02.39.31:599][  0]LogConfig: Setting CVar [[r.DOF.Scatter.EnableBokehSettings:1      ; bokeh simulation when scattering]]
[2020.01.26-02.39.31:599][  0]LogConfig: Setting CVar [[r.DOF.Scatter.MaxSpriteRatio:0.1         ; only a maximum of 10% of scattered bokeh]]
[2020.01.26-02.39.31:599][  0]LogConfig: Setting CVar [[r.DOF.Recombine.Quality:1                ; cheap slight out of focus]]
[2020.01.26-02.39.31:599][  0]LogConfig: Setting CVar [[r.DOF.Recombine.EnableBokehSettings:0    ; no bokeh simulation on slight out of focus]]
[2020.01.26-02.39.31:599][  0]LogConfig: Setting CVar [[r.DOF.TemporalAAQuality:1                ; more stable temporal accumulation]]
[2020.01.26-02.39.31:599][  0]LogConfig: Setting CVar [[r.DOF.Kernel.MaxForegroundRadius:0.025]]
[2020.01.26-02.39.31:599][  0]LogConfig: Setting CVar [[r.DOF.Kernel.MaxBackgroundRadius:0.025]]
[2020.01.26-02.39.31:599][  0]LogConfig: Applying CVar settings from Section [TextureQuality@3] File [C:/Users/emily/Documents/GitHub/CarnivalGame/RollerCoaster/Saved/Config/Windows/Scalability.ini]
[2020.01.26-02.39.31:599][  0]LogConfig: Setting CVar [[r.Streaming.MipBias:0]]
[2020.01.26-02.39.31:599][  0]LogConfig: Setting CVar [[r.Streaming.AmortizeCPUToGPUCopy:0]]
[2020.01.26-02.39.31:599][  0]LogConfig: Setting CVar [[r.Streaming.MaxNumTexturesToStreamPerFrame:0]]
[2020.01.26-02.39.31:599][  0]LogConfig: Setting CVar [[r.Streaming.Boost:1]]
[2020.01.26-02.39.31:599][  0]LogConfig: Setting CVar [[r.MaxAnisotropy:8]]
[2020.01.26-02.39.31:599][  0]LogConfig: Setting CVar [[r.Streaming.LimitPoolSizeToVRAM:0]]
[2020.01.26-02.39.31:599][  0]LogConfig: Setting CVar [[r.Streaming.PoolSize:1000]]
[2020.01.26-02.39.31:599][  0]LogConfig: Setting CVar [[r.Streaming.MaxEffectiveScreenSize:0]]
[2020.01.26-02.39.31:599][  0]LogConfig: Applying CVar settings from Section [EffectsQuality@3] File [C:/Users/emily/Documents/GitHub/CarnivalGame/RollerCoaster/Saved/Config/Windows/Scalability.ini]
[2020.01.26-02.39.31:599][  0]LogConfig: Setting CVar [[r.TranslucencyLightingVolumeDim:4]]
[2020.01.26-02.39.31:599][  0]LogConfig: Setting CVar [[r.RefractionQuality:2]]
[2020.01.26-02.39.31:599][  0]LogConfig: Setting CVar [[r.SSR.Quality:0]]
[2020.01.26-02.39.31:599][  0]LogConfig: Setting CVar [[r.SceneColorFormat:2]]
[2020.01.26-02.39.31:599][  0]LogConfig: Setting CVar [[r.DetailMode:2]]
[2020.01.26-02.39.31:599][  0]LogConfig: Setting CVar [[r.TranslucencyVolumeBlur:0]]
[2020.01.26-02.39.31:600][  0]LogConfig: Setting CVar [[r.MaterialQualityLevel:1 ; High quality]]
[2020.01.26-02.39.31:600][  0]LogConfig: Setting CVar [[r.SSS.Scale:1]]
[2020.01.26-02.39.31:600][  0]LogConfig: Setting CVar [[r.SSS.SampleSet:2]]
[2020.01.26-02.39.31:600][  0]LogConfig: Setting CVar [[r.SSS.Quality:1]]
[2020.01.26-02.39.31:600][  0]LogConfig: Setting CVar [[r.SSS.HalfRes:1]]
[2020.01.26-02.39.31:600][  0]LogConfig: Setting CVar [[r.EmitterSpawnRateScale:1.0]]
[2020.01.26-02.39.31:600][  0]LogConfig: Setting CVar [[r.ParticleLightQuality:2]]
[2020.01.26-02.39.31:600][  0]LogConfig: Applying CVar settings from Section [FoliageQuality@3] File [C:/Users/emily/Documents/GitHub/CarnivalGame/RollerCoaster/Saved/Config/Windows/Scalability.ini]
[2020.01.26-02.39.31:600][  0]LogConfig: Setting CVar [[foliage.DensityScale:1.0]]
[2020.01.26-02.39.31:600][  0]LogConfig: Setting CVar [[grass.DensityScale:1.0]]
[2020.01.26-02.39.31:600][  0]LogConfig: Applying CVar settings from Section [Startup] File [../../../Engine/Config/ConsoleVariables.ini]
[2020.01.26-02.39.31:600][  0]LogConfig: Setting CVar [[net.UseAdaptiveNetUpdateFrequency:0]]
[2020.01.26-02.39.31:600][  0]LogConfig: Setting CVar [[p.chaos.AllowCreatePhysxBodies:1]]
[2020.01.26-02.39.31:600][  0]LogConfig: Applying CVar settings from Section [ConsoleVariables] File [C:/Users/emily/Documents/GitHub/CarnivalGame/RollerCoaster/Saved/Config/Windows/Engine.ini]
[2020.01.26-02.39.31:600][  0]LogInit: Computer: DESKTOP-M5MOGRD
[2020.01.26-02.39.31:600][  0]LogInit: User: emily
[2020.01.26-02.39.31:600][  0]LogInit: CPU Page size=4096, Cores=4
[2020.01.26-02.39.31:600][  0]LogInit: High frequency timer resolution =10.000000 MHz
[2020.01.26-02.39.31:601][  0]LogMemory: Memory total: Physical=7.9GB (8GB approx)
[2020.01.26-02.39.31:601][  0]LogMemory: Platform Memory Stats for Windows
[2020.01.26-02.39.31:601][  0]LogMemory: Process Physical Memory: 101.39 MB used, 101.39 MB peak
[2020.01.26-02.39.31:601][  0]LogMemory: Process Virtual Memory: 100.56 MB used, 100.56 MB peak
[2020.01.26-02.39.31:601][  0]LogMemory: Physical Memory: 6297.89 MB used,  1819.17 MB free, 8117.06 MB total
[2020.01.26-02.39.31:601][  0]LogMemory: Virtual Memory: 4668.44 MB used,  134213056.00 MB free, 134217728.00 MB total
[2020.01.26-02.39.31:607][  0]LogWindows: WindowsPlatformFeatures enabled
[2020.01.26-02.39.31:645][  0]LogInit: Using OS detected language (en-US).
[2020.01.26-02.39.31:645][  0]LogInit: Using OS detected locale (en-US).
[2020.01.26-02.39.31:646][  0]LogTextLocalizationManager: No specific localization for 'en-US' exists, so the 'en' localization will be used.
[2020.01.26-02.39.32:032][  0]LogInit: Setting process to per monitor DPI aware
[2020.01.26-02.39.32:108][  0]LogSlate: New Slate User Created.  User Index 0, Is Virtual User: 0
[2020.01.26-02.39.32:108][  0]LogSlate: Slate User Registered.  User Index 0, Is Virtual User: 0
[2020.01.26-02.39.32:460][  0]LogHMD: Failed to initialize OpenVR with code 110
[2020.01.26-02.39.32:461][  0]LogD3D11RHI: D3D11 adapters:
[2020.01.26-02.39.32:559][  0]LogD3D11RHI:    0. 'Intel(R) UHD Graphics 620' (Feature Level 11_0)
[2020.01.26-02.39.32:560][  0]LogD3D11RHI:       128/0/4058 MB DedicatedVideo/DedicatedSystem/SharedSystem, Outputs:1, VendorId:0x8086
[2020.01.26-02.39.32:563][  0]LogD3D11RHI:    1. 'Microsoft Basic Render Driver' (Feature Level 11_0)
[2020.01.26-02.39.32:563][  0]LogD3D11RHI:       0/0/4058 MB DedicatedVideo/DedicatedSystem/SharedSystem, Outputs:0, VendorId:0x1414
[2020.01.26-02.39.32:563][  0]LogD3D11RHI: Chosen D3D11 Adapter: 0
[2020.01.26-02.39.32:573][  0]LogD3D11RHI: Creating new Direct3DDevice
[2020.01.26-02.39.32:573][  0]LogD3D11RHI:     GPU DeviceId: 0x5917 (for the marketing name, search the web for "GPU Device Id")
[2020.01.26-02.39.32:573][  0]LogWindows: EnumDisplayDevices:
[2020.01.26-02.39.32:573][  0]LogWindows:    0. 'Intel(R) UHD Graphics 620' (P:1 D:1)
[2020.01.26-02.39.32:574][  0]LogWindows:    1. 'Intel(R) UHD Graphics 620' (P:0 D:0)
[2020.01.26-02.39.32:574][  0]LogWindows:    2. 'Intel(R) UHD Graphics 620' (P:0 D:0)
[2020.01.26-02.39.32:574][  0]LogWindows: DebugString: FoundDriverCount:3 
[2020.01.26-02.39.32:574][  0]LogD3D11RHI:     Adapter Name: Intel(R) UHD Graphics 620
[2020.01.26-02.39.32:574][  0]LogD3D11RHI:   Driver Version: 25.20.100.6471 (internal:25.20.100.6471, unified:25.20.100.6471)
[2020.01.26-02.39.32:574][  0]LogD3D11RHI:      Driver Date: 12-28-2018
[2020.01.26-02.39.32:574][  0]LogRHI: Texture pool is 1510 MB (70% of 2157 MB)
[2020.01.26-02.39.32:684][  0]LogD3D11RHI: [IntelMetricsDiscovery] Started
[2020.01.26-02.39.32:684][  0]LogD3D11RHI: Async texture creation enabled
[2020.01.26-02.39.32:694][  0]LogD3D11RHI: GPU Timing Frequency: 12.000048 (Debug: 2 0)
[2020.01.26-02.39.33:378][  0]LogTemp: Display: Module 'AllDesktopTargetPlatform' loaded TargetPlatform 'AllDesktop'
[2020.01.26-02.39.33:397][  0]LogTemp: Display: Module 'MacClientTargetPlatform' loaded TargetPlatform 'MacClient'
[2020.01.26-02.39.33:418][  0]LogTemp: Display: Module 'MacNoEditorTargetPlatform' loaded TargetPlatform 'MacNoEditor'
[2020.01.26-02.39.33:443][  0]LogTemp: Display: Module 'MacServerTargetPlatform' loaded TargetPlatform 'MacServer'
[2020.01.26-02.39.33:467][  0]LogTemp: Display: Module 'MacTargetPlatform' loaded TargetPlatform 'Mac'
[2020.01.26-02.39.33:487][  0]LogTemp: Display: Module 'WindowsClientTargetPlatform' loaded TargetPlatform 'WindowsClient'
[2020.01.26-02.39.33:510][  0]LogTemp: Display: Module 'WindowsNoEditorTargetPlatform' loaded TargetPlatform 'WindowsNoEditor'
[2020.01.26-02.39.33:536][  0]LogTemp: Display: Module 'WindowsServerTargetPlatform' loaded TargetPlatform 'WindowsServer'
[2020.01.26-02.39.33:547][  0]LogTemp: Display: Module 'WindowsTargetPlatform' loaded TargetPlatform 'Windows'
[2020.01.26-02.39.33:641][  0]LogTemp: Display: Module 'AndroidTargetPlatform' loaded TargetPlatform 'Android'
[2020.01.26-02.39.33:641][  0]LogTemp: Display: Module 'AndroidTargetPlatform' loaded TargetPlatform 'Android_ASTC'
[2020.01.26-02.39.33:641][  0]LogTemp: Display: Module 'AndroidTargetPlatform' loaded TargetPlatform 'Android_ATC'
[2020.01.26-02.39.33:641][  0]LogTemp: Display: Module 'AndroidTargetPlatform' loaded TargetPlatform 'Android_DXT'
[2020.01.26-02.39.33:641][  0]LogTemp: Display: Module 'AndroidTargetPlatform' loaded TargetPlatform 'Android_ETC1'
[2020.01.26-02.39.33:641][  0]LogTemp: Display: Module 'AndroidTargetPlatform' loaded TargetPlatform 'Android_ETC1a'
[2020.01.26-02.39.33:642][  0]LogTemp: Display: Module 'AndroidTargetPlatform' loaded TargetPlatform 'Android_ETC2'
[2020.01.26-02.39.33:642][  0]LogTemp: Display: Module 'AndroidTargetPlatform' loaded TargetPlatform 'Android_PVRTC'
[2020.01.26-02.39.33:642][  0]LogTemp: Display: Module 'AndroidTargetPlatform' loaded TargetPlatform 'AndroidClient'
[2020.01.26-02.39.33:642][  0]LogTemp: Display: Module 'AndroidTargetPlatform' loaded TargetPlatform 'Android_ASTCClient'
[2020.01.26-02.39.33:642][  0]LogTemp: Display: Module 'AndroidTargetPlatform' loaded TargetPlatform 'Android_ATCClient'
[2020.01.26-02.39.33:642][  0]LogTemp: Display: Module 'AndroidTargetPlatform' loaded TargetPlatform 'Android_DXTClient'
[2020.01.26-02.39.33:642][  0]LogTemp: Display: Module 'AndroidTargetPlatform' loaded TargetPlatform 'Android_ETC1Client'
[2020.01.26-02.39.33:642][  0]LogTemp: Display: Module 'AndroidTargetPlatform' loaded TargetPlatform 'Android_ETC1aClient'
[2020.01.26-02.39.33:642][  0]LogTemp: Display: Module 'AndroidTargetPlatform' loaded TargetPlatform 'Android_ETC2Client'
[2020.01.26-02.39.33:642][  0]LogTemp: Display: Module 'AndroidTargetPlatform' loaded TargetPlatform 'Android_PVRTCClient'
[2020.01.26-02.39.33:642][  0]LogTemp: Display: Module 'AndroidTargetPlatform' loaded TargetPlatform 'Android_Multi'
[2020.01.26-02.39.33:642][  0]LogTemp: Display: Module 'AndroidTargetPlatform' loaded TargetPlatform 'Android_MultiClient'
[2020.01.26-02.39.33:646][  0]LogTemp: Display: Module 'HTML5TargetPlatform' loaded TargetPlatform 'HTML5'
[2020.01.26-02.39.33:690][  0]LogTemp: Display: Module 'IOSTargetPlatform' loaded TargetPlatform 'IOSClient'
[2020.01.26-02.39.33:690][  0]LogTemp: Display: Module 'IOSTargetPlatform' loaded TargetPlatform 'IOS'
[2020.01.26-02.39.33:733][  0]LogTemp: Display: Module 'TVOSTargetPlatform' loaded TargetPlatform 'TVOSClient'
[2020.01.26-02.39.33:733][  0]LogTemp: Display: Module 'TVOSTargetPlatform' loaded TargetPlatform 'TVOS'
[2020.01.26-02.39.33:749][  0]LogTemp: Display: Module 'LinuxClientTargetPlatform' loaded TargetPlatform 'LinuxClient'
[2020.01.26-02.39.33:765][  0]LogTemp: Display: Module 'LinuxNoEditorTargetPlatform' loaded TargetPlatform 'LinuxNoEditor'
[2020.01.26-02.39.33:784][  0]LogTemp: Display: Module 'LinuxServerTargetPlatform' loaded TargetPlatform 'LinuxServer'
[2020.01.26-02.39.33:809][  0]LogTemp: Display: Module 'LinuxTargetPlatform' loaded TargetPlatform 'Linux'
[2020.01.26-02.39.33:880][  0]LogTemp: Display: Module 'LuminTargetPlatform' loaded TargetPlatform 'Lumin'
[2020.01.26-02.39.33:880][  0]LogTemp: Display: Module 'LuminTargetPlatform' loaded TargetPlatform 'LuminClient'
[2020.01.26-02.39.33:880][  0]LogTargetPlatformManager: Display: Building Assets For Windows
[2020.01.26-02.39.33:899][  0]LogAudioDebug: Display: Lib vorbis DLL was dynamically loaded.
[2020.01.26-02.39.34:025][  0]LogShaderCompilers: Guid format shader working directory is -28 characters bigger than the processId version (../../../../../../Users/emily/Documents/GitHub/CarnivalGame/RollerCoaster/Intermediate/Shaders/WorkingDirectory/22004/).
[2020.01.26-02.39.34:026][  0]LogShaderCompilers: Cleaned the shader compiler working directory 'C:/Users/emily/AppData/Local/Temp/UnrealShaderWorkingDir/52DC4E28473D804C301E9AA4C099B745/'.
[2020.01.26-02.39.34:032][  0]LogXGEController: Cannot use XGE Controller as Incredibuild is not installed on this machine.
[2020.01.26-02.39.34:032][  0]LogShaderCompilers: Cannot use XGE Shader Compiler as Incredibuild is not installed on this machine.
[2020.01.26-02.39.34:032][  0]LogShaderCompilers: Display: Using Local Shader Compiler.
[2020.01.26-02.39.34:926][  0]LogDerivedDataCache: Display: Max Cache Size: 512 MB
[2020.01.26-02.39.34:991][  0]LogDerivedDataCache: Loaded boot cache 0.07s 73MB C:/Users/emily/AppData/Local/UnrealEngine/4.23/DerivedDataCache/Boot.ddc.
[2020.01.26-02.39.34:991][  0]LogDerivedDataCache: Display: Loaded Boot cache: C:/Users/emily/AppData/Local/UnrealEngine/4.23/DerivedDataCache/Boot.ddc
[2020.01.26-02.39.34:992][  0]LogDerivedDataCache: FDerivedDataBackendGraph:  Pak pak cache file ../../../../../../Users/emily/Documents/GitHub/CarnivalGame/RollerCoaster/DerivedDataCache/DDC.ddp not found, will not use a pak cache.
[2020.01.26-02.39.34:992][  0]LogDerivedDataCache: Unable to find inner node Pak for hierarchical cache Hierarchy.
[2020.01.26-02.39.34:992][  0]LogDerivedDataCache: FDerivedDataBackendGraph:  CompressedPak pak cache file ../../../../../../Users/emily/Documents/GitHub/CarnivalGame/RollerCoaster/DerivedDataCache/Compressed.ddp not found, will not use a pak cache.
[2020.01.26-02.39.34:992][  0]LogDerivedDataCache: Unable to find inner node CompressedPak for hierarchical cache Hierarchy.
[2020.01.26-02.39.35:009][  0]LogDerivedDataCache: Display: Pak cache opened for reading ../../../Engine/DerivedDataCache/Compressed.ddp.
[2020.01.26-02.39.35:009][  0]LogDerivedDataCache: FDerivedDataBackendGraph:  EnterprisePak pak cache file ../../../Enterprise/DerivedDataCache/Compressed.ddp not found, will not use a pak cache.
[2020.01.26-02.39.35:009][  0]LogDerivedDataCache: Unable to find inner node EnterprisePak for hierarchical cache Hierarchy.
[2020.01.26-02.39.35:011][  0]LogDerivedDataCache: Using Local data cache path C:/Users/emily/AppData/Local/UnrealEngine/Common/DerivedDataCache: Writable
[2020.01.26-02.39.35:011][  0]LogDerivedDataCache: Shared data cache path not found in *engine.ini, will not use an Shared cache.
[2020.01.26-02.39.35:011][  0]LogDerivedDataCache: Unable to find inner node Shared for hierarchical cache Hierarchy.
[2020.01.26-02.39.35:081][  0]LogMaterial: Verifying Global Shaders for PCD3D_SM5
[2020.01.26-02.39.35:086][  0]LogSlate: Using FreeType 2.6.0
[2020.01.26-02.39.35:087][  0]LogSlate: SlateFontServices - WITH_FREETYPE: 1, WITH_HARFBUZZ: 1
[2020.01.26-02.39.35:185][  0]LogAssetRegistry: FAssetRegistry took 0.0036 seconds to start up
[2020.01.26-02.39.35:699][  0]LogInit: Selected Device Profile: [Windows]
[2020.01.26-02.39.36:171][  0]LogMeshReduction: Using QuadricMeshReduction for automatic static mesh reduction
[2020.01.26-02.39.36:171][  0]LogMeshReduction: Using SimplygonMeshReduction for automatic skeletal mesh reduction
[2020.01.26-02.39.36:171][  0]LogMeshReduction: Using ProxyLODMeshReduction for automatic mesh merging
[2020.01.26-02.39.36:171][  0]LogMeshReduction: No distributed automatic mesh merging module available
[2020.01.26-02.39.36:171][  0]LogMeshMerging: No distributed automatic mesh merging module available
[2020.01.26-02.39.36:185][  0]LogNetVersion: RollerCoaster 1.0.0, NetCL: 8386587, EngineNetVer: 11, GameNetVer: 0 (Checksum: 1695572160)
[2020.01.26-02.39.37:389][  0]LogPackageLocalizationCache: Processed 12 localized package path(s) for 1 prioritized culture(s) in 0.103829 seconds
[2020.01.26-02.39.37:400][  0]LogUObjectArray: 43444 objects as part of root set at end of initial load.
[2020.01.26-02.39.37:400][  0]LogUObjectAllocator: 7548648 out of 0 bytes used by permanent object pool.
[2020.01.26-02.39.37:401][  0]LogUObjectArray: CloseDisregardForGC: 0/0 objects in disregard for GC pool
[2020.01.26-02.39.39:117][  0]LogTcpMessaging: Initializing TcpMessaging bridge
[2020.01.26-02.39.39:121][  0]LogUdpMessaging: Initializing bridge on interface 0.0.0.0:0 to multicast group 230.0.0.1:6666.
[2020.01.26-02.39.39:230][  0]SourceControl: Source control is disabled
[2020.01.26-02.39.39:230][  0]SourceControl: Source control is disabled
[2020.01.26-02.39.39:233][  0]SourceControl: Source control is disabled
[2020.01.26-02.39.39:235][  0]SourceControl: Source control is disabled
[2020.01.26-02.39.39:377][  0]LogAndroidPermission: UAndroidPermissionCallbackProxy::GetInstance
[2020.01.26-02.39.39:592][  0]LogOcInput: OculusInput pre-init called
[2020.01.26-02.39.39:605][  0]LogWindows: Failed to load 'OVRPlugin.dll' (GetLastError=126)
[2020.01.26-02.39.39:605][  0]LogWindows: File 'OVRPlugin.dll' does not exist
[2020.01.26-02.39.39:770][  0]LogEngine: Initializing Engine...
[2020.01.26-02.39.39:771][  0]LogHMD: Failed to initialize OpenVR with code 110
[2020.01.26-02.39.39:772][  0]LogStats: UGameplayTagsManager::InitializeManager -  0.000 s
[2020.01.26-02.39.40:520][  0]LogInit: Initializing FReadOnlyCVARCache
[2020.01.26-02.39.40:551][  0]LogAIModule: Creating AISystem for world Untitled
[2020.01.26-02.39.40:835][  0]LogInit: XAudio2 using 'Headphones (Realtek High Definition Audio(SST))' : 2 channels at 48 kHz using 32 bits per sample (channel mask 0x3)
[2020.01.26-02.39.41:472][  0]LogInit: FAudioDevice initialized.
[2020.01.26-02.39.41:472][  0]LogNetVersion: Set ProjectVersion to 1.0.0.0. Version Checksum will be recalculated on next use.
[2020.01.26-02.39.41:558][  0]LogDerivedDataCache: Saved boot cache 0.09s 90MB C:/Users/emily/AppData/Local/UnrealEngine/4.23/DerivedDataCache/Boot.ddc.
[2020.01.26-02.39.41:572][  0]LogInit: Texture streaming: Enabled
[2020.01.26-02.39.41:607][  0]LogEngineSessionManager: EngineSessionManager initialized
[2020.01.26-02.39.41:607][  0]LogEditorSessionSummary: Verbose: Initializing EditorSessionSummaryWriter for editor session tracking
[2020.01.26-02.39.41:608][  0]LogEditorSessionSummary: EditorSessionSummaryWriter initialized
[2020.01.26-02.39.41:728][  0]LogInit: Transaction tracking system initialized
[2020.01.26-02.39.41:786][  0]BlueprintLog: New page: Editor Load
[2020.01.26-02.39.41:949][  0]LocalizationService: Localization service is disabled
[2020.01.26-02.39.42:645][  0]LogFileCache: Scanning file cache for directory 'C:/Users/emily/Documents/GitHub/CarnivalGame/RollerCoaster/Content/' took 0.02s
[2020.01.26-02.39.42:645][  0]LogCook: Display: Max memory allowance for cook 16384mb min free memory 0mb
[2020.01.26-02.39.42:645][  0]LogCook: Display: Mobile HDR setting 1
[2020.01.26-02.39.43:014][  0]SourceControl: Source control is disabled
[2020.01.26-02.39.43:015][  0]Cmd: MAP LOAD FILE="../../../../../../Users/emily/Documents/GitHub/CarnivalGame/RollerCoaster/Content/VirtualRealityBP/Maps/MotionControllerMap.umap" TEMPLATE=0 SHOWPROGRESS=1 FEATURELEVEL=3
[2020.01.26-02.39.43:015][  0]LightingResults: New page: Lighting Build
[2020.01.26-02.39.43:019][  0]LogWorld: UWorld::CleanupWorld for Untitled, bSessionEnded=true, bCleanupResources=true
[2020.01.26-02.39.43:019][  0]MapCheck: New page: Map Check
[2020.01.26-02.39.43:019][  0]LightingResults: New page: Lighting Build
[2020.01.26-02.39.43:057][  0]LogUObjectHash: Compacting FUObjectHashTables data took   2.18ms
[2020.01.26-02.39.44:595][  0]LogAIModule: Creating AISystem for world MotionControllerMap
[2020.01.26-02.39.44:623][  0]LogEditorServer: Finished looking for orphan Actors (0.000 secs)
[2020.01.26-02.39.44:729][  0]LogUObjectHash: Compacting FUObjectHashTables data took   4.67ms
[2020.01.26-02.39.44:730][  0]Cmd: MAP CHECKDEP NOCLEARLOG
[2020.01.26-02.39.44:730][  0]MapCheck: Map check complete: 0 Error(s), 0 Warning(s), took 0.376ms to complete.
[2020.01.26-02.39.44:730][  0]LogFileHelpers: Loading map 'MotionControllerMap' took 1.716
[2020.01.26-02.39.44:967][  0]LogSlate: Updating window title bar state: overlay mode, drag disabled, window buttons hidden, title bar hidden
[2020.01.26-02.39.44:980][  0]LogSlate: Updating window title bar state: overlay mode, drag disabled, window buttons hidden, title bar hidden
[2020.01.26-02.39.44:993][  0]LogSlate: Updating window title bar state: overlay mode, drag disabled, window buttons hidden, title bar hidden
[2020.01.26-02.39.45:009][  0]LogSlate: Updating window title bar state: overlay mode, drag disabled, window buttons hidden, title bar hidden
[2020.01.26-02.39.45:035][  0]LogCollectionManager: Loaded 0 collections in 0.003850 seconds
[2020.01.26-02.39.45:068][  0]LogFileCache: Scanning file cache for directory 'C:/Users/emily/Documents/GitHub/CarnivalGame/RollerCoaster/Saved/Collections/' took 0.00s
[2020.01.26-02.39.45:068][  0]LogFileCache: Scanning file cache for directory 'C:/Users/emily/Documents/GitHub/CarnivalGame/RollerCoaster/Content/Developers/emily/Collections/' took 0.00s
[2020.01.26-02.39.45:068][  0]LogFileCache: Scanning file cache for directory 'C:/Users/emily/Documents/GitHub/CarnivalGame/RollerCoaster/Content/Collections/' took 0.00s
[2020.01.26-02.39.45:068][  0]LogCollectionManager: Rebuilt the GUID cache for 0 collections in 0.000004 seconds
[2020.01.26-02.39.45:086][  0]LogContentBrowser: Native class hierarchy populated in 0.0154 seconds. Added 2863 classes and 680 folders.
[2020.01.26-02.39.45:108][  0]LogContentBrowser: Native class hierarchy updated for 'WidgetCarousel' in 0.0003 seconds. Added 0 classes and 0 folders.
[2020.01.26-02.39.45:761][  0]LogContentBrowser: Native class hierarchy updated for 'AddContentDialog' in 0.0005 seconds. Added 0 classes and 0 folders.
[2020.01.26-02.39.45:780][  0]LogContentBrowser: Native class hierarchy updated for 'SceneOutliner' in 0.0003 seconds. Added 1 classes and 2 folders.
[2020.01.26-02.39.45:871][  0]LogSlate: Took 0.000293 seconds to synchronously load lazily loaded font '../../../Engine/Content/Slate/Fonts/Roboto-Regular.ttf' (155K)
[2020.01.26-02.39.45:875][  0]LogSlate: Took 0.000255 seconds to synchronously load lazily loaded font '../../../Engine/Content/Slate/Fonts/Roboto-Bold.ttf' (160K)
[2020.01.26-02.39.45:902][  0]LogSlate: Took 0.013247 seconds to synchronously load lazily loaded font '../../../Engine/Content/Editor/Slate/Fonts/FontAwesome.ttf' (139K)
[2020.01.26-02.39.46:312][  0]LogRenderer: Reallocating scene render targets to support 576x568 Format 26 NumSamples 1 (Frame:1).
[2020.01.26-02.39.47:326][  0]LogContentBrowser: Native class hierarchy updated for 'HierarchicalLODOutliner' in 0.0003 seconds. Added 0 classes and 0 folders.
[2020.01.26-02.39.47:326][  0]LogLoad: (Engine Initialization) Total time: 18.20 seconds
[2020.01.26-02.39.47:326][  0]LogLoad: (Engine Initialization) Total Blueprint compile time: 0.00 seconds
[2020.01.26-02.39.47:396][  0]LogContentStreaming: Texture pool size now 1000 MB
[2020.01.26-02.39.48:981][  5]LogAssetRegistry: Asset discovery search completed in 13.7983 seconds
[2020.01.26-02.39.48:991][  5]LogCollectionManager: Rebuilt the object cache for 0 collections in 0.000009 seconds (found 0 objects)
[2020.01.26-02.39.48:991][  5]LogCollectionManager: Fixed up redirectors for 0 collections in 0.000127 seconds (updated 0 objects)
[2020.01.26-02.39.54:784][226]LogSlate: FSceneViewport::OnFocusLost() reason 0
[2020.01.26-02.40.47:371][232]LogEditorSessionSummary: EditorSessionSummary sent report. Type=Shutdown, SessionId={4BC645F9-4986-D2E7-E2FA-9EAE7E75CE15}
[2020.01.26-02.40.47:371][232]LogEditorSessionSummary: EditorSessionSummary sent report. Type=Shutdown, SessionId={7F2E90DB-4220-5273-6C9A-40A5794D169E}
[2020.01.26-02.42.58:990][574]LogHttp: Warning: 000001F2EA9A9940: invalid HTTP response code received. URL: https://datarouter.ol.epicgames.com/datarouter/api/v1/public/data?SessionID=%7B48BB3824-47DB-6834-88D0-CAA89E4B0728%7D&AppID=UEEditor.Rocket.Release&AppVersion=4.23.1-9631420%2B%2B%2BUE4%2BRelease-4.23&UserID=c4aa6cad4b7c98f739d12f831585bb81%7Ca3eecfbc7c5e48a3b945a7624252e30e%7C073fa29b-8b46-47dd-a71c-a47d751364d3&AppEnvironment=datacollector-binary&UploadType=eteventstream, HTTP code: 0, content length: -1, actual payload size: 0
[2020.01.26-02.42.58:990][574]LogHttp: Warning: 000001F2EA9A9940: request failed, libcurl error: 6 (Couldn't resolve host name)
[2020.01.26-02.42.58:990][574]LogHttp: Warning: 000001F2EA9A9940: libcurl info message cache 0 (Connection 0 seems to be dead!)
[2020.01.26-02.42.58:990][574]LogHttp: Warning: 000001F2EA9A9940: libcurl info message cache 1 (Closing connection 0)
[2020.01.26-02.42.58:990][574]LogHttp: Warning: 000001F2EA9A9940: libcurl info message cache 2 (TLSv1.2 (OUT), TLS alert, Client hello (1):)
[2020.01.26-02.42.58:990][574]LogHttp: Warning: 000001F2EA9A9940: libcurl info message cache 3 (Could not resolve host: datarouter.ol.epicgames.com)
[2020.01.26-02.42.58:990][574]LogHttp: Warning: 000001F2EA9A9940: libcurl info message cache 4 (Closing connection 1)
[2020.01.26-02.42.58:990][574]LogHttp: Warning: Retry exhausted on https://datarouter.ol.epicgames.com/datarouter/api/v1/public/data?SessionID=%7B48BB3824-47DB-6834-88D0-CAA89E4B0728%7D&AppID=UEEditor.Rocket.Release&AppVersion=4.23.1-9631420%2B%2B%2BUE4%2BRelease-4.23&UserID=c4aa6cad4b7c98f739d12f831585bb81%7Ca3eecfbc7c5e48a3b945a7624252e30e%7C073fa29b-8b46-47dd-a71c-a47d751364d3&AppEnvironment=datacollector-binary&UploadType=eteventstream
[2020.01.26-02.44.20:483][290]LogSlate: Took 0.011527 seconds to synchronously load lazily loaded font '../../../Engine/Content/Slate/Fonts/Roboto-Light.ttf' (167K)
[2020.01.26-02.44.20:518][290]LogFactory: FactoryCreateFile: StaticMesh with FbxFactory (0 0 ../../../../../../Users/emily/Documents/GitHub/CarnivalGame/RollerCoaster/Import/ghost_plushie.fbx)
[2020.01.26-02.44.20:580][290]LogFbx: Loading FBX Scene from ../../../../../../Users/emily/Documents/GitHub/CarnivalGame/RollerCoaster/Import/ghost_plushie.fbx
[2020.01.26-02.44.20:606][290]LogFbx: FBX Scene Loaded Succesfully
[2020.01.26-02.44.28:019][290]LogSlate: Window 'FBX Import Options' being destroyed
[2020.01.26-02.44.28:488][290]LogLinker: Failed to load '/Game/ghostSet2': Can't find file.
[2020.01.26-02.44.28:488][290]LogLinker: Failed to load '/Game/ghostSet2': Can't find file.
[2020.01.26-02.44.28:536][290]LogTexture: Display: Building textures: ghostSet2 (AutoDXT, 1000X1000)
[2020.01.26-02.44.28:916][290]LogMaterial: Display: Missing cached shader map for material lambert1, compiling. 
[2020.01.26-02.44.29:020][290]LogFbx: Display: Triangulating static mesh pCylinder1
[2020.01.26-02.44.29:087][290]LogShaderCompilers: Display: Worker (1/5): shaders left to compile 22
[2020.01.26-02.44.29:087][290]LogShaderCompilers: Display: Worker (2/5): shaders left to compile 16
[2020.01.26-02.44.29:087][290]LogShaderCompilers: Display: Worker (3/5): shaders left to compile 10
[2020.01.26-02.44.29:087][290]LogShaderCompilers: Display: Worker (4/5): shaders left to compile 4
[2020.01.26-02.44.29:089][290]LogStaticMesh: Building static mesh ghost_plushie...
[2020.01.26-02.44.29:117][290]LogStaticMesh: Built static mesh [0.03s] /Game/ghost_plushie.ghost_plushie
[2020.01.26-02.44.29:157][290]FBXImport: Warning: No smoothing group information was found in this FBX scene.  Please make sure to enable the 'Export Smoothing Groups' option in the FBX Exporter plug-in before exporting the file.  Even for tools that don't support smoothing groups, the FBX Exporter will generate appropriate smoothing data at export-time so that correct vertex normals can be inferred while importing. 
[2020.01.26-02.44.51:412][887]LogSlate: Window 'Message Log' being destroyed
[2020.01.26-02.44.51:427][887]LogSlate: Window 'Message Log' being destroyed
[2020.01.26-02.44.56:466][987]LogAssetEditorManager: Opening Asset editor for StaticMesh /Game/ghost_plushie.ghost_plushie
[2020.01.26-02.44.56:892][987]LogMaterial: Display: Missing cached shader map for material M_SkyBox, compiling. 
[2020.01.26-02.44.56:977][987]LogShaderCompilers: Display: Worker (1/5): shaders left to compile 5
[2020.01.26-02.44.56:977][987]LogShaderCompilers: Display: Worker (2/5): shaders left to compile 3
[2020.01.26-02.44.56:977][987]LogShaderCompilers: Display: Worker (3/5): shaders left to compile 1
[2020.01.26-02.44.57:734][987]LogRenderer: Reallocating scene render targets to support 916x732 Format 26 NumSamples 1 (Frame:1).
[2020.01.26-02.44.57:735][987]LogSlate: Took 0.018144 seconds to synchronously load lazily loaded font '../../../Engine/Content/Slate/Fonts/Roboto-Italic.ttf' (157K)
[2020.01.26-02.45.15:731][312]LogSlate: FSceneViewport::OnFocusLost() reason 2
[2020.01.26-02.45.33:433][826]LogSlate: FSceneViewport::OnFocusLost() reason 2
[2020.01.26-02.45.36:335][899]LogSlate: FSceneViewport::OnFocusLost() reason 2
[2020.01.26-02.45.39:376][987]LogSlate: FSceneViewport::OnFocusLost() reason 0
[2020.01.26-02.45.39:576][990]Cmd: OBJ SAVEPACKAGE PACKAGE="/Game/ghost_plushie" FILE="../../../../../../Users/emily/Documents/GitHub/CarnivalGame/RollerCoaster/Content/ghost_plushie.uasset" SILENT=true
[2020.01.26-02.45.39:635][990]LogSavePackage: Moving '../../../../../../Users/emily/Documents/GitHub/CarnivalGame/RollerCoaster/Saved/ghost_plushie918E47E54DFAEEEBF8F06B821F012A21.tmp' to '../../../../../../Users/emily/Documents/GitHub/CarnivalGame/RollerCoaster/Content/ghost_plushie.uasset'
[2020.01.26-02.45.41:500][ 27]LogSlate: Window 'ghost_plushie' being destroyed
[2020.01.26-02.45.41:550][ 27]LogSlate: Window 'ghost_plushie' being destroyed
[2020.01.26-02.45.41:625][ 27]LogWorld: UWorld::CleanupWorld for World_2, bSessionEnded=true, bCleanupResources=true
[2020.01.26-02.45.43:744][ 74]LogAssetEditorManager: Opening Asset editor for Material /Game/lambert1.lambert1
[2020.01.26-02.45.43:765][ 74]LogMaterial: Display: Missing cached shader map for material lambert1, compiling. 
[2020.01.26-02.45.43:944][ 74]LogMaterial: Display: Missing cached shader map for material lambert1, compiling. 
[2020.01.26-02.45.43:979][ 74]LogShaderCompilers: Display: Worker (1/5): shaders left to compile 21
[2020.01.26-02.45.43:979][ 74]LogShaderCompilers: Display: Worker (2/5): shaders left to compile 20
[2020.01.26-02.45.43:979][ 74]LogShaderCompilers: Display: Worker (3/5): shaders left to compile 19
[2020.01.26-02.45.43:979][ 74]LogShaderCompilers: Display: Worker (4/5): shaders left to compile 18
[2020.01.26-02.45.43:991][ 74]LogMaterial: Display: Missing cached shader map for material FMatExpressionPreview MaterialExpressionTextureSample_0, compiling. 
[2020.01.26-02.45.44:125][ 74]LogSlate: Took 0.017098 seconds to synchronously load lazily loaded font '../../../Engine/Content/Slate/Fonts/Roboto-BoldCondensed.ttf' (158K)
[2020.01.26-02.45.45:366][ 89]LogShaderCompilers: Display: Worker (4/5): shaders left to compile 21
[2020.01.26-02.45.45:716][ 95]LogShaderCompilers: Display: Worker (2/5): shaders left to compile 20
[2020.01.26-02.45.45:716][ 95]LogShaderCompilers: Display: Worker (3/5): shaders left to compile 19
[2020.01.26-02.45.46:050][101]LogShaderCompilers: Display: Worker (1/5): shaders left to compile 18
[2020.01.26-02.45.46:657][112]LogShaderCompilers: Display: Worker (4/5): shaders left to compile 17
[2020.01.26-02.45.46:884][116]LogShaderCompilers: Display: Worker (1/5): shaders left to compile 16
[2020.01.26-02.45.47:102][120]LogShaderCompilers: Display: Worker (2/5): shaders left to compile 15
[2020.01.26-02.45.47:340][125]LogShaderCompilers: Display: Worker (3/5): shaders left to compile 14
[2020.01.26-02.45.47:941][143]LogShaderCompilers: Display: Worker (4/5): shaders left to compile 13
[2020.01.26-02.45.49:180][178]LogShaderCompilers: Display: Worker (3/5): shaders left to compile 12
[2020.01.26-02.45.49:305][180]LogShaderCompilers: Display: Worker (1/5): shaders left to compile 11
[2020.01.26-02.45.49:916][189]LogShaderCompilers: Display: Worker (2/5): shaders left to compile 10
[2020.01.26-02.45.50:408][198]LogMaterialEditor: Saving and Compiling material lambert1
[2020.01.26-02.45.50:465][198]LogShaderCompilers: Display: Worker (4/5): shaders left to compile 9
[2020.01.26-02.45.50:526][198]Cmd: OBJ SAVEPACKAGE PACKAGE="/Game/lambert1" FILE="../../../../../../Users/emily/Documents/GitHub/CarnivalGame/RollerCoaster/Content/lambert1.uasset" SILENT=true
[2020.01.26-02.45.50:598][198]LogSavePackage: Moving '../../../../../../Users/emily/Documents/GitHub/CarnivalGame/RollerCoaster/Saved/lambert11BEF691943AF98C5ED905FA81CDEBEC3.tmp' to '../../../../../../Users/emily/Documents/GitHub/CarnivalGame/RollerCoaster/Content/lambert1.uasset'
[2020.01.26-02.45.51:291][210]LogShaderCompilers: Display: Worker (1/5): shaders left to compile 8
[2020.01.26-02.45.52:096][224]LogSlate: Window 'lambert1' being destroyed
[2020.01.26-02.45.52:132][224]LogSlate: Window 'lambert1' being destroyed
[2020.01.26-02.45.52:314][224]LogShaderCompilers: Display: Worker (3/5): shaders left to compile 3
[2020.01.26-02.45.52:314][224]LogWorld: UWorld::CleanupWorld for World_3, bSessionEnded=true, bCleanupResources=true
[2020.01.26-02.45.52:934][235]LogShaderCompilers: Display: Worker (2/5): shaders left to compile 2
[2020.01.26-02.45.53:145][240]LogShaderCompilers: Display: Worker (1/5): shaders left to compile 1
[2020.01.26-02.45.53:912][251]LogAssetEditorManager: Opening Asset editor for Texture2D /Game/ghostSet2.ghostSet2
[2020.01.26-02.45.53:941][251]LogContentBrowser: Native class hierarchy updated for 'TextureEditor' in 0.0007 seconds. Added 1 classes and 2 folders.
[2020.01.26-02.45.56:903][319]Cmd: OBJ SAVEPACKAGE PACKAGE="/Game/ghostSet2" FILE="../../../../../../Users/emily/Documents/GitHub/CarnivalGame/RollerCoaster/Content/ghostSet2.uasset" SILENT=true
[2020.01.26-02.45.57:085][319]LogSavePackage: Moving '../../../../../../Users/emily/Documents/GitHub/CarnivalGame/RollerCoaster/Saved/ghostSet2CA9E6298474471E750684193B40A6E07.tmp' to '../../../../../../Users/emily/Documents/GitHub/CarnivalGame/RollerCoaster/Content/ghostSet2.uasset'
[2020.01.26-02.45.58:625][366]LogSlate: Window 'ghostSet2' being destroyed
[2020.01.26-02.45.58:678][366]LogSlate: Window 'ghostSet2' being destroyed
[2020.01.26-02.46.03:511][477]LogActorFactory: Actor Factory created ghost_plushie
[2020.01.26-02.46.06:042][555]LogActorFactory: Actor Factory created ghost_plushie
[2020.01.26-02.46.17:631][909]Cmd: DELETE
[2020.01.26-02.46.17:632][909]Cmd: ACTOR DELETE
[2020.01.26-02.46.17:661][909]LogEditorActor: Deleted Actor: StaticMeshActor
[2020.01.26-02.46.17:721][909]LogUObjectHash: Compacting FUObjectHashTables data took   3.32ms
[2020.01.26-02.46.17:722][909]LogEditorActor: Deleted 1 Actors (0.079 secs)
[2020.01.26-02.46.19:026][943]LogSlate: FSceneViewport::OnFocusLost() reason 0
[2020.01.26-02.46.19:284][949]LogAssetEditorManager: Opening Asset editor for StaticMesh /Game/ghost_plushie.ghost_plushie
[2020.01.26-02.46.42:888][376]LogSlate: FSceneViewport::OnFocusLost() reason 0
[2020.01.26-02.46.42:999][380]LogSlate: Window 'ghost_plushie' being destroyed
[2020.01.26-02.46.43:029][380]LogSlate: Window 'ghost_plushie' being destroyed
[2020.01.26-02.46.43:104][380]LogWorld: UWorld::CleanupWorld for World_4, bSessionEnded=true, bCleanupResources=true
[2020.01.26-02.47.02:370][952]LogSlate: FSceneViewport::OnFocusLost() reason 0
[2020.01.26-02.47.54:473][756]Cmd: CAMERA ALIGN ACTIVEVIEWPORTONLY
[2020.01.26-02.48.19:952][569]LogEditorViewport: Clicking on Actor (LMB): TextRenderActor (Time:)
[2020.01.26-02.48.22:512][639]LogSlate: FSceneViewport::OnFocusLost() reason 2
[2020.01.26-02.49.47:880][212]LogUObjectHash: Compacting FUObjectHashTables data took   2.04ms
[2020.01.26-02.49.48:350][212]LogSavePackage: Moving '../../../../../../Users/emily/Documents/GitHub/CarnivalGame/RollerCoaster/Saved/MotionControllerMap_Auto1759E55984996B6523111A69D1FDAB8FC.tmp' to '../../../../../../Users/emily/Documents/GitHub/CarnivalGame/RollerCoaster/Saved/Autosaves/Game/VirtualRealityBP/Maps/MotionControllerMap_Auto1.umap'
[2020.01.26-02.49.48:368][212]LogFileHelpers: Editor autosave (incl. sublevels) for '/Game/VirtualRealityBP/Maps/MotionControllerMap' took 0.534
[2020.01.26-02.49.48:369][212]LogFileHelpers: Editor autosave (incl. sublevels) for all levels took 0.534
[2020.01.26-02.49.48:407][213]LogEditorSessionSummary: EditorSessionSummary sent report. Type=Shutdown, SessionId={7AEF4E34-4B53-0F88-C80C-E2ACCCE04784}
[2020.01.26-02.53.01:625][639]LogSlate: FSceneViewport::OnFocusLost() reason 0
[2020.01.26-02.53.06:472][805]LogSlate: FSceneViewport::OnFocusLost() reason 0
[2020.01.26-02.53.45:509][ 81]LogEditorViewport: Clicking on Actor (LMB): BP_Sky_Sphere_C (SkySphereBlueprint)
[2020.01.26-02.53.49:488][202]LogSlate: FSceneViewport::OnFocusLost() reason 0
[2020.01.26-02.53.50:746][244]LogActorFactory: Actor Factory created Plane
[2020.01.26-02.53.53:569][328]LogActorFactory: Actor Factory created Plane
[2020.01.26-02.58.49:591][808]LogSlate: FSceneViewport::OnFocusLost() reason 2
[2020.01.26-02.59.48:844][200]LogUObjectHash: Compacting FUObjectHashTables data took   4.30ms
[2020.01.26-02.59.49:261][200]LogSavePackage: Moving '../../../../../../Users/emily/Documents/GitHub/CarnivalGame/RollerCoaster/Saved/MotionControllerMap_Auto285EBCED84985821CFD6889AEC8F60AC3.tmp' to '../../../../../../Users/emily/Documents/GitHub/CarnivalGame/RollerCoaster/Saved/Autosaves/Game/VirtualRealityBP/Maps/MotionControllerMap_Auto2.umap'
[2020.01.26-02.59.49:271][200]LogFileHelpers: Editor autosave (incl. sublevels) for '/Game/VirtualRealityBP/Maps/MotionControllerMap' took 0.468
[2020.01.26-02.59.49:271][200]LogFileHelpers: Editor autosave (incl. sublevels) for all levels took 0.468
[2020.01.26-08.33.06:613][144]LogHttp: Warning: 000001F2F30EDF80: invalid HTTP response code received. URL: https://datarouter.ol.epicgames.com/datarouter/api/v1/public/data?SessionID=%7B48BB3824-47DB-6834-88D0-CAA89E4B0728%7D&AppID=UEEditor.Rocket.Release&AppVersion=4.23.1-9631420%2B%2B%2BUE4%2BRelease-4.23&UserID=c4aa6cad4b7c98f739d12f831585bb81%7Ca3eecfbc7c5e48a3b945a7624252e30e%7C073fa29b-8b46-47dd-a71c-a47d751364d3&AppEnvironment=datacollector-binary&UploadType=eteventstream, HTTP code: 0, content length: -1, actual payload size: 0
[2020.01.26-08.33.06:613][144]LogHttp: Warning: 000001F2F30EDF80: request failed, libcurl error: 56 (Failure when receiving data from the peer)
[2020.01.26-08.33.06:614][144]LogHttp: Warning: 000001F2F30EDF80: libcurl info message cache 0 (Found bundle for host datarouter.ol.epicgames.com: 0x1f2bfb2bf70 [can pipeline])
[2020.01.26-08.33.06:614][144]LogHttp: Warning: 000001F2F30EDF80: libcurl info message cache 1 (Re-using existing connection! (#17) with host datarouter.ol.epicgames.com)
[2020.01.26-08.33.06:614][144]LogHttp: Warning: 000001F2F30EDF80: libcurl info message cache 2 (Connected to datarouter.ol.epicgames.com (3.232.217.203) port 443 (#17))
[2020.01.26-08.33.06:614][144]LogHttp: Warning: 000001F2F30EDF80: libcurl info message cache 3 (We are completely uploaded and fine)
[2020.01.26-08.33.06:615][144]LogHttp: Warning: 000001F2F30EDF80: libcurl info message cache 4 (OpenSSL SSL_read: SSL_ERROR_SYSCALL, errno 10054)
[2020.01.26-08.33.06:615][144]LogHttp: Warning: 000001F2F30EDF80: libcurl info message cache 5 (Connection died, retrying a fresh connect)
[2020.01.26-08.33.06:615][144]LogHttp: Warning: 000001F2F30EDF80: libcurl info message cache 6 (necessary data rewind wasn't possible)
[2020.01.26-08.33.06:616][144]LogHttp: Warning: 000001F2F30EDF80: libcurl info message cache 7 (Closing connection 17)
[2020.01.26-08.33.06:623][144]LogHttp: Warning: Retry exhausted on https://datarouter.ol.epicgames.com/datarouter/api/v1/public/data?SessionID=%7B48BB3824-47DB-6834-88D0-CAA89E4B0728%7D&AppID=UEEditor.Rocket.Release&AppVersion=4.23.1-9631420%2B%2B%2BUE4%2BRelease-4.23&UserID=c4aa6cad4b7c98f739d12f831585bb81%7Ca3eecfbc7c5e48a3b945a7624252e30e%7C073fa29b-8b46-47dd-a71c-a47d751364d3&AppEnvironment=datacollector-binary&UploadType=eteventstream
[2020.01.26-08.33.49:540][571]LogEditorViewport: Clicking on Actor (LMB): TextRenderActor (Time:)
[2020.01.26-08.35.12:417][106]LogEditorViewport: Clicking on Actor (LMB): StaticMeshActor (EditorCube21)
[2020.01.26-08.35.19:881][381]LogEditorViewport: Clicking on Actor (LMB): NavModifierVolume (NavModifierVolume6)
[2020.01.26-08.35.29:950][738]Cmd: TRANSACTION UNDO
[2020.01.26-08.35.29:950][738]LogEditorTransaction: Undo Clicking on Actors
[2020.01.26-08.35.31:440][784]Cmd: TRANSACTION UNDO
[2020.01.26-08.35.31:441][784]LogEditorTransaction: Undo Move Actors
[2020.01.26-08.41.31:086][531]LogSlate: FSceneViewport::OnFocusLost() reason 0
[2020.01.26-08.41.31:341][534]LogUObjectHash: Compacting FUObjectHashTables data took  17.70ms
[2020.01.26-08.41.31:916][534]LogSavePackage: Moving '../../../../../../Users/emily/Documents/GitHub/CarnivalGame/RollerCoaster/Saved/MotionControllerMap484F76FA462C911C55BDF7AB3C127844.tmp' to '../../../../../../Users/emily/Documents/GitHub/CarnivalGame/RollerCoaster/Content/VirtualRealityBP/Maps/MotionControllerMap.umap'
[2020.01.26-08.41.32:465][534]LogSavePackage: Moving '../../../../../../Users/emily/Documents/GitHub/CarnivalGame/RollerCoaster/Saved/MotionControllerMap_BuiltDataD1D44D92466DBE71BD88A19585886BF1.tmp' to '../../../../../../Users/emily/Documents/GitHub/CarnivalGame/RollerCoaster/Content/VirtualRealityBP/Maps/MotionControllerMap_BuiltData.uasset'
[2020.01.26-09.10.41:827][279]LogMaterial: Display: Missing cached shader map for material Material_0, compiling. 
[2020.01.26-09.10.41:833][279]LogMaterial: Warning: /Engine/Transient.Material_0 (no disk path found): Failed to compile Material for platform PCD3D_SM5, Default Material will be used in game.
[2020.01.26-09.10.41:833][279]LogMaterial: Display: 	Only transparent or postprocess materials can read from scene depth.
[2020.01.26-09.10.55:013][498]LogEditorViewport: Clicking Background
[2020.01.26-09.10.57:489][578]LogSlate: FSceneViewport::OnFocusLost() reason 0
[2020.01.26-09.11.00:637][655]LogAssetEditorManager: Opening Asset editor for StaticMesh /Game/VirtualReality/Meshes/SM_FatCylinder.SM_FatCylinder
[2020.01.26-09.11.17:873][ 60]LogStaticMesh: Building static mesh SM_FatCylinder...
[2020.01.26-09.11.17:874][ 60]LogSlate: Prevented a slow task dialog from being summoned while a context menu was open
[2020.01.26-09.11.17:885][ 60]LogStaticMesh: Built static mesh [0.01s] /Game/VirtualReality/Meshes/SM_FatCylinder.SM_FatCylinder
[2020.01.26-09.11.24:991][254]LogSavePackage: Moving '../../../../../../Users/emily/Documents/GitHub/CarnivalGame/RollerCoaster/Saved/SM_FatCylinder0A318FEC4FFFE5C7E417D29852E47B00.tmp' to '../../../../../../Users/emily/Documents/GitHub/CarnivalGame/RollerCoaster/Content/VirtualReality/Meshes/SM_FatCylinder.uasset'
[2020.01.26-09.11.28:327][316]LogSlate: Window 'SM_FatCylinder' being destroyed
[2020.01.26-09.11.28:369][316]LogSlate: Window 'SM_FatCylinder' being destroyed
[2020.01.26-09.11.28:438][316]LogWorld: UWorld::CleanupWorld for World_8, bSessionEnded=true, bCleanupResources=true
[2020.01.26-09.11.55:087][502]LogUObjectHash: Compacting FUObjectHashTables data took   8.42ms
[2020.01.26-09.11.55:539][502]LogSavePackage: Moving '../../../../../../Users/emily/Documents/GitHub/CarnivalGame/RollerCoaster/Saved/MotionControllerMap_Auto35D3C9FFA49217361D1AF2690A32D683E.tmp' to '../../../../../../Users/emily/Documents/GitHub/CarnivalGame/RollerCoaster/Saved/Autosaves/Game/VirtualRealityBP/Maps/MotionControllerMap_Auto3.umap'
[2020.01.26-09.11.55:545][502]LogFileHelpers: Editor autosave (incl. sublevels) for '/Game/VirtualRealityBP/Maps/MotionControllerMap' took 0.511
[2020.01.26-09.11.55:545][502]LogFileHelpers: Editor autosave (incl. sublevels) for all levels took 0.511
[2020.01.26-09.11.55:548][502]OBJ SavePackage: Generating thumbnails for [1] asset(s) in package [/Game/VirtualRealityBP/Blueprints/BP_MotionController] ([1] browsable assets)...
[2020.01.26-09.11.55:579][502]OBJ SavePackage:     Rendered thumbnail for [Blueprint /Game/VirtualRealityBP/Blueprints/BP_MotionController.BP_MotionController]
[2020.01.26-09.11.55:579][502]OBJ SavePackage: Finished generating thumbnails for package [/Game/VirtualRealityBP/Blueprints/BP_MotionController]
[2020.01.26-09.11.55:950][502]LogSavePackage: Moving '../../../../../../Users/emily/Documents/GitHub/CarnivalGame/RollerCoaster/Saved/BP_MotionController_Auto3401FF8BC4D82856DB11792802A9DC6E6.tmp' to '../../../../../../Users/emily/Documents/GitHub/CarnivalGame/RollerCoaster/Saved/Autosaves/Game/VirtualRealityBP/Blueprints/BP_MotionController_Auto3.uasset'
[2020.01.26-09.11.55:953][502]LogFileHelpers: Auto-saving content packages took 0.406
[2020.01.26-09.20.51:022][525]LogAssetEditorManager: Opening Asset editor for StaticMesh /Game/ghost_plushie.ghost_plushie
[2020.01.26-09.26.22:185][733]LogSlate: FSceneViewport::OnFocusLost() reason 0
[2020.01.26-09.26.22:286][736]LogSlate: Window 'ghost_plushie' being destroyed
[2020.01.26-09.26.22:332][736]LogSlate: Window 'ghost_plushie' being destroyed
[2020.01.26-09.26.22:408][736]LogWorld: UWorld::CleanupWorld for World_9, bSessionEnded=true, bCleanupResources=true
[2020.01.26-09.26.23:946][777]LogUObjectHash: Compacting FUObjectHashTables data took   5.53ms
[2020.01.26-09.26.24:334][777]LogSavePackage: Moving '../../../../../../Users/emily/Documents/GitHub/CarnivalGame/RollerCoaster/Saved/MotionControllerMap32E3D87842E1637F7A7A76AF8E962409.tmp' to '../../../../../../Users/emily/Documents/GitHub/CarnivalGame/RollerCoaster/Content/VirtualRealityBP/Maps/MotionControllerMap.umap'
[2020.01.26-09.26.24:728][777]LogSavePackage: Moving '../../../../../../Users/emily/Documents/GitHub/CarnivalGame/RollerCoaster/Saved/MotionControllerMap_BuiltDataE647C6FC4071ED8C953D5E994A567B09.tmp' to '../../../../../../Users/emily/Documents/GitHub/CarnivalGame/RollerCoaster/Content/VirtualRealityBP/Maps/MotionControllerMap_BuiltData.uasset'
[2020.01.26-10.26.55:629][174]LogEditorViewport: Clicking on Actor (LMB): BP_Sky_Sphere_C (SkySphereBlueprint)
[2020.01.26-10.27.05:582][563]LogSlate: FSceneViewport::OnFocusLost() reason 0
[2020.01.26-10.27.33:311][463]LogActorFactory: Actor Factory created Shape_Trim
[2020.01.26-10.27.37:105][624]LogActorFactory: Actor Factory created Shape_Trim
[2020.01.26-10.28.35:365][879]LogEditorViewport: Clicking on Actor (context menu): StaticMeshActor (Shape_Trim)
[2020.01.26-10.28.35:505][879]LogSlate: FSceneViewport::OnFocusLost() reason 5
[2020.01.26-10.29.05:257][684]LogSlate: FSceneViewport::OnFocusLost() reason 2
[2020.01.26-10.29.12:532][850]LogUObjectHash: Compacting FUObjectHashTables data took  21.80ms
[2020.01.26-10.29.13:526][850]LogSavePackage: Moving '../../../../../../Users/emily/Documents/GitHub/CarnivalGame/RollerCoaster/Saved/MotionControllerMap10D1CA2F4E811DBBE882FCB5AA8B1173.tmp' to '../../../../../../Users/emily/Documents/GitHub/CarnivalGame/RollerCoaster/Content/VirtualRealityBP/Maps/MotionControllerMap.umap'
[2020.01.26-10.29.14:187][850]LogSavePackage: Moving '../../../../../../Users/emily/Documents/GitHub/CarnivalGame/RollerCoaster/Saved/MotionControllerMap_BuiltData05BFB292436D1E74E5B040909FBD874D.tmp' to '../../../../../../Users/emily/Documents/GitHub/CarnivalGame/RollerCoaster/Content/VirtualRealityBP/Maps/MotionControllerMap_BuiltData.uasset'
[2020.01.26-10.29.24:325][  5]LogEditorViewport: Clicking on Actor (LMB): TextRenderActor (Time:)
[2020.01.26-10.29.29:197][ 65]Cmd: EDIT COPY
[2020.01.26-10.29.29:679][ 70]Cmd: EDIT PASTE
[2020.01.26-10.30.10:757][782]LogEditorViewport: Clicking on Actor (LMB): StaticMeshActor (Shape_Trim)
[2020.01.26-10.30.41:523][387]LogEditorViewport: Clicking on Actor (LMB): StaticMeshActor (Shape_Trim)
[2020.01.26-10.30.43:014][419]Cmd: DELETE
[2020.01.26-10.30.43:014][419]Cmd: ACTOR DELETE
[2020.01.26-10.30.43:079][419]LogEditorActor: Deleted Actor: StaticMeshActor
[2020.01.26-10.30.43:185][419]LogUObjectHash: Compacting FUObjectHashTables data took   9.05ms
[2020.01.26-10.30.43:187][419]LogEditorActor: Deleted 1 Actors (0.159 secs)
[2020.01.26-10.30.50:532][565]LogSlate: FSceneViewport::OnFocusLost() reason 0
[2020.01.26-10.30.51:070][577]LogActorFactory: Actor Factory created Shape_Cube
[2020.01.26-10.30.59:032][769]LogActorFactory: Actor Factory created Shape_Cube
[2020.01.26-10.31.00:350][794]Cmd: TRANSACTION UNDO
[2020.01.26-10.31.00:350][794]LogEditorTransaction: Undo Create Actors
[2020.01.26-10.31.01:211][812]Cmd: TRANSACTION UNDO
[2020.01.26-10.31.01:212][812]LogEditorTransaction: Undo Delete Actors
[2020.01.26-10.31.12:579][ 60]LogEditorViewport: Clicking on Actor (LMB): StaticMeshActor (Shape_Trim)
[2020.01.26-10.31.13:622][ 84]LogEditorViewport: Clicking on Actor (LMB): TextRenderActor (Time:2)
[2020.01.26-10.31.17:329][166]LogSlate: FSceneViewport::OnFocusLost() reason 0
[2020.01.26-10.31.35:177][620]LogD3D11RHI: Timed out while waiting for GPU to catch up. (0.5 s) (ErrorCode 00000001)
