Log file open, 01/22/20 11:21:41
LogWindows: Failed to load 'aqProf.dll' (GetLastError=126)
LogWindows: File 'aqProf.dll' does not exist
LogWindows: Failed to load 'VtuneApi.dll' (GetLastError=126)
LogWindows: File 'VtuneApi.dll' does not exist
LogWindows: Failed to load 'VtuneApi32e.dll' (GetLastError=126)
LogWindows: File 'VtuneApi32e.dll' does not exist
LogConsoleResponse: Display: Failed to find resolution value strings in scalability ini. Falling back to default.
LogInit: Display: Running engine for game: RollerCoaster
LogPlatformFile: Not using cached read wrapper
LogTaskGraph: Started task graph with 5 named threads and 23 total threads with 3 sets of task threads.
LogStats: Stats thread started at 0.245305
LogD3D11RHI: Loaded GFSDK_Aftermath_Lib.x64.dll
LogICUInternationalization: ICU TimeZone Detection - Raw Offset: -8:00, Platform Override: ''
LogPluginManager: Mounting plugin Paper2D
LogPluginManager: Mounting plugin AISupport
LogPluginManager: Mounting plugin LightPropagationVolume
LogPluginManager: Mounting plugin ActorLayerUtilities
LogPluginManager: Mounting plugin AnimationSharing
LogPluginManager: Mounting plugin CLionSourceCodeAccess
LogPluginManager: Mounting plugin CodeLiteSourceCodeAccess
LogPluginManager: Mounting plugin GitSourceControl
LogPluginManager: Mounting plugin KDevelopSourceCodeAccess
LogPluginManager: Mounting plugin NullSourceCodeAccess
LogPluginManager: Mounting plugin PerforceSourceControl
LogPluginManager: Mounting plugin SubversionSourceControl
LogPluginManager: Mounting plugin UObjectPlugin
LogPluginManager: Mounting plugin VisualStudioCodeSourceCodeAccess
LogPluginManager: Mounting plugin VisualStudioSourceCodeAccess
LogPluginManager: Mounting plugin XCodeSourceCodeAccess
LogPluginManager: Mounting plugin AssetManagerEditor
LogPluginManager: Mounting plugin CryptoKeys
LogPluginManager: Mounting plugin CurveEditorTools
LogPluginManager: Mounting plugin DataValidation
LogPluginManager: Mounting plugin FacialAnimation
LogPluginManager: Mounting plugin GameplayTagsEditor
LogPluginManager: Mounting plugin MacGraphicsSwitching
LogPluginManager: Mounting plugin MaterialAnalyzer
LogPluginManager: Mounting plugin MobileLauncherProfileWizard
LogPluginManager: Mounting plugin PluginBrowser
LogPluginManager: Mounting plugin SpeedTreeImporter
LogPluginManager: Mounting plugin DatasmithContent
LogPluginManager: Mounting plugin VariantManagerContent
LogPluginManager: Mounting plugin AlembicImporter
LogPluginManager: Mounting plugin AutomationUtils
LogPluginManager: Mounting plugin BackChannel
LogPluginManager: Mounting plugin CharacterAI
LogPluginManager: Mounting plugin GeometryCache
LogPluginManager: Mounting plugin HTML5Networking
LogPluginManager: Mounting plugin PlatformCrypto
LogPluginManager: Mounting plugin ProxyLODPlugin
LogPluginManager: Mounting plugin SkeletalReduction
LogPluginManager: Mounting plugin MagicLeap
LogPluginManager: Mounting plugin MagicLeapMedia
LogPluginManager: Mounting plugin AndroidMedia
LogPluginManager: Mounting plugin AvfMedia
LogPluginManager: Mounting plugin ImgMedia
LogPluginManager: Mounting plugin MediaCompositing
LogPluginManager: Mounting plugin MediaPlayerEditor
LogPluginManager: Mounting plugin WebMMedia
LogPluginManager: Mounting plugin WmfMedia
LogPluginManager: Mounting plugin TcpMessaging
LogPluginManager: Mounting plugin UdpMessaging
LogPluginManager: Mounting plugin ActorSequence
LogPluginManager: Mounting plugin LevelSequenceEditor
LogPluginManager: Mounting plugin MatineeToLevelSequence
LogPluginManager: Mounting plugin NetcodeUnitTest
LogPluginManager: Mounting plugin NUTUnrealEngine4
LogPluginManager: Mounting plugin OnlineSubsystemGooglePlay
LogPluginManager: Mounting plugin OnlineSubsystemIOS
LogPluginManager: Mounting plugin OnlineSubsystem
LogPluginManager: Mounting plugin OnlineSubsystemNull
LogPluginManager: Mounting plugin OnlineSubsystemUtils
LogPluginManager: Mounting plugin LauncherChunkInstaller
LogPluginManager: Mounting plugin AndroidDeviceProfileSelector
LogPluginManager: Mounting plugin AndroidMoviePlayer
LogPluginManager: Mounting plugin AndroidPermission
LogPluginManager: Mounting plugin AppleImageUtils
LogPluginManager: Mounting plugin AppleMoviePlayer
LogPluginManager: Mounting plugin ArchVisCharacter
LogPluginManager: Mounting plugin AudioCapture
LogPluginManager: Mounting plugin CableComponent
LogPluginManager: Mounting plugin CustomMeshComponent
LogPluginManager: Mounting plugin EditableMesh
LogPluginManager: Mounting plugin ExampleDeviceProfileSelector
LogPluginManager: Mounting plugin GoogleCloudMessaging
LogPluginManager: Mounting plugin IOSDeviceProfileSelector
LogPluginManager: Mounting plugin LinuxDeviceProfileSelector
LogPluginManager: Mounting plugin LocationServicesBPLibrary
LogPluginManager: Mounting plugin MobilePatchingUtils
LogPluginManager: Mounting plugin OculusVR
LogPluginManager: Mounting plugin PhysXVehicles
LogPluginManager: Mounting plugin ProceduralMeshComponent
LogPluginManager: Mounting plugin RuntimePhysXCooking
LogPluginManager: Mounting plugin SignificanceManager
LogPluginManager: Mounting plugin SteamVR
LogPluginManager: Mounting plugin WebMMoviePlayer
LogPluginManager: Mounting plugin WindowsMoviePlayer
LogPluginManager: Mounting plugin ScreenshotTools
LogInit: Using libcurl 7.55.1-DEV
LogInit:  - built for x86_64-pc-win32
LogInit:  - supports SSL with OpenSSL/1.1.1
LogInit:  - supports HTTP deflate (compression) using libz 1.2.8
LogInit:  - other features:
LogInit:      CURL_VERSION_SSL
LogInit:      CURL_VERSION_LIBZ
LogInit:      CURL_VERSION_IPV6
LogInit:      CURL_VERSION_ASYNCHDNS
LogInit:      CURL_VERSION_LARGEFILE
LogInit:      CURL_VERSION_IDN
LogInit:  CurlRequestOptions (configurable via config and command line):
LogInit:  - bVerifyPeer = true  - Libcurl will verify peer certificate
LogInit:  - bUseHttpProxy = false  - Libcurl will NOT use HTTP proxy
LogInit:  - bDontReuseConnections = false  - Libcurl will reuse connections
LogInit:  - MaxHostConnections = 16  - Libcurl will limit the number of connections to a host
LogInit:  - LocalHostAddr = Default
LogInit:  - BufferSize = 65536
LogOnline: OSS: Creating online subsystem instance for: NULL
LogInit: WinSock: version 1.1 (2.2), MaxSocks=32767, MaxUdp=65467
LogInit: Build: ++UE4+Release-4.23-CL-9631420
LogInit: Engine Version: 4.23.1-9631420+++UE4+Release-4.23
LogInit: Compatible Engine Version: 4.23.0-8386587+++UE4+Release-4.23
LogInit: Net CL: 8386587
LogInit: OS: Windows 10 (Release 1903) (), CPU: Intel(R) Core(TM) i5-8250U CPU @ 1.60GHz, GPU: Intel(R) UHD Graphics 620
LogInit: Compiled (64-bit): Oct 18 2019 02:07:44
LogInit: Compiled with Visual C++: 19.16.27030.01
LogInit: Build Configuration: Development
LogInit: Branch Name: ++UE4+Release-4.23
LogInit: Command Line: 
LogInit: Base Directory: C:/Program Files/Epic Games/UE_4.23/Engine/Binaries/Win64/
LogInit: Installed Engine Build: 1
LogDevObjectVersion: Number of dev versions registered: 23
LogDevObjectVersion:   Dev-Blueprints (B0D832E4-1F89-4F0D-ACCF-7EB736FD4AA2): 10
LogDevObjectVersion:   Dev-Build (E1C64328-A22C-4D53-A36C-8E866417BD8C): 0
LogDevObjectVersion:   Dev-Core (375EC13C-06E4-48FB-B500-84F0262A717E): 3
LogDevObjectVersion:   Dev-Editor (E4B068ED-F494-42E9-A231-DA0B2E46BB41): 34
LogDevObjectVersion:   Dev-Framework (CFFC743F-43B0-4480-9391-14DF171D2073): 35
LogDevObjectVersion:   Dev-Mobile (B02B49B5-BB20-44E9-A304-32B752E40360): 2
LogDevObjectVersion:   Dev-Networking (A4E4105C-59A1-49B5-A7C5-40C4547EDFEE): 0
LogDevObjectVersion:   Dev-Online (39C831C9-5AE6-47DC-9A44-9C173E1C8E7C): 0
LogDevObjectVersion:   Dev-Physics (78F01B33-EBEA-4F98-B9B4-84EACCB95AA2): 0
LogDevObjectVersion:   Dev-Platform (6631380F-2D4D-43E0-8009-CF276956A95A): 0
LogDevObjectVersion:   Dev-Rendering (12F88B9F-8875-4AFC-A67C-D90C383ABD29): 31
LogDevObjectVersion:   Dev-Sequencer (7B5AE74C-D270-4C10-A958-57980B212A5A): 11
LogDevObjectVersion:   Dev-VR (D7296918-1DD6-4BDD-9DE2-64A83CC13884): 2
LogDevObjectVersion:   Dev-LoadTimes (C2A15278-BFE7-4AFE-6C17-90FF531DF755): 1
LogDevObjectVersion:   Private-Geometry (6EACA3D4-40EC-4CC1-B786-8BED09428FC5): 3
LogDevObjectVersion:   Dev-AnimPhys (29E575DD-E0A3-4627-9D10-D276232CDCEA): 17
LogDevObjectVersion:   Dev-Anim (AF43A65D-7FD3-4947-9873-3E8ED9C1BB05): 2
LogDevObjectVersion:   Dev-ReflectionCapture (6B266CEC-1EC7-4B8F-A30B-E4D90942FC07): 1
LogDevObjectVersion:   Dev-Automation (0DF73D61-A23F-47EA-B727-89E90C41499A): 1
LogDevObjectVersion:   FortniteMain (601D1886-AC64-4F84-AA16-D3DE0DEAC7D6): 27
LogDevObjectVersion:   Dev-Enterprise (9DFFBCD6-494F-0158-E221-12823C92A888): 6
LogDevObjectVersion:   Dev-Niagara (F2AED0AC-9AFE-416F-8664-AA7FFA26D6FC): 1
LogDevObjectVersion:   Dev-Destruction (174F1F0B-B4C6-45A5-B13F-2EE8D0FB917D): 9
LogInit: Presizing for max 16777216 objects, including 0 objects not considered by GC, pre-allocating 0 bytes for permanent pool.
LogInit: Object subsystem initialized
LogConfig: Setting CVar [[con.DebugEarlyDefault:1]]
LogConfig: Setting CVar [[r.setres:1280x720]]
[2020.01.22-19.21.42:579][  0]LogConfig: Setting CVar [[r.VSync:0]]
[2020.01.22-19.21.42:579][  0]LogConfig: Setting CVar [[r.RHICmdBypass:0]]
[2020.01.22-19.21.42:579][  0]LogConfig: Applying CVar settings from Section [/Script/Engine.RendererSettings] File [C:/Users/emily/Documents/Unreal Projects/RollerCoaster/Saved/Config/Windows/Engine.ini]
[2020.01.22-19.21.42:579][  0]LogConfig: Setting CVar [[r.GPUCrashDebugging:0]]
[2020.01.22-19.21.42:579][  0]LogConfig: Setting CVar [[r.MobileHDR:1]]
[2020.01.22-19.21.42:579][  0]LogConfig: Setting CVar [[r.Mobile.DisableVertexFog:1]]
[2020.01.22-19.21.42:579][  0]LogConfig: Setting CVar [[r.Shadow.CSM.MaxMobileCascades:2]]
[2020.01.22-19.21.42:579][  0]LogConfig: Setting CVar [[r.MobileMSAA:1]]
[2020.01.22-19.21.42:579][  0]LogConfig: Setting CVar [[r.Mobile.UseLegacyShadingModel:0]]
[2020.01.22-19.21.42:579][  0]LogConfig: Setting CVar [[r.Mobile.UseHWsRGBEncoding:0]]
[2020.01.22-19.21.42:579][  0]LogConfig: Setting CVar [[r.Mobile.AllowDitheredLODTransition:0]]
[2020.01.22-19.21.42:579][  0]LogConfig: Setting CVar [[r.Mobile.AllowSoftwareOcclusion:0]]
[2020.01.22-19.21.42:579][  0]LogConfig: Setting CVar [[r.DiscardUnusedQuality:0]]
[2020.01.22-19.21.42:579][  0]LogConfig: Setting CVar [[r.AllowOcclusionQueries:1]]
[2020.01.22-19.21.42:579][  0]LogConfig: Setting CVar [[r.MinScreenRadiusForLights:0.030000]]
[2020.01.22-19.21.42:579][  0]LogConfig: Setting CVar [[r.MinScreenRadiusForDepthPrepass:0.030000]]
[2020.01.22-19.21.42:579][  0]LogConfig: Setting CVar [[r.MinScreenRadiusForCSMDepth:0.010000]]
[2020.01.22-19.21.42:579][  0]LogConfig: Setting CVar [[r.PrecomputedVisibilityWarning:0]]
[2020.01.22-19.21.42:579][  0]LogConfig: Setting CVar [[r.TextureStreaming:1]]
[2020.01.22-19.21.42:579][  0]LogConfig: Setting CVar [[Compat.UseDXT5NormalMaps:0]]
[2020.01.22-19.21.42:579][  0]LogConfig: Setting CVar [[r.VirtualTextures:0]]
[2020.01.22-19.21.42:579][  0]LogConfig: Setting CVar [[r.VirtualTexturedLightmaps:0]]
[2020.01.22-19.21.42:579][  0]LogConfig: Setting CVar [[r.VT.TileSize:128]]
[2020.01.22-19.21.42:579][  0]LogConfig: Setting CVar [[r.VT.TileBorderSize:4]]
[2020.01.22-19.21.42:579][  0]LogConfig: Setting CVar [[r.vt.FeedbackFactor:16]]
[2020.01.22-19.21.42:579][  0]LogConfig: Setting CVar [[r.VT.EnableCompressZlib:1]]
[2020.01.22-19.21.42:579][  0]LogConfig: Setting CVar [[r.VT.EnableCompressCrunch:0]]
[2020.01.22-19.21.42:579][  0]LogConfig: Setting CVar [[r.ClearCoatNormal:0]]
[2020.01.22-19.21.42:579][  0]LogConfig: Setting CVar [[r.ReflectionCaptureResolution:128]]
[2020.01.22-19.21.42:579][  0]LogConfig: Setting CVar [[r.ReflectionEnvironmentLightmapMixBasedOnRoughness:1]]
[2020.01.22-19.21.42:579][  0]LogConfig: Setting CVar [[r.ForwardShading:0]]
[2020.01.22-19.21.42:579][  0]LogConfig: Setting CVar [[r.VertexFoggingForOpaque:1]]
[2020.01.22-19.21.42:579][  0]LogConfig: Setting CVar [[r.AllowStaticLighting:1]]
[2020.01.22-19.21.42:579][  0]LogConfig: Setting CVar [[r.NormalMapsForStaticLighting:0]]
[2020.01.22-19.21.42:579][  0]LogConfig: Setting CVar [[r.GenerateMeshDistanceFields:0]]
[2020.01.22-19.21.42:580][  0]LogConfig: Setting CVar [[r.DistanceFieldBuild.EightBit:0]]
[2020.01.22-19.21.42:580][  0]LogConfig: Setting CVar [[r.GenerateLandscapeGIData:0]]
[2020.01.22-19.21.42:580][  0]LogConfig: Setting CVar [[r.DistanceFieldBuild.Compress:0]]
[2020.01.22-19.21.42:580][  0]LogConfig: Setting CVar [[r.TessellationAdaptivePixelsPerTriangle:48.000000]]
[2020.01.22-19.21.42:580][  0]LogConfig: Setting CVar [[r.SeparateTranslucency:1]]
[2020.01.22-19.21.42:580][  0]LogConfig: Setting CVar [[r.TranslucentSortPolicy:0]]
[2020.01.22-19.21.42:580][  0]LogConfig: Setting CVar [[r.CustomDepth:1]]
[2020.01.22-19.21.42:580][  0]LogConfig: Setting CVar [[r.CustomDepthTemporalAAJitter:1]]
[2020.01.22-19.21.42:580][  0]LogConfig: Setting CVar [[r.PostProcessing.PropagateAlpha:0]]
[2020.01.22-19.21.42:580][  0]LogConfig: Setting CVar [[r.DefaultFeature.Bloom:1]]
[2020.01.22-19.21.42:580][  0]LogConfig: Setting CVar [[r.DefaultFeature.AmbientOcclusion:1]]
[2020.01.22-19.21.42:580][  0]LogConfig: Setting CVar [[r.DefaultFeature.AmbientOcclusionStaticFraction:0]]
[2020.01.22-19.21.42:580][  0]LogConfig: Setting CVar [[r.DefaultFeature.AutoExposure:0]]
[2020.01.22-19.21.42:580][  0]LogConfig: Setting CVar [[r.DefaultFeature.AutoExposure.Method:0]]
[2020.01.22-19.21.42:580][  0]LogConfig: Setting CVar [[r.DefaultFeature.AutoExposure.ExtendDefaultLuminanceRange:0]]
[2020.01.22-19.21.42:580][  0]LogConfig: Setting CVar [[r.UsePreExposure:1]]
[2020.01.22-19.21.42:580][  0]LogConfig: Setting CVar [[r.EyeAdaptation.EditorOnly:1]]
[2020.01.22-19.21.42:580][  0]LogConfig: Setting CVar [[r.DefaultFeature.MotionBlur:0]]
[2020.01.22-19.21.42:580][  0]LogConfig: Setting CVar [[r.DefaultFeature.LensFlare:0]]
[2020.01.22-19.21.42:580][  0]LogConfig: Setting CVar [[r.TemporalAA.Upsampling:0]]
[2020.01.22-19.21.42:580][  0]LogConfig: Setting CVar [[r.DefaultFeature.AntiAliasing:0]]
[2020.01.22-19.21.42:580][  0]LogConfig: Setting CVar [[r.DefaultFeature.LightUnits:1]]
[2020.01.22-19.21.42:580][  0]LogConfig: Setting CVar [[r.DefaultBackBufferPixelFormat:4]]
[2020.01.22-19.21.42:580][  0]LogConfig: Setting CVar [[r.Shadow.UnbuiltPreviewInGame:1]]
[2020.01.22-19.21.42:580][  0]LogConfig: Setting CVar [[r.StencilForLODDither:0]]
[2020.01.22-19.21.42:580][  0]LogConfig: Setting CVar [[r.EarlyZPass:3]]
[2020.01.22-19.21.42:580][  0]LogConfig: Setting CVar [[r.EarlyZPassOnlyMaterialMasking:0]]
[2020.01.22-19.21.42:580][  0]LogConfig: Setting CVar [[r.DBuffer:1]]
[2020.01.22-19.21.42:580][  0]LogConfig: Setting CVar [[r.ClearSceneMethod:1]]
[2020.01.22-19.21.42:580][  0]LogConfig: Setting CVar [[r.BasePassOutputsVelocity:0]]
[2020.01.22-19.21.42:580][  0]LogConfig: Setting CVar [[r.SelectiveBasePassOutputs:0]]
[2020.01.22-19.21.42:580][  0]LogConfig: Setting CVar [[fx.GPUSimulationTextureSizeX:1024]]
[2020.01.22-19.21.42:580][  0]LogConfig: Setting CVar [[fx.GPUSimulationTextureSizeY:1024]]
[2020.01.22-19.21.42:580][  0]LogConfig: Setting CVar [[r.AllowGlobalClipPlane:0]]
[2020.01.22-19.21.42:580][  0]LogConfig: Setting CVar [[r.GBufferFormat:1]]
[2020.01.22-19.21.42:580][  0]LogConfig: Setting CVar [[r.MorphTarget.Mode:1]]
[2020.01.22-19.21.42:580][  0]LogConfig: Setting CVar [[vr.InstancedStereo:1]]
[2020.01.22-19.21.42:580][  0]LogConfig: Setting CVar [[vr.MultiView:0]]
[2020.01.22-19.21.42:580][  0]LogConfig: Setting CVar [[vr.MobileMultiView:0]]
[2020.01.22-19.21.42:580][  0]LogConfig: Setting CVar [[vr.MobileMultiView.Direct:0]]
[2020.01.22-19.21.42:580][  0]LogConfig: Setting CVar [[vr.RoundRobinOcclusion:0]]
[2020.01.22-19.21.42:580][  0]LogConfig: Setting CVar [[vr.ODSCapture:0]]
[2020.01.22-19.21.42:580][  0]LogConfig: Setting CVar [[r.WireframeCullThreshold:5.000000]]
[2020.01.22-19.21.42:580][  0]LogConfig: Setting CVar [[r.RayTracing:0]]
[2020.01.22-19.21.42:580][  0]LogConfig: Setting CVar [[r.SupportStationarySkylight:1]]
[2020.01.22-19.21.42:580][  0]LogConfig: Setting CVar [[r.SupportLowQualityLightmaps:1]]
[2020.01.22-19.21.42:580][  0]LogConfig: Setting CVar [[r.SupportPointLightWholeSceneShadows:1]]
[2020.01.22-19.21.42:580][  0]LogConfig: Setting CVar [[r.SupportAtmosphericFog:1]]
[2020.01.22-19.21.42:581][  0]LogConfig: Setting CVar [[r.SkinCache.CompileShaders:0]]
[2020.01.22-19.21.42:581][  0]LogConfig: Setting CVar [[r.Mobile.EnableStaticAndCSMShadowReceivers:1]]
[2020.01.22-19.21.42:581][  0]LogConfig: Setting CVar [[r.Mobile.EnableMovableLightCSMShaderCulling:1]]
[2020.01.22-19.21.42:581][  0]LogConfig: Setting CVar [[r.Mobile.AllowDistanceFieldShadows:1]]
[2020.01.22-19.21.42:581][  0]LogConfig: Setting CVar [[r.Mobile.AllowMovableDirectionalLights:1]]
[2020.01.22-19.21.42:581][  0]LogConfig: Setting CVar [[r.MobileNumDynamicPointLights:4]]
[2020.01.22-19.21.42:581][  0]LogConfig: Setting CVar [[r.MobileDynamicPointLightsUseStaticBranch:1]]
[2020.01.22-19.21.42:581][  0]LogConfig: Setting CVar [[r.Mobile.EnableMovableSpotlights:0]]
[2020.01.22-19.21.42:581][  0]LogConfig: Setting CVar [[r.SkinCache.SceneMemoryLimitInMB:128.000000]]
[2020.01.22-19.21.42:581][  0]LogConfig: Setting CVar [[r.GPUSkin.Limit2BoneInfluences:0]]
[2020.01.22-19.21.42:581][  0]LogConfig: Setting CVar [[r.SupportDepthOnlyIndexBuffers:1]]
[2020.01.22-19.21.42:581][  0]LogConfig: Setting CVar [[r.SupportReversedIndexBuffers:1]]
[2020.01.22-19.21.42:581][  0]LogConfig: Setting CVar [[r.SupportMaterialLayers:0]]
[2020.01.22-19.21.42:581][  0]LogConfig: Applying CVar settings from Section [/Script/Engine.RendererOverrideSettings] File [C:/Users/emily/Documents/Unreal Projects/RollerCoaster/Saved/Config/Windows/Engine.ini]
[2020.01.22-19.21.42:581][  0]LogConfig: Applying CVar settings from Section [/Script/Engine.StreamingSettings] File [C:/Users/emily/Documents/Unreal Projects/RollerCoaster/Saved/Config/Windows/Engine.ini]
[2020.01.22-19.21.42:581][  0]LogConfig: Setting CVar [[s.MinBulkDataSizeForAsyncLoading:131072]]
[2020.01.22-19.21.42:581][  0]LogConfig: Setting CVar [[s.AsyncLoadingThreadEnabled:0]]
[2020.01.22-19.21.42:581][  0]LogConfig: Setting CVar [[s.EventDrivenLoaderEnabled:1]]
[2020.01.22-19.21.42:581][  0]LogConfig: Setting CVar [[s.WarnIfTimeLimitExceeded:0]]
[2020.01.22-19.21.42:581][  0]LogConfig: Setting CVar [[s.TimeLimitExceededMultiplier:1.5]]
[2020.01.22-19.21.42:581][  0]LogConfig: Setting CVar [[s.TimeLimitExceededMinTime:0.005]]
[2020.01.22-19.21.42:581][  0]LogConfig: Setting CVar [[s.UseBackgroundLevelStreaming:1]]
[2020.01.22-19.21.42:581][  0]LogConfig: Setting CVar [[s.PriorityAsyncLoadingExtraTime:15.0]]
[2020.01.22-19.21.42:581][  0]LogConfig: Setting CVar [[s.LevelStreamingActorsUpdateTimeLimit:5.0]]
[2020.01.22-19.21.42:581][  0]LogConfig: Setting CVar [[s.PriorityLevelStreamingActorsUpdateExtraTime:5.0]]
[2020.01.22-19.21.42:581][  0]LogConfig: Setting CVar [[s.LevelStreamingComponentsRegistrationGranularity:10]]
[2020.01.22-19.21.42:581][  0]LogConfig: Setting CVar [[s.UnregisterComponentsTimeLimit:1.0]]
[2020.01.22-19.21.42:581][  0]LogConfig: Setting CVar [[s.LevelStreamingComponentsUnregistrationGranularity:5]]
[2020.01.22-19.21.42:581][  0]LogConfig: Applying CVar settings from Section [/Script/Engine.GarbageCollectionSettings] File [C:/Users/emily/Documents/Unreal Projects/RollerCoaster/Saved/Config/Windows/Engine.ini]
[2020.01.22-19.21.42:581][  0]LogConfig: Setting CVar [[gc.MaxObjectsNotConsideredByGC:1]]
[2020.01.22-19.21.42:581][  0]LogConfig: Setting CVar [[gc.SizeOfPermanentObjectPool:0]]
[2020.01.22-19.21.42:581][  0]LogConfig: Setting CVar [[gc.FlushStreamingOnGC:0]]
[2020.01.22-19.21.42:581][  0]LogConfig: Setting CVar [[gc.NumRetriesBeforeForcingGC:10]]
[2020.01.22-19.21.42:581][  0]LogConfig: Setting CVar [[gc.AllowParallelGC:1]]
[2020.01.22-19.21.42:581][  0]LogConfig: Setting CVar [[gc.TimeBetweenPurgingPendingKillObjects:61.1]]
[2020.01.22-19.21.42:581][  0]LogConfig: Setting CVar [[gc.MaxObjectsInEditor:16777216]]
[2020.01.22-19.21.42:581][  0]LogConfig: Setting CVar [[gc.IncrementalBeginDestroyEnabled:1]]
[2020.01.22-19.21.42:581][  0]LogConfig: Setting CVar [[gc.CreateGCClusters:1]]
[2020.01.22-19.21.42:581][  0]LogConfig: Setting CVar [[gc.MinGCClusterSize:5]]
[2020.01.22-19.21.42:581][  0]LogConfig: Setting CVar [[gc.ActorClusteringEnabled:0]]
[2020.01.22-19.21.42:581][  0]LogConfig: Setting CVar [[gc.BlueprintClusteringEnabled:0]]
[2020.01.22-19.21.42:581][  0]LogConfig: Setting CVar [[gc.UseDisregardForGCOnDedicatedServers:0]]
[2020.01.22-19.21.42:581][  0]LogConfig: Applying CVar settings from Section [/Script/Engine.NetworkSettings] File [C:/Users/emily/Documents/Unreal Projects/RollerCoaster/Saved/Config/Windows/Engine.ini]
[2020.01.22-19.21.42:581][  0]LogConfig: Applying CVar settings from Section [/Script/UnrealEd.CookerSettings] File [C:/Users/emily/Documents/Unreal Projects/RollerCoaster/Saved/Config/Windows/Engine.ini]
[2020.01.22-19.21.42:585][  0]LogConfig: Applying CVar settings from Section [ViewDistanceQuality@3] File [C:/Users/emily/Documents/Unreal Projects/RollerCoaster/Saved/Config/Windows/Scalability.ini]
[2020.01.22-19.21.42:585][  0]LogConfig: Setting CVar [[r.SkeletalMeshLODBias:0]]
[2020.01.22-19.21.42:585][  0]LogConfig: Setting CVar [[r.ViewDistanceScale:1.0]]
[2020.01.22-19.21.42:585][  0]LogConfig: Applying CVar settings from Section [AntiAliasingQuality@3] File [C:/Users/emily/Documents/Unreal Projects/RollerCoaster/Saved/Config/Windows/Scalability.ini]
[2020.01.22-19.21.42:585][  0]LogConfig: Setting CVar [[r.PostProcessAAQuality:3]]
[2020.01.22-19.21.42:585][  0]LogConfig: Applying CVar settings from Section [ShadowQuality@3] File [C:/Users/emily/Documents/Unreal Projects/RollerCoaster/Saved/Config/Windows/Scalability.ini]
[2020.01.22-19.21.42:585][  0]LogConfig: Setting CVar [[r.LightFunctionQuality:1]]
[2020.01.22-19.21.42:585][  0]LogConfig: Setting CVar [[r.ShadowQuality:5]]
[2020.01.22-19.21.42:585][  0]LogConfig: Setting CVar [[r.Shadow.CSM.MaxCascades:10]]
[2020.01.22-19.21.42:585][  0]LogConfig: Setting CVar [[r.Shadow.MaxResolution:2048]]
[2020.01.22-19.21.42:585][  0]LogConfig: Setting CVar [[r.Shadow.MaxCSMResolution:2048]]
[2020.01.22-19.21.42:585][  0]LogConfig: Setting CVar [[r.Shadow.RadiusThreshold:0.01]]
[2020.01.22-19.21.42:585][  0]LogConfig: Setting CVar [[r.Shadow.DistanceScale:1.0]]
[2020.01.22-19.21.42:586][  0]LogConfig: Setting CVar [[r.Shadow.CSM.TransitionScale:1.0]]
[2020.01.22-19.21.42:586][  0]LogConfig: Setting CVar [[r.Shadow.PreShadowResolutionFactor:1.0]]
[2020.01.22-19.21.42:586][  0]LogConfig: Setting CVar [[r.DistanceFieldShadowing:1]]
[2020.01.22-19.21.42:586][  0]LogConfig: Setting CVar [[r.DistanceFieldAO:1]]
[2020.01.22-19.21.42:586][  0]LogConfig: Setting CVar [[r.AOQuality:2]]
[2020.01.22-19.21.42:586][  0]LogConfig: Setting CVar [[r.VolumetricFog:1]]
[2020.01.22-19.21.42:586][  0]LogConfig: Setting CVar [[r.VolumetricFog.GridPixelSize:8]]
[2020.01.22-19.21.42:586][  0]LogConfig: Setting CVar [[r.VolumetricFog.GridSizeZ:128]]
[2020.01.22-19.21.42:586][  0]LogConfig: Setting CVar [[r.VolumetricFog.HistoryMissSupersampleCount:4]]
[2020.01.22-19.21.42:586][  0]LogConfig: Setting CVar [[r.LightMaxDrawDistanceScale:1]]
[2020.01.22-19.21.42:586][  0]LogConfig: Setting CVar [[r.CapsuleShadows:1]]
[2020.01.22-19.21.42:586][  0]LogConfig: Applying CVar settings from Section [PostProcessQuality@3] File [C:/Users/emily/Documents/Unreal Projects/RollerCoaster/Saved/Config/Windows/Scalability.ini]
[2020.01.22-19.21.42:586][  0]LogConfig: Setting CVar [[r.MotionBlurQuality:0]]
[2020.01.22-19.21.42:586][  0]LogConfig: Setting CVar [[r.AmbientOcclusionMipLevelFactor:0.4]]
[2020.01.22-19.21.42:586][  0]LogConfig: Setting CVar [[r.AmbientOcclusionMaxQuality:100]]
[2020.01.22-19.21.42:586][  0]LogConfig: Setting CVar [[r.AmbientOcclusionLevels:0]]
[2020.01.22-19.21.42:586][  0]LogConfig: Setting CVar [[r.AmbientOcclusionRadiusScale:1.0]]
[2020.01.22-19.21.42:586][  0]LogConfig: Setting CVar [[r.DepthOfFieldQuality:0]]
[2020.01.22-19.21.42:586][  0]LogConfig: Setting CVar [[r.RenderTargetPoolMin:400]]
[2020.01.22-19.21.42:586][  0]LogConfig: Setting CVar [[r.LensFlareQuality:0]]
[2020.01.22-19.21.42:587][  0]LogConfig: Setting CVar [[r.SceneColorFringeQuality:0]]
[2020.01.22-19.21.42:587][  0]LogConfig: Setting CVar [[r.EyeAdaptationQuality:2]]
[2020.01.22-19.21.42:587][  0]LogConfig: Setting CVar [[r.BloomQuality:1]]
[2020.01.22-19.21.42:587][  0]LogConfig: Setting CVar [[r.FastBlurThreshold:0]]
[2020.01.22-19.21.42:587][  0]LogConfig: Setting CVar [[r.Upscale.Quality:3]]
[2020.01.22-19.21.42:587][  0]LogConfig: Setting CVar [[r.Tonemapper.GrainQuantization:1]]
[2020.01.22-19.21.42:587][  0]LogConfig: Setting CVar [[r.LightShaftQuality:1]]
[2020.01.22-19.21.42:587][  0]LogConfig: Setting CVar [[r.Filter.SizeScale:1]]
[2020.01.22-19.21.42:587][  0]LogConfig: Setting CVar [[r.Tonemapper.Quality:5]]
[2020.01.22-19.21.42:587][  0]LogConfig: Setting CVar [[r.DOF.Gather.AccumulatorQuality:1        ; higher gathering accumulator quality]]
[2020.01.22-19.21.42:587][  0]LogConfig: Setting CVar [[r.DOF.Gather.PostfilterMethod:1          ; Median3x3 postfilering method]]
[2020.01.22-19.21.42:587][  0]LogConfig: Setting CVar [[r.DOF.Gather.EnableBokehSettings:0       ; no bokeh simulation when gathering]]
[2020.01.22-19.21.42:587][  0]LogConfig: Setting CVar [[r.DOF.Gather.RingCount:4                 ; medium number of samples when gathering]]
[2020.01.22-19.21.42:587][  0]LogConfig: Setting CVar [[r.DOF.Scatter.ForegroundCompositing:1    ; additive foreground scattering]]
[2020.01.22-19.21.42:587][  0]LogConfig: Setting CVar [[r.DOF.Scatter.BackgroundCompositing:2    ; additive background scattering]]
[2020.01.22-19.21.42:587][  0]LogConfig: Setting CVar [[r.DOF.Scatter.EnableBokehSettings:1      ; bokeh simulation when scattering]]
[2020.01.22-19.21.42:587][  0]LogConfig: Setting CVar [[r.DOF.Scatter.MaxSpriteRatio:0.1         ; only a maximum of 10% of scattered bokeh]]
[2020.01.22-19.21.42:587][  0]LogConfig: Setting CVar [[r.DOF.Recombine.Quality:1                ; cheap slight out of focus]]
[2020.01.22-19.21.42:587][  0]LogConfig: Setting CVar [[r.DOF.Recombine.EnableBokehSettings:0    ; no bokeh simulation on slight out of focus]]
[2020.01.22-19.21.42:587][  0]LogConfig: Setting CVar [[r.DOF.TemporalAAQuality:1                ; more stable temporal accumulation]]
[2020.01.22-19.21.42:587][  0]LogConfig: Setting CVar [[r.DOF.Kernel.MaxForegroundRadius:0.025]]
[2020.01.22-19.21.42:587][  0]LogConfig: Setting CVar [[r.DOF.Kernel.MaxBackgroundRadius:0.025]]
[2020.01.22-19.21.42:587][  0]LogConfig: Applying CVar settings from Section [TextureQuality@3] File [C:/Users/emily/Documents/Unreal Projects/RollerCoaster/Saved/Config/Windows/Scalability.ini]
[2020.01.22-19.21.42:587][  0]LogConfig: Setting CVar [[r.Streaming.MipBias:0]]
[2020.01.22-19.21.42:587][  0]LogConfig: Setting CVar [[r.Streaming.AmortizeCPUToGPUCopy:0]]
[2020.01.22-19.21.42:587][  0]LogConfig: Setting CVar [[r.Streaming.MaxNumTexturesToStreamPerFrame:0]]
[2020.01.22-19.21.42:587][  0]LogConfig: Setting CVar [[r.Streaming.Boost:1]]
[2020.01.22-19.21.42:587][  0]LogConfig: Setting CVar [[r.MaxAnisotropy:8]]
[2020.01.22-19.21.42:587][  0]LogConfig: Setting CVar [[r.Streaming.LimitPoolSizeToVRAM:0]]
[2020.01.22-19.21.42:587][  0]LogConfig: Setting CVar [[r.Streaming.PoolSize:1000]]
[2020.01.22-19.21.42:587][  0]LogConfig: Setting CVar [[r.Streaming.MaxEffectiveScreenSize:0]]
[2020.01.22-19.21.42:587][  0]LogConfig: Applying CVar settings from Section [EffectsQuality@3] File [C:/Users/emily/Documents/Unreal Projects/RollerCoaster/Saved/Config/Windows/Scalability.ini]
[2020.01.22-19.21.42:587][  0]LogConfig: Setting CVar [[r.TranslucencyLightingVolumeDim:4]]
[2020.01.22-19.21.42:587][  0]LogConfig: Setting CVar [[r.RefractionQuality:2]]
[2020.01.22-19.21.42:587][  0]LogConfig: Setting CVar [[r.SSR.Quality:0]]
[2020.01.22-19.21.42:587][  0]LogConfig: Setting CVar [[r.SceneColorFormat:2]]
[2020.01.22-19.21.42:587][  0]LogConfig: Setting CVar [[r.DetailMode:2]]
[2020.01.22-19.21.42:587][  0]LogConfig: Setting CVar [[r.TranslucencyVolumeBlur:0]]
[2020.01.22-19.21.42:587][  0]LogConfig: Setting CVar [[r.MaterialQualityLevel:1 ; High quality]]
[2020.01.22-19.21.42:587][  0]LogConfig: Setting CVar [[r.SSS.Scale:1]]
[2020.01.22-19.21.42:587][  0]LogConfig: Setting CVar [[r.SSS.SampleSet:2]]
[2020.01.22-19.21.42:588][  0]LogConfig: Setting CVar [[r.SSS.Quality:1]]
[2020.01.22-19.21.42:588][  0]LogConfig: Setting CVar [[r.SSS.HalfRes:1]]
[2020.01.22-19.21.42:588][  0]LogConfig: Setting CVar [[r.EmitterSpawnRateScale:1.0]]
[2020.01.22-19.21.42:588][  0]LogConfig: Setting CVar [[r.ParticleLightQuality:2]]
[2020.01.22-19.21.42:588][  0]LogConfig: Applying CVar settings from Section [FoliageQuality@3] File [C:/Users/emily/Documents/Unreal Projects/RollerCoaster/Saved/Config/Windows/Scalability.ini]
[2020.01.22-19.21.42:588][  0]LogConfig: Setting CVar [[foliage.DensityScale:1.0]]
[2020.01.22-19.21.42:588][  0]LogConfig: Setting CVar [[grass.DensityScale:1.0]]
[2020.01.22-19.21.42:588][  0]LogInit: Selected Device Profile: [Windows]
[2020.01.22-19.21.42:588][  0]LogInit: Applying CVar settings loaded from the selected device profile: [Windows]
[2020.01.22-19.21.42:604][  0]LogHAL: Display: Platform has ~ 8 GB [8511352832 / 8589934592 / 8], which maps to Default [LargestMinGB=32, LargerMinGB=12, DefaultMinGB=8, SmallerMinGB=6, SmallestMinGB=0)
[2020.01.22-19.21.42:604][  0]LogInit: Going up to parent DeviceProfile []
[2020.01.22-19.21.42:604][  0]LogConfig: Applying CVar settings from Section [ViewDistanceQuality@3] File [C:/Users/emily/Documents/Unreal Projects/RollerCoaster/Saved/Config/Windows/Scalability.ini]
[2020.01.22-19.21.42:604][  0]LogConfig: Setting CVar [[r.SkeletalMeshLODBias:0]]
[2020.01.22-19.21.42:604][  0]LogConfig: Setting CVar [[r.ViewDistanceScale:1.0]]
[2020.01.22-19.21.42:604][  0]LogConfig: Applying CVar settings from Section [AntiAliasingQuality@3] File [C:/Users/emily/Documents/Unreal Projects/RollerCoaster/Saved/Config/Windows/Scalability.ini]
[2020.01.22-19.21.42:604][  0]LogConfig: Setting CVar [[r.PostProcessAAQuality:3]]
[2020.01.22-19.21.42:604][  0]LogConfig: Applying CVar settings from Section [ShadowQuality@3] File [C:/Users/emily/Documents/Unreal Projects/RollerCoaster/Saved/Config/Windows/Scalability.ini]
[2020.01.22-19.21.42:604][  0]LogConfig: Setting CVar [[r.LightFunctionQuality:1]]
[2020.01.22-19.21.42:604][  0]LogConfig: Setting CVar [[r.ShadowQuality:5]]
[2020.01.22-19.21.42:604][  0]LogConfig: Setting CVar [[r.Shadow.CSM.MaxCascades:10]]
[2020.01.22-19.21.42:604][  0]LogConfig: Setting CVar [[r.Shadow.MaxResolution:2048]]
[2020.01.22-19.21.42:604][  0]LogConfig: Setting CVar [[r.Shadow.MaxCSMResolution:2048]]
[2020.01.22-19.21.42:604][  0]LogConfig: Setting CVar [[r.Shadow.RadiusThreshold:0.01]]
[2020.01.22-19.21.42:604][  0]LogConfig: Setting CVar [[r.Shadow.DistanceScale:1.0]]
[2020.01.22-19.21.42:604][  0]LogConfig: Setting CVar [[r.Shadow.CSM.TransitionScale:1.0]]
[2020.01.22-19.21.42:604][  0]LogConfig: Setting CVar [[r.Shadow.PreShadowResolutionFactor:1.0]]
[2020.01.22-19.21.42:604][  0]LogConfig: Setting CVar [[r.DistanceFieldShadowing:1]]
[2020.01.22-19.21.42:604][  0]LogConfig: Setting CVar [[r.DistanceFieldAO:1]]
[2020.01.22-19.21.42:604][  0]LogConfig: Setting CVar [[r.AOQuality:2]]
[2020.01.22-19.21.42:604][  0]LogConfig: Setting CVar [[r.VolumetricFog:1]]
[2020.01.22-19.21.42:604][  0]LogConfig: Setting CVar [[r.VolumetricFog.GridPixelSize:8]]
[2020.01.22-19.21.42:604][  0]LogConfig: Setting CVar [[r.VolumetricFog.GridSizeZ:128]]
[2020.01.22-19.21.42:604][  0]LogConfig: Setting CVar [[r.VolumetricFog.HistoryMissSupersampleCount:4]]
[2020.01.22-19.21.42:605][  0]LogConfig: Setting CVar [[r.LightMaxDrawDistanceScale:1]]
[2020.01.22-19.21.42:605][  0]LogConfig: Setting CVar [[r.CapsuleShadows:1]]
[2020.01.22-19.21.42:605][  0]LogConfig: Applying CVar settings from Section [PostProcessQuality@3] File [C:/Users/emily/Documents/Unreal Projects/RollerCoaster/Saved/Config/Windows/Scalability.ini]
[2020.01.22-19.21.42:605][  0]LogConfig: Setting CVar [[r.MotionBlurQuality:0]]
[2020.01.22-19.21.42:605][  0]LogConfig: Setting CVar [[r.AmbientOcclusionMipLevelFactor:0.4]]
[2020.01.22-19.21.42:605][  0]LogConfig: Setting CVar [[r.AmbientOcclusionMaxQuality:100]]
[2020.01.22-19.21.42:605][  0]LogConfig: Setting CVar [[r.AmbientOcclusionLevels:0]]
[2020.01.22-19.21.42:605][  0]LogConfig: Setting CVar [[r.AmbientOcclusionRadiusScale:1.0]]
[2020.01.22-19.21.42:605][  0]LogConfig: Setting CVar [[r.DepthOfFieldQuality:0]]
[2020.01.22-19.21.42:605][  0]LogConfig: Setting CVar [[r.RenderTargetPoolMin:400]]
[2020.01.22-19.21.42:605][  0]LogConfig: Setting CVar [[r.LensFlareQuality:0]]
[2020.01.22-19.21.42:605][  0]LogConfig: Setting CVar [[r.SceneColorFringeQuality:0]]
[2020.01.22-19.21.42:605][  0]LogConfig: Setting CVar [[r.EyeAdaptationQuality:2]]
[2020.01.22-19.21.42:605][  0]LogConfig: Setting CVar [[r.BloomQuality:1]]
[2020.01.22-19.21.42:605][  0]LogConfig: Setting CVar [[r.FastBlurThreshold:0]]
[2020.01.22-19.21.42:605][  0]LogConfig: Setting CVar [[r.Upscale.Quality:3]]
[2020.01.22-19.21.42:605][  0]LogConfig: Setting CVar [[r.Tonemapper.GrainQuantization:1]]
[2020.01.22-19.21.42:605][  0]LogConfig: Setting CVar [[r.LightShaftQuality:1]]
[2020.01.22-19.21.42:605][  0]LogConfig: Setting CVar [[r.Filter.SizeScale:1]]
[2020.01.22-19.21.42:605][  0]LogConfig: Setting CVar [[r.Tonemapper.Quality:5]]
[2020.01.22-19.21.42:605][  0]LogConfig: Setting CVar [[r.DOF.Gather.AccumulatorQuality:1        ; higher gathering accumulator quality]]
[2020.01.22-19.21.42:605][  0]LogConfig: Setting CVar [[r.DOF.Gather.PostfilterMethod:1          ; Median3x3 postfilering method]]
[2020.01.22-19.21.42:605][  0]LogConfig: Setting CVar [[r.DOF.Gather.EnableBokehSettings:0       ; no bokeh simulation when gathering]]
[2020.01.22-19.21.42:605][  0]LogConfig: Setting CVar [[r.DOF.Gather.RingCount:4                 ; medium number of samples when gathering]]
[2020.01.22-19.21.42:605][  0]LogConfig: Setting CVar [[r.DOF.Scatter.ForegroundCompositing:1    ; additive foreground scattering]]
[2020.01.22-19.21.42:605][  0]LogConfig: Setting CVar [[r.DOF.Scatter.BackgroundCompositing:2    ; additive background scattering]]
[2020.01.22-19.21.42:605][  0]LogConfig: Setting CVar [[r.DOF.Scatter.EnableBokehSettings:1      ; bokeh simulation when scattering]]
[2020.01.22-19.21.42:605][  0]LogConfig: Setting CVar [[r.DOF.Scatter.MaxSpriteRatio:0.1         ; only a maximum of 10% of scattered bokeh]]
[2020.01.22-19.21.42:605][  0]LogConfig: Setting CVar [[r.DOF.Recombine.Quality:1                ; cheap slight out of focus]]
[2020.01.22-19.21.42:605][  0]LogConfig: Setting CVar [[r.DOF.Recombine.EnableBokehSettings:0    ; no bokeh simulation on slight out of focus]]
[2020.01.22-19.21.42:605][  0]LogConfig: Setting CVar [[r.DOF.TemporalAAQuality:1                ; more stable temporal accumulation]]
[2020.01.22-19.21.42:605][  0]LogConfig: Setting CVar [[r.DOF.Kernel.MaxForegroundRadius:0.025]]
[2020.01.22-19.21.42:605][  0]LogConfig: Setting CVar [[r.DOF.Kernel.MaxBackgroundRadius:0.025]]
[2020.01.22-19.21.42:605][  0]LogConfig: Applying CVar settings from Section [TextureQuality@3] File [C:/Users/emily/Documents/Unreal Projects/RollerCoaster/Saved/Config/Windows/Scalability.ini]
[2020.01.22-19.21.42:606][  0]LogConfig: Setting CVar [[r.Streaming.MipBias:0]]
[2020.01.22-19.21.42:606][  0]LogConfig: Setting CVar [[r.Streaming.AmortizeCPUToGPUCopy:0]]
[2020.01.22-19.21.42:606][  0]LogConfig: Setting CVar [[r.Streaming.MaxNumTexturesToStreamPerFrame:0]]
[2020.01.22-19.21.42:606][  0]LogConfig: Setting CVar [[r.Streaming.Boost:1]]
[2020.01.22-19.21.42:606][  0]LogConfig: Setting CVar [[r.MaxAnisotropy:8]]
[2020.01.22-19.21.42:606][  0]LogConfig: Setting CVar [[r.Streaming.LimitPoolSizeToVRAM:0]]
[2020.01.22-19.21.42:606][  0]LogConfig: Setting CVar [[r.Streaming.PoolSize:1000]]
[2020.01.22-19.21.42:606][  0]LogConfig: Setting CVar [[r.Streaming.MaxEffectiveScreenSize:0]]
[2020.01.22-19.21.42:606][  0]LogConfig: Applying CVar settings from Section [EffectsQuality@3] File [C:/Users/emily/Documents/Unreal Projects/RollerCoaster/Saved/Config/Windows/Scalability.ini]
[2020.01.22-19.21.42:606][  0]LogConfig: Setting CVar [[r.TranslucencyLightingVolumeDim:4]]
[2020.01.22-19.21.42:606][  0]LogConfig: Setting CVar [[r.RefractionQuality:2]]
[2020.01.22-19.21.42:606][  0]LogConfig: Setting CVar [[r.SSR.Quality:0]]
[2020.01.22-19.21.42:606][  0]LogConfig: Setting CVar [[r.SceneColorFormat:2]]
[2020.01.22-19.21.42:606][  0]LogConfig: Setting CVar [[r.DetailMode:2]]
[2020.01.22-19.21.42:606][  0]LogConfig: Setting CVar [[r.TranslucencyVolumeBlur:0]]
[2020.01.22-19.21.42:606][  0]LogConfig: Setting CVar [[r.MaterialQualityLevel:1 ; High quality]]
[2020.01.22-19.21.42:606][  0]LogConfig: Setting CVar [[r.SSS.Scale:1]]
[2020.01.22-19.21.42:606][  0]LogConfig: Setting CVar [[r.SSS.SampleSet:2]]
[2020.01.22-19.21.42:606][  0]LogConfig: Setting CVar [[r.SSS.Quality:1]]
[2020.01.22-19.21.42:606][  0]LogConfig: Setting CVar [[r.SSS.HalfRes:1]]
[2020.01.22-19.21.42:606][  0]LogConfig: Setting CVar [[r.EmitterSpawnRateScale:1.0]]
[2020.01.22-19.21.42:606][  0]LogConfig: Setting CVar [[r.ParticleLightQuality:2]]
[2020.01.22-19.21.42:606][  0]LogConfig: Applying CVar settings from Section [FoliageQuality@3] File [C:/Users/emily/Documents/Unreal Projects/RollerCoaster/Saved/Config/Windows/Scalability.ini]
[2020.01.22-19.21.42:606][  0]LogConfig: Setting CVar [[foliage.DensityScale:1.0]]
[2020.01.22-19.21.42:606][  0]LogConfig: Setting CVar [[grass.DensityScale:1.0]]
[2020.01.22-19.21.42:606][  0]LogConfig: Applying CVar settings from Section [Startup] File [../../../Engine/Config/ConsoleVariables.ini]
[2020.01.22-19.21.42:606][  0]LogConfig: Setting CVar [[net.UseAdaptiveNetUpdateFrequency:0]]
[2020.01.22-19.21.42:607][  0]LogConfig: Setting CVar [[p.chaos.AllowCreatePhysxBodies:1]]
[2020.01.22-19.21.42:607][  0]LogConfig: Applying CVar settings from Section [ConsoleVariables] File [C:/Users/emily/Documents/Unreal Projects/RollerCoaster/Saved/Config/Windows/Engine.ini]
[2020.01.22-19.21.42:607][  0]LogInit: Computer: DESKTOP-M5MOGRD
[2020.01.22-19.21.42:607][  0]LogInit: User: emily
[2020.01.22-19.21.42:607][  0]LogInit: CPU Page size=4096, Cores=4
[2020.01.22-19.21.42:607][  0]LogInit: High frequency timer resolution =10.000000 MHz
[2020.01.22-19.21.42:607][  0]LogMemory: Memory total: Physical=7.9GB (8GB approx)
[2020.01.22-19.21.42:607][  0]LogMemory: Platform Memory Stats for Windows
[2020.01.22-19.21.42:607][  0]LogMemory: Process Physical Memory: 100.57 MB used, 100.57 MB peak
[2020.01.22-19.21.42:607][  0]LogMemory: Process Virtual Memory: 100.66 MB used, 100.66 MB peak
[2020.01.22-19.21.42:607][  0]LogMemory: Physical Memory: 4615.54 MB used,  3501.52 MB free, 8117.06 MB total
[2020.01.22-19.21.42:607][  0]LogMemory: Virtual Memory: 4668.44 MB used,  134213056.00 MB free, 134217728.00 MB total
[2020.01.22-19.21.42:611][  0]LogWindows: WindowsPlatformFeatures enabled
[2020.01.22-19.21.42:675][  0]LogInit: Using OS detected language (en-US).
[2020.01.22-19.21.42:675][  0]LogInit: Using OS detected locale (en-US).
[2020.01.22-19.21.42:677][  0]LogTextLocalizationManager: No specific localization for 'en-US' exists, so the 'en' localization will be used.
[2020.01.22-19.21.43:329][  0]LogInit: Setting process to per monitor DPI aware
[2020.01.22-19.21.43:380][  0]LogSlate: New Slate User Created.  User Index 0, Is Virtual User: 0
[2020.01.22-19.21.43:380][  0]LogSlate: Slate User Registered.  User Index 0, Is Virtual User: 0
[2020.01.22-19.21.47:650][  0]LogHMD: Failed to initialize OpenVR with code 110
[2020.01.22-19.21.47:650][  0]LogD3D11RHI: D3D11 adapters:
[2020.01.22-19.21.47:771][  0]LogD3D11RHI:    0. 'Intel(R) UHD Graphics 620' (Feature Level 11_0)
[2020.01.22-19.21.47:771][  0]LogD3D11RHI:       128/0/4058 MB DedicatedVideo/DedicatedSystem/SharedSystem, Outputs:1, VendorId:0x8086
[2020.01.22-19.21.47:777][  0]LogD3D11RHI:    1. 'Microsoft Basic Render Driver' (Feature Level 11_0)
[2020.01.22-19.21.47:777][  0]LogD3D11RHI:       0/0/4058 MB DedicatedVideo/DedicatedSystem/SharedSystem, Outputs:0, VendorId:0x1414
[2020.01.22-19.21.47:777][  0]LogD3D11RHI: Chosen D3D11 Adapter: 0
[2020.01.22-19.21.47:787][  0]LogD3D11RHI: Creating new Direct3DDevice
[2020.01.22-19.21.47:788][  0]LogD3D11RHI:     GPU DeviceId: 0x5917 (for the marketing name, search the web for "GPU Device Id")
[2020.01.22-19.21.47:788][  0]LogWindows: EnumDisplayDevices:
[2020.01.22-19.21.47:788][  0]LogWindows:    0. 'Intel(R) UHD Graphics 620' (P:1 D:1)
[2020.01.22-19.21.47:789][  0]LogWindows:    1. 'Intel(R) UHD Graphics 620' (P:0 D:0)
[2020.01.22-19.21.47:789][  0]LogWindows:    2. 'Intel(R) UHD Graphics 620' (P:0 D:0)
[2020.01.22-19.21.47:789][  0]LogWindows: DebugString: FoundDriverCount:3 
[2020.01.22-19.21.47:789][  0]LogD3D11RHI:     Adapter Name: Intel(R) UHD Graphics 620
[2020.01.22-19.21.47:789][  0]LogD3D11RHI:   Driver Version: 25.20.100.6471 (internal:25.20.100.6471, unified:25.20.100.6471)
[2020.01.22-19.21.47:790][  0]LogD3D11RHI:      Driver Date: 12-28-2018
[2020.01.22-19.21.47:790][  0]LogRHI: Texture pool is 1510 MB (70% of 2157 MB)
[2020.01.22-19.21.47:933][  0]LogD3D11RHI: [IntelMetricsDiscovery] Started
[2020.01.22-19.21.47:934][  0]LogD3D11RHI: Async texture creation enabled
[2020.01.22-19.21.47:947][  0]LogD3D11RHI: GPU Timing Frequency: 12.000048 (Debug: 2 0)
[2020.01.22-19.21.48:890][  0]LogTemp: Display: Module 'AllDesktopTargetPlatform' loaded TargetPlatform 'AllDesktop'
[2020.01.22-19.21.48:913][  0]LogTemp: Display: Module 'MacClientTargetPlatform' loaded TargetPlatform 'MacClient'
[2020.01.22-19.21.48:932][  0]LogTemp: Display: Module 'MacNoEditorTargetPlatform' loaded TargetPlatform 'MacNoEditor'
[2020.01.22-19.21.48:948][  0]LogTemp: Display: Module 'MacServerTargetPlatform' loaded TargetPlatform 'MacServer'
[2020.01.22-19.21.48:979][  0]LogTemp: Display: Module 'MacTargetPlatform' loaded TargetPlatform 'Mac'
[2020.01.22-19.21.49:004][  0]LogTemp: Display: Module 'WindowsClientTargetPlatform' loaded TargetPlatform 'WindowsClient'
[2020.01.22-19.21.49:034][  0]LogTemp: Display: Module 'WindowsNoEditorTargetPlatform' loaded TargetPlatform 'WindowsNoEditor'
[2020.01.22-19.21.49:065][  0]LogTemp: Display: Module 'WindowsServerTargetPlatform' loaded TargetPlatform 'WindowsServer'
[2020.01.22-19.21.49:077][  0]LogTemp: Display: Module 'WindowsTargetPlatform' loaded TargetPlatform 'Windows'
[2020.01.22-19.21.49:220][  0]LogTemp: Display: Module 'AndroidTargetPlatform' loaded TargetPlatform 'Android'
[2020.01.22-19.21.49:220][  0]LogTemp: Display: Module 'AndroidTargetPlatform' loaded TargetPlatform 'Android_ASTC'
[2020.01.22-19.21.49:220][  0]LogTemp: Display: Module 'AndroidTargetPlatform' loaded TargetPlatform 'Android_ATC'
[2020.01.22-19.21.49:220][  0]LogTemp: Display: Module 'AndroidTargetPlatform' loaded TargetPlatform 'Android_DXT'
[2020.01.22-19.21.49:220][  0]LogTemp: Display: Module 'AndroidTargetPlatform' loaded TargetPlatform 'Android_ETC1'
[2020.01.22-19.21.49:220][  0]LogTemp: Display: Module 'AndroidTargetPlatform' loaded TargetPlatform 'Android_ETC1a'
[2020.01.22-19.21.49:220][  0]LogTemp: Display: Module 'AndroidTargetPlatform' loaded TargetPlatform 'Android_ETC2'
[2020.01.22-19.21.49:220][  0]LogTemp: Display: Module 'AndroidTargetPlatform' loaded TargetPlatform 'Android_PVRTC'
[2020.01.22-19.21.49:220][  0]LogTemp: Display: Module 'AndroidTargetPlatform' loaded TargetPlatform 'AndroidClient'
[2020.01.22-19.21.49:220][  0]LogTemp: Display: Module 'AndroidTargetPlatform' loaded TargetPlatform 'Android_ASTCClient'
[2020.01.22-19.21.49:220][  0]LogTemp: Display: Module 'AndroidTargetPlatform' loaded TargetPlatform 'Android_ATCClient'
[2020.01.22-19.21.49:220][  0]LogTemp: Display: Module 'AndroidTargetPlatform' loaded TargetPlatform 'Android_DXTClient'
[2020.01.22-19.21.49:221][  0]LogTemp: Display: Module 'AndroidTargetPlatform' loaded TargetPlatform 'Android_ETC1Client'
[2020.01.22-19.21.49:221][  0]LogTemp: Display: Module 'AndroidTargetPlatform' loaded TargetPlatform 'Android_ETC1aClient'
[2020.01.22-19.21.49:221][  0]LogTemp: Display: Module 'AndroidTargetPlatform' loaded TargetPlatform 'Android_ETC2Client'
[2020.01.22-19.21.49:221][  0]LogTemp: Display: Module 'AndroidTargetPlatform' loaded TargetPlatform 'Android_PVRTCClient'
[2020.01.22-19.21.49:221][  0]LogTemp: Display: Module 'AndroidTargetPlatform' loaded TargetPlatform 'Android_Multi'
[2020.01.22-19.21.49:221][  0]LogTemp: Display: Module 'AndroidTargetPlatform' loaded TargetPlatform 'Android_MultiClient'
[2020.01.22-19.21.49:226][  0]LogTemp: Display: Module 'HTML5TargetPlatform' loaded TargetPlatform 'HTML5'
[2020.01.22-19.21.49:300][  0]LogTemp: Display: Module 'IOSTargetPlatform' loaded TargetPlatform 'IOSClient'
[2020.01.22-19.21.49:300][  0]LogTemp: Display: Module 'IOSTargetPlatform' loaded TargetPlatform 'IOS'
[2020.01.22-19.21.49:332][  0]LogTemp: Display: Module 'TVOSTargetPlatform' loaded TargetPlatform 'TVOSClient'
[2020.01.22-19.21.49:332][  0]LogTemp: Display: Module 'TVOSTargetPlatform' loaded TargetPlatform 'TVOS'
[2020.01.22-19.21.49:350][  0]LogTemp: Display: Module 'LinuxClientTargetPlatform' loaded TargetPlatform 'LinuxClient'
[2020.01.22-19.21.49:382][  0]LogTemp: Display: Module 'LinuxNoEditorTargetPlatform' loaded TargetPlatform 'LinuxNoEditor'
[2020.01.22-19.21.49:397][  0]LogTemp: Display: Module 'LinuxServerTargetPlatform' loaded TargetPlatform 'LinuxServer'
[2020.01.22-19.21.49:438][  0]LogTemp: Display: Module 'LinuxTargetPlatform' loaded TargetPlatform 'Linux'
[2020.01.22-19.21.49:525][  0]LogTemp: Display: Module 'LuminTargetPlatform' loaded TargetPlatform 'Lumin'
[2020.01.22-19.21.49:525][  0]LogTemp: Display: Module 'LuminTargetPlatform' loaded TargetPlatform 'LuminClient'
[2020.01.22-19.21.49:525][  0]LogTargetPlatformManager: Display: Building Assets For Windows
[2020.01.22-19.21.49:556][  0]LogAudioDebug: Display: Lib vorbis DLL was dynamically loaded.
[2020.01.22-19.21.49:714][  0]LogShaderCompilers: Guid format shader working directory is -24 characters bigger than the processId version (../../../../../../Users/emily/Documents/Unreal Projects/RollerCoaster/Intermediate/Shaders/WorkingDirectory/15488/).
[2020.01.22-19.21.49:714][  0]LogShaderCompilers: Cleaned the shader compiler working directory 'C:/Users/emily/AppData/Local/Temp/UnrealShaderWorkingDir/D5083C7B47C81AB52250759262C40576/'.
[2020.01.22-19.21.49:719][  0]LogXGEController: Cleaning working directory: C:/Users/emily/AppData/Local/Temp/UnrealXGEWorkingDir/
[2020.01.22-19.21.49:719][  0]LogXGEController: Cannot use XGE Controller as Incredibuild is not installed on this machine.
[2020.01.22-19.21.49:719][  0]LogShaderCompilers: Cannot use XGE Shader Compiler as Incredibuild is not installed on this machine.
[2020.01.22-19.21.49:719][  0]LogShaderCompilers: Display: Using Local Shader Compiler.
[2020.01.22-19.21.54:300][  0]LogDerivedDataCache: Display: Max Cache Size: 512 MB
[2020.01.22-19.21.54:479][  0]LogDerivedDataCache: Loaded boot cache 0.18s 90MB C:/Users/emily/AppData/Local/UnrealEngine/4.23/DerivedDataCache/Boot.ddc.
[2020.01.22-19.21.54:479][  0]LogDerivedDataCache: Display: Loaded Boot cache: C:/Users/emily/AppData/Local/UnrealEngine/4.23/DerivedDataCache/Boot.ddc
[2020.01.22-19.21.54:479][  0]LogDerivedDataCache: FDerivedDataBackendGraph:  Pak pak cache file ../../../../../../Users/emily/Documents/Unreal Projects/RollerCoaster/DerivedDataCache/DDC.ddp not found, will not use a pak cache.
[2020.01.22-19.21.54:479][  0]LogDerivedDataCache: Unable to find inner node Pak for hierarchical cache Hierarchy.
[2020.01.22-19.21.54:479][  0]LogDerivedDataCache: FDerivedDataBackendGraph:  CompressedPak pak cache file ../../../../../../Users/emily/Documents/Unreal Projects/RollerCoaster/DerivedDataCache/Compressed.ddp not found, will not use a pak cache.
[2020.01.22-19.21.54:479][  0]LogDerivedDataCache: Unable to find inner node CompressedPak for hierarchical cache Hierarchy.
[2020.01.22-19.21.54:506][  0]LogDerivedDataCache: Display: Pak cache opened for reading ../../../Engine/DerivedDataCache/Compressed.ddp.
[2020.01.22-19.21.54:506][  0]LogDerivedDataCache: FDerivedDataBackendGraph:  EnterprisePak pak cache file ../../../Enterprise/DerivedDataCache/Compressed.ddp not found, will not use a pak cache.
[2020.01.22-19.21.54:506][  0]LogDerivedDataCache: Unable to find inner node EnterprisePak for hierarchical cache Hierarchy.
[2020.01.22-19.21.54:509][  0]LogDerivedDataCache: Using Local data cache path C:/Users/emily/AppData/Local/UnrealEngine/Common/DerivedDataCache: Writable
[2020.01.22-19.21.54:509][  0]LogDerivedDataCache: Shared data cache path not found in *engine.ini, will not use an Shared cache.
[2020.01.22-19.21.54:509][  0]LogDerivedDataCache: Unable to find inner node Shared for hierarchical cache Hierarchy.
[2020.01.22-19.21.54:570][  0]LogMaterial: Verifying Global Shaders for PCD3D_SM5
[2020.01.22-19.21.54:574][  0]LogSlate: Using FreeType 2.6.0
[2020.01.22-19.21.54:575][  0]LogSlate: SlateFontServices - WITH_FREETYPE: 1, WITH_HARFBUZZ: 1
[2020.01.22-19.21.54:785][  0]LogAssetRegistry: FAssetRegistry took 0.0060 seconds to start up
[2020.01.22-19.21.55:515][  0]LogInit: Selected Device Profile: [Windows]
[2020.01.22-19.21.55:989][  0]LogMeshReduction: Using QuadricMeshReduction for automatic static mesh reduction
[2020.01.22-19.21.55:990][  0]LogMeshReduction: Using SimplygonMeshReduction for automatic skeletal mesh reduction
[2020.01.22-19.21.55:990][  0]LogMeshReduction: Using ProxyLODMeshReduction for automatic mesh merging
[2020.01.22-19.21.55:990][  0]LogMeshReduction: No distributed automatic mesh merging module available
[2020.01.22-19.21.55:990][  0]LogMeshMerging: No distributed automatic mesh merging module available
[2020.01.22-19.21.56:012][  0]LogNetVersion: RollerCoaster 1.0.0, NetCL: 8386587, EngineNetVer: 11, GameNetVer: 0 (Checksum: 1695572160)
[2020.01.22-19.21.57:202][  0]LogPackageLocalizationCache: Processed 12 localized package path(s) for 1 prioritized culture(s) in 0.149298 seconds
[2020.01.22-19.21.57:213][  0]LogUObjectArray: 43444 objects as part of root set at end of initial load.
[2020.01.22-19.21.57:213][  0]LogUObjectAllocator: 7548648 out of 0 bytes used by permanent object pool.
[2020.01.22-19.21.57:213][  0]LogUObjectArray: CloseDisregardForGC: 0/0 objects in disregard for GC pool
[2020.01.22-19.22.03:388][  0]LogTcpMessaging: Initializing TcpMessaging bridge
[2020.01.22-19.22.03:395][  0]LogUdpMessaging: Initializing bridge on interface 0.0.0.0:0 to multicast group 230.0.0.1:6666.
[2020.01.22-19.22.03:540][  0]SourceControl: Source control is disabled
[2020.01.22-19.22.03:540][  0]SourceControl: Source control is disabled
[2020.01.22-19.22.03:545][  0]SourceControl: Source control is disabled
[2020.01.22-19.22.03:548][  0]SourceControl: Source control is disabled
[2020.01.22-19.22.03:867][  0]LogAndroidPermission: UAndroidPermissionCallbackProxy::GetInstance
[2020.01.22-19.22.04:168][  0]LogOcInput: OculusInput pre-init called
[2020.01.22-19.22.04:192][  0]LogWindows: Failed to load 'OVRPlugin.dll' (GetLastError=126)
[2020.01.22-19.22.04:192][  0]LogWindows: File 'OVRPlugin.dll' does not exist
[2020.01.22-19.22.04:400][  0]LogEngine: Initializing Engine...
[2020.01.22-19.22.04:404][  0]LogHMD: Failed to initialize OpenVR with code 110
[2020.01.22-19.22.04:407][  0]LogStats: UGameplayTagsManager::InitializeManager -  0.001 s
[2020.01.22-19.22.05:014][  0]LogInit: Initializing FReadOnlyCVARCache
[2020.01.22-19.22.05:051][  0]LogAIModule: Creating AISystem for world Untitled
[2020.01.22-19.22.05:069][  0]LogInit: XAudio2 using 'Speakers (Realtek High Definition Audio(SST))' : 2 channels at 48 kHz using 32 bits per sample (channel mask 0x3)
[2020.01.22-19.22.05:322][  0]LogInit: FAudioDevice initialized.
[2020.01.22-19.22.05:322][  0]LogNetVersion: Set ProjectVersion to 1.0.0.0. Version Checksum will be recalculated on next use.
[2020.01.22-19.22.05:411][  0]LogDerivedDataCache: Saved boot cache 0.09s 90MB C:/Users/emily/AppData/Local/UnrealEngine/4.23/DerivedDataCache/Boot.ddc.
[2020.01.22-19.22.05:420][  0]LogInit: Texture streaming: Enabled
[2020.01.22-19.22.05:460][  0]LogEngineSessionManager: EngineSessionManager initialized
[2020.01.22-19.22.05:460][  0]LogEngineSessionManager: EngineSessionManager sent abnormal shutdown report. Type=Crashed, SessionId={F669EFCC-4B9D-8881-C37B-49A59C71523E}
[2020.01.22-19.22.05:460][  0]LogEditorSessionSummary: Verbose: Initializing EditorSessionSummaryWriter for editor session tracking
[2020.01.22-19.22.05:462][  0]LogEditorSessionSummary: EditorSessionSummaryWriter initialized
[2020.01.22-19.22.05:590][  0]LogInit: Transaction tracking system initialized
[2020.01.22-19.22.05:669][  0]BlueprintLog: New page: Editor Load
[2020.01.22-19.22.05:857][  0]LocalizationService: Localization service is disabled
[2020.01.22-19.22.06:392][  0]LogFileCache: Scanning file cache for directory 'C:/Users/emily/Documents/Unreal Projects/RollerCoaster/Content/' took 0.01s
[2020.01.22-19.22.06:392][  0]LogCook: Display: Max memory allowance for cook 16384mb min free memory 0mb
[2020.01.22-19.22.06:392][  0]LogCook: Display: Mobile HDR setting 1
[2020.01.22-19.22.06:899][  0]SourceControl: Source control is disabled
[2020.01.22-19.22.06:899][  0]Cmd: MAP LOAD FILE="../../../../../../Users/emily/Documents/Unreal Projects/RollerCoaster/Content/VirtualRealityBP/Maps/StartupMap.umap" TEMPLATE=0 SHOWPROGRESS=1 FEATURELEVEL=3
[2020.01.22-19.22.06:899][  0]LightingResults: New page: Lighting Build
[2020.01.22-19.22.06:905][  0]LogWorld: UWorld::CleanupWorld for Untitled, bSessionEnded=true, bCleanupResources=true
[2020.01.22-19.22.06:905][  0]MapCheck: New page: Map Check
[2020.01.22-19.22.06:906][  0]LightingResults: New page: Lighting Build
[2020.01.22-19.22.06:949][  0]LogUObjectHash: Compacting FUObjectHashTables data took   4.45ms
[2020.01.22-19.22.07:100][  0]LogAIModule: Creating AISystem for world StartupMap
[2020.01.22-19.22.07:108][  0]LogEditorServer: Finished looking for orphan Actors (0.000 secs)
[2020.01.22-19.22.07:152][  0]LogUObjectHash: Compacting FUObjectHashTables data took   3.55ms
[2020.01.22-19.22.07:152][  0]Cmd: MAP CHECKDEP NOCLEARLOG
[2020.01.22-19.22.07:153][  0]MapCheck: Map check complete: 0 Error(s), 0 Warning(s), took 0.374ms to complete.
[2020.01.22-19.22.07:153][  0]LogFileHelpers: Loading map 'StartupMap' took 0.253
[2020.01.22-19.22.07:283][  0]LogSlate: Updating window title bar state: overlay mode, drag disabled, window buttons hidden, title bar hidden
[2020.01.22-19.22.07:296][  0]LogSlate: Updating window title bar state: overlay mode, drag disabled, window buttons hidden, title bar hidden
[2020.01.22-19.22.07:308][  0]LogSlate: Updating window title bar state: overlay mode, drag disabled, window buttons hidden, title bar hidden
[2020.01.22-19.22.07:325][  0]LogSlate: Updating window title bar state: overlay mode, drag disabled, window buttons hidden, title bar hidden
[2020.01.22-19.22.07:337][  0]LogCollectionManager: Loaded 0 collections in 0.003358 seconds
[2020.01.22-19.22.07:349][  0]LogFileCache: Scanning file cache for directory 'C:/Users/emily/Documents/Unreal Projects/RollerCoaster/Saved/Collections/' took 0.00s
[2020.01.22-19.22.07:349][  0]LogFileCache: Scanning file cache for directory 'C:/Users/emily/Documents/Unreal Projects/RollerCoaster/Content/Developers/emily/Collections/' took 0.00s
[2020.01.22-19.22.07:349][  0]LogFileCache: Scanning file cache for directory 'C:/Users/emily/Documents/Unreal Projects/RollerCoaster/Content/Collections/' took 0.00s
[2020.01.22-19.22.07:349][  0]LogCollectionManager: Rebuilt the GUID cache for 0 collections in 0.000009 seconds
[2020.01.22-19.22.07:364][  0]LogContentBrowser: Native class hierarchy populated in 0.0147 seconds. Added 2863 classes and 680 folders.
[2020.01.22-19.22.07:378][  0]LogContentBrowser: Native class hierarchy updated for 'WidgetCarousel' in 0.0004 seconds. Added 0 classes and 0 folders.
[2020.01.22-19.22.07:731][  0]LogContentBrowser: Native class hierarchy updated for 'AddContentDialog' in 0.0003 seconds. Added 0 classes and 0 folders.
[2020.01.22-19.22.07:740][  0]LogContentBrowser: Native class hierarchy updated for 'SceneOutliner' in 0.0003 seconds. Added 1 classes and 2 folders.
[2020.01.22-19.22.07:762][  0]LogSlate: Took 0.000489 seconds to synchronously load lazily loaded font '../../../Engine/Content/Slate/Fonts/Roboto-Regular.ttf' (155K)
[2020.01.22-19.22.07:767][  0]LogSlate: Took 0.000256 seconds to synchronously load lazily loaded font '../../../Engine/Content/Slate/Fonts/Roboto-Bold.ttf' (160K)
[2020.01.22-19.22.07:791][  0]LogSlate: Took 0.013381 seconds to synchronously load lazily loaded font '../../../Engine/Content/Editor/Slate/Fonts/FontAwesome.ttf' (139K)
[2020.01.22-19.22.07:983][  0]LogRenderer: Reallocating scene render targets to support 644x524 Format 26 NumSamples 1 (Frame:1).
[2020.01.22-19.22.08:243][  0]LogContentBrowser: Native class hierarchy updated for 'HierarchicalLODOutliner' in 0.0003 seconds. Added 0 classes and 0 folders.
[2020.01.22-19.22.08:243][  0]LogLoad: (Engine Initialization) Total time: 32.93 seconds
[2020.01.22-19.22.08:243][  0]LogLoad: (Engine Initialization) Total Blueprint compile time: 0.00 seconds
[2020.01.22-19.22.08:321][  0]LogContentStreaming: Texture pool size now 1000 MB
[2020.01.22-19.22.08:767][  2]LogAssetRegistry: Asset discovery search completed in 13.9840 seconds
[2020.01.22-19.22.08:771][  2]LogCollectionManager: Rebuilt the object cache for 0 collections in 0.000006 seconds (found 0 objects)
[2020.01.22-19.22.08:772][  2]LogCollectionManager: Fixed up redirectors for 0 collections in 0.000075 seconds (updated 0 objects)
[2020.01.22-19.22.09:738][  5]LogSlate: Took 0.000268 seconds to synchronously load lazily loaded font '../../../Engine/Content/Slate/Fonts/Roboto-Light.ttf' (167K)
[2020.01.22-19.23.25:383][231]LogSlate: FSceneViewport::OnFocusLost() reason 0
[2020.01.22-19.23.28:264][351]LogSlate: FSceneViewport::OnFocusLost() reason 0
[2020.01.22-19.23.32:033][503]LogAIModule: Creating AISystem for world MotionControllerMap
[2020.01.22-19.23.32:069][503]LogAssetEditorManager: Opening Asset editor for World /Game/VirtualRealityBP/Maps/MotionControllerMap.MotionControllerMap
[2020.01.22-19.23.32:112][503]LogUObjectHash: Compacting FUObjectHashTables data took   6.07ms
[2020.01.22-19.23.32:113][503]Cmd: MAP LOAD FILE="../../../../../../Users/emily/Documents/Unreal Projects/RollerCoaster/Content/VirtualRealityBP/Maps/MotionControllerMap.umap" TEMPLATE=0 SHOWPROGRESS=1 FEATURELEVEL=3
[2020.01.22-19.23.32:113][503]LightingResults: New page: Lighting Build
[2020.01.22-19.23.32:114][503]LoadErrors: New page: Loading map: MotionControllerMap.umap
[2020.01.22-19.23.32:128][503]LogWorld: UWorld::CleanupWorld for StartupMap, bSessionEnded=true, bCleanupResources=true
[2020.01.22-19.23.32:128][503]MapCheck: New page: Map Check
[2020.01.22-19.23.32:128][503]LightingResults: New page: Lighting Build
[2020.01.22-19.23.32:164][503]LogUObjectHash: Compacting FUObjectHashTables data took   2.59ms
[2020.01.22-19.23.32:171][503]LogEditorServer: Finished looking for orphan Actors (0.000 secs)
[2020.01.22-19.23.32:243][503]LogUObjectHash: Compacting FUObjectHashTables data took   2.52ms
[2020.01.22-19.23.32:295][503]Cmd: MAP CHECKDEP NOCLEARLOG
[2020.01.22-19.23.32:300][503]MapCheck: Map check complete: 0 Error(s), 0 Warning(s), took 3.775ms to complete.
[2020.01.22-19.23.32:300][503]LogFileHelpers: Loading map 'MotionControllerMap' took 0.187
[2020.01.22-19.23.40:084][888]LogSlate: FSceneViewport::OnFocusLost() reason 0
[2020.01.22-19.23.40:244][892]LogAssetEditorManager: Opening Asset editor for Blueprint /Game/VirtualRealityBP/Blueprints/BP_PickupCube.BP_PickupCube
[2020.01.22-19.23.40:704][892]LogContentBrowser: Native class hierarchy updated for 'BlueprintGraph' in 0.0007 seconds. Added 121 classes and 0 folders.
[2020.01.22-19.23.42:311][892]LogSlate: Took 0.000295 seconds to synchronously load lazily loaded font '../../../Engine/Content/Slate/Fonts/Roboto-BoldCondensed.ttf' (158K)
[2020.01.22-19.23.42:392][893]LogSlate: Took 0.000585 seconds to synchronously load lazily loaded font '../../../Engine/Content/Slate/Fonts/Roboto-Italic.ttf' (157K)
[2020.01.22-19.23.43:874][942]LogRenderer: Reallocating scene render targets to support 728x560 Format 26 NumSamples 1 (Frame:1).
[2020.01.22-19.23.46:423][943]LogRHI: Error: SyncInterval 0
[2020.01.22-19.23.46:423][943]LogRHI: Error: SwapChainDesc.BufferDesc.Width 2278
[2020.01.22-19.23.46:423][943]LogRHI: Error: SwapChainDesc.BufferDesc.Height 1466
[2020.01.22-19.23.46:423][943]LogRHI: Error: SwapChainDesc.BufferDesc.RefreshRate.Numerator 0
[2020.01.22-19.23.46:423][943]LogRHI: Error: SwapChainDesc.BufferDesc.RefreshRate.Denominator 0
[2020.01.22-19.23.46:424][943]LogRHI: Error: SwapChainDesc.BufferDesc.Format 24
[2020.01.22-19.23.46:424][943]LogRHI: Error: SwapChainDesc.BufferDesc.ScanlineOrdering 0
[2020.01.22-19.23.46:424][943]LogRHI: Error: SwapChainDesc.BufferDesc.Scaling 0
[2020.01.22-19.23.46:424][943]LogRHI: Error: SwapChainDesc.SampleDesc.Count 1
[2020.01.22-19.23.46:424][943]LogRHI: Error: SwapChainDesc.SampleDesc.Quality 0
[2020.01.22-19.23.46:424][943]LogRHI: Error: SwapChainDesc.BufferUsage 48
[2020.01.22-19.23.46:424][943]LogRHI: Error: SwapChainDesc.BufferCount 2
[2020.01.22-19.23.46:424][943]LogRHI: Error: SwapChainDesc.OutputWindow 00000000001A04F2
[2020.01.22-19.23.46:424][943]LogRHI: Error: SwapChainDesc.Windowed true
[2020.01.22-19.23.46:424][943]LogRHI: Error: SwapChainDesc.SwapEffect 4
[2020.01.22-19.23.46:424][943]LogRHI: Error: SwapChainDesc.Flags 2050
[2020.01.22-19.23.46:424][943]LogD3D11RHI: Error: Result failed 
 at D:/Build/++UE4/Sync/Engine/Source/Runtime/Windows/D3D11RHI/Private/D3D11Viewport.cpp:368 
 with error DXGI_ERROR_DEVICE_REMOVED DXGI_ERROR_DEVICE_HUNG
[2020.01.22-19.23.46:424][943]LogD3D11RHI: [Aftermath] GDynamicRHI=000002B20CB780C0, GDX11NVAfterMathEnabled=0, Result=0xFFFFFFFF, bDeviceActive=0
[2020.01.22-19.23.46:424][943]LogWindows: Windows GetLastError: The operation completed successfully. (0)
[2020.01.22-19.23.48:599][943]LogOutputDevice: Warning: 

Script Stack (0 frames):

[2020.01.22-19.23.48:599][943]LogWindows: Windows GetLastError: The operation completed successfully. (0)
[2020.01.22-19.23.48:600][943]LogWindows: Error: === Critical error: ===
[2020.01.22-19.23.48:600][943]LogWindows: Error: 
[2020.01.22-19.23.48:600][943]LogWindows: Error: Fatal error: [File:D:/Build/++UE4/Sync/Engine/Source/Runtime/RenderCore/Private/RenderingThread.cpp] [Line: 836] 
[2020.01.22-19.23.48:600][943]LogWindows: Error: Rendering thread exception:
[2020.01.22-19.23.48:600][943]LogWindows: Error: Fatal error: [File:D:/Build/++UE4/Sync/Engine/Source/Runtime/Windows/D3D11RHI/Private/D3D11Util.cpp] [Line: 198] 
[2020.01.22-19.23.48:600][943]LogWindows: Error: Unreal Engine is exiting due to D3D device being lost. (Error: 0x887A0006 - 'HUNG')
[2020.01.22-19.23.48:600][943]LogWindows: Error: 
[2020.01.22-19.23.48:600][943]LogWindows: Error: 
[2020.01.22-19.23.48:600][943]LogWindows: Error: Unhandled Exception: 0x00008000
[2020.01.22-19.23.48:600][943]LogWindows: Error: 
[2020.01.22-19.23.48:600][943]LogWindows: Error: [Callstack] 0x00007fff46dfa839 KERNELBASE.dll!UnknownFunction []
[2020.01.22-19.23.48:600][943]LogWindows: Error: [Callstack] 0x00007ffed7cbbaa7 UE4Editor-Core.dll!UnknownFunction []
[2020.01.22-19.23.48:601][943]LogWindows: Error: [Callstack] 0x00007ffed7cbcbbd UE4Editor-Core.dll!UnknownFunction []
[2020.01.22-19.23.48:601][943]LogWindows: Error: [Callstack] 0x00007ffed7ab1ada UE4Editor-Core.dll!UnknownFunction []
[2020.01.22-19.23.48:601][943]LogWindows: Error: [Callstack] 0x00007ffed7a067a3 UE4Editor-Core.dll!UnknownFunction []
[2020.01.22-19.23.48:601][943]LogWindows: Error: [Callstack] 0x00007ffed7a06688 UE4Editor-Core.dll!UnknownFunction []
[2020.01.22-19.23.48:601][943]LogWindows: Error: [Callstack] 0x00007fff0cc8cfa6 UE4Editor-D3D11RHI.dll!UnknownFunction []
[2020.01.22-19.23.48:601][943]LogWindows: Error: [Callstack] 0x00007fff0cc91600 UE4Editor-D3D11RHI.dll!UnknownFunction []
[2020.01.22-19.23.48:601][943]LogWindows: Error: [Callstack] 0x00007fff0cc71c1d UE4Editor-D3D11RHI.dll!UnknownFunction []
[2020.01.22-19.23.48:601][943]LogWindows: Error: [Callstack] 0x00007fff0cc7d27d UE4Editor-D3D11RHI.dll!UnknownFunction []
[2020.01.22-19.23.48:601][943]LogWindows: Error: [Callstack] 0x00007fff13cae59e UE4Editor-RHI.dll!UnknownFunction []
[2020.01.22-19.23.48:601][943]LogWindows: Error: [Callstack] 0x00007fff0ca290d6 UE4Editor-SlateRHIRenderer.dll!UnknownFunction []
[2020.01.22-19.23.48:601][943]LogWindows: Error: [Callstack] 0x00007fff0ca307f2 UE4Editor-SlateRHIRenderer.dll!UnknownFunction []
[2020.01.22-19.23.48:601][943]LogWindows: Error: [Callstack] 0x00007ffed7884e4a UE4Editor-Core.dll!UnknownFunction []
[2020.01.22-19.23.48:601][943]LogWindows: Error: [Callstack] 0x00007ffed78851f3 UE4Editor-Core.dll!UnknownFunction []
[2020.01.22-19.23.48:601][943]LogWindows: Error: [Callstack] 0x00007fff12810021 UE4Editor-RenderCore.dll!UnknownFunction []
[2020.01.22-19.23.48:601][943]LogWindows: Error: [Callstack] 0x00007fff128185b4 UE4Editor-RenderCore.dll!UnknownFunction []
[2020.01.22-19.23.48:601][943]LogWindows: Error: [Callstack] 0x00007ffed7cd9f5f UE4Editor-Core.dll!UnknownFunction []
[2020.01.22-19.23.48:601][943]LogWindows: Error: [Callstack] 0x00007ffed7cd04b1 UE4Editor-Core.dll!UnknownFunction []
[2020.01.22-19.23.48:601][943]LogWindows: Error: [Callstack] 0x00007fff49617bd4 KERNEL32.DLL!UnknownFunction []
[2020.01.22-19.23.48:601][943]LogWindows: Error: [Callstack] 0x00007fff499cced1 ntdll.dll!UnknownFunction []
[2020.01.22-19.23.48:601][943]LogWindows: Error: 
[2020.01.22-19.23.48:601][943]LogWindows: Error: 
[2020.01.22-19.23.48:601][943]LogWindows: Error: 
[2020.01.22-19.23.48:601][943]LogWindows: Error: 
[2020.01.22-19.23.48:631][943]LogExit: Executing StaticShutdownAfterError
[2020.01.22-19.23.48:645][943]LogWindows: FPlatformMisc::RequestExit(1)
[2020.01.22-19.23.48:652][943]Log file closed, 01/22/20 11:23:48
